#
# There is insufficient memory for the Java Runtime Environment to continue.
# Native memory allocation (malloc) failed to allocate 40928 bytes for Chunk::new
# Possible reasons:
#   The system is out of physical RAM or swap space
#   In 32 bit mode, the process size limit was hit
# Possible solutions:
#   Reduce memory load on the system
#   Increase physical memory or swap space
#   Check if swap backing store is full
#   Use 64 bit Java on a 64 bit OS
#   Decrease Java heap size (-Xmx/-Xms)
#   Decrease number of Java threads
#   Decrease Java thread stack sizes (-Xss)
#   Set larger code cache with -XX:ReservedCodeCacheSize=
# This output file may be truncated or incomplete.
#
#  Out of Memory Error (allocation.cpp:390), pid=7784, tid=0x00000000000020a4
#
# JRE version: Java(TM) SE Runtime Environment (8.0_101-b13) (build 1.8.0_101-b13)
# Java VM: Java HotSpot(TM) 64-Bit Server VM (25.101-b13 mixed mode windows-amd64 compressed oops)
# Failed to write core dump. Minidumps are not enabled by default on client versions of Windows
#

---------------  T H R E A D  ---------------

Current thread (0x0000000056890000):  JavaThread "C2 CompilerThread2" daemon [_thread_in_native, id=8356, stack(0x0000000058210000,0x0000000058310000)]

Stack: [0x0000000058210000,0x0000000058310000]
[error occurred during error reporting (printing stack bounds), id 0xc0000005]

Native frames: (J=compiled Java code, j=interpreted, Vv=VM code, C=native code)


Current CompileTask:
C2:   1487 1422       4       com.android.dx.ssa.SsaRenamer$BlockRenamer::process (191 bytes)


---------------  P R O C E S S  ---------------

Java Threads: ( => current thread )
  0x0000000056917800 JavaThread "Service Thread" daemon [_thread_blocked, id=4296, stack(0x00000000585e0000,0x00000000586e0000)]
  0x00000000568ed000 JavaThread "C1 CompilerThread3" daemon [_thread_in_native, id=8716, stack(0x00000000584d0000,0x00000000585d0000)]
=>0x0000000056890000 JavaThread "C2 CompilerThread2" daemon [_thread_in_native, id=8356, stack(0x0000000058210000,0x0000000058310000)]
  0x000000005688d000 JavaThread "C2 CompilerThread1" daemon [_thread_in_native, id=7140, stack(0x0000000058010000,0x0000000058110000)]
  0x0000000056889000 JavaThread "C2 CompilerThread0" daemon [_thread_in_native, id=4188, stack(0x0000000057f10000,0x0000000058010000)]
  0x0000000056885800 JavaThread "Attach Listener" daemon [_thread_blocked, id=8928, stack(0x0000000057dc0000,0x0000000057ec0000)]
  0x0000000056898000 JavaThread "Signal Dispatcher" daemon [_thread_blocked, id=3608, stack(0x0000000057c70000,0x0000000057d70000)]
  0x00000000558ed800 JavaThread "Finalizer" daemon [_thread_blocked, id=7920, stack(0x00000000577f0000,0x00000000578f0000)]
  0x00000000558e6800 JavaThread "Reference Handler" daemon [_thread_blocked, id=8148, stack(0x0000000057b70000,0x0000000057c70000)]
  0x00000000001fe800 JavaThread "main" [_thread_in_Java, id=8676, stack(0x0000000002590000,0x0000000002690000)]

Other Threads:
  0x0000000056840800 VMThread [stack: 0x0000000057980000,0x0000000057a80000] [id=8724]
  0x0000000056926800 WatcherThread [stack: 0x0000000058740000,0x0000000058840000] [id=8364]

VM state:not at safepoint (normal execution)

VM Mutex/Monitor currently owned by a thread: None

Heap:
 PSYoungGen      total 71680K, used 43282K [0x00000000eab00000, 0x00000000ef600000, 0x0000000100000000)
  eden space 66560K, 57% used [0x00000000eab00000,0x00000000ed04ae18,0x00000000eec00000)
  from space 5120K, 99% used [0x00000000ef100000,0x00000000ef5f9c98,0x00000000ef600000)
  to   space 5120K, 0% used [0x00000000eec00000,0x00000000eec00000,0x00000000ef100000)
 ParOldGen       total 87552K, used 6269K [0x00000000c0000000, 0x00000000c5580000, 0x00000000eab00000)
  object space 87552K, 7% used [0x00000000c0000000,0x00000000c061f700,0x00000000c5580000)
 Metaspace       used 6258K, capacity 7248K, committed 7424K, reserved 1056768K
  class space    used 609K, capacity 648K, committed 768K, reserved 1048576K

Card table byte_map: [0x0000000011d20000,0x0000000011f30000] byte_map_base: 0x0000000011720000

Marking Bits: (ParMarkBitMap*) 0x000000005999a6d0
 Begin Bits: [0x0000000012d00000, 0x0000000013d00000)
 End Bits:   [0x0000000013d00000, 0x0000000014d00000)

Polling page: 0x0000000000450000

CodeCache: size=245760Kb used=5903Kb max_used=5903Kb free=239856Kb
 bounds [0x0000000002960000, 0x0000000002f30000, 0x0000000011960000]
 total_blobs=1906 nmethods=1642 adapters=176
 compilation: enabled

Compilation events (10 events):
Event: 1.481 Thread 0x00000000568ed000 nmethod 1682 0x0000000002f067d0 code [0x0000000002f069c0, 0x0000000002f07098]
Event: 1.482 Thread 0x00000000568ed000 1683       2       com.android.dx.dex.code.LocalList::make (102 bytes)
Event: 1.482 Thread 0x00000000568ed000 nmethod 1683 0x0000000002f05bd0 code [0x0000000002f05dc0, 0x0000000002f06308]
Event: 1.482 Thread 0x00000000568ed000 1684       2       java.util.ComparableTimSort::countRunAndMakeAscending (123 bytes)
Event: 1.483 Thread 0x00000000568ed000 nmethod 1684 0x0000000002f04f50 code [0x0000000002f05120, 0x0000000002f05748]
Event: 1.483 Thread 0x00000000568ed000 1685       2       com.android.dx.rop.code.RegisterSpecSet::findMatchingLocal (49 bytes)
Event: 1.484 Thread 0x00000000568ed000 nmethod 1685 0x0000000002f09690 code [0x0000000002f09800, 0x0000000002f09a68]
Event: 1.485 Thread 0x00000000568ed000 1686       2       com.android.dx.dex.code.OutputFinisher::assignAddresses (51 bytes)
Event: 1.486 Thread 0x00000000568ed000 nmethod 1686 0x0000000002f044d0 code [0x0000000002f04680, 0x0000000002f04ab8]
Event: 1.486 Thread 0x00000000568ed000 1687   !   2       com.android.dx.dex.code.OutputFinisher::fixBranches (234 bytes)

GC Heap History (4 events):
Event: 0.843 GC heap before
{Heap before GC invocations=1 (full 0):
 PSYoungGen      total 38400K, used 33280K [0x00000000eab00000, 0x00000000ed580000, 0x0000000100000000)
  eden space 33280K, 100% used [0x00000000eab00000,0x00000000ecb80000,0x00000000ecb80000)
  from space 5120K, 0% used [0x00000000ed080000,0x00000000ed080000,0x00000000ed580000)
  to   space 5120K, 0% used [0x00000000ecb80000,0x00000000ecb80000,0x00000000ed080000)
 ParOldGen       total 87552K, used 0K [0x00000000c0000000, 0x00000000c5580000, 0x00000000eab00000)
  object space 87552K, 0% used [0x00000000c0000000,0x00000000c0000000,0x00000000c5580000)
 Metaspace       used 5767K, capacity 6832K, committed 7040K, reserved 1056768K
  class space    used 590K, capacity 616K, committed 640K, reserved 1048576K
Event: 0.866 GC heap after
Heap after GC invocations=1 (full 0):
 PSYoungGen      total 38400K, used 5109K [0x00000000eab00000, 0x00000000ef600000, 0x0000000100000000)
  eden space 33280K, 0% used [0x00000000eab00000,0x00000000eab00000,0x00000000ecb80000)
  from space 5120K, 99% used [0x00000000ecb80000,0x00000000ed07d630,0x00000000ed080000)
  to   space 5120K, 0% used [0x00000000ef100000,0x00000000ef100000,0x00000000ef600000)
 ParOldGen       total 87552K, used 1466K [0x00000000c0000000, 0x00000000c5580000, 0x00000000eab00000)
  object space 87552K, 1% used [0x00000000c0000000,0x00000000c016ebc8,0x00000000c5580000)
 Metaspace       used 5767K, capacity 6832K, committed 7040K, reserved 1056768K
  class space    used 590K, capacity 616K, committed 640K, reserved 1048576K
}
Event: 1.143 GC heap before
{Heap before GC invocations=2 (full 0):
 PSYoungGen      total 38400K, used 38389K [0x00000000eab00000, 0x00000000ef600000, 0x0000000100000000)
  eden space 33280K, 100% used [0x00000000eab00000,0x00000000ecb80000,0x00000000ecb80000)
  from space 5120K, 99% used [0x00000000ecb80000,0x00000000ed07d630,0x00000000ed080000)
  to   space 5120K, 0% used [0x00000000ef100000,0x00000000ef100000,0x00000000ef600000)
 ParOldGen       total 87552K, used 1466K [0x00000000c0000000, 0x00000000c5580000, 0x00000000eab00000)
  object space 87552K, 1% used [0x00000000c0000000,0x00000000c016ebc8,0x00000000c5580000)
 Metaspace       used 5924K, capacity 6960K, committed 7040K, reserved 1056768K
  class space    used 590K, capacity 616K, committed 640K, reserved 1048576K
Event: 1.158 GC heap after
Heap after GC invocations=2 (full 0):
 PSYoungGen      total 71680K, used 5095K [0x00000000eab00000, 0x00000000ef600000, 0x0000000100000000)
  eden space 66560K, 0% used [0x00000000eab00000,0x00000000eab00000,0x00000000eec00000)
  from space 5120K, 99% used [0x00000000ef100000,0x00000000ef5f9c98,0x00000000ef600000)
  to   space 5120K, 0% used [0x00000000eec00000,0x00000000eec00000,0x00000000ef100000)
 ParOldGen       total 87552K, used 6269K [0x00000000c0000000, 0x00000000c5580000, 0x00000000eab00000)
  object space 87552K, 7% used [0x00000000c0000000,0x00000000c061f700,0x00000000c5580000)
 Metaspace       used 5924K, capacity 6960K, committed 7040K, reserved 1056768K
  class space    used 590K, capacity 616K, committed 640K, reserved 1048576K
}

Deoptimization events (10 events):
Event: 1.317 Thread 0x00000000001fe800 Uncommon trap: reason=class_check action=maybe_recompile pc=0x0000000002ccc9f8 method=java.util.Arrays.hashCode([Ljava/lang/Object;)I @ 43
Event: 1.343 Thread 0x00000000001fe800 Uncommon trap: reason=bimorphic action=maybe_recompile pc=0x0000000002cc67bc method=java.util.HashMap.putVal(ILjava/lang/Object;Ljava/lang/Object;ZZ)Ljava/lang/Object; @ 91
Event: 1.343 Thread 0x00000000001fe800 Uncommon trap: reason=bimorphic action=maybe_recompile pc=0x0000000002cc67bc method=java.util.HashMap.putVal(ILjava/lang/Object;Ljava/lang/Object;ZZ)Ljava/lang/Object; @ 91
Event: 1.343 Thread 0x00000000001fe800 Uncommon trap: reason=bimorphic action=maybe_recompile pc=0x0000000002be6f68 method=java.util.HashMap.getNode(ILjava/lang/Object;)Ljava/util/HashMap$Node; @ 126
Event: 1.343 Thread 0x00000000001fe800 Uncommon trap: reason=bimorphic action=maybe_recompile pc=0x0000000002be6f68 method=java.util.HashMap.getNode(ILjava/lang/Object;)Ljava/util/HashMap$Node; @ 126
Event: 1.345 Thread 0x00000000001fe800 Uncommon trap: reason=bimorphic action=maybe_recompile pc=0x0000000002be6f68 method=java.util.HashMap.getNode(ILjava/lang/Object;)Ljava/util/HashMap$Node; @ 126
Event: 1.445 Thread 0x00000000001fe800 Uncommon trap: reason=speculate_class_check action=maybe_recompile pc=0x0000000002c1a710 method=com.android.dx.util.FixedSizeList.equals(Ljava/lang/Object;)Z @ 25
Event: 1.445 Thread 0x00000000001fe800 Uncommon trap: reason=speculate_class_check action=maybe_recompile pc=0x0000000002c1a710 method=com.android.dx.util.FixedSizeList.equals(Ljava/lang/Object;)Z @ 25
Event: 1.445 Thread 0x00000000001fe800 Uncommon trap: reason=speculate_class_check action=maybe_recompile pc=0x0000000002c1a710 method=com.android.dx.util.FixedSizeList.equals(Ljava/lang/Object;)Z @ 25
Event: 1.448 Thread 0x00000000001fe800 Uncommon trap: reason=speculate_class_check action=maybe_recompile pc=0x0000000002c1a710 method=com.android.dx.util.FixedSizeList.equals(Ljava/lang/Object;)Z @ 25

Internal exceptions (5 events):
Event: 0.041 Thread 0x00000000001fe800 Exception <a 'java/lang/NoSuchMethodError': Method sun.misc.Unsafe.defineClass(Ljava/lang/String;[BII)Ljava/lang/Class; name or signature does not match> (0x00000000eab07cc0) thrown at [C:\re\workspace\8-2-build-windows-amd64-cygwin\jdk8u101\7261\hotspot\s ºmÙõ¥?
Event: 0.041 Thread 0x00000000001fe800 Exception <a 'java/lang/NoSuchMethodError': Method sun.misc.Unsafe.prefetchRead(Ljava/lang/Object;J)V name or signature does not match> (0x00000000eab07fa8) thrown at [C:\re\workspace\8-2-build-windows-amd64-cygwin\jdk8u101\7261\hotspot\src\share\vm\prims\<o\,%ï?
Event: 0.973 Thread 0x0000000056b09000 Implicit null exception at 0x0000000002d91f0f to 0x0000000002d931b9
Event: 1.162 Thread 0x0000000056bcc000 Implicit null exception at 0x0000000002db5cd4 to 0x0000000002db73d9
Event: 1.239 Thread 0x0000000056b09000 Implicit null exception at 0x0000000002cbe0d2 to 0x0000000002cbe1c2

Events (10 events):
Event: 1.445 Thread 0x00000000001fe800 DEOPT UNPACKING pc=0x00000000029a582a sp=0x000000000268ef90 mode 2
Event: 1.445 loading class com/android/dx/dex/code/CatchTable$Entry
Event: 1.446 loading class com/android/dx/dex/code/CatchTable$Entry done
Event: 1.446 loading class com/android/dx/util/ByteArrayAnnotatedOutput
Event: 1.446 loading class com/android/dx/util/ByteArrayAnnotatedOutput done
Event: 1.448 Thread 0x00000000001fe800 Uncommon trap: trap_request=0xffffff76 fr.pc=0x0000000002c1a710
Event: 1.448 Thread 0x00000000001fe800 DEOPT PACKING pc=0x0000000002c1a710 sp=0x000000000268efd0
Event: 1.448 Thread 0x00000000001fe800 DEOPT UNPACKING pc=0x00000000029a582a sp=0x000000000268ef90 mode 2
Event: 1.465 loading class com/android/dx/rop/code/RegisterSpecList$Expander
Event: 1.465 loading class com/android/dx/rop/code/RegisterSpecList$Expander done


Dynamic libraries:
0x000000013fe00000 - 0x000000013fe37000 	C:\Program Files\Java\jdk1.8.0_101\bin\java.exe
0x0000000077be0000 - 0x0000000077d8a000 	C:\Windows\SYSTEM32\ntdll.dll
0x0000000077ac0000 - 0x0000000077bdf000 	C:\Windows\system32\kernel32.dll
0x000007fefda60000 - 0x000007fefdaca000 	C:\Windows\system32\KERNELBASE.dll
0x000007feffa70000 - 0x000007feffb4b000 	C:\Windows\system32\ADVAPI32.dll
0x000007fefdfa0000 - 0x000007fefe03f000 	C:\Windows\system32\msvcrt.dll
0x000007feffca0000 - 0x000007feffcbf000 	C:\Windows\SYSTEM32\sechost.dll
0x000007fefe630000 - 0x000007fefe75d000 	C:\Windows\system32\RPCRT4.dll
0x00000000779c0000 - 0x0000000077aba000 	C:\Windows\system32\USER32.dll
0x000007feffc30000 - 0x000007feffc97000 	C:\Windows\system32\GDI32.dll
0x000007fefe760000 - 0x000007fefe76e000 	C:\Windows\system32\LPK.dll
0x000007fefec10000 - 0x000007fefecda000 	C:\Windows\system32\USP10.dll
0x000007fefbc50000 - 0x000007fefbe44000 	C:\Windows\WinSxS\amd64_microsoft.windows.common-controls_6595b64144ccf1df_6.0.7601.18837_none_fa3b1e3d17594757\COMCTL32.dll
0x000007fefe330000 - 0x000007fefe3a1000 	C:\Windows\system32\SHLWAPI.dll
0x000007fefe3b0000 - 0x000007fefe3de000 	C:\Windows\system32\IMM32.DLL
0x000007fefe220000 - 0x000007fefe329000 	C:\Windows\system32\MSCTF.dll
0x000007fefd830000 - 0x000007fefd874000 	C:\windows\system32\nvinitx.dll
0x0000000070560000 - 0x0000000070632000 	C:\Program Files\Java\jdk1.8.0_101\jre\bin\msvcr100.dll
0x0000000059180000 - 0x0000000059a1a000 	C:\Program Files\Java\jdk1.8.0_101\jre\bin\server\jvm.dll
0x000007fef8980000 - 0x000007fef8989000 	C:\Windows\system32\WSOCK32.dll
0x000007fefe040000 - 0x000007fefe08d000 	C:\Windows\system32\WS2_32.dll
0x000007fefe3e0000 - 0x000007fefe3e8000 	C:\Windows\system32\NSI.dll
0x000007fefb840000 - 0x000007fefb87b000 	C:\Windows\system32\WINMM.dll
0x000007fefc940000 - 0x000007fefc94c000 	C:\Windows\system32\VERSION.dll
0x0000000077da0000 - 0x0000000077da7000 	C:\Windows\system32\PSAPI.DLL
0x0000000070de0000 - 0x0000000070def000 	C:\Program Files\Java\jdk1.8.0_101\jre\bin\verify.dll
0x0000000070d70000 - 0x0000000070d99000 	C:\Program Files\Java\jdk1.8.0_101\jre\bin\java.dll
0x0000000070d50000 - 0x0000000070d66000 	C:\Program Files\Java\jdk1.8.0_101\jre\bin\zip.dll
0x000007fefece0000 - 0x000007feffa69000 	C:\Windows\system32\SHELL32.dll
0x000007feffcc0000 - 0x000007feffec3000 	C:\Windows\system32\ole32.dll
0x000007fefd910000 - 0x000007fefd91f000 	C:\Windows\system32\profapi.dll

VM Arguments:
jvm_args: -Djava.awt.headless=true -Xmx1024M -Dfile.encoding=windows-1252 -Duser.country=FR -Duser.language=fr -Duser.variant 
java_command: com.android.dx.command.Main --dex --force-jumbo --num-threads=4 --output C:\Android\Projects\MeteoAppli\app\build\intermediates\pre-dexed\debug\com.android.support-support-media-compat-24.2.1_eb41ebcde456a45430b8ee0d4021f97a79abd063.jar C:\Android\Projects\MeteoAppli\app\build\intermediates\exploded-aar\com.android.support\support-media-compat\24.2.1\jars\classes.jar
java_class_path (initial): C:\Android\build-tools\24.0.2\lib\dx.jar
Launcher Type: SUN_STANDARD

Environment Variables:
PATH=C:\ProgramData\Oracle\Java\javapath;C:\Program Files\Common Files\Microsoft Shared\Windows Live;C:\Program Files (x86)\Common Files\Microsoft Shared\Windows Live;C:\Program Files (x86)\NVIDIA Corporation\PhysX\Common;C:\Program Files (x86)\Intel\iCLS Client\;C:\Program Files\Intel\iCLS Client\;C:\Windows\system32;C:\Windows;C:\Windows\System32\Wbem;C:\Windows\System32\WindowsPowerShell\v1.0\;C:\Program Files\Intel\Intel(R) Management Engine Components\DAL;C:\Program Files\Intel\Intel(R) Management Engine Components\IPT;C:\Program Files (x86)\Intel\Intel(R) Management Engine Components\DAL;C:\Program Files (x86)\Intel\Intel(R) Management Engine Components\IPT;C:\Program Files (x86)\Intel\OpenCL SDK\2.0\bin\x86;C:\Program Files (x86)\Intel\OpenCL SDK\2.0\bin\x64;C:\Program Files\Intel\WiFi\bin\;C:\Program Files\Common Files\Intel\WirelessCommon\;C:\Program Files (x86)\Windows Live\Shared;C:\Program Files (x86)\Skype\Phone\;C:\Program Files (x86)\GitExtensions\
USERNAME=Jérémie
OS=Windows_NT
PROCESSOR_IDENTIFIER=Intel64 Family 6 Model 58 Stepping 9, GenuineIntel



---------------  S Y S T E M  ---------------

OS: Windows 7 , 64 bit Build 7601 (6.1.7601.23539)

CPU:total 8 (4 cores per cpu, 2 threads per core) family 6 model 58 stepping 9, cmov, cx8, fxsr, mmx, sse, sse2, sse3, ssse3, sse4.1, sse4.2, popcnt, avx, aes, clmul, erms, ht, tsc, tscinvbit, tscinv

Memory: 4k page, physical 8283508k(802856k free), swap 9330224k(361840k free)

vm_info: Java HotSpot(TM) 64-Bit Server VM (25.101-b13) for windows-amd64 JRE (1.8.0_101-b13), built on Jun 22 2016 01:21:29 by "java_re" with MS VC++ 10.0 (VS2010)

time: Wed Oct 12 15:40:25 2016
elapsed time: 1 seconds (0d 0h 0m 1s)

