#
# There is insufficient memory for the Java Runtime Environment to continue.
# Native memory allocation (malloc) failed to allocate 674096 bytes for Chunk::new
# Possible reasons:
#   The system is out of physical RAM or swap space
#   In 32 bit mode, the process size limit was hit
# Possible solutions:
#   Reduce memory load on the system
#   Increase physical memory or swap space
#   Check if swap backing store is full
#   Use 64 bit Java on a 64 bit OS
#   Decrease Java heap size (-Xmx/-Xms)
#   Decrease number of Java threads
#   Decrease Java thread stack sizes (-Xss)
#   Set larger code cache with -XX:ReservedCodeCacheSize=
# This output file may be truncated or incomplete.
#
#  Out of Memory Error (allocation.cpp:390), pid=8320, tid=0x00000000000021f0
#
# JRE version: Java(TM) SE Runtime Environment (8.0_101-b13) (build 1.8.0_101-b13)
# Java VM: Java HotSpot(TM) 64-Bit Server VM (25.101-b13 mixed mode windows-amd64 compressed oops)
# Failed to write core dump. Minidumps are not enabled by default on client versions of Windows
#

---------------  T H R E A D  ---------------

Current thread (0x00000000567e0000):  JavaThread "C2 CompilerThread2" daemon [_thread_in_native, id=8688, stack(0x0000000058bd0000,0x0000000058cd0000)]

Stack: [0x0000000058bd0000,0x0000000058cd0000]
[error occurred during error reporting (printing stack bounds), id 0xc0000005]

Native frames: (J=compiled Java code, j=interpreted, Vv=VM code, C=native code)


Current CompileTask:
C2:   2389  823   !   4       com.android.dx.cf.code.BytecodeArray::parseInstruction (2764 bytes)


---------------  P R O C E S S  ---------------

Java Threads: ( => current thread )
  0x0000000056a3a800 JavaThread "pool-1-thread-4" [_thread_in_Java, id=8852, stack(0x0000000058910000,0x0000000058a10000)]
  0x0000000056a3a000 JavaThread "pool-1-thread-3" [_thread_in_Java, id=8848, stack(0x0000000059530000,0x0000000059630000)]
  0x0000000056a39000 JavaThread "pool-1-thread-2" [_thread_in_Java, id=8844, stack(0x0000000059350000,0x0000000059450000)]
  0x0000000056a5d000 JavaThread "pool-2-thread-1" [_thread_blocked, id=8836, stack(0x0000000058cd0000,0x0000000058dd0000)]
  0x0000000056a32000 JavaThread "pool-1-thread-1" [_thread_in_Java, id=8832, stack(0x0000000059250000,0x0000000059350000)]
  0x0000000056801000 JavaThread "Service Thread" daemon [_thread_blocked, id=8704, stack(0x0000000058fc0000,0x00000000590c0000)]
  0x00000000567ee800 JavaThread "C1 CompilerThread3" daemon [_thread_in_native, id=8692, stack(0x00000000576e0000,0x00000000577e0000)]
=>0x00000000567e0000 JavaThread "C2 CompilerThread2" daemon [_thread_in_native, id=8688, stack(0x0000000058bd0000,0x0000000058cd0000)]
  0x00000000567dd000 JavaThread "C2 CompilerThread1" daemon [_thread_in_native, id=8684, stack(0x0000000057f10000,0x0000000058010000)]
  0x00000000567d9000 JavaThread "C2 CompilerThread0" daemon [_thread_in_native, id=8676, stack(0x0000000058a50000,0x0000000058b50000)]
  0x00000000567d5800 JavaThread "Attach Listener" daemon [_thread_blocked, id=8668, stack(0x0000000057e00000,0x0000000057f00000)]
  0x00000000567e8000 JavaThread "Signal Dispatcher" daemon [_thread_blocked, id=8660, stack(0x0000000057c50000,0x0000000057d50000)]
  0x000000005561d800 JavaThread "Finalizer" daemon [_thread_blocked, id=8608, stack(0x0000000057920000,0x0000000057a20000)]
  0x0000000055616800 JavaThread "Reference Handler" daemon [_thread_blocked, id=8604, stack(0x0000000057a90000,0x0000000057b90000)]
  0x0000000001d3e800 JavaThread "main" [_thread_in_Java, id=8404, stack(0x0000000002540000,0x0000000002640000)]

Other Threads:
  0x0000000056790800 VMThread [stack: 0x0000000057800000,0x0000000057900000] [id=8464]
  0x0000000056870000 WatcherThread [stack: 0x0000000059120000,0x0000000059220000] [id=8712]

VM state:not at safepoint (normal execution)

VM Mutex/Monitor currently owned by a thread: None

Heap:
 PSYoungGen      total 38400K, used 14169K [0x00000000eab00000, 0x00000000ed580000, 0x0000000100000000)
  eden space 33280K, 27% used [0x00000000eab00000,0x00000000eb3dcd40,0x00000000ecb80000)
  from space 5120K, 99% used [0x00000000ecb80000,0x00000000ed0796c8,0x00000000ed080000)
  to   space 5120K, 0% used [0x00000000ed080000,0x00000000ed080000,0x00000000ed580000)
 ParOldGen       total 87552K, used 1659K [0x00000000c0000000, 0x00000000c5580000, 0x00000000eab00000)
  object space 87552K, 1% used [0x00000000c0000000,0x00000000c019ec50,0x00000000c5580000)
 Metaspace       used 5789K, capacity 6896K, committed 7040K, reserved 1056768K
  class space    used 591K, capacity 616K, committed 640K, reserved 1048576K

Card table byte_map: [0x0000000011cd0000,0x0000000011ee0000] byte_map_base: 0x00000000116d0000

Marking Bits: (ParMarkBitMap*) 0x000000005884a6d0
 Begin Bits: [0x0000000012a30000, 0x0000000013a30000)
 End Bits:   [0x0000000013a30000, 0x0000000014a30000)

Polling page: 0x0000000000440000

CodeCache: size=245760Kb used=3073Kb max_used=3073Kb free=242686Kb
 bounds [0x0000000002910000, 0x0000000002c20000, 0x0000000011910000]
 total_blobs=1101 nmethods=838 adapters=176
 compilation: enabled

Compilation events (10 events):
Event: 2.386 Thread 0x00000000567ee800 nmethod 930 0x0000000002c0ebd0 code [0x0000000002c0ed40, 0x0000000002c0eec8]
Event: 2.386 Thread 0x00000000567ee800  883       3       com.android.dx.cf.code.ConcreteMethod::getCatches (8 bytes)
Event: 2.386 Thread 0x00000000567ee800 nmethod 883 0x0000000002c0ef90 code [0x0000000002c0f0e0, 0x0000000002c0f2d0]
Event: 2.386 Thread 0x00000000567ee800  762       2       com.android.dx.rop.code.ThrowingCstInsn::withNewRegisters (25 bytes)
Event: 2.386 Thread 0x00000000567ee800 nmethod 762 0x0000000002c0f390 code [0x0000000002c0f500, 0x0000000002c0f6e8]
Event: 2.386 Thread 0x00000000567ee800  940       3       com.android.dx.ssa.SsaRenamer::isBelowThresholdRegister (14 bytes)
Event: 2.386 Thread 0x00000000567ee800 nmethod 940 0x0000000002c0f7d0 code [0x0000000002c0f920, 0x0000000002c0fad0]
Event: 2.386 Thread 0x00000000567ee800  941       3       com.android.dx.ssa.SsaRenamer::access$800 (6 bytes)
Event: 2.387 Thread 0x00000000567ee800 nmethod 941 0x0000000002c0fb50 code [0x0000000002c0fcc0, 0x0000000002c0feb0]
Event: 2.387 Thread 0x00000000567ee800  749       2       com.android.dx.ssa.back.FirstFitLocalCombiningAllocator$1::processInsn (169 bytes)

GC Heap History (2 events):
Event: 1.798 GC heap before
{Heap before GC invocations=1 (full 0):
 PSYoungGen      total 38400K, used 33280K [0x00000000eab00000, 0x00000000ed580000, 0x0000000100000000)
  eden space 33280K, 100% used [0x00000000eab00000,0x00000000ecb80000,0x00000000ecb80000)
  from space 5120K, 0% used [0x00000000ed080000,0x00000000ed080000,0x00000000ed580000)
  to   space 5120K, 0% used [0x00000000ecb80000,0x00000000ecb80000,0x00000000ed080000)
 ParOldGen       total 87552K, used 0K [0x00000000c0000000, 0x00000000c5580000, 0x00000000eab00000)
  object space 87552K, 0% used [0x00000000c0000000,0x00000000c0000000,0x00000000c5580000)
 Metaspace       used 5717K, capacity 6832K, committed 7040K, reserved 1056768K
  class space    used 591K, capacity 616K, committed 640K, reserved 1048576K
Event: 2.097 GC heap after
Heap after GC invocations=1 (full 0):
 PSYoungGen      total 38400K, used 5093K [0x00000000eab00000, 0x00000000ed580000, 0x0000000100000000)
  eden space 33280K, 0% used [0x00000000eab00000,0x00000000eab00000,0x00000000ecb80000)
  from space 5120K, 99% used [0x00000000ecb80000,0x00000000ed0796c8,0x00000000ed080000)
  to   space 5120K, 0% used [0x00000000ed080000,0x00000000ed080000,0x00000000ed580000)
 ParOldGen       total 87552K, used 1659K [0x00000000c0000000, 0x00000000c5580000, 0x00000000eab00000)
  object space 87552K, 1% used [0x00000000c0000000,0x00000000c019ec50,0x00000000c5580000)
 Metaspace       used 5717K, capacity 6832K, committed 7040K, reserved 1056768K
  class space    used 591K, capacity 616K, committed 640K, reserved 1048576K
}

Deoptimization events (10 events):
Event: 1.575 Thread 0x0000000056a32000 Uncommon trap: reason=unstable_if action=reinterpret pc=0x0000000002b0a384 method=com.android.dx.rop.cst.Constant.compareTo(Lcom/android/dx/rop/cst/Constant;)I @ 12
Event: 2.189 Thread 0x0000000056a32000 Uncommon trap: reason=unstable_if action=reinterpret pc=0x0000000002b7b100 method=com.android.dx.rop.code.RegisterSpec.equals(ILcom/android/dx/rop/type/TypeBearer;Lcom/android/dx/rop/code/LocalItem;)Z @ 42
Event: 2.198 Thread 0x0000000001d3e800 Uncommon trap: reason=unstable_if action=reinterpret pc=0x0000000002b806dc method=com.android.dx.rop.code.RegisterSpecSet.put(Lcom/android/dx/rop/code/RegisterSpec;)V @ 77
Event: 2.198 Thread 0x0000000001d3e800 Uncommon trap: reason=unstable_if action=reinterpret pc=0x0000000002b7fad8 method=com.android.dx.rop.code.RegisterSpecSet.put(Lcom/android/dx/rop/code/RegisterSpec;)V @ 77
Event: 2.239 Thread 0x0000000056a3a800 Uncommon trap: reason=bimorphic action=maybe_recompile pc=0x0000000002b0cda8 method=java.util.HashMap.getNode(ILjava/lang/Object;)Ljava/util/HashMap$Node; @ 126
Event: 2.239 Thread 0x0000000056a3a800 Uncommon trap: reason=class_check action=maybe_recompile pc=0x0000000002bba8b0 method=java.util.HashMap.putVal(ILjava/lang/Object;Ljava/lang/Object;ZZ)Ljava/lang/Object; @ 203
Event: 2.239 Thread 0x0000000056a3a800 Uncommon trap: reason=bimorphic action=maybe_recompile pc=0x0000000002b0cda8 method=java.util.HashMap.getNode(ILjava/lang/Object;)Ljava/util/HashMap$Node; @ 126
Event: 2.239 Thread 0x0000000056a3a800 Uncommon trap: reason=class_check action=maybe_recompile pc=0x0000000002bba8b0 method=java.util.HashMap.putVal(ILjava/lang/Object;Ljava/lang/Object;ZZ)Ljava/lang/Object; @ 203
Event: 2.239 Thread 0x0000000056a3a800 Uncommon trap: reason=bimorphic action=maybe_recompile pc=0x0000000002b0cda8 method=java.util.HashMap.getNode(ILjava/lang/Object;)Ljava/util/HashMap$Node; @ 126
Event: 2.239 Thread 0x0000000056a3a800 Uncommon trap: reason=class_check action=maybe_recompile pc=0x0000000002bba8b0 method=java.util.HashMap.putVal(ILjava/lang/Object;Ljava/lang/Object;ZZ)Ljava/lang/Object; @ 203

Internal exceptions (2 events):
Event: 0.241 Thread 0x0000000001d3e800 Exception <a 'java/lang/NoSuchMethodError': Method sun.misc.Unsafe.defineClass(Ljava/lang/String;[BII)Ljava/lang/Class; name or signature does not match> (0x00000000eab07cc0) thrown at [C:\re\workspace\8-2-build-windows-amd64-cygwin\jdk8u101\7261\hotspot\s•ZÀXÖàÎ?
Event: 0.241 Thread 0x0000000001d3e800 Exception <a 'java/lang/NoSuchMethodError': Method sun.misc.Unsafe.prefetchRead(Ljava/lang/Object;J)V name or signature does not match> (0x00000000eab07fa8) thrown at [C:\re\workspace\8-2-build-windows-amd64-cygwin\jdk8u101\7261\hotspot\src\share\vm\prims\

Events (10 events):
Event: 2.239 Thread 0x0000000056a3a800 DEOPT UNPACKING pc=0x000000000295582a sp=0x0000000058a0e788 mode 2
Event: 2.239 Thread 0x0000000056a3a800 Uncommon trap: trap_request=0xffffffde fr.pc=0x0000000002bba8b0
Event: 2.239 Thread 0x0000000056a3a800 DEOPT PACKING pc=0x0000000002bba8b0 sp=0x0000000058a0e7f0
Event: 2.239 Thread 0x0000000056a3a800 DEOPT UNPACKING pc=0x000000000295582a sp=0x0000000058a0e778 mode 2
Event: 2.239 Thread 0x0000000056a3a800 Uncommon trap: trap_request=0xffffffc6 fr.pc=0x0000000002b0cda8
Event: 2.239 Thread 0x0000000056a3a800 DEOPT PACKING pc=0x0000000002b0cda8 sp=0x0000000058a0e850
Event: 2.239 Thread 0x0000000056a3a800 DEOPT UNPACKING pc=0x000000000295582a sp=0x0000000058a0e788 mode 2
Event: 2.239 Thread 0x0000000056a3a800 Uncommon trap: trap_request=0xffffffde fr.pc=0x0000000002bba8b0
Event: 2.239 Thread 0x0000000056a3a800 DEOPT PACKING pc=0x0000000002bba8b0 sp=0x0000000058a0e7f0
Event: 2.239 Thread 0x0000000056a3a800 DEOPT UNPACKING pc=0x000000000295582a sp=0x0000000058a0e778 mode 2


Dynamic libraries:
0x000000013f350000 - 0x000000013f387000 	C:\Program Files\Java\jdk1.8.0_101\bin\java.exe
0x00000000773d0000 - 0x000000007757a000 	C:\Windows\SYSTEM32\ntdll.dll
0x00000000771b0000 - 0x00000000772cf000 	C:\Windows\system32\kernel32.dll
0x000007fefd370000 - 0x000007fefd3da000 	C:\Windows\system32\KERNELBASE.dll
0x000007fefd8d0000 - 0x000007fefd9ab000 	C:\Windows\system32\ADVAPI32.dll
0x000007fefdf60000 - 0x000007fefdfff000 	C:\Windows\system32\msvcrt.dll
0x000007fefe4d0000 - 0x000007fefe4ef000 	C:\Windows\SYSTEM32\sechost.dll
0x000007fefd4c0000 - 0x000007fefd5ed000 	C:\Windows\system32\RPCRT4.dll
0x00000000772d0000 - 0x00000000773ca000 	C:\Windows\system32\USER32.dll
0x000007fefd5f0000 - 0x000007fefd657000 	C:\Windows\system32\GDI32.dll
0x000007fefdb60000 - 0x000007fefdb6e000 	C:\Windows\system32\LPK.dll
0x000007fefe400000 - 0x000007fefe4ca000 	C:\Windows\system32\USP10.dll
0x000007fefaca0000 - 0x000007fefae94000 	C:\Windows\WinSxS\amd64_microsoft.windows.common-controls_6595b64144ccf1df_6.0.7601.18837_none_fa3b1e3d17594757\COMCTL32.dll
0x000007fefe7e0000 - 0x000007fefe851000 	C:\Windows\system32\SHLWAPI.dll
0x000007fefda50000 - 0x000007fefda7e000 	C:\Windows\system32\IMM32.DLL
0x000007fefde50000 - 0x000007fefdf59000 	C:\Windows\system32\MSCTF.dll
0x000007fefd020000 - 0x000007fefd064000 	C:\windows\system32\nvinitx.dll
0x0000000058e10000 - 0x0000000058ee2000 	C:\Program Files\Java\jdk1.8.0_101\jre\bin\msvcr100.dll
0x0000000058030000 - 0x00000000588ca000 	C:\Program Files\Java\jdk1.8.0_101\jre\bin\server\jvm.dll
0x000007fef87b0000 - 0x000007fef87b9000 	C:\Windows\system32\WSOCK32.dll
0x000007fefe900000 - 0x000007fefe94d000 	C:\Windows\system32\WS2_32.dll
0x000007fefe3f0000 - 0x000007fefe3f8000 	C:\Windows\system32\NSI.dll
0x000007fefa890000 - 0x000007fefa8cb000 	C:\Windows\system32\WINMM.dll
0x000007fefc130000 - 0x000007fefc13c000 	C:\Windows\system32\VERSION.dll
0x0000000077590000 - 0x0000000077597000 	C:\Windows\system32\PSAPI.DLL
0x000000006cdf0000 - 0x000000006cdff000 	C:\Program Files\Java\jdk1.8.0_101\jre\bin\verify.dll
0x00000000657d0000 - 0x00000000657f9000 	C:\Program Files\Java\jdk1.8.0_101\jre\bin\java.dll
0x00000000648c0000 - 0x00000000648d6000 	C:\Program Files\Java\jdk1.8.0_101\jre\bin\zip.dll
0x000007fefe950000 - 0x000007feff6d9000 	C:\Windows\system32\SHELL32.dll
0x000007fefe1e0000 - 0x000007fefe3e3000 	C:\Windows\system32\ole32.dll
0x000007fefd100000 - 0x000007fefd10f000 	C:\Windows\system32\profapi.dll

VM Arguments:
jvm_args: -Djava.awt.headless=true -Xmx1024M -Dfile.encoding=windows-1252 -Duser.country=FR -Duser.language=fr -Duser.variant 
java_command: com.android.dx.command.Main --dex --force-jumbo --num-threads=4 --output C:\Android\Projects\MeteoAppli\app\build\intermediates\pre-dexed\debug\com.android.support-support-core-ui-24.2.1_c94c132a874d96d358c2157071d9599ebaec6480.jar C:\Android\Projects\MeteoAppli\app\build\intermediates\exploded-aar\com.android.support\support-core-ui\24.2.1\jars\classes.jar
java_class_path (initial): C:\Android\build-tools\24.0.2\lib\dx.jar
Launcher Type: SUN_STANDARD

Environment Variables:
PATH=C:\ProgramData\Oracle\Java\javapath;C:\Program Files\Common Files\Microsoft Shared\Windows Live;C:\Program Files (x86)\Common Files\Microsoft Shared\Windows Live;C:\Program Files (x86)\NVIDIA Corporation\PhysX\Common;C:\Program Files (x86)\Intel\iCLS Client\;C:\Program Files\Intel\iCLS Client\;C:\Windows\system32;C:\Windows;C:\Windows\System32\Wbem;C:\Windows\System32\WindowsPowerShell\v1.0\;C:\Program Files\Intel\Intel(R) Management Engine Components\DAL;C:\Program Files\Intel\Intel(R) Management Engine Components\IPT;C:\Program Files (x86)\Intel\Intel(R) Management Engine Components\DAL;C:\Program Files (x86)\Intel\Intel(R) Management Engine Components\IPT;C:\Program Files (x86)\Intel\OpenCL SDK\2.0\bin\x86;C:\Program Files (x86)\Intel\OpenCL SDK\2.0\bin\x64;C:\Program Files\Intel\WiFi\bin\;C:\Program Files\Common Files\Intel\WirelessCommon\;C:\Program Files (x86)\Windows Live\Shared;C:\Program Files (x86)\Skype\Phone\;C:\Program Files (x86)\GitExtensions\
USERNAME=Jérémie
OS=Windows_NT
PROCESSOR_IDENTIFIER=Intel64 Family 6 Model 58 Stepping 9, GenuineIntel



---------------  S Y S T E M  ---------------

OS: Windows 7 , 64 bit Build 7601 (6.1.7601.23539)

CPU:total 8 (4 cores per cpu, 2 threads per core) family 6 model 58 stepping 9, cmov, cx8, fxsr, mmx, sse, sse2, sse3, ssse3, sse4.1, sse4.2, popcnt, avx, aes, clmul, erms, ht, tsc, tscinvbit, tscinv

Memory: 4k page, physical 8283508k(682892k free), swap 9330224k(5464k free)

vm_info: Java HotSpot(TM) 64-Bit Server VM (25.101-b13) for windows-amd64 JRE (1.8.0_101-b13), built on Jun 22 2016 01:21:29 by "java_re" with MS VC++ 10.0 (VS2010)

time: Wed Oct 12 12:16:03 2016
elapsed time: 2 seconds (0d 0h 0m 2s)

