#
# There is insufficient memory for the Java Runtime Environment to continue.
# Native memory allocation (malloc) failed to allocate 91120 bytes for Chunk::new
# Possible reasons:
#   The system is out of physical RAM or swap space
#   In 32 bit mode, the process size limit was hit
# Possible solutions:
#   Reduce memory load on the system
#   Increase physical memory or swap space
#   Check if swap backing store is full
#   Use 64 bit Java on a 64 bit OS
#   Decrease Java heap size (-Xmx/-Xms)
#   Decrease number of Java threads
#   Decrease Java thread stack sizes (-Xss)
#   Set larger code cache with -XX:ReservedCodeCacheSize=
# This output file may be truncated or incomplete.
#
#  Out of Memory Error (allocation.cpp:390), pid=9000, tid=0x00000000000005c0
#
# JRE version: Java(TM) SE Runtime Environment (8.0_101-b13) (build 1.8.0_101-b13)
# Java VM: Java HotSpot(TM) 64-Bit Server VM (25.101-b13 mixed mode windows-amd64 compressed oops)
# Failed to write core dump. Minidumps are not enabled by default on client versions of Windows
#

---------------  T H R E A D  ---------------

Current thread (0x0000000056906000):  JavaThread "C2 CompilerThread2" daemon [_thread_in_native, id=1472, stack(0x0000000058cf0000,0x0000000058df0000)]

Stack: [0x0000000058cf0000,0x0000000058df0000]
[error occurred during error reporting (printing stack bounds), id 0xc0000005]

Native frames: (J=compiled Java code, j=interpreted, Vv=VM code, C=native code)


Current CompileTask:
C2:   3861 2038 %     4       com.android.dx.dex.code.DalvInsnList::getOutsSize @ 9 (105 bytes)


---------------  P R O C E S S  ---------------

Java Threads: ( => current thread )
  0x000000005699b000 JavaThread "Service Thread" daemon [_thread_blocked, id=8288, stack(0x0000000058df0000,0x0000000058ef0000)]
  0x0000000056909800 JavaThread "C1 CompilerThread3" daemon [_thread_blocked, id=8484, stack(0x0000000058f00000,0x0000000059000000)]
=>0x0000000056906000 JavaThread "C2 CompilerThread2" daemon [_thread_in_native, id=1472, stack(0x0000000058cf0000,0x0000000058df0000)]
  0x00000000568f4800 JavaThread "C2 CompilerThread1" daemon [_thread_in_native, id=8056, stack(0x0000000058b20000,0x0000000058c20000)]
  0x00000000568ed000 JavaThread "C2 CompilerThread0" daemon [_thread_blocked, id=5412, stack(0x00000000589d0000,0x0000000058ad0000)]
  0x00000000568e9800 JavaThread "Attach Listener" daemon [_thread_blocked, id=9196, stack(0x0000000058730000,0x0000000058830000)]
  0x00000000568fa000 JavaThread "Signal Dispatcher" daemon [_thread_blocked, id=5032, stack(0x00000000582b0000,0x00000000583b0000)]
  0x000000005583f800 JavaThread "Finalizer" daemon [_thread_blocked, id=6580, stack(0x0000000058590000,0x0000000058690000)]
  0x0000000055838000 JavaThread "Reference Handler" daemon [_thread_blocked, id=9928, stack(0x0000000058430000,0x0000000058530000)]
  0x000000000253e800 JavaThread "main" [_thread_in_Java, id=5112, stack(0x0000000002570000,0x0000000002670000)]

Other Threads:
  0x00000000568a2800 VMThread [stack: 0x00000000578f0000,0x00000000579f0000] [id=9292]
  0x00000000569a8800 WatcherThread [stack: 0x00000000588b0000,0x00000000589b0000] [id=6376]

VM state:not at safepoint (normal execution)

VM Mutex/Monitor currently owned by a thread: None

Heap:
 PSYoungGen      total 71680K, used 51136K [0x00000000eab00000, 0x00000000ef600000, 0x0000000100000000)
  eden space 66560K, 69% used [0x00000000eab00000,0x00000000ed7f1d10,0x00000000eec00000)
  from space 5120K, 99% used [0x00000000ef100000,0x00000000ef5fe530,0x00000000ef600000)
  to   space 5120K, 0% used [0x00000000eec00000,0x00000000eec00000,0x00000000ef100000)
 ParOldGen       total 87552K, used 6201K [0x00000000c0000000, 0x00000000c5580000, 0x00000000eab00000)
  object space 87552K, 7% used [0x00000000c0000000,0x00000000c060e518,0x00000000c5580000)
 Metaspace       used 6432K, capacity 7440K, committed 7680K, reserved 1056768K
  class space    used 612K, capacity 648K, committed 768K, reserved 1048576K

Card table byte_map: [0x0000000011db0000,0x0000000011fc0000] byte_map_base: 0x00000000117b0000

Marking Bits: (ParMarkBitMap*) 0x000000005822a6d0
 Begin Bits: [0x0000000012c50000, 0x0000000013c50000)
 End Bits:   [0x0000000013c50000, 0x0000000014c50000)

Polling page: 0x0000000000140000

CodeCache: size=245760Kb used=7841Kb max_used=7853Kb free=237918Kb
 bounds [0x00000000029f0000, 0x00000000031b0000, 0x00000000119f0000]
 total_blobs=2250 nmethods=1986 adapters=177
 compilation: enabled

Compilation events (10 events):
Event: 3.771 Thread 0x0000000056909800 nmethod 2028 0x0000000003194b10 code [0x00000000031954a0, 0x000000000319bb08]
Event: 3.771 Thread 0x0000000056909800 2034       3       com.android.dx.dex.code.form.Form11n::writeTo (45 bytes)
Event: 3.772 Thread 0x0000000056909800 nmethod 2034 0x0000000003193c50 code [0x0000000003193e40, 0x0000000003194788]
Event: 3.772 Thread 0x0000000056909800 2029       3       com.android.dx.dex.file.CodeItem::getRegistersSize (11 bytes)
Event: 3.772 Thread 0x0000000056909800 nmethod 2029 0x000000000318d9d0 code [0x000000000318db40, 0x000000000318de48]
Event: 3.772 Thread 0x0000000056909800 2035   !   3       com.android.dx.dex.file.CodeItem::writeCodes (50 bytes)
Event: 3.772 Thread 0x0000000056909800 nmethod 2035 0x0000000003192ad0 code [0x0000000003192ce0, 0x0000000003193708]
Event: 3.772 Thread 0x0000000056909800 2040       3       com.android.dx.dex.file.CodeItem::getOutsSize (11 bytes)
Event: 3.773 Thread 0x0000000056909800 nmethod 2040 0x0000000003192510 code [0x0000000003192680, 0x0000000003192998]
Event: 3.776 Thread 0x00000000568ed000 nmethod 2039% 0x00000000031a36d0 code [0x00000000031a3840, 0x00000000031a3c58]

GC Heap History (4 events):
Event: 1.091 GC heap before
{Heap before GC invocations=1 (full 0):
 PSYoungGen      total 38400K, used 33280K [0x00000000eab00000, 0x00000000ed580000, 0x0000000100000000)
  eden space 33280K, 100% used [0x00000000eab00000,0x00000000ecb80000,0x00000000ecb80000)
  from space 5120K, 0% used [0x00000000ed080000,0x00000000ed080000,0x00000000ed580000)
  to   space 5120K, 0% used [0x00000000ecb80000,0x00000000ecb80000,0x00000000ed080000)
 ParOldGen       total 87552K, used 0K [0x00000000c0000000, 0x00000000c5580000, 0x00000000eab00000)
  object space 87552K, 0% used [0x00000000c0000000,0x00000000c0000000,0x00000000c5580000)
 Metaspace       used 5840K, capacity 6896K, committed 7040K, reserved 1056768K
  class space    used 591K, capacity 616K, committed 640K, reserved 1048576K
Event: 1.169 GC heap after
Heap after GC invocations=1 (full 0):
 PSYoungGen      total 38400K, used 5113K [0x00000000eab00000, 0x00000000ef600000, 0x0000000100000000)
  eden space 33280K, 0% used [0x00000000eab00000,0x00000000eab00000,0x00000000ecb80000)
  from space 5120K, 99% used [0x00000000ecb80000,0x00000000ed07e6b8,0x00000000ed080000)
  to   space 5120K, 0% used [0x00000000ef100000,0x00000000ef100000,0x00000000ef600000)
 ParOldGen       total 87552K, used 1939K [0x00000000c0000000, 0x00000000c5580000, 0x00000000eab00000)
  object space 87552K, 2% used [0x00000000c0000000,0x00000000c01e4c88,0x00000000c5580000)
 Metaspace       used 5840K, capacity 6896K, committed 7040K, reserved 1056768K
  class space    used 591K, capacity 616K, committed 640K, reserved 1048576K
}
Event: 1.370 GC heap before
{Heap before GC invocations=2 (full 0):
 PSYoungGen      total 38400K, used 38393K [0x00000000eab00000, 0x00000000ef600000, 0x0000000100000000)
  eden space 33280K, 100% used [0x00000000eab00000,0x00000000ecb80000,0x00000000ecb80000)
  from space 5120K, 99% used [0x00000000ecb80000,0x00000000ed07e6b8,0x00000000ed080000)
  to   space 5120K, 0% used [0x00000000ef100000,0x00000000ef100000,0x00000000ef600000)
 ParOldGen       total 87552K, used 1939K [0x00000000c0000000, 0x00000000c5580000, 0x00000000eab00000)
  object space 87552K, 2% used [0x00000000c0000000,0x00000000c01e4c88,0x00000000c5580000)
 Metaspace       used 5997K, capacity 7088K, committed 7296K, reserved 1056768K
  class space    used 591K, capacity 616K, committed 640K, reserved 1048576K
Event: 1.405 GC heap after
Heap after GC invocations=2 (full 0):
 PSYoungGen      total 71680K, used 5113K [0x00000000eab00000, 0x00000000ef600000, 0x0000000100000000)
  eden space 66560K, 0% used [0x00000000eab00000,0x00000000eab00000,0x00000000eec00000)
  from space 5120K, 99% used [0x00000000ef100000,0x00000000ef5fe530,0x00000000ef600000)
  to   space 5120K, 0% used [0x00000000eec00000,0x00000000eec00000,0x00000000ef100000)
 ParOldGen       total 87552K, used 6201K [0x00000000c0000000, 0x00000000c5580000, 0x00000000eab00000)
  object space 87552K, 7% used [0x00000000c0000000,0x00000000c060e518,0x00000000c5580000)
 Metaspace       used 5997K, capacity 7088K, committed 7296K, reserved 1056768K
  class space    used 591K, capacity 616K, committed 640K, reserved 1048576K
}

Deoptimization events (10 events):
Event: 2.487 Thread 0x000000000253e800 Uncommon trap: reason=bimorphic action=maybe_recompile pc=0x00000000030567f0 method=java.util.HashMap.putVal(ILjava/lang/Object;Ljava/lang/Object;ZZ)Ljava/lang/Object; @ 91
Event: 2.487 Thread 0x000000000253e800 Uncommon trap: reason=bimorphic action=maybe_recompile pc=0x00000000030567f0 method=java.util.HashMap.putVal(ILjava/lang/Object;Ljava/lang/Object;ZZ)Ljava/lang/Object; @ 91
Event: 2.487 Thread 0x000000000253e800 Uncommon trap: reason=bimorphic action=maybe_recompile pc=0x00000000030567f0 method=java.util.HashMap.putVal(ILjava/lang/Object;Ljava/lang/Object;ZZ)Ljava/lang/Object; @ 91
Event: 2.978 Thread 0x000000000253e800 Uncommon trap: reason=unstable_if action=reinterpret pc=0x00000000030cb398 method=com.android.dx.rop.code.RegisterSpec.matchesVariable(Lcom/android/dx/rop/code/RegisterSpec;)Z @ 59
Event: 2.981 Thread 0x000000000253e800 Uncommon trap: reason=speculate_class_check action=maybe_recompile pc=0x0000000002d21c64 method=com.android.dx.util.FixedSizeList.equals(Ljava/lang/Object;)Z @ 25
Event: 2.981 Thread 0x000000000253e800 Uncommon trap: reason=speculate_class_check action=maybe_recompile pc=0x0000000002d21c64 method=com.android.dx.util.FixedSizeList.equals(Ljava/lang/Object;)Z @ 25
Event: 2.981 Thread 0x000000000253e800 Uncommon trap: reason=speculate_class_check action=maybe_recompile pc=0x0000000002d21c64 method=com.android.dx.util.FixedSizeList.equals(Ljava/lang/Object;)Z @ 25
Event: 2.981 Thread 0x000000000253e800 Uncommon trap: reason=speculate_class_check action=maybe_recompile pc=0x0000000002d21c64 method=com.android.dx.util.FixedSizeList.equals(Ljava/lang/Object;)Z @ 25
Event: 3.401 Thread 0x000000000253e800 Uncommon trap: reason=unstable_if action=reinterpret pc=0x000000000306a67c method=java.util.TreeMap.put(Ljava/lang/Object;Ljava/lang/Object;)Ljava/lang/Object; @ 163
Event: 3.567 Thread 0x000000000253e800 Uncommon trap: reason=unstable_if action=reinterpret pc=0x0000000003159cb4 method=com.android.dx.util.ByteArrayAnnotatedOutput.writeByte(I)V @ 13

Internal exceptions (4 events):
Event: 0.031 Thread 0x000000000253e800 Exception <a 'java/lang/NoSuchMethodError': Method sun.misc.Unsafe.defineClass(Ljava/lang/String;[BII)Ljava/lang/Class; name or signature does not match> (0x00000000eab07cc0) thrown at [C:\re\workspace\8-2-build-windows-amd64-cygwin\jdk8u101\7261\hotspot\s}C×ÿò¯Ÿ?
Event: 0.031 Thread 0x000000000253e800 Exception <a 'java/lang/NoSuchMethodError': Method sun.misc.Unsafe.prefetchRead(Ljava/lang/Object;J)V name or signature does not match> (0x00000000eab07fa8) thrown at [C:\re\workspace\8-2-build-windows-amd64-cygwin\jdk8u101\7261\hotspot\src\share\vm\prims\	Þµ­
Event: 1.250 Thread 0x0000000056bf5800 Implicit null exception at 0x0000000002cf151b to 0x0000000002cf2c71
Event: 1.250 Thread 0x0000000056bf5800 Implicit null exception at 0x0000000002cd5a97 to 0x0000000002cd7905

Events (10 events):
Event: 3.526 loading class com/android/dx/dex/file/DebugInfoEncoder$2 done
Event: 3.558 loading class com/android/dex/EncodedValueCodec
Event: 3.558 loading class com/android/dex/EncodedValueCodec done
Event: 3.564 loading class com/android/dx/dex/file/MapItem
Event: 3.564 loading class com/android/dx/dex/file/MapItem done
Event: 3.567 loading class com/android/dex/DexFormat
Event: 3.567 loading class com/android/dex/DexFormat done
Event: 3.567 Thread 0x000000000253e800 Uncommon trap: trap_request=0xffffff65 fr.pc=0x0000000003159cb4
Event: 3.567 Thread 0x000000000253e800 DEOPT PACKING pc=0x0000000003159cb4 sp=0x000000000266ee20
Event: 3.567 Thread 0x000000000253e800 DEOPT UNPACKING pc=0x0000000002a3582a sp=0x000000000266edd8 mode 2


Dynamic libraries:
0x000000013f8b0000 - 0x000000013f8e7000 	C:\Program Files\Java\jdk1.8.0_101\bin\java.exe
0x0000000077940000 - 0x0000000077aea000 	C:\Windows\SYSTEM32\ntdll.dll
0x0000000077720000 - 0x000000007783f000 	C:\Windows\system32\kernel32.dll
0x000007fefd990000 - 0x000007fefd9fa000 	C:\Windows\system32\KERNELBASE.dll
0x000007fefe910000 - 0x000007fefe9eb000 	C:\Windows\system32\ADVAPI32.dll
0x000007feffbb0000 - 0x000007feffc4f000 	C:\Windows\system32\msvcrt.dll
0x000007feff9c0000 - 0x000007feff9df000 	C:\Windows\SYSTEM32\sechost.dll
0x000007feff9e0000 - 0x000007feffb0d000 	C:\Windows\system32\RPCRT4.dll
0x0000000077840000 - 0x000000007793a000 	C:\Windows\system32\USER32.dll
0x000007fefe9f0000 - 0x000007fefea57000 	C:\Windows\system32\GDI32.dll
0x000007fefeae0000 - 0x000007fefeaee000 	C:\Windows\system32\LPK.dll
0x000007fefe210000 - 0x000007fefe2da000 	C:\Windows\system32\USP10.dll
0x000007fefb210000 - 0x000007fefb404000 	C:\Windows\WinSxS\amd64_microsoft.windows.common-controls_6595b64144ccf1df_6.0.7601.18837_none_fa3b1e3d17594757\COMCTL32.dll
0x000007fefea60000 - 0x000007fefead1000 	C:\Windows\system32\SHLWAPI.dll
0x000007feff990000 - 0x000007feff9be000 	C:\Windows\system32\IMM32.DLL
0x000007feff880000 - 0x000007feff989000 	C:\Windows\system32\MSCTF.dll
0x000007fefd590000 - 0x000007fefd5d4000 	C:\windows\system32\nvinitx.dll
0x0000000072070000 - 0x0000000072142000 	C:\Program Files\Java\jdk1.8.0_101\jre\bin\msvcr100.dll
0x0000000057a10000 - 0x00000000582aa000 	C:\Program Files\Java\jdk1.8.0_101\jre\bin\server\jvm.dll
0x000007fef8cb0000 - 0x000007fef8cb9000 	C:\Windows\system32\WSOCK32.dll
0x000007fefe3c0000 - 0x000007fefe40d000 	C:\Windows\system32\WS2_32.dll
0x000007fefe900000 - 0x000007fefe908000 	C:\Windows\system32\NSI.dll
0x000007fefada0000 - 0x000007fefaddb000 	C:\Windows\system32\WINMM.dll
0x000007fefc6a0000 - 0x000007fefc6ac000 	C:\Windows\system32\VERSION.dll
0x0000000077b10000 - 0x0000000077b17000 	C:\Windows\system32\PSAPI.DLL
0x0000000072bd0000 - 0x0000000072bdf000 	C:\Program Files\Java\jdk1.8.0_101\jre\bin\verify.dll
0x0000000072200000 - 0x0000000072229000 	C:\Program Files\Java\jdk1.8.0_101\jre\bin\java.dll
0x00000000721e0000 - 0x00000000721f6000 	C:\Program Files\Java\jdk1.8.0_101\jre\bin\zip.dll
0x000007fefeaf0000 - 0x000007feff87a000 	C:\Windows\system32\SHELL32.dll
0x000007fefdd20000 - 0x000007fefdf23000 	C:\Windows\system32\ole32.dll
0x000007fefd670000 - 0x000007fefd67f000 	C:\Windows\system32\profapi.dll

VM Arguments:
jvm_args: -Djava.awt.headless=true -Xmx1024M -Dfile.encoding=windows-1252 -Duser.country=FR -Duser.language=fr -Duser.variant 
java_command: com.android.dx.command.Main --dex --num-threads=4 --output C:\Android\Projects\MeteoAppli\app\build\intermediates\pre-dexed\debug\com.android.support-support-fragment-24.2.1_e5000249bc75987abba0383504cc8faf5b792a53.jar C:\Android\Projects\MeteoAppli\app\build\intermediates\exploded-aar\com.android.support\support-fragment\24.2.1\jars\classes.jar
java_class_path (initial): C:\Android\build-tools\24.0.2\lib\dx.jar
Launcher Type: SUN_STANDARD

Environment Variables:
PATH=C:\ProgramData\Oracle\Java\javapath;C:\Program Files\Common Files\Microsoft Shared\Windows Live;C:\Program Files (x86)\Common Files\Microsoft Shared\Windows Live;C:\Program Files (x86)\NVIDIA Corporation\PhysX\Common;C:\Program Files (x86)\Intel\iCLS Client\;C:\Program Files\Intel\iCLS Client\;C:\Windows\system32;C:\Windows;C:\Windows\System32\Wbem;C:\Windows\System32\WindowsPowerShell\v1.0\;C:\Program Files\Intel\Intel(R) Management Engine Components\DAL;C:\Program Files\Intel\Intel(R) Management Engine Components\IPT;C:\Program Files (x86)\Intel\Intel(R) Management Engine Components\DAL;C:\Program Files (x86)\Intel\Intel(R) Management Engine Components\IPT;C:\Program Files (x86)\Intel\OpenCL SDK\2.0\bin\x86;C:\Program Files (x86)\Intel\OpenCL SDK\2.0\bin\x64;C:\Program Files\Intel\WiFi\bin\;C:\Program Files\Common Files\Intel\WirelessCommon\;C:\Program Files (x86)\Windows Live\Shared;C:\Program Files (x86)\Skype\Phone\;C:\Program Files (x86)\GitExtensions\
USERNAME=Jérémie
OS=Windows_NT
PROCESSOR_IDENTIFIER=Intel64 Family 6 Model 58 Stepping 9, GenuineIntel



---------------  S Y S T E M  ---------------

OS: Windows 7 , 64 bit Build 7601 (6.1.7601.23543)

CPU:total 8 (4 cores per cpu, 2 threads per core) family 6 model 58 stepping 9, cmov, cx8, fxsr, mmx, sse, sse2, sse3, ssse3, sse4.1, sse4.2, popcnt, avx, aes, clmul, erms, ht, tsc, tscinvbit, tscinv

Memory: 4k page, physical 8283508k(1011248k free), swap 8866352k(19976k free)

vm_info: Java HotSpot(TM) 64-Bit Server VM (25.101-b13) for windows-amd64 JRE (1.8.0_101-b13), built on Jun 22 2016 01:21:29 by "java_re" with MS VC++ 10.0 (VS2010)

time: Tue Nov 01 12:09:16 2016
elapsed time: 3 seconds (0d 0h 0m 3s)

