#
# There is insufficient memory for the Java Runtime Environment to continue.
# Native memory allocation (malloc) failed to allocate 1278896 bytes for Chunk::new
# Possible reasons:
#   The system is out of physical RAM or swap space
#   In 32 bit mode, the process size limit was hit
# Possible solutions:
#   Reduce memory load on the system
#   Increase physical memory or swap space
#   Check if swap backing store is full
#   Use 64 bit Java on a 64 bit OS
#   Decrease Java heap size (-Xmx/-Xms)
#   Decrease number of Java threads
#   Decrease Java thread stack sizes (-Xss)
#   Set larger code cache with -XX:ReservedCodeCacheSize=
# This output file may be truncated or incomplete.
#
#  Out of Memory Error (allocation.cpp:390), pid=8692, tid=0x0000000000002264
#
# JRE version: Java(TM) SE Runtime Environment (8.0_101-b13) (build 1.8.0_101-b13)
# Java VM: Java HotSpot(TM) 64-Bit Server VM (25.101-b13 mixed mode windows-amd64 compressed oops)
# Failed to write core dump. Minidumps are not enabled by default on client versions of Windows
#

---------------  T H R E A D  ---------------

Current thread (0x0000000056760800):  JavaThread "C2 CompilerThread0" daemon [_thread_in_native, id=8804, stack(0x0000000058090000,0x0000000058190000)]

Stack: [0x0000000058090000,0x0000000058190000]
[error occurred during error reporting (printing stack bounds), id 0xc0000005]

Native frames: (J=compiled Java code, j=interpreted, Vv=VM code, C=native code)


Current CompileTask:
C2:   2316 1776   !   4       com.android.dx.cf.cst.ConstantPoolParser::parse0 (731 bytes)


---------------  P R O C E S S  ---------------

Java Threads: ( => current thread )
  0x00000000569da000 JavaThread "pool-1-thread-4" [_thread_blocked, id=8428, stack(0x00000000587e0000,0x00000000588e0000)]
  0x00000000569dd000 JavaThread "pool-1-thread-3" [_thread_blocked, id=8264, stack(0x0000000058d40000,0x0000000058e40000)]
  0x0000000059a75800 JavaThread "pool-1-thread-2" [_thread_blocked, id=3364, stack(0x0000000057be0000,0x0000000057ce0000)]
  0x0000000059a72000 JavaThread "pool-2-thread-1" [_thread_blocked, id=3500, stack(0x0000000058bc0000,0x0000000058cc0000)]
  0x0000000059a6f800 JavaThread "pool-1-thread-1" [_thread_blocked, id=7920, stack(0x0000000058ab0000,0x0000000058bb0000)]
  0x00000000567e9800 JavaThread "Service Thread" daemon [_thread_blocked, id=8148, stack(0x00000000586e0000,0x00000000587e0000)]
  0x00000000567c0800 JavaThread "C1 CompilerThread3" daemon [_thread_blocked, id=8524, stack(0x00000000583a0000,0x00000000584a0000)]
  0x00000000567c0000 JavaThread "C2 CompilerThread2" daemon [_thread_in_native, id=4844, stack(0x0000000058500000,0x0000000058600000)]
  0x000000005676d800 JavaThread "C2 CompilerThread1" daemon [_thread_in_native, id=8724, stack(0x0000000058280000,0x0000000058380000)]
=>0x0000000056760800 JavaThread "C2 CompilerThread0" daemon [_thread_in_native, id=8804, stack(0x0000000058090000,0x0000000058190000)]
  0x000000005675d000 JavaThread "Attach Listener" daemon [_thread_blocked, id=7940, stack(0x0000000057f10000,0x0000000058010000)]
  0x000000005675c000 JavaThread "Signal Dispatcher" daemon [_thread_blocked, id=9188, stack(0x0000000057d20000,0x0000000057e20000)]
  0x00000000556b0800 JavaThread "Finalizer" daemon [_thread_blocked, id=8888, stack(0x0000000057ad0000,0x0000000057bd0000)]
  0x00000000556a9800 JavaThread "Reference Handler" daemon [_thread_blocked, id=7720, stack(0x00000000578e0000,0x00000000579e0000)]
  0x00000000000fe800 JavaThread "main" [_thread_blocked, id=9072, stack(0x00000000024b0000,0x00000000025b0000)]

Other Threads:
  0x0000000056712800 VMThread [stack: 0x0000000057770000,0x0000000057870000] [id=8512]
  0x0000000056826800 WatcherThread [stack: 0x0000000058910000,0x0000000058a10000] [id=9136]

VM state:not at safepoint (normal execution)

VM Mutex/Monitor currently owned by a thread: None

Heap:
 PSYoungGen      total 71680K, used 51915K [0x00000000eab00000, 0x00000000ef600000, 0x0000000100000000)
  eden space 66560K, 70% used [0x00000000eab00000,0x00000000ed8b9ea0,0x00000000eec00000)
  from space 5120K, 99% used [0x00000000eec00000,0x00000000ef0f8d70,0x00000000ef100000)
  to   space 5120K, 0% used [0x00000000ef100000,0x00000000ef100000,0x00000000ef600000)
 ParOldGen       total 87552K, used 15403K [0x00000000c0000000, 0x00000000c5580000, 0x00000000eab00000)
  object space 87552K, 17% used [0x00000000c0000000,0x00000000c0f0adb0,0x00000000c5580000)
 Metaspace       used 6147K, capacity 7152K, committed 7296K, reserved 1056768K
  class space    used 590K, capacity 616K, committed 640K, reserved 1048576K

Card table byte_map: [0x0000000011c40000,0x0000000011e50000] byte_map_base: 0x0000000011640000

Marking Bits: (ParMarkBitMap*) 0x000000005999a6d0
 Begin Bits: [0x0000000012ac0000, 0x0000000013ac0000)
 End Bits:   [0x0000000013ac0000, 0x0000000014ac0000)

Polling page: 0x0000000000150000

CodeCache: size=245760Kb used=6855Kb max_used=6871Kb free=238904Kb
 bounds [0x0000000002880000, 0x0000000002f50000, 0x0000000011880000]
 total_blobs=2010 nmethods=1746 adapters=176
 compilation: enabled

Compilation events (10 events):
Event: 2.231 Thread 0x000000005676d800 nmethod 1778 0x0000000002f393d0 code [0x0000000002f397c0, 0x0000000002f3e4a0]
Event: 2.232 Thread 0x000000005676d800 1806       4       com.android.dx.ssa.SsaMethod::indexListFromLabelList (47 bytes)
Event: 2.243 Thread 0x000000005676d800 nmethod 1806 0x0000000002f010d0 code [0x0000000002f01240, 0x0000000002f01958]
Event: 2.243 Thread 0x000000005676d800 1822       4       com.android.dx.cf.code.RopperMachine::jopToRopOpcode (1103 bytes)
Event: 2.264 Thread 0x000000005676d800 nmethod 1822 0x0000000002f1f210 code [0x0000000002f1fb80, 0x0000000002f20458]
Event: 2.265 Thread 0x000000005676d800 1786 %     4       com.android.dx.rop.code.BasicBlockList::forEachInsn @ 7 (39 bytes)
Event: 2.269 Thread 0x000000005676d800 nmethod 1786% 0x0000000002f1e890 code [0x0000000002f1ea00, 0x0000000002f1ed58]
Event: 2.269 Thread 0x000000005676d800 1819       4       com.android.dx.cf.iface.StdAttributeList::findFirst (44 bytes)
Event: 2.272 Thread 0x000000005676d800 nmethod 1819 0x0000000002f00a50 code [0x0000000002f00ba0, 0x0000000002f00e58]
Event: 2.272 Thread 0x000000005676d800 1797 %     4       com.android.dx.ssa.Dominators::run @ 283 (506 bytes)

GC Heap History (6 events):
Event: 0.670 GC heap before
{Heap before GC invocations=1 (full 0):
 PSYoungGen      total 38400K, used 33280K [0x00000000eab00000, 0x00000000ed580000, 0x0000000100000000)
  eden space 33280K, 100% used [0x00000000eab00000,0x00000000ecb80000,0x00000000ecb80000)
  from space 5120K, 0% used [0x00000000ed080000,0x00000000ed080000,0x00000000ed580000)
  to   space 5120K, 0% used [0x00000000ecb80000,0x00000000ecb80000,0x00000000ed080000)
 ParOldGen       total 87552K, used 0K [0x00000000c0000000, 0x00000000c5580000, 0x00000000eab00000)
  object space 87552K, 0% used [0x00000000c0000000,0x00000000c0000000,0x00000000c5580000)
 Metaspace       used 5779K, capacity 6832K, committed 7040K, reserved 1056768K
  class space    used 589K, capacity 616K, committed 640K, reserved 1048576K
Event: 0.686 GC heap after
Heap after GC invocations=1 (full 0):
 PSYoungGen      total 38400K, used 5109K [0x00000000eab00000, 0x00000000ef600000, 0x0000000100000000)
  eden space 33280K, 0% used [0x00000000eab00000,0x00000000eab00000,0x00000000ecb80000)
  from space 5120K, 99% used [0x00000000ecb80000,0x00000000ed07d640,0x00000000ed080000)
  to   space 5120K, 0% used [0x00000000ef100000,0x00000000ef100000,0x00000000ef600000)
 ParOldGen       total 87552K, used 1177K [0x00000000c0000000, 0x00000000c5580000, 0x00000000eab00000)
  object space 87552K, 1% used [0x00000000c0000000,0x00000000c01265b8,0x00000000c5580000)
 Metaspace       used 5779K, capacity 6832K, committed 7040K, reserved 1056768K
  class space    used 589K, capacity 616K, committed 640K, reserved 1048576K
}
Event: 0.989 GC heap before
{Heap before GC invocations=2 (full 0):
 PSYoungGen      total 38400K, used 38389K [0x00000000eab00000, 0x00000000ef600000, 0x0000000100000000)
  eden space 33280K, 100% used [0x00000000eab00000,0x00000000ecb80000,0x00000000ecb80000)
  from space 5120K, 99% used [0x00000000ecb80000,0x00000000ed07d640,0x00000000ed080000)
  to   space 5120K, 0% used [0x00000000ef100000,0x00000000ef100000,0x00000000ef600000)
 ParOldGen       total 87552K, used 1177K [0x00000000c0000000, 0x00000000c5580000, 0x00000000eab00000)
  object space 87552K, 1% used [0x00000000c0000000,0x00000000c01265b8,0x00000000c5580000)
 Metaspace       used 6008K, capacity 7024K, committed 7296K, reserved 1056768K
  class space    used 590K, capacity 616K, committed 640K, reserved 1048576K
Event: 1.046 GC heap after
Heap after GC invocations=2 (full 0):
 PSYoungGen      total 71680K, used 5111K [0x00000000eab00000, 0x00000000ef600000, 0x0000000100000000)
  eden space 66560K, 0% used [0x00000000eab00000,0x00000000eab00000,0x00000000eec00000)
  from space 5120K, 99% used [0x00000000ef100000,0x00000000ef5fdd68,0x00000000ef600000)
  to   space 5120K, 0% used [0x00000000eec00000,0x00000000eec00000,0x00000000ef100000)
 ParOldGen       total 87552K, used 5154K [0x00000000c0000000, 0x00000000c5580000, 0x00000000eab00000)
  object space 87552K, 5% used [0x00000000c0000000,0x00000000c0508b38,0x00000000c5580000)
 Metaspace       used 6008K, capacity 7024K, committed 7296K, reserved 1056768K
  class space    used 590K, capacity 616K, committed 640K, reserved 1048576K
}
Event: 1.372 GC heap before
{Heap before GC invocations=3 (full 0):
 PSYoungGen      total 71680K, used 71671K [0x00000000eab00000, 0x00000000ef600000, 0x0000000100000000)
  eden space 66560K, 100% used [0x00000000eab00000,0x00000000eec00000,0x00000000eec00000)
  from space 5120K, 99% used [0x00000000ef100000,0x00000000ef5fdd68,0x00000000ef600000)
  to   space 5120K, 0% used [0x00000000eec00000,0x00000000eec00000,0x00000000ef100000)
 ParOldGen       total 87552K, used 5154K [0x00000000c0000000, 0x00000000c5580000, 0x00000000eab00000)
  object space 87552K, 5% used [0x00000000c0000000,0x00000000c0508b38,0x00000000c5580000)
 Metaspace       used 6138K, capacity 7152K, committed 7296K, reserved 1056768K
  class space    used 590K, capacity 616K, committed 640K, reserved 1048576K
Event: 1.406 GC heap after
Heap after GC invocations=3 (full 0):
 PSYoungGen      total 71680K, used 5091K [0x00000000eab00000, 0x00000000ef600000, 0x0000000100000000)
  eden space 66560K, 0% used [0x00000000eab00000,0x00000000eab00000,0x00000000eec00000)
  from space 5120K, 99% used [0x00000000eec00000,0x00000000ef0f8d70,0x00000000ef100000)
  to   space 5120K, 0% used [0x00000000ef100000,0x00000000ef100000,0x00000000ef600000)
 ParOldGen       total 87552K, used 15403K [0x00000000c0000000, 0x00000000c5580000, 0x00000000eab00000)
  object space 87552K, 17% used [0x00000000c0000000,0x00000000c0f0adb0,0x00000000c5580000)
 Metaspace       used 6138K, capacity 7152K, committed 7296K, reserved 1056768K
  class space    used 590K, capacity 616K, committed 640K, reserved 1048576K
}

Deoptimization events (10 events):
Event: 1.194 Thread 0x00000000569da000 Uncommon trap: reason=unstable_if action=reinterpret pc=0x0000000002dfc088 method=com.android.dx.ssa.SCCP.simulateStmt(Lcom/android/dx/ssa/SsaInsn;)V @ 53
Event: 1.247 Thread 0x0000000059a6f800 Uncommon trap: reason=unstable_if action=reinterpret pc=0x0000000002bdbaec method=com.android.dx.util.IntList.binarysearch(I)I @ 105
Event: 1.291 Thread 0x0000000059a75800 Uncommon trap: reason=unstable_if action=reinterpret pc=0x0000000002dab5c8 method=com.android.dx.ssa.SCCP.simulateBranch(Lcom/android/dx/ssa/SsaInsn;)V @ 64
Event: 1.292 Thread 0x0000000059a75800 Uncommon trap: reason=unstable_if action=reinterpret pc=0x0000000002be35cc method=com.android.dx.ssa.SsaMethod.updateOneDefinition(Lcom/android/dx/ssa/SsaInsn;Lcom/android/dx/rop/code/RegisterSpec;)V @ 4
Event: 1.530 Thread 0x0000000059a75800 Uncommon trap: reason=bimorphic action=maybe_recompile pc=0x0000000002eb2814 method=com.android.dx.cf.code.BytecodeArray.parseInstruction(ILcom/android/dx/cf/code/BytecodeArray$Visitor;)I @ 1130
Event: 1.530 Thread 0x0000000059a75800 Uncommon trap: reason=bimorphic action=maybe_recompile pc=0x0000000002eb25c4 method=com.android.dx.cf.code.BytecodeArray.parseInstruction(ILcom/android/dx/cf/code/BytecodeArray$Visitor;)I @ 971
Event: 1.530 Thread 0x0000000059a75800 Uncommon trap: reason=bimorphic action=maybe_recompile pc=0x0000000002eb24c4 method=com.android.dx.cf.code.BytecodeArray.parseInstruction(ILcom/android/dx/cf/code/BytecodeArray$Visitor;)I @ 939
Event: 1.530 Thread 0x0000000059a75800 Uncommon trap: reason=bimorphic action=maybe_recompile pc=0x0000000002eb2644 method=com.android.dx.cf.code.BytecodeArray.parseInstruction(ILcom/android/dx/cf/code/BytecodeArray$Visitor;)I @ 987
Event: 1.530 Thread 0x0000000059a75800 Uncommon trap: reason=bimorphic action=maybe_recompile pc=0x0000000002eb2544 method=com.android.dx.cf.code.BytecodeArray.parseInstruction(ILcom/android/dx/cf/code/BytecodeArray$Visitor;)I @ 955
Event: 1.530 Thread 0x0000000059a75800 Uncommon trap: reason=bimorphic action=maybe_recompile pc=0x0000000002eb2544 method=com.android.dx.cf.code.BytecodeArray.parseInstruction(ILcom/android/dx/cf/code/BytecodeArray$Visitor;)I @ 955

Internal exceptions (3 events):
Event: 0.039 Thread 0x00000000000fe800 Exception <a 'java/lang/NoSuchMethodError': Method sun.misc.Unsafe.defineClass(Ljava/lang/String;[BII)Ljava/lang/Class; name or signature does not match> (0x00000000eab07cc0) thrown at [C:\re\workspace\8-2-build-windows-amd64-cygwin\jdk8u101\7261\hotspot\s
¸½€¨ý£?
Event: 0.039 Thread 0x00000000000fe800 Exception <a 'java/lang/NoSuchMethodError': Method sun.misc.Unsafe.prefetchRead(Ljava/lang/Object;J)V name or signature does not match> (0x00000000eab07fa8) thrown at [C:\re\workspace\8-2-build-windows-amd64-cygwin\jdk8u101\7261\hotspot\src\share\vm\prims\ª[‰ÿØ­é?
Event: 0.802 Thread 0x0000000059a75800 Implicit null exception at 0x0000000002b53ce5 to 0x0000000002b55805

Events (10 events):
Event: 1.540 Thread 0x00000000569dd000 DEOPT PACKING pc=0x0000000002bde27a sp=0x0000000058e3e950
Event: 1.540 Thread 0x00000000569dd000 DEOPT UNPACKING pc=0x00000000028c787f sp=0x0000000058e3e718 mode 0
Event: 1.676 Thread 0x00000000569dd000 DEOPT PACKING pc=0x0000000002b7acfd sp=0x0000000058e3eaa0
Event: 1.676 Thread 0x00000000569dd000 DEOPT UNPACKING pc=0x00000000028c787f sp=0x0000000058e3e810 mode 0
Event: 1.704 Thread 0x00000000569dd000 DEOPT PACKING pc=0x0000000002b8231c sp=0x0000000058e3e980
Event: 1.704 Thread 0x00000000569dd000 DEOPT UNPACKING pc=0x00000000028c787f sp=0x0000000058e3e698 mode 0
Event: 2.101 Thread 0x0000000059a75800 DEOPT PACKING pc=0x0000000002b7acfd sp=0x0000000057cdec30
Event: 2.101 Thread 0x0000000059a75800 DEOPT UNPACKING pc=0x00000000028c787f sp=0x0000000057cde9a0 mode 0
Event: 2.105 Thread 0x0000000059a75800 DEOPT PACKING pc=0x0000000002d25404 sp=0x0000000057cdebd0
Event: 2.105 Thread 0x0000000059a75800 DEOPT UNPACKING pc=0x00000000028c787f sp=0x0000000057cde960 mode 0


Dynamic libraries:
0x000000013fe00000 - 0x000000013fe37000 	C:\Program Files\Java\jdk1.8.0_101\bin\java.exe
0x0000000077be0000 - 0x0000000077d8a000 	C:\Windows\SYSTEM32\ntdll.dll
0x0000000077ac0000 - 0x0000000077bdf000 	C:\Windows\system32\kernel32.dll
0x000007fefda60000 - 0x000007fefdaca000 	C:\Windows\system32\KERNELBASE.dll
0x000007feffa70000 - 0x000007feffb4b000 	C:\Windows\system32\ADVAPI32.dll
0x000007fefdfa0000 - 0x000007fefe03f000 	C:\Windows\system32\msvcrt.dll
0x000007feffca0000 - 0x000007feffcbf000 	C:\Windows\SYSTEM32\sechost.dll
0x000007fefe630000 - 0x000007fefe75d000 	C:\Windows\system32\RPCRT4.dll
0x00000000779c0000 - 0x0000000077aba000 	C:\Windows\system32\USER32.dll
0x000007feffc30000 - 0x000007feffc97000 	C:\Windows\system32\GDI32.dll
0x000007fefe760000 - 0x000007fefe76e000 	C:\Windows\system32\LPK.dll
0x000007fefec10000 - 0x000007fefecda000 	C:\Windows\system32\USP10.dll
0x000007fefbc50000 - 0x000007fefbe44000 	C:\Windows\WinSxS\amd64_microsoft.windows.common-controls_6595b64144ccf1df_6.0.7601.18837_none_fa3b1e3d17594757\COMCTL32.dll
0x000007fefe330000 - 0x000007fefe3a1000 	C:\Windows\system32\SHLWAPI.dll
0x000007fefe3b0000 - 0x000007fefe3de000 	C:\Windows\system32\IMM32.DLL
0x000007fefe220000 - 0x000007fefe329000 	C:\Windows\system32\MSCTF.dll
0x000007fefd830000 - 0x000007fefd874000 	C:\windows\system32\nvinitx.dll
0x0000000070560000 - 0x0000000070632000 	C:\Program Files\Java\jdk1.8.0_101\jre\bin\msvcr100.dll
0x0000000059180000 - 0x0000000059a1a000 	C:\Program Files\Java\jdk1.8.0_101\jre\bin\server\jvm.dll
0x000007fef8980000 - 0x000007fef8989000 	C:\Windows\system32\WSOCK32.dll
0x000007fefe040000 - 0x000007fefe08d000 	C:\Windows\system32\WS2_32.dll
0x000007fefe3e0000 - 0x000007fefe3e8000 	C:\Windows\system32\NSI.dll
0x000007fefb840000 - 0x000007fefb87b000 	C:\Windows\system32\WINMM.dll
0x000007fefc940000 - 0x000007fefc94c000 	C:\Windows\system32\VERSION.dll
0x0000000077da0000 - 0x0000000077da7000 	C:\Windows\system32\PSAPI.DLL
0x0000000070de0000 - 0x0000000070def000 	C:\Program Files\Java\jdk1.8.0_101\jre\bin\verify.dll
0x0000000070d70000 - 0x0000000070d99000 	C:\Program Files\Java\jdk1.8.0_101\jre\bin\java.dll
0x0000000070d50000 - 0x0000000070d66000 	C:\Program Files\Java\jdk1.8.0_101\jre\bin\zip.dll
0x000007fefece0000 - 0x000007feffa69000 	C:\Windows\system32\SHELL32.dll
0x000007feffcc0000 - 0x000007feffec3000 	C:\Windows\system32\ole32.dll
0x000007fefd910000 - 0x000007fefd91f000 	C:\Windows\system32\profapi.dll

VM Arguments:
jvm_args: -Djava.awt.headless=true -Xmx1024M -Dfile.encoding=windows-1252 -Duser.country=FR -Duser.language=fr -Duser.variant 
java_command: com.android.dx.command.Main --dex --force-jumbo --num-threads=4 --output C:\Android\Projects\MeteoAppli\app\build\intermediates\pre-dexed\debug\com.android.support-appcompat-v7-24.2.1_3689e617c9c62a990c77b057c60f12ac21987040.jar C:\Android\Projects\MeteoAppli\app\build\intermediates\exploded-aar\com.android.support\appcompat-v7\24.2.1\jars\classes.jar
java_class_path (initial): C:\Android\build-tools\24.0.2\lib\dx.jar
Launcher Type: SUN_STANDARD

Environment Variables:
PATH=C:\ProgramData\Oracle\Java\javapath;C:\Program Files\Common Files\Microsoft Shared\Windows Live;C:\Program Files (x86)\Common Files\Microsoft Shared\Windows Live;C:\Program Files (x86)\NVIDIA Corporation\PhysX\Common;C:\Program Files (x86)\Intel\iCLS Client\;C:\Program Files\Intel\iCLS Client\;C:\Windows\system32;C:\Windows;C:\Windows\System32\Wbem;C:\Windows\System32\WindowsPowerShell\v1.0\;C:\Program Files\Intel\Intel(R) Management Engine Components\DAL;C:\Program Files\Intel\Intel(R) Management Engine Components\IPT;C:\Program Files (x86)\Intel\Intel(R) Management Engine Components\DAL;C:\Program Files (x86)\Intel\Intel(R) Management Engine Components\IPT;C:\Program Files (x86)\Intel\OpenCL SDK\2.0\bin\x86;C:\Program Files (x86)\Intel\OpenCL SDK\2.0\bin\x64;C:\Program Files\Intel\WiFi\bin\;C:\Program Files\Common Files\Intel\WirelessCommon\;C:\Program Files (x86)\Windows Live\Shared;C:\Program Files (x86)\Skype\Phone\;C:\Program Files (x86)\GitExtensions\
USERNAME=Jérémie
OS=Windows_NT
PROCESSOR_IDENTIFIER=Intel64 Family 6 Model 58 Stepping 9, GenuineIntel



---------------  S Y S T E M  ---------------

OS: Windows 7 , 64 bit Build 7601 (6.1.7601.23539)

CPU:total 8 (4 cores per cpu, 2 threads per core) family 6 model 58 stepping 9, cmov, cx8, fxsr, mmx, sse, sse2, sse3, ssse3, sse4.1, sse4.2, popcnt, avx, aes, clmul, erms, ht, tsc, tscinvbit, tscinv

Memory: 4k page, physical 8283508k(657488k free), swap 9330224k(5388k free)

vm_info: Java HotSpot(TM) 64-Bit Server VM (25.101-b13) for windows-amd64 JRE (1.8.0_101-b13), built on Jun 22 2016 01:21:29 by "java_re" with MS VC++ 10.0 (VS2010)

time: Wed Oct 12 15:40:22 2016
elapsed time: 2 seconds (0d 0h 0m 2s)

