#
# A fatal error has been detected by the Java Runtime Environment:
#
#  EXCEPTION_STACK_OVERFLOW (0xc00000fd) at pc=0x00000000028e342e, pid=7040, tid=0x0000000000002228
#
# JRE version: Java(TM) SE Runtime Environment (8.0_101-b13) (build 1.8.0_101-b13)
# Java VM: Java HotSpot(TM) 64-Bit Server VM (25.101-b13 mixed mode windows-amd64 compressed oops)
# Problematic frame:
# j  java.util.AbstractMap.<init>()V+0
#
# Failed to write core dump. Minidumps are not enabled by default on client versions of Windows
#
# If you would like to submit a bug report, please visit:
#   http://bugreport.java.com/bugreport/crash.jsp
#

---------------  T H R E A D  ---------------

Current thread (0x000000005750d800):  JavaThread "pool-1-thread-2" [_thread_in_Java, id=8744, stack(0x00000000591e0000,0x00000000592e0000)]

siginfo: ExceptionCode=0xc00000fd, ExceptionInformation=0x0000000000000001 0x00000000592d8fe0 

Registers:
RAX=0x0000000054f3a3c0, RBX=0x0000000054d9b030, RCX=0x0000000000000228, RDX=0x0000000054d9c1c8
RSP=0x00000000592defe0, RBP=0x00000000592df020, RSI=0x0000000014cdbcf8, RDI=0x0000000000013808
R8 =0x0000000080100c02, R9 =0x1fffffffffffffff, R10=0x000000005707c0d0, R11=0x00000000eb0dbac8
R12=0x0000000000000000, R13=0x0000000054d9b020, R14=0x00000000592df030, R15=0x000000005750d800
RIP=0x00000000028e342e, EFLAGS=0x0000000000010206

Top of Stack: (sp=0x00000000592defe0)
0x00000000592defe0:   00000000592defe0 0000000054d9b020
0x00000000592deff0:   00000000592df030 0000000054d9c1c8
0x00000000592df000:   0000000054f3a4c0 0000000054d9b030
0x00000000592df010:   0000000000000000 00000000592df030
0x00000000592df020:   00000000592df078 00000000028d8331
0x00000000592df030:   00000000eb0dbb28 00000000592df038
0x00000000592df040:   0000000054da6499 00000000592df098
0x00000000592df050:   0000000054da9020 0000000000000000
0x00000000592df060:   0000000054da6508 00000000592df030
0x00000000592df070:   00000000592df088 00000000592df0e0
0x00000000592df080:   00000000028d8331 000000003f400000
0x00000000592df090:   0000000000000028 00000000eb0dbb28
0x00000000592df0a0:   00000000592df0a0 0000000054da6594
0x00000000592df0b0:   00000000592df0f8 0000000054da9020
0x00000000592df0c0:   0000000000000000 0000000054da65a0
0x00000000592df0d0:   00000000592df088 00000000592df0f0 

Instructions: (pc=0x00000000028e342e)
0x00000000028e340e:   00 f0 ff ff 89 84 24 00 e0 ff ff 89 84 24 00 d0
0x00000000028e341e:   ff ff 89 84 24 00 c0 ff ff 89 84 24 00 b0 ff ff
0x00000000028e342e:   89 84 24 00 a0 ff ff 41 c6 87 95 02 00 00 00 80
0x00000000028e343e:   3d 3d 83 7a 54 00 0f 84 32 00 00 00 48 8b 55 e8 


Register to memory mapping:

RAX=0x0000000054f3a3c0 is pointing into metadata
RBX={method} {0x0000000054d9b038} '<init>' '()V' in 'java/util/AbstractMap'
RCX=0x0000000000000228 is an unknown value
RDX=0x0000000054d9c1c8 is pointing into metadata
RSP=0x00000000592defe0 is pointing into the stack for thread: 0x000000005750d800
RBP=0x00000000592df020 is pointing into the stack for thread: 0x000000005750d800
RSI=0x0000000014cdbcf8 is pointing into metadata
RDI=0x0000000000013808 is an unknown value
R8 =0x0000000080100c02 is an unknown value
R9 =0x1fffffffffffffff is an unknown value
R10=0x000000005707c0d0 is an unknown value
R11=0x00000000eb0dbac8 is an oop
[Ljava.lang.Object; 
 - klass: 'java/lang/Object'[]
 - length: 20
R12=0x0000000000000000 is an unknown value
R13=0x0000000054d9b020 is pointing into metadata
R14=0x00000000592df030 is pointing into the stack for thread: 0x000000005750d800
R15=0x000000005750d800 is a thread


Stack: [0x00000000591e0000,0x00000000592e0000],  sp=0x00000000592defe0,  free space=1019k
Native frames: (J=compiled Java code, j=interpreted, Vv=VM code, C=native code)
C  0x00000000028e342e


---------------  P R O C E S S  ---------------

Java Threads: ( => current thread )
=>0x000000005750d800 JavaThread "pool-1-thread-2" [_thread_in_Java, id=8744, stack(0x00000000591e0000,0x00000000592e0000)]
  0x000000005750c800 JavaThread "pool-2-thread-1" [_thread_new, id=7196, stack(0x0000000000000000,0x0000000000000000)]
  0x0000000057418000 JavaThread "Service Thread" daemon [_thread_blocked, id=6920, stack(0x0000000059360000,0x0000000059460000)]
  0x000000005739e800 JavaThread "C1 CompilerThread3" daemon [_thread_blocked, id=8848, stack(0x00000000590e0000,0x00000000591e0000)]
  0x0000000057390000 JavaThread "C2 CompilerThread2" daemon [_thread_blocked, id=9036, stack(0x0000000058690000,0x0000000058790000)]
  0x000000005738d000 JavaThread "C2 CompilerThread1" daemon [_thread_blocked, id=7188, stack(0x0000000058ed0000,0x0000000058fd0000)]
  0x0000000057389000 JavaThread "C2 CompilerThread0" daemon [_thread_blocked, id=7688, stack(0x0000000058d10000,0x0000000058e10000)]
  0x0000000057385800 JavaThread "Attach Listener" daemon [_thread_blocked, id=9956, stack(0x0000000058b80000,0x0000000058c80000)]
  0x0000000057398000 JavaThread "Signal Dispatcher" daemon [_thread_blocked, id=9328, stack(0x00000000589c0000,0x0000000058ac0000)]
  0x00000000556ad800 JavaThread "Finalizer" daemon [_thread_blocked, id=8616, stack(0x0000000058840000,0x0000000058940000)]
  0x00000000556a6800 JavaThread "Reference Handler" daemon [_thread_blocked, id=9108, stack(0x0000000058580000,0x0000000058680000)]
  0x00000000023de800 JavaThread "main" [_thread_blocked, id=9636, stack(0x0000000002500000,0x0000000002600000)]

Other Threads:
  0x0000000057340800 VMThread [stack: 0x00000000583a0000,0x00000000584a0000] [id=8428]
  0x0000000057410000 WatcherThread [stack: 0x00000000594f0000,0x00000000595f0000] [id=8140]

VM state:not at safepoint (normal execution)

VM Mutex/Monitor currently owned by a thread: None

Heap:
 PSYoungGen      total 38400K, used 7996K [0x00000000eab00000, 0x00000000ed580000, 0x0000000100000000)
  eden space 33280K, 24% used [0x00000000eab00000,0x00000000eb2cf058,0x00000000ecb80000)
  from space 5120K, 0% used [0x00000000ed080000,0x00000000ed080000,0x00000000ed580000)
  to   space 5120K, 0% used [0x00000000ecb80000,0x00000000ecb80000,0x00000000ed080000)
 ParOldGen       total 87552K, used 0K [0x00000000c0000000, 0x00000000c5580000, 0x00000000eab00000)
  object space 87552K, 0% used [0x00000000c0000000,0x00000000c0000000,0x00000000c5580000)
 Metaspace       used 4142K, capacity 5232K, committed 5376K, reserved 1056768K
  class space    used 469K, capacity 488K, committed 512K, reserved 1048576K

Card table byte_map: [0x0000000011c90000,0x0000000011ea0000] byte_map_base: 0x0000000011690000

Marking Bits: (ParMarkBitMap*) 0x000000005709a6d0
 Begin Bits: [0x0000000012ac0000, 0x0000000013ac0000)
 End Bits:   [0x0000000013ac0000, 0x0000000014ac0000)

Polling page: 0x0000000000330000

CodeCache: size=245760Kb used=1611Kb max_used=1611Kb free=244148Kb
 bounds [0x00000000028d0000, 0x0000000002b40000, 0x00000000118d0000]
 total_blobs=519 nmethods=263 adapters=169
 compilation: enabled

Compilation events (10 events):
Event: 1.769 Thread 0x000000005739e800  253       1       com.android.dx.dex.file.DexFile::getStringIds (5 bytes)
Event: 1.769 Thread 0x000000005739e800 nmethod 253 0x0000000002a62610 code [0x0000000002a62760, 0x0000000002a62870]
Event: 1.769 Thread 0x000000005739e800  256       3       com.android.dx.cf.direct.DirectClassFile::getConstantPool (9 bytes)
Event: 1.770 Thread 0x000000005739e800 nmethod 256 0x0000000002a628d0 code [0x0000000002a62a40, 0x0000000002a62c88]
Event: 1.770 Thread 0x000000005739e800  259       1       com.android.dx.dex.file.StringIdItem::getValue (5 bytes)
Event: 1.770 Thread 0x000000005739e800 nmethod 259 0x0000000002a62d50 code [0x0000000002a62ea0, 0x0000000002a62fb0]
Event: 1.770 Thread 0x000000005739e800  258       3       java.util.TreeMap::setColor (10 bytes)
Event: 1.770 Thread 0x000000005739e800 nmethod 258 0x0000000002a63010 code [0x0000000002a63160, 0x0000000002a632d0]
Event: 1.770 Thread 0x000000005739e800  261       1       com.android.dx.rop.annotation.NameValuePair::getValue (5 bytes)
Event: 1.770 Thread 0x000000005739e800 nmethod 261 0x0000000002a63390 code [0x0000000002a634e0, 0x0000000002a635f0]

GC Heap History (0 events):
No events

Deoptimization events (0 events):
No events

Internal exceptions (2 events):
Event: 0.581 Thread 0x00000000023de800 Exception <a 'java/lang/NoSuchMethodError': Method sun.misc.Unsafe.defineClass(Ljava/lang/String;[BII)Ljava/lang/Class; name or signature does not match> (0x00000000eab07cc0) thrown at [C:\re\workspace\8-2-build-windows-amd64-cygwin\jdk8u101\7261\hotspot\s5@9Ø˜â?
Event: 0.581 Thread 0x00000000023de800 Exception <a 'java/lang/NoSuchMethodError': Method sun.misc.Unsafe.prefetchRead(Ljava/lang/Object;J)V name or signature does not match> (0x00000000eab07fa8) thrown at [C:\re\workspace\8-2-build-windows-amd64-cygwin\jdk8u101\7261\hotspot\src\share\vm\prims\

Events (10 events):
Event: 1.622 loading class com/android/dx/dex/file/MethodIdItem
Event: 1.622 loading class com/android/dx/dex/file/MethodIdItem done
Event: 1.634 loading class com/android/dx/cf/attrib/AttRuntimeInvisibleAnnotations
Event: 1.634 loading class com/android/dx/cf/attrib/AttRuntimeInvisibleAnnotations done
Event: 1.637 loading class com/android/dx/dex/file/MethodAnnotationStruct
Event: 1.637 loading class com/android/dx/dex/file/MethodAnnotationStruct done
Event: 1.768 loading class java/util/concurrent/locks/LockSupport
Event: 1.768 loading class java/util/concurrent/locks/LockSupport done
Event: 1.768 loading class sun/nio/ch/Interruptible
Event: 1.768 loading class sun/nio/ch/Interruptible done


Dynamic libraries:
0x000000013ffd0000 - 0x0000000140007000 	C:\Program Files\Java\jdk1.8.0_101\bin\java.exe
0x0000000076f40000 - 0x00000000770ea000 	C:\Windows\SYSTEM32\ntdll.dll
0x0000000076d20000 - 0x0000000076e3f000 	C:\Windows\system32\kernel32.dll
0x000007fefcfc0000 - 0x000007fefd02a000 	C:\Windows\system32\KERNELBASE.dll
0x000007fefd3a0000 - 0x000007fefd47b000 	C:\Windows\system32\ADVAPI32.dll
0x000007fefefa0000 - 0x000007feff03f000 	C:\Windows\system32\msvcrt.dll
0x000007fefe580000 - 0x000007fefe59f000 	C:\Windows\SYSTEM32\sechost.dll
0x000007fefea40000 - 0x000007fefeb6d000 	C:\Windows\system32\RPCRT4.dll
0x0000000076e40000 - 0x0000000076f3a000 	C:\Windows\system32\USER32.dll
0x000007fefeb70000 - 0x000007fefebd7000 	C:\Windows\system32\GDI32.dll
0x000007fefe4a0000 - 0x000007fefe4ae000 	C:\Windows\system32\LPK.dll
0x000007fefe4b0000 - 0x000007fefe57a000 	C:\Windows\system32\USP10.dll
0x000007fefa810000 - 0x000007fefaa04000 	C:\Windows\WinSxS\amd64_microsoft.windows.common-controls_6595b64144ccf1df_6.0.7601.18837_none_fa3b1e3d17594757\COMCTL32.dll
0x000007feff040000 - 0x000007feff0b1000 	C:\Windows\system32\SHLWAPI.dll
0x000007fefea10000 - 0x000007fefea3e000 	C:\Windows\system32\IMM32.DLL
0x000007feff120000 - 0x000007feff229000 	C:\Windows\system32\MSCTF.dll
0x000007fefcb90000 - 0x000007fefcbd4000 	C:\windows\system32\nvinitx.dll
0x0000000057120000 - 0x00000000571f2000 	C:\Program Files\Java\jdk1.8.0_101\jre\bin\msvcr100.dll
0x0000000056880000 - 0x000000005711a000 	C:\Program Files\Java\jdk1.8.0_101\jre\bin\server\jvm.dll
0x000007fef82e0000 - 0x000007fef82e9000 	C:\Windows\system32\WSOCK32.dll
0x000007fefeeb0000 - 0x000007fefeefd000 	C:\Windows\system32\WS2_32.dll
0x000007fefebe0000 - 0x000007fefebe8000 	C:\Windows\system32\NSI.dll
0x000007fefa400000 - 0x000007fefa43b000 	C:\Windows\system32\WINMM.dll
0x000007fefbca0000 - 0x000007fefbcac000 	C:\Windows\system32\VERSION.dll
0x0000000077100000 - 0x0000000077107000 	C:\Windows\system32\PSAPI.DLL
0x00000000691e0000 - 0x00000000691ef000 	C:\Program Files\Java\jdk1.8.0_101\jre\bin\verify.dll
0x00000000572b0000 - 0x00000000572d9000 	C:\Program Files\Java\jdk1.8.0_101\jre\bin\java.dll
0x0000000057290000 - 0x00000000572a6000 	C:\Program Files\Java\jdk1.8.0_101\jre\bin\zip.dll
0x000007fefd480000 - 0x000007fefe20a000 	C:\Windows\system32\SHELL32.dll
0x000007fefe290000 - 0x000007fefe493000 	C:\Windows\system32\ole32.dll
0x000007fefcc70000 - 0x000007fefcc7f000 	C:\Windows\system32\profapi.dll

VM Arguments:
jvm_args: -Djava.awt.headless=true -Xmx1024M -Dfile.encoding=windows-1252 -Duser.country=FR -Duser.language=fr -Duser.variant 
java_command: com.android.dx.command.Main --dex --num-threads=4 --output C:\Android\Projects\MeteoAppli\app\build\intermediates\pre-dexed\debug\support-annotations-24.2.1_565bdac902bac0319f252498e8ec23bdf19b09a3.jar C:\Android\extras\android\m2repository\com\android\support\support-annotations\24.2.1\support-annotations-24.2.1.jar
java_class_path (initial): C:\Android\build-tools\24.0.2\lib\dx.jar
Launcher Type: SUN_STANDARD

Environment Variables:
PATH=C:\ProgramData\Oracle\Java\javapath;C:\Program Files\Common Files\Microsoft Shared\Windows Live;C:\Program Files (x86)\Common Files\Microsoft Shared\Windows Live;C:\Program Files (x86)\NVIDIA Corporation\PhysX\Common;C:\Program Files (x86)\Intel\iCLS Client\;C:\Program Files\Intel\iCLS Client\;C:\Windows\system32;C:\Windows;C:\Windows\System32\Wbem;C:\Windows\System32\WindowsPowerShell\v1.0\;C:\Program Files\Intel\Intel(R) Management Engine Components\DAL;C:\Program Files\Intel\Intel(R) Management Engine Components\IPT;C:\Program Files (x86)\Intel\Intel(R) Management Engine Components\DAL;C:\Program Files (x86)\Intel\Intel(R) Management Engine Components\IPT;C:\Program Files (x86)\Intel\OpenCL SDK\2.0\bin\x86;C:\Program Files (x86)\Intel\OpenCL SDK\2.0\bin\x64;C:\Program Files\Intel\WiFi\bin\;C:\Program Files\Common Files\Intel\WirelessCommon\;C:\Program Files (x86)\Windows Live\Shared;C:\Program Files (x86)\Skype\Phone\;C:\Program Files (x86)\GitExtensions\
USERNAME=Jérémie
OS=Windows_NT
PROCESSOR_IDENTIFIER=Intel64 Family 6 Model 58 Stepping 9, GenuineIntel



---------------  S Y S T E M  ---------------

OS: Windows 7 , 64 bit Build 7601 (6.1.7601.23543)

CPU:total 8 (4 cores per cpu, 2 threads per core) family 6 model 58 stepping 9, cmov, cx8, fxsr, mmx, sse, sse2, sse3, ssse3, sse4.1, sse4.2, popcnt, avx, aes, clmul, erms, ht, tsc, tscinvbit, tscinv

Memory: 4k page, physical 8283508k(595596k free), swap 9330224k(6828k free)

vm_info: Java HotSpot(TM) 64-Bit Server VM (25.101-b13) for windows-amd64 JRE (1.8.0_101-b13), built on Jun 22 2016 01:21:29 by "java_re" with MS VC++ 10.0 (VS2010)

time: Fri Nov 04 23:37:30 2016
elapsed time: 2 seconds (0d 0h 0m 2s)

