#
# There is insufficient memory for the Java Runtime Environment to continue.
# Native memory allocation (malloc) failed to allocate 915296 bytes for Chunk::new
# Possible reasons:
#   The system is out of physical RAM or swap space
#   In 32 bit mode, the process size limit was hit
# Possible solutions:
#   Reduce memory load on the system
#   Increase physical memory or swap space
#   Check if swap backing store is full
#   Use 64 bit Java on a 64 bit OS
#   Decrease Java heap size (-Xmx/-Xms)
#   Decrease number of Java threads
#   Decrease Java thread stack sizes (-Xss)
#   Set larger code cache with -XX:ReservedCodeCacheSize=
# This output file may be truncated or incomplete.
#
#  Out of Memory Error (allocation.cpp:390), pid=9884, tid=0x0000000000001d58
#
# JRE version: Java(TM) SE Runtime Environment (8.0_101-b13) (build 1.8.0_101-b13)
# Java VM: Java HotSpot(TM) 64-Bit Server VM (25.101-b13 mixed mode windows-amd64 compressed oops)
# Failed to write core dump. Minidumps are not enabled by default on client versions of Windows
#

---------------  T H R E A D  ---------------

Current thread (0x00000000567fb000):  JavaThread "C2 CompilerThread1" daemon [_thread_in_native, id=7512, stack(0x0000000058b00000,0x0000000058c00000)]

Stack: [0x0000000058b00000,0x0000000058c00000]
[error occurred during error reporting (printing stack bounds), id 0xc0000005]

Native frames: (J=compiled Java code, j=interpreted, Vv=VM code, C=native code)


Current CompileTask:
C2:   2159 1344   !   4       com.android.dx.cf.cst.ConstantPoolParser::parse0 (731 bytes)


---------------  P R O C E S S  ---------------

Java Threads: ( => current thread )
  0x0000000056a9a800 JavaThread "pool-1-thread-4" [_thread_in_Java, id=4220, stack(0x0000000059de0000,0x0000000059ee0000)]
  0x0000000056a99800 JavaThread "pool-1-thread-3" [_thread_in_Java, id=2228, stack(0x0000000059ce0000,0x0000000059de0000)]
  0x0000000056a99000 JavaThread "pool-1-thread-2" [_thread_blocked, id=10224, stack(0x0000000059ad0000,0x0000000059bd0000)]
  0x00000000591e5000 JavaThread "pool-2-thread-1" [_thread_blocked, id=6328, stack(0x0000000058480000,0x0000000058580000)]
  0x00000000591e4000 JavaThread "pool-1-thread-1" [_thread_in_Java, id=8612, stack(0x0000000058890000,0x0000000058990000)]
  0x0000000056872800 JavaThread "Service Thread" daemon [_thread_blocked, id=6856, stack(0x0000000058ec0000,0x0000000058fc0000)]
  0x0000000056813800 JavaThread "C1 CompilerThread3" daemon [_thread_in_native, id=10180, stack(0x0000000058db0000,0x0000000058eb0000)]
  0x000000005680a000 JavaThread "C2 CompilerThread2" daemon [_thread_in_native, id=9624, stack(0x0000000058c10000,0x0000000058d10000)]
=>0x00000000567fb000 JavaThread "C2 CompilerThread1" daemon [_thread_in_native, id=7512, stack(0x0000000058b00000,0x0000000058c00000)]
  0x00000000567ed000 JavaThread "C2 CompilerThread0" daemon [_thread_in_native, id=10100, stack(0x0000000058990000,0x0000000058a90000)]
  0x00000000567e9800 JavaThread "Attach Listener" daemon [_thread_blocked, id=9192, stack(0x0000000058700000,0x0000000058800000)]
  0x00000000567f8000 JavaThread "Signal Dispatcher" daemon [_thread_blocked, id=1692, stack(0x00000000585a0000,0x00000000586a0000)]
  0x0000000055737800 JavaThread "Finalizer" daemon [_thread_blocked, id=8132, stack(0x00000000578f0000,0x00000000579f0000)]
  0x0000000055736800 JavaThread "Reference Handler" daemon [_thread_blocked, id=4344, stack(0x0000000058380000,0x0000000058480000)]
  0x000000000225e800 JavaThread "main" [_thread_in_Java, id=1540, stack(0x0000000002430000,0x0000000002530000)]

Other Threads:
  0x00000000567a0800 VMThread [stack: 0x0000000057710000,0x0000000057810000] [id=9340]
  0x0000000056877800 WatcherThread [stack: 0x00000000590b0000,0x00000000591b0000] [id=8772]

VM state:not at safepoint (normal execution)

VM Mutex/Monitor currently owned by a thread: None

Heap:
 PSYoungGen      total 71680K, used 40209K [0x00000000eab00000, 0x00000000ef600000, 0x0000000100000000)
  eden space 66560K, 52% used [0x00000000eab00000,0x00000000ecd4a7a0,0x00000000eec00000)
  from space 5120K, 99% used [0x00000000ef100000,0x00000000ef5f9c78,0x00000000ef600000)
  to   space 5120K, 0% used [0x00000000eec00000,0x00000000eec00000,0x00000000ef100000)
 ParOldGen       total 87552K, used 4792K [0x00000000c0000000, 0x00000000c5580000, 0x00000000eab00000)
  object space 87552K, 5% used [0x00000000c0000000,0x00000000c04ae020,0x00000000c5580000)
 Metaspace       used 6099K, capacity 7088K, committed 7296K, reserved 1056768K
  class space    used 591K, capacity 616K, committed 640K, reserved 1048576K

Card table byte_map: [0x0000000011c40000,0x0000000011e50000] byte_map_base: 0x0000000011640000

Marking Bits: (ParMarkBitMap*) 0x000000005822a6d0
 Begin Bits: [0x0000000012b50000, 0x0000000013b50000)
 End Bits:   [0x0000000013b50000, 0x0000000014b50000)

Polling page: 0x0000000001c70000

CodeCache: size=245760Kb used=6152Kb max_used=6152Kb free=239607Kb
 bounds [0x0000000002880000, 0x0000000002e90000, 0x0000000011880000]
 total_blobs=1825 nmethods=1562 adapters=176
 compilation: enabled

Compilation events (10 events):
Event: 2.094 Thread 0x0000000056813800 nmethod 1582 0x0000000002e85890 code [0x0000000002e859e0, 0x0000000002e85af0]
Event: 2.094 Thread 0x0000000056813800 1586       2       com.android.dx.cf.code.ByteCatchList$Item::getExceptionClass (18 bytes)
Event: 2.094 Thread 0x0000000056813800 nmethod 1586 0x0000000002e85b50 code [0x0000000002e85ca0, 0x0000000002e85e10]
Event: 2.094 Thread 0x0000000056813800 1585       2       com.android.dx.ssa.SsaMethod::onSourceChanged (65 bytes)
Event: 2.095 Thread 0x0000000056813800 nmethod 1585 0x0000000002e85e90 code [0x0000000002e86020, 0x0000000002e863b8]
Event: 2.095 Thread 0x0000000056813800 1587       2       com.android.dx.cf.code.Frame::mergeWith (80 bytes)
Event: 2.095 Thread 0x0000000056813800 nmethod 1587 0x0000000002e86790 code [0x0000000002e86980, 0x0000000002e86e28]
Event: 2.110 Thread 0x0000000056813800 1590       1       com.android.dx.rop.cst.CstKnownNull::getType (4 bytes)
Event: 2.111 Thread 0x0000000056813800 nmethod 1590 0x0000000002e871d0 code [0x0000000002e87320, 0x0000000002e87430]
Event: 2.111 Thread 0x0000000056813800 1599       2       com.android.dx.rop.type.StdTypeList::getWordCount (33 bytes)

GC Heap History (4 events):
Event: 0.813 GC heap before
{Heap before GC invocations=1 (full 0):
 PSYoungGen      total 38400K, used 33280K [0x00000000eab00000, 0x00000000ed580000, 0x0000000100000000)
  eden space 33280K, 100% used [0x00000000eab00000,0x00000000ecb80000,0x00000000ecb80000)
  from space 5120K, 0% used [0x00000000ed080000,0x00000000ed080000,0x00000000ed580000)
  to   space 5120K, 0% used [0x00000000ecb80000,0x00000000ecb80000,0x00000000ed080000)
 ParOldGen       total 87552K, used 0K [0x00000000c0000000, 0x00000000c5580000, 0x00000000eab00000)
  object space 87552K, 0% used [0x00000000c0000000,0x00000000c0000000,0x00000000c5580000)
 Metaspace       used 5792K, capacity 6832K, committed 7040K, reserved 1056768K
  class space    used 591K, capacity 616K, committed 640K, reserved 1048576K
Event: 0.912 GC heap after
Heap after GC invocations=1 (full 0):
 PSYoungGen      total 38400K, used 5118K [0x00000000eab00000, 0x00000000ef600000, 0x0000000100000000)
  eden space 33280K, 0% used [0x00000000eab00000,0x00000000eab00000,0x00000000ecb80000)
  from space 5120K, 99% used [0x00000000ecb80000,0x00000000ed07fa88,0x00000000ed080000)
  to   space 5120K, 0% used [0x00000000ef100000,0x00000000ef100000,0x00000000ef600000)
 ParOldGen       total 87552K, used 746K [0x00000000c0000000, 0x00000000c5580000, 0x00000000eab00000)
  object space 87552K, 0% used [0x00000000c0000000,0x00000000c00ba910,0x00000000c5580000)
 Metaspace       used 5792K, capacity 6832K, committed 7040K, reserved 1056768K
  class space    used 591K, capacity 616K, committed 640K, reserved 1048576K
}
Event: 1.433 GC heap before
{Heap before GC invocations=2 (full 0):
 PSYoungGen      total 38400K, used 38398K [0x00000000eab00000, 0x00000000ef600000, 0x0000000100000000)
  eden space 33280K, 100% used [0x00000000eab00000,0x00000000ecb80000,0x00000000ecb80000)
  from space 5120K, 99% used [0x00000000ecb80000,0x00000000ed07fa88,0x00000000ed080000)
  to   space 5120K, 0% used [0x00000000ef100000,0x00000000ef100000,0x00000000ef600000)
 ParOldGen       total 87552K, used 746K [0x00000000c0000000, 0x00000000c5580000, 0x00000000eab00000)
  object space 87552K, 0% used [0x00000000c0000000,0x00000000c00ba910,0x00000000c5580000)
 Metaspace       used 6030K, capacity 7088K, committed 7296K, reserved 1056768K
  class space    used 591K, capacity 616K, committed 640K, reserved 1048576K
Event: 1.982 GC heap after
Heap after GC invocations=2 (full 0):
 PSYoungGen      total 71680K, used 5095K [0x00000000eab00000, 0x00000000ef600000, 0x0000000100000000)
  eden space 66560K, 0% used [0x00000000eab00000,0x00000000eab00000,0x00000000eec00000)
  from space 5120K, 99% used [0x00000000ef100000,0x00000000ef5f9c78,0x00000000ef600000)
  to   space 5120K, 0% used [0x00000000eec00000,0x00000000eec00000,0x00000000ef100000)
 ParOldGen       total 87552K, used 4792K [0x00000000c0000000, 0x00000000c5580000, 0x00000000eab00000)
  object space 87552K, 5% used [0x00000000c0000000,0x00000000c04ae020,0x00000000c5580000)
 Metaspace       used 6030K, capacity 7088K, committed 7296K, reserved 1056768K
  class space    used 591K, capacity 616K, committed 640K, reserved 1048576K
}

Deoptimization events (10 events):
Event: 0.681 Thread 0x0000000056a9a800 Uncommon trap: reason=class_check action=maybe_recompile pc=0x0000000002b411bc method=com.android.dx.rop.type.Type.equals(Ljava/lang/Object;)Z @ 8
Event: 0.681 Thread 0x0000000056a9a800 Uncommon trap: reason=class_check action=maybe_recompile pc=0x0000000002afa510 method=com.android.dx.rop.type.Type.equals(Ljava/lang/Object;)Z @ 8
Event: 0.727 Thread 0x000000000225e800 Uncommon trap: reason=unstable_if action=reinterpret pc=0x0000000002b2785c method=com.android.dx.rop.code.RegisterSpecSet.put(Lcom/android/dx/rop/code/RegisterSpec;)V @ 77
Event: 0.727 Thread 0x000000000225e800 Uncommon trap: reason=unstable_if action=reinterpret pc=0x0000000002b4808c method=com.android.dx.rop.code.RegisterSpecSet.put(Lcom/android/dx/rop/code/RegisterSpec;)V @ 77
Event: 1.139 Thread 0x0000000056a9a800 Uncommon trap: reason=null_check action=make_not_entrant pc=0x0000000002b0587c method=com.android.dx.ssa.SsaRenamer.getLocalForNewReg(I)Lcom/android/dx/rop/code/LocalItem; @ 19
Event: 1.343 Thread 0x00000000591e4000 Uncommon trap: reason=unstable_if action=reinterpret pc=0x0000000002abe744 method=com.android.dx.rop.cst.Constant.compareTo(Lcom/android/dx/rop/cst/Constant;)I @ 12
Event: 1.346 Thread 0x00000000591e4000 Uncommon trap: reason=null_check action=make_not_entrant pc=0x0000000002b94d50 method=com.android.dx.rop.type.Type.equals(Ljava/lang/Object;)Z @ 8
Event: 2.127 Thread 0x0000000056a99000 Uncommon trap: reason=uninitialized action=reinterpret pc=0x0000000002e1f304 method=com.android.dx.cf.code.BytecodeArray.parseInstruction(ILcom/android/dx/cf/code/BytecodeArray$Visitor;)I @ 1015
Event: 2.139 Thread 0x0000000056a99000 Uncommon trap: reason=unstable_if action=reinterpret pc=0x0000000002d41108 method=com.android.dx.ssa.SCCP.simulateStmt(Lcom/android/dx/ssa/SsaInsn;)V @ 53
Event: 2.156 Thread 0x00000000591e4000 Uncommon trap: reason=unstable_if action=reinterpret pc=0x0000000002bd5fac method=com.android.dx.util.IntList.binarysearch(I)I @ 105

Internal exceptions (4 events):
Event: 0.067 Thread 0x000000000225e800 Exception <a 'java/lang/NoSuchMethodError': Method sun.misc.Unsafe.defineClass(Ljava/lang/String;[BII)Ljava/lang/Class; name or signature does not match> (0x00000000eab07cc0) thrown at [C:\re\workspace\8-2-build-windows-amd64-cygwin\jdk8u101\7261\hotspot\s°±Z„_@±?
Event: 0.067 Thread 0x000000000225e800 Exception <a 'java/lang/NoSuchMethodError': Method sun.misc.Unsafe.prefetchRead(Ljava/lang/Object;J)V name or signature does not match> (0x00000000eab07fa8) thrown at [C:\re\workspace\8-2-build-windows-amd64-cygwin\jdk8u101\7261\hotspot\src\share\vm\prims\Í‚ê9ò?
Event: 1.139 Thread 0x0000000056a9a800 Implicit null exception at 0x0000000002b040e2 to 0x0000000002b05835
Event: 1.346 Thread 0x00000000591e4000 Implicit null exception at 0x0000000002b94c52 to 0x0000000002b94d42

Events (10 events):
Event: 1.982 Executing VM operation: ParallelGCFailedAllocation done
Event: 2.127 Thread 0x0000000056a99000 Uncommon trap: trap_request=0xffffffb5 fr.pc=0x0000000002e1f304
Event: 2.127 Thread 0x0000000056a99000 DEOPT PACKING pc=0x0000000002e1f304 sp=0x0000000059bcecb0
Event: 2.127 Thread 0x0000000056a99000 DEOPT UNPACKING pc=0x00000000028c582a sp=0x0000000059bcec70 mode 2
Event: 2.139 Thread 0x0000000056a99000 Uncommon trap: trap_request=0xffffff65 fr.pc=0x0000000002d41108
Event: 2.139 Thread 0x0000000056a99000 DEOPT PACKING pc=0x0000000002d41108 sp=0x0000000059bceba0
Event: 2.139 Thread 0x0000000056a99000 DEOPT UNPACKING pc=0x00000000028c582a sp=0x0000000059bceb88 mode 2
Event: 2.156 Thread 0x00000000591e4000 Uncommon trap: trap_request=0xffffff65 fr.pc=0x0000000002bd5fac
Event: 2.156 Thread 0x00000000591e4000 DEOPT PACKING pc=0x0000000002bd5fac sp=0x000000005898e330
Event: 2.156 Thread 0x00000000591e4000 DEOPT UNPACKING pc=0x00000000028c582a sp=0x000000005898e2a8 mode 2


Dynamic libraries:
0x000000013ffe0000 - 0x0000000140017000 	C:\Program Files\Java\jdk1.8.0_101\bin\java.exe
0x0000000077940000 - 0x0000000077aea000 	C:\Windows\SYSTEM32\ntdll.dll
0x0000000077720000 - 0x000000007783f000 	C:\Windows\system32\kernel32.dll
0x000007fefd990000 - 0x000007fefd9fa000 	C:\Windows\system32\KERNELBASE.dll
0x000007fefe910000 - 0x000007fefe9eb000 	C:\Windows\system32\ADVAPI32.dll
0x000007feffbb0000 - 0x000007feffc4f000 	C:\Windows\system32\msvcrt.dll
0x000007feff9c0000 - 0x000007feff9df000 	C:\Windows\SYSTEM32\sechost.dll
0x000007feff9e0000 - 0x000007feffb0d000 	C:\Windows\system32\RPCRT4.dll
0x0000000077840000 - 0x000000007793a000 	C:\Windows\system32\USER32.dll
0x000007fefe9f0000 - 0x000007fefea57000 	C:\Windows\system32\GDI32.dll
0x000007fefeae0000 - 0x000007fefeaee000 	C:\Windows\system32\LPK.dll
0x000007fefe210000 - 0x000007fefe2da000 	C:\Windows\system32\USP10.dll
0x000007fefb210000 - 0x000007fefb404000 	C:\Windows\WinSxS\amd64_microsoft.windows.common-controls_6595b64144ccf1df_6.0.7601.18837_none_fa3b1e3d17594757\COMCTL32.dll
0x000007fefea60000 - 0x000007fefead1000 	C:\Windows\system32\SHLWAPI.dll
0x000007feff990000 - 0x000007feff9be000 	C:\Windows\system32\IMM32.DLL
0x000007feff880000 - 0x000007feff989000 	C:\Windows\system32\MSCTF.dll
0x000007fefd590000 - 0x000007fefd5d4000 	C:\windows\system32\nvinitx.dll
0x0000000069c10000 - 0x0000000069ce2000 	C:\Program Files\Java\jdk1.8.0_101\jre\bin\msvcr100.dll
0x0000000057a10000 - 0x00000000582aa000 	C:\Program Files\Java\jdk1.8.0_101\jre\bin\server\jvm.dll
0x000007fef8cb0000 - 0x000007fef8cb9000 	C:\Windows\system32\WSOCK32.dll
0x000007fefe3c0000 - 0x000007fefe40d000 	C:\Windows\system32\WS2_32.dll
0x000007fefe900000 - 0x000007fefe908000 	C:\Windows\system32\NSI.dll
0x000007fefada0000 - 0x000007fefaddb000 	C:\Windows\system32\WINMM.dll
0x000007fefc6a0000 - 0x000007fefc6ac000 	C:\Windows\system32\VERSION.dll
0x0000000077b10000 - 0x0000000077b17000 	C:\Windows\system32\PSAPI.DLL
0x0000000072b50000 - 0x0000000072b5f000 	C:\Program Files\Java\jdk1.8.0_101\jre\bin\verify.dll
0x0000000072030000 - 0x0000000072059000 	C:\Program Files\Java\jdk1.8.0_101\jre\bin\java.dll
0x0000000072070000 - 0x0000000072086000 	C:\Program Files\Java\jdk1.8.0_101\jre\bin\zip.dll
0x000007fefeaf0000 - 0x000007feff87a000 	C:\Windows\system32\SHELL32.dll
0x000007fefdd20000 - 0x000007fefdf23000 	C:\Windows\system32\ole32.dll
0x000007fefd670000 - 0x000007fefd67f000 	C:\Windows\system32\profapi.dll

VM Arguments:
jvm_args: -Djava.awt.headless=true -Xmx1024M -Dfile.encoding=windows-1252 -Duser.country=FR -Duser.language=fr -Duser.variant 
java_command: com.android.dx.command.Main --dex --num-threads=4 --output C:\Android\Projects\MeteoAppli\app\build\intermediates\pre-dexed\debug\com.android.support-support-compat-24.2.1_f923c47ac54f952833af693e8079ec71b7f71cae.jar C:\Android\Projects\MeteoAppli\app\build\intermediates\exploded-aar\com.android.support\support-compat\24.2.1\jars\classes.jar
java_class_path (initial): C:\Android\build-tools\24.0.2\lib\dx.jar
Launcher Type: SUN_STANDARD

Environment Variables:
PATH=C:\ProgramData\Oracle\Java\javapath;C:\Program Files\Common Files\Microsoft Shared\Windows Live;C:\Program Files (x86)\Common Files\Microsoft Shared\Windows Live;C:\Program Files (x86)\NVIDIA Corporation\PhysX\Common;C:\Program Files (x86)\Intel\iCLS Client\;C:\Program Files\Intel\iCLS Client\;C:\Windows\system32;C:\Windows;C:\Windows\System32\Wbem;C:\Windows\System32\WindowsPowerShell\v1.0\;C:\Program Files\Intel\Intel(R) Management Engine Components\DAL;C:\Program Files\Intel\Intel(R) Management Engine Components\IPT;C:\Program Files (x86)\Intel\Intel(R) Management Engine Components\DAL;C:\Program Files (x86)\Intel\Intel(R) Management Engine Components\IPT;C:\Program Files (x86)\Intel\OpenCL SDK\2.0\bin\x86;C:\Program Files (x86)\Intel\OpenCL SDK\2.0\bin\x64;C:\Program Files\Intel\WiFi\bin\;C:\Program Files\Common Files\Intel\WirelessCommon\;C:\Program Files (x86)\Windows Live\Shared;C:\Program Files (x86)\Skype\Phone\;C:\Program Files (x86)\GitExtensions\
USERNAME=Jérémie
OS=Windows_NT
PROCESSOR_IDENTIFIER=Intel64 Family 6 Model 58 Stepping 9, GenuineIntel



---------------  S Y S T E M  ---------------

OS: Windows 7 , 64 bit Build 7601 (6.1.7601.23543)

CPU:total 8 (4 cores per cpu, 2 threads per core) family 6 model 58 stepping 9, cmov, cx8, fxsr, mmx, sse, sse2, sse3, ssse3, sse4.1, sse4.2, popcnt, avx, aes, clmul, erms, ht, tsc, tscinvbit, tscinv

Memory: 4k page, physical 8283508k(728792k free), swap 9330224k(6340k free)

vm_info: Java HotSpot(TM) 64-Bit Server VM (25.101-b13) for windows-amd64 JRE (1.8.0_101-b13), built on Jun 22 2016 01:21:29 by "java_re" with MS VC++ 10.0 (VS2010)

time: Tue Nov 01 11:53:49 2016
elapsed time: 2 seconds (0d 0h 0m 2s)

