#
# There is insufficient memory for the Java Runtime Environment to continue.
# Native memory allocation (malloc) failed to allocate 32744 bytes for ChunkPool::allocate
# Possible reasons:
#   The system is out of physical RAM or swap space
#   In 32 bit mode, the process size limit was hit
# Possible solutions:
#   Reduce memory load on the system
#   Increase physical memory or swap space
#   Check if swap backing store is full
#   Use 64 bit Java on a 64 bit OS
#   Decrease Java heap size (-Xmx/-Xms)
#   Decrease number of Java threads
#   Decrease Java thread stack sizes (-Xss)
#   Set larger code cache with -XX:ReservedCodeCacheSize=
# This output file may be truncated or incomplete.
#
#  Out of Memory Error (allocation.cpp:273), pid=10560, tid=0x0000000000002a9c
#
# JRE version: Java(TM) SE Runtime Environment (8.0_101-b13) (build 1.8.0_101-b13)
# Java VM: Java HotSpot(TM) 64-Bit Server VM (25.101-b13 mixed mode windows-amd64 compressed oops)
# Failed to write core dump. Minidumps are not enabled by default on client versions of Windows
#

---------------  T H R E A D  ---------------

Current thread (0x0000000056727000):  JavaThread "C1 CompilerThread3" daemon [_thread_in_native, id=10908, stack(0x0000000058500000,0x0000000058600000)]

Stack: [0x0000000058500000,0x0000000058600000]
[error occurred during error reporting (printing stack bounds), id 0xc0000005]

Native frames: (J=compiled Java code, j=interpreted, Vv=VM code, C=native code)


Current CompileTask:
C1:   1595 1115       3       com.android.dx.cf.code.Simulator$SimVisitor::visitLocal (329 bytes)


---------------  P R O C E S S  ---------------

Java Threads: ( => current thread )
  0x00000000569f0000 JavaThread "pool-1-thread-4" [_thread_in_Java, id=10988, stack(0x000000005a230000,0x000000005a330000)]
  0x00000000569ed800 JavaThread "pool-1-thread-3" [_thread_blocked, id=10984, stack(0x0000000057d70000,0x0000000057e70000)]
  0x00000000569ed000 JavaThread "pool-1-thread-2" [_thread_in_Java, id=10980, stack(0x0000000059640000,0x0000000059740000)]
  0x00000000569ec000 JavaThread "pool-2-thread-1" [_thread_blocked, id=10976, stack(0x0000000059450000,0x0000000059550000)]
  0x00000000569d7800 JavaThread "pool-1-thread-1" [_thread_blocked, id=10964, stack(0x0000000059310000,0x0000000059410000)]
  0x0000000056758000 JavaThread "Service Thread" daemon [_thread_blocked, id=10912, stack(0x00000000586b0000,0x00000000587b0000)]
=>0x0000000056727000 JavaThread "C1 CompilerThread3" daemon [_thread_in_native, id=10908, stack(0x0000000058500000,0x0000000058600000)]
  0x00000000566c2000 JavaThread "C2 CompilerThread2" daemon [_thread_in_native, id=10904, stack(0x00000000583b0000,0x00000000584b0000)]
  0x00000000566c1000 JavaThread "C2 CompilerThread1" daemon [_thread_in_native, id=10900, stack(0x0000000058210000,0x0000000058310000)]
  0x00000000566bd000 JavaThread "C2 CompilerThread0" daemon [_thread_in_native, id=10896, stack(0x0000000058070000,0x0000000058170000)]
  0x00000000566b9800 JavaThread "Attach Listener" daemon [_thread_blocked, id=10892, stack(0x0000000057e80000,0x0000000057f80000)]
  0x00000000566c8000 JavaThread "Signal Dispatcher" daemon [_thread_blocked, id=10888, stack(0x0000000057c30000,0x0000000057d30000)]
  0x000000005560f800 JavaThread "Finalizer" daemon [_thread_blocked, id=10876, stack(0x00000000579e0000,0x0000000057ae0000)]
  0x0000000055608000 JavaThread "Reference Handler" daemon [_thread_blocked, id=10860, stack(0x00000000577f0000,0x00000000578f0000)]
  0x000000000039e800 JavaThread "main" [_thread_in_Java, id=10700, stack(0x0000000002650000,0x0000000002750000)]

Other Threads:
  0x0000000056672800 VMThread [stack: 0x00000000575f0000,0x00000000576f0000] [id=10820]
  0x0000000056741800 WatcherThread [stack: 0x00000000587d0000,0x00000000588d0000] [id=10916]

VM state:not at safepoint (normal execution)

VM Mutex/Monitor currently owned by a thread: None

Heap:
 PSYoungGen      total 38400K, used 23101K [0x00000000eab00000, 0x00000000ed580000, 0x0000000100000000)
  eden space 33280K, 54% used [0x00000000eab00000,0x00000000ebc97348,0x00000000ecb80000)
  from space 5120K, 99% used [0x00000000ecb80000,0x00000000ed078450,0x00000000ed080000)
  to   space 5120K, 0% used [0x00000000ed080000,0x00000000ed080000,0x00000000ed580000)
 ParOldGen       total 87552K, used 905K [0x00000000c0000000, 0x00000000c5580000, 0x00000000eab00000)
  object space 87552K, 1% used [0x00000000c0000000,0x00000000c00e25d8,0x00000000c5580000)
 Metaspace       used 5896K, capacity 6896K, committed 7040K, reserved 1056768K
  class space    used 592K, capacity 616K, committed 640K, reserved 1048576K

Card table byte_map: [0x0000000011de0000,0x0000000011ff0000] byte_map_base: 0x00000000117e0000

Marking Bits: (ParMarkBitMap*) 0x000000005918a6d0
 Begin Bits: [0x0000000012a20000, 0x0000000013a20000)
 End Bits:   [0x0000000013a20000, 0x0000000014a20000)

Polling page: 0x0000000000340000

CodeCache: size=245760Kb used=4197Kb max_used=4197Kb free=241562Kb
 bounds [0x0000000002a20000, 0x0000000002e40000, 0x0000000011a20000]
 total_blobs=1372 nmethods=1109 adapters=176
 compilation: enabled

Compilation events (10 events):
Event: 1.591 Thread 0x0000000056727000 nmethod 1141 0x0000000002e3a850 code [0x0000000002e3a9a0, 0x0000000002e3ab10]
Event: 1.591 Thread 0x0000000056727000 1021       3       com.android.dx.rop.type.StdTypeList::<init> (6 bytes)
Event: 1.591 Thread 0x0000000056727000 nmethod 1021 0x0000000002e3ac10 code [0x0000000002e3ad80, 0x0000000002e3af08]
Event: 1.591 Thread 0x0000000056727000 1114       3       com.android.dx.cf.code.BasicBlocker::visitLocal (34 bytes)
Event: 1.591 Thread 0x0000000056727000 nmethod 1114 0x0000000002e3af90 code [0x0000000002e3b140, 0x0000000002e3b768]
Event: 1.591 Thread 0x0000000056727000 1120       3       com.android.dx.rop.type.StdTypeList::getType (6 bytes)
Event: 1.592 Thread 0x0000000056727000 nmethod 1120 0x0000000002e3bd50 code [0x0000000002e3bec0, 0x0000000002e3c288]
Event: 1.592 Thread 0x0000000056727000 1145       3       com.android.dx.rop.type.Prototype::<init> (67 bytes)
Event: 1.592 Thread 0x0000000056727000 nmethod 1145 0x0000000002e3c390 code [0x0000000002e3c540, 0x0000000002e3ca28]
Event: 1.592 Thread 0x0000000056727000 1115       3       com.android.dx.cf.code.Simulator$SimVisitor::visitLocal (329 bytes)

GC Heap History (2 events):
Event: 1.198 GC heap before
{Heap before GC invocations=1 (full 0):
 PSYoungGen      total 38400K, used 33280K [0x00000000eab00000, 0x00000000ed580000, 0x0000000100000000)
  eden space 33280K, 100% used [0x00000000eab00000,0x00000000ecb80000,0x00000000ecb80000)
  from space 5120K, 0% used [0x00000000ed080000,0x00000000ed080000,0x00000000ed580000)
  to   space 5120K, 0% used [0x00000000ecb80000,0x00000000ecb80000,0x00000000ed080000)
 ParOldGen       total 87552K, used 0K [0x00000000c0000000, 0x00000000c5580000, 0x00000000eab00000)
  object space 87552K, 0% used [0x00000000c0000000,0x00000000c0000000,0x00000000c5580000)
 Metaspace       used 5802K, capacity 6832K, committed 7040K, reserved 1056768K
  class space    used 592K, capacity 616K, committed 640K, reserved 1048576K
Event: 1.308 GC heap after
Heap after GC invocations=1 (full 0):
 PSYoungGen      total 38400K, used 5089K [0x00000000eab00000, 0x00000000ed580000, 0x0000000100000000)
  eden space 33280K, 0% used [0x00000000eab00000,0x00000000eab00000,0x00000000ecb80000)
  from space 5120K, 99% used [0x00000000ecb80000,0x00000000ed078450,0x00000000ed080000)
  to   space 5120K, 0% used [0x00000000ed080000,0x00000000ed080000,0x00000000ed580000)
 ParOldGen       total 87552K, used 905K [0x00000000c0000000, 0x00000000c5580000, 0x00000000eab00000)
  object space 87552K, 1% used [0x00000000c0000000,0x00000000c00e25d8,0x00000000c5580000)
 Metaspace       used 5802K, capacity 6832K, committed 7040K, reserved 1056768K
  class space    used 592K, capacity 616K, committed 640K, reserved 1048576K
}

Deoptimization events (10 events):
Event: 0.959 Thread 0x00000000569ed800 Uncommon trap: reason=class_check action=maybe_recompile pc=0x0000000002c46ae0 method=com.android.dx.ssa.NormalSsaInsn.accept(Lcom/android/dx/ssa/SsaInsn$Visitor;)V @ 9
Event: 0.983 Thread 0x00000000569f0000 Uncommon trap: reason=class_check action=maybe_recompile pc=0x0000000002c90490 method=com.android.dx.rop.type.Type.equals(Ljava/lang/Object;)Z @ 8
Event: 0.983 Thread 0x00000000569f0000 Uncommon trap: reason=unstable_if action=reinterpret pc=0x0000000002c20868 method=java.util.HashMap.getNode(ILjava/lang/Object;)Ljava/util/HashMap$Node; @ 62
Event: 0.983 Thread 0x00000000569f0000 Uncommon trap: reason=unstable_if action=reinterpret pc=0x0000000002c90474 method=com.android.dx.rop.code.RegisterSpec.equals(ILcom/android/dx/rop/type/TypeBearer;Lcom/android/dx/rop/code/LocalItem;)Z @ 16
Event: 1.004 Thread 0x00000000569d7800 Uncommon trap: reason=unstable_if action=reinterpret pc=0x0000000002c2a0e0 method=java.util.BitSet.nextSetBit(I)I @ 87
Event: 1.027 Thread 0x00000000569f0000 Uncommon trap: reason=class_check action=maybe_recompile pc=0x0000000002cba754 method=com.android.dx.ssa.NormalSsaInsn.accept(Lcom/android/dx/ssa/SsaInsn$Visitor;)V @ 9
Event: 1.060 Thread 0x000000000039e800 Uncommon trap: reason=unstable_if action=reinterpret pc=0x0000000002c49884 method=java.util.HashMap.getNode(ILjava/lang/Object;)Ljava/util/HashMap$Node; @ 62
Event: 1.060 Thread 0x000000000039e800 Uncommon trap: reason=unstable_if action=reinterpret pc=0x0000000002ccd0b0 method=java.util.HashMap.putVal(ILjava/lang/Object;Ljava/lang/Object;ZZ)Ljava/lang/Object; @ 193
Event: 1.060 Thread 0x000000000039e800 Uncommon trap: reason=unstable_if action=reinterpret pc=0x0000000002cb749c method=com.android.dx.rop.code.RegisterSpecSet.put(Lcom/android/dx/rop/code/RegisterSpec;)V @ 77
Event: 1.586 Thread 0x00000000569f0000 Uncommon trap: reason=null_check action=make_not_entrant pc=0x0000000002cfce78 method=com.android.dx.ssa.SsaRenamer.getLocalForNewReg(I)Lcom/android/dx/rop/code/LocalItem; @ 19

Internal exceptions (3 events):
Event: 0.173 Thread 0x000000000039e800 Exception <a 'java/lang/NoSuchMethodError': Method sun.misc.Unsafe.defineClass(Ljava/lang/String;[BII)Ljava/lang/Class; name or signature does not match> (0x00000000eab07cc0) thrown at [C:\re\workspace\8-2-build-windows-amd64-cygwin\jdk8u101\7261\hotspot\sªeÛ)’Æ?
Event: 0.173 Thread 0x000000000039e800 Exception <a 'java/lang/NoSuchMethodError': Method sun.misc.Unsafe.prefetchRead(Ljava/lang/Object;J)V name or signature does not match> (0x00000000eab07fa8) thrown at [C:\re\workspace\8-2-build-windows-amd64-cygwin\jdk8u101\7261\hotspot\src\share\vm\prims\]Åî^ù?
Event: 1.586 Thread 0x00000000569f0000 Implicit null exception at 0x0000000002cfb5e6 to 0x0000000002cfce59

Events (10 events):
Event: 1.060 Thread 0x000000000039e800 Uncommon trap: trap_request=0xffffff65 fr.pc=0x0000000002cb749c
Event: 1.060 Thread 0x000000000039e800 DEOPT PACKING pc=0x0000000002cb749c sp=0x000000000274e620
Event: 1.060 Thread 0x000000000039e800 DEOPT UNPACKING pc=0x0000000002a6582a sp=0x000000000274e5b8 mode 2
Event: 1.197 Executing VM operation: ParallelGCFailedAllocation
Event: 1.308 Executing VM operation: ParallelGCFailedAllocation done
Event: 1.471 Thread 0x00000000569f0000 DEOPT PACKING pc=0x0000000002cd3962 sp=0x000000005a32e660
Event: 1.471 Thread 0x00000000569f0000 DEOPT UNPACKING pc=0x0000000002a6787f sp=0x000000005a32e450 mode 0
Event: 1.586 Thread 0x00000000569f0000 Uncommon trap: trap_request=0xfffffff4 fr.pc=0x0000000002cfce78
Event: 1.586 Thread 0x00000000569f0000 DEOPT PACKING pc=0x0000000002cfce78 sp=0x000000005a32e510
Event: 1.586 Thread 0x00000000569f0000 DEOPT UNPACKING pc=0x0000000002a6582a sp=0x000000005a32e3b8 mode 2


Dynamic libraries:
0x000000013f6b0000 - 0x000000013f6e7000 	C:\Program Files\Java\jdk1.8.0_101\bin\java.exe
0x0000000076e40000 - 0x0000000076fea000 	C:\Windows\SYSTEM32\ntdll.dll
0x0000000076c20000 - 0x0000000076d3f000 	C:\Windows\system32\kernel32.dll
0x000007fefcc10000 - 0x000007fefcc7a000 	C:\Windows\system32\KERNELBASE.dll
0x000007fefcf30000 - 0x000007fefd00b000 	C:\Windows\system32\ADVAPI32.dll
0x000007fefd170000 - 0x000007fefd20f000 	C:\Windows\system32\msvcrt.dll
0x000007fefdac0000 - 0x000007fefdadf000 	C:\Windows\SYSTEM32\sechost.dll
0x000007fefdae0000 - 0x000007fefdc0d000 	C:\Windows\system32\RPCRT4.dll
0x0000000076d40000 - 0x0000000076e3a000 	C:\Windows\system32\USER32.dll
0x000007fefde90000 - 0x000007fefdef7000 	C:\Windows\system32\GDI32.dll
0x000007fefde20000 - 0x000007fefde2e000 	C:\Windows\system32\LPK.dll
0x000007fefd300000 - 0x000007fefd3ca000 	C:\Windows\system32\USP10.dll
0x000007fefa710000 - 0x000007fefa904000 	C:\Windows\WinSxS\amd64_microsoft.windows.common-controls_6595b64144ccf1df_6.0.7601.18837_none_fa3b1e3d17594757\COMCTL32.dll
0x000007fefda40000 - 0x000007fefdab1000 	C:\Windows\system32\SHLWAPI.dll
0x000007fefdc10000 - 0x000007fefdc3e000 	C:\Windows\system32\IMM32.DLL
0x000007fefe090000 - 0x000007fefe199000 	C:\Windows\system32\MSCTF.dll
0x000007fefca90000 - 0x000007fefcad4000 	C:\windows\system32\nvinitx.dll
0x00000000598d0000 - 0x00000000599a2000 	C:\Program Files\Java\jdk1.8.0_101\jre\bin\msvcr100.dll
0x0000000058970000 - 0x000000005920a000 	C:\Program Files\Java\jdk1.8.0_101\jre\bin\server\jvm.dll
0x000007fef8180000 - 0x000007fef8189000 	C:\Windows\system32\WSOCK32.dll
0x000007fefd210000 - 0x000007fefd25d000 	C:\Windows\system32\WS2_32.dll
0x000007feff140000 - 0x000007feff148000 	C:\Windows\system32\NSI.dll
0x000007fefa2a0000 - 0x000007fefa2db000 	C:\Windows\system32\WINMM.dll
0x000007fefbba0000 - 0x000007fefbbac000 	C:\Windows\system32\VERSION.dll
0x0000000077000000 - 0x0000000077007000 	C:\Windows\system32\PSAPI.DLL
0x0000000072740000 - 0x000000007274f000 	C:\Program Files\Java\jdk1.8.0_101\jre\bin\verify.dll
0x00000000726b0000 - 0x00000000726d9000 	C:\Program Files\Java\jdk1.8.0_101\jre\bin\java.dll
0x0000000072690000 - 0x00000000726a6000 	C:\Program Files\Java\jdk1.8.0_101\jre\bin\zip.dll
0x000007fefe1a0000 - 0x000007fefef29000 	C:\Windows\system32\SHELL32.dll
0x000007fefef30000 - 0x000007feff133000 	C:\Windows\system32\ole32.dll
0x000007fefcb70000 - 0x000007fefcb7f000 	C:\Windows\system32\profapi.dll

VM Arguments:
jvm_args: -Djava.awt.headless=true -Xmx1024M -Dfile.encoding=windows-1252 -Duser.country=FR -Duser.language=fr -Duser.variant 
java_command: com.android.dx.command.Main --dex --force-jumbo --num-threads=4 --output C:\Android\Projects\MeteoAppli\app\build\intermediates\pre-dexed\debug\com.android.support-support-compat-24.2.1_f923c47ac54f952833af693e8079ec71b7f71cae.jar C:\Android\Projects\MeteoAppli\app\build\intermediates\exploded-aar\com.android.support\support-compat\24.2.1\jars\classes.jar
java_class_path (initial): C:\Android\build-tools\24.0.2\lib\dx.jar
Launcher Type: SUN_STANDARD

Environment Variables:
PATH=C:\ProgramData\Oracle\Java\javapath;C:\Program Files\Common Files\Microsoft Shared\Windows Live;C:\Program Files (x86)\Common Files\Microsoft Shared\Windows Live;C:\Program Files (x86)\NVIDIA Corporation\PhysX\Common;C:\Program Files (x86)\Intel\iCLS Client\;C:\Program Files\Intel\iCLS Client\;C:\Windows\system32;C:\Windows;C:\Windows\System32\Wbem;C:\Windows\System32\WindowsPowerShell\v1.0\;C:\Program Files\Intel\Intel(R) Management Engine Components\DAL;C:\Program Files\Intel\Intel(R) Management Engine Components\IPT;C:\Program Files (x86)\Intel\Intel(R) Management Engine Components\DAL;C:\Program Files (x86)\Intel\Intel(R) Management Engine Components\IPT;C:\Program Files (x86)\Intel\OpenCL SDK\2.0\bin\x86;C:\Program Files (x86)\Intel\OpenCL SDK\2.0\bin\x64;C:\Program Files\Intel\WiFi\bin\;C:\Program Files\Common Files\Intel\WirelessCommon\;C:\Program Files (x86)\Windows Live\Shared;C:\Program Files (x86)\Skype\Phone\;C:\Program Files (x86)\GitExtensions\
USERNAME=Jérémie
OS=Windows_NT
PROCESSOR_IDENTIFIER=Intel64 Family 6 Model 58 Stepping 9, GenuineIntel



---------------  S Y S T E M  ---------------

OS: Windows 7 , 64 bit Build 7601 (6.1.7601.23539)

CPU:total 8 (4 cores per cpu, 2 threads per core) family 6 model 58 stepping 9, cmov, cx8, fxsr, mmx, sse, sse2, sse3, ssse3, sse4.1, sse4.2, popcnt, avx, aes, clmul, erms, ht, tsc, tscinvbit, tscinv

Memory: 4k page, physical 8283508k(220252k free), swap 9330224k(5088k free)

vm_info: Java HotSpot(TM) 64-Bit Server VM (25.101-b13) for windows-amd64 JRE (1.8.0_101-b13), built on Jun 22 2016 01:21:29 by "java_re" with MS VC++ 10.0 (VS2010)

time: Thu Oct 13 10:06:43 2016
elapsed time: 1 seconds (0d 0h 0m 1s)

