#
# There is insufficient memory for the Java Runtime Environment to continue.
# Native memory allocation (malloc) failed to allocate 726176 bytes for Chunk::new
# Possible reasons:
#   The system is out of physical RAM or swap space
#   In 32 bit mode, the process size limit was hit
# Possible solutions:
#   Reduce memory load on the system
#   Increase physical memory or swap space
#   Check if swap backing store is full
#   Use 64 bit Java on a 64 bit OS
#   Decrease Java heap size (-Xmx/-Xms)
#   Decrease number of Java threads
#   Decrease Java thread stack sizes (-Xss)
#   Set larger code cache with -XX:ReservedCodeCacheSize=
# This output file may be truncated or incomplete.
#
#  Out of Memory Error (allocation.cpp:390), pid=8572, tid=0x00000000000022fc
#
# JRE version: Java(TM) SE Runtime Environment (8.0_101-b13) (build 1.8.0_101-b13)
# Java VM: Java HotSpot(TM) 64-Bit Server VM (25.101-b13 mixed mode windows-amd64 compressed oops)
# Failed to write core dump. Minidumps are not enabled by default on client versions of Windows
#

---------------  T H R E A D  ---------------

Current thread (0x0000000056970000):  JavaThread "C2 CompilerThread2" daemon [_thread_in_native, id=8956, stack(0x0000000058d20000,0x0000000058e20000)]

Stack: [0x0000000058d20000,0x0000000058e20000]
[error occurred during error reporting (printing stack bounds), id 0xc0000005]

Native frames: (J=compiled Java code, j=interpreted, Vv=VM code, C=native code)


Current CompileTask:
C2:   3726 1514   !   4       com.android.dx.cf.code.BytecodeArray::parseInstruction (2764 bytes)


---------------  P R O C E S S  ---------------

Java Threads: ( => current thread )
  0x0000000056bad800 JavaThread "pool-1-thread-4" [_thread_blocked_trans, id=9020, stack(0x0000000059c80000,0x0000000059d80000)]
  0x00000000594be800 JavaThread "pool-1-thread-3" [_thread_blocked, id=9016, stack(0x000000005a1a0000,0x000000005a2a0000)]
  0x00000000594bd800 JavaThread "pool-1-thread-2" [_thread_blocked, id=9012, stack(0x0000000059fd0000,0x000000005a0d0000)]
  0x0000000056ba0800 JavaThread "pool-2-thread-1" [_thread_blocked, id=9008, stack(0x0000000059ed0000,0x0000000059fd0000)]
  0x0000000056b9d800 JavaThread "pool-1-thread-1" [_thread_blocked, id=9004, stack(0x0000000059dd0000,0x0000000059ed0000)]
  0x0000000056979800 JavaThread "Service Thread" daemon [_thread_blocked, id=8964, stack(0x0000000059100000,0x0000000059200000)]
  0x0000000056970800 JavaThread "C1 CompilerThread3" daemon [_thread_blocked, id=8960, stack(0x0000000058f10000,0x0000000059010000)]
=>0x0000000056970000 JavaThread "C2 CompilerThread2" daemon [_thread_in_native, id=8956, stack(0x0000000058d20000,0x0000000058e20000)]
  0x000000005690a800 JavaThread "C2 CompilerThread1" daemon [_thread_blocked, id=8952, stack(0x0000000058bf0000,0x0000000058cf0000)]
  0x0000000056906800 JavaThread "C2 CompilerThread0" daemon [_thread_in_native, id=8948, stack(0x0000000058a80000,0x0000000058b80000)]
  0x0000000056903000 JavaThread "Attach Listener" daemon [_thread_blocked, id=8944, stack(0x00000000588e0000,0x00000000589e0000)]
  0x0000000056902000 JavaThread "Signal Dispatcher" daemon [_thread_blocked, id=8912, stack(0x0000000058480000,0x0000000058580000)]
  0x0000000055852800 JavaThread "Finalizer" daemon [_thread_blocked, id=8868, stack(0x00000000587c0000,0x00000000588c0000)]
  0x0000000055849800 JavaThread "Reference Handler" daemon [_thread_blocked, id=8840, stack(0x0000000058630000,0x0000000058730000)]
  0x00000000002fe800 JavaThread "main" [_thread_blocked, id=8724, stack(0x00000000025e0000,0x00000000026e0000)]

Other Threads:
  0x00000000568b2800 VMThread [stack: 0x0000000058360000,0x0000000058460000] [id=8824]
  0x000000005698e800 WatcherThread [stack: 0x0000000059370000,0x0000000059470000] [id=8972]

VM state:not at safepoint (normal execution)

VM Mutex/Monitor currently owned by a thread: None

Heap:
 PSYoungGen      total 38400K, used 33563K [0x00000000eab00000, 0x00000000ef600000, 0x0000000100000000)
  eden space 33280K, 85% used [0x00000000eab00000,0x00000000ec6cb1b0,0x00000000ecb80000)
  from space 5120K, 99% used [0x00000000ecb80000,0x00000000ed07bab8,0x00000000ed080000)
  to   space 5120K, 0% used [0x00000000ef100000,0x00000000ef100000,0x00000000ef600000)
 ParOldGen       total 87552K, used 678K [0x00000000c0000000, 0x00000000c5580000, 0x00000000eab00000)
  object space 87552K, 0% used [0x00000000c0000000,0x00000000c00a9ae0,0x00000000c5580000)
 Metaspace       used 6051K, capacity 7088K, committed 7296K, reserved 1056768K
  class space    used 591K, capacity 616K, committed 640K, reserved 1048576K

Card table byte_map: [0x0000000011d70000,0x0000000011f80000] byte_map_base: 0x0000000011770000

Marking Bits: (ParMarkBitMap*) 0x0000000057fba6d0
 Begin Bits: [0x0000000012c60000, 0x0000000013c60000)
 End Bits:   [0x0000000013c60000, 0x0000000014c60000)

Polling page: 0x0000000000340000

CodeCache: size=245760Kb used=6301Kb max_used=6312Kb free=239458Kb
 bounds [0x00000000029b0000, 0x0000000002ff0000, 0x00000000119b0000]
 total_blobs=1764 nmethods=1501 adapters=176
 compilation: enabled

Compilation events (10 events):
Event: 3.435 Thread 0x0000000056970800 nmethod 1517 0x0000000002fd3790 code [0x0000000002fd3960, 0x0000000002fd41d8]
Event: 3.435 Thread 0x0000000056970800 1525       3       com.android.dx.rop.code.DexTranslationAdvice::hasConstantOperation (163 bytes)
Event: 3.437 Thread 0x0000000056970800 nmethod 1525 0x0000000002fd46d0 code [0x0000000002fd4920, 0x0000000002fd6138]
Event: 3.565 Thread 0x000000005690a800 nmethod 1511 0x0000000002fdad10 code [0x0000000002fdaf60, 0x0000000002fdc978]
Event: 3.565 Thread 0x000000005690a800 1523   !   4       com.android.dx.rop.type.Type::intern (319 bytes)
Event: 3.584 Thread 0x000000005690a800 nmethod 1523 0x0000000002fdebd0 code [0x0000000002fdedc0, 0x0000000002fdfab0]
Event: 3.584 Thread 0x000000005690a800 1526       4       com.android.dx.ssa.SsaRenamer$BlockRenamer::updateSuccessorPhis (64 bytes)
Event: 3.678 Thread 0x000000005690a800 nmethod 1526 0x0000000002fe0290 code [0x0000000002fe0420, 0x0000000002fe0b88]
Event: 3.678 Thread 0x000000005690a800 1515       4       com.android.dx.rop.code.BasicBlockList::preferredSuccessorOf (77 bytes)
Event: 3.684 Thread 0x000000005690a800 nmethod 1515 0x0000000002fbdb10 code [0x0000000002fbdc80, 0x0000000002fbdf98]

GC Heap History (2 events):
Event: 1.336 GC heap before
{Heap before GC invocations=1 (full 0):
 PSYoungGen      total 38400K, used 33280K [0x00000000eab00000, 0x00000000ed580000, 0x0000000100000000)
  eden space 33280K, 100% used [0x00000000eab00000,0x00000000ecb80000,0x00000000ecb80000)
  from space 5120K, 0% used [0x00000000ed080000,0x00000000ed080000,0x00000000ed580000)
  to   space 5120K, 0% used [0x00000000ecb80000,0x00000000ecb80000,0x00000000ed080000)
 ParOldGen       total 87552K, used 0K [0x00000000c0000000, 0x00000000c5580000, 0x00000000eab00000)
  object space 87552K, 0% used [0x00000000c0000000,0x00000000c0000000,0x00000000c5580000)
 Metaspace       used 5811K, capacity 6832K, committed 7040K, reserved 1056768K
  class space    used 591K, capacity 616K, committed 640K, reserved 1048576K
Event: 1.399 GC heap after
Heap after GC invocations=1 (full 0):
 PSYoungGen      total 38400K, used 5102K [0x00000000eab00000, 0x00000000ef600000, 0x0000000100000000)
  eden space 33280K, 0% used [0x00000000eab00000,0x00000000eab00000,0x00000000ecb80000)
  from space 5120K, 99% used [0x00000000ecb80000,0x00000000ed07bab8,0x00000000ed080000)
  to   space 5120K, 0% used [0x00000000ef100000,0x00000000ef100000,0x00000000ef600000)
 ParOldGen       total 87552K, used 678K [0x00000000c0000000, 0x00000000c5580000, 0x00000000eab00000)
  object space 87552K, 0% used [0x00000000c0000000,0x00000000c00a9ae0,0x00000000c5580000)
 Metaspace       used 5811K, capacity 6832K, committed 7040K, reserved 1056768K
  class space    used 591K, capacity 616K, committed 640K, reserved 1048576K
}

Deoptimization events (10 events):
Event: 0.892 Thread 0x00000000594bd800 Uncommon trap: reason=class_check action=maybe_recompile pc=0x0000000002c83c3c method=com.android.dx.rop.type.Type.equals(Ljava/lang/Object;)Z @ 8
Event: 1.212 Thread 0x0000000056bad800 Uncommon trap: reason=unstable_if action=reinterpret pc=0x0000000002c86c5c method=com.android.dx.rop.code.RegisterSpecSet.put(Lcom/android/dx/rop/code/RegisterSpec;)V @ 77
Event: 1.212 Thread 0x0000000056bad800 Uncommon trap: reason=unstable_if action=reinterpret pc=0x0000000002cd8dcc method=com.android.dx.rop.code.RegisterSpecSet.put(Lcom/android/dx/rop/code/RegisterSpec;)V @ 77
Event: 2.031 Thread 0x0000000056b9d800 Uncommon trap: reason=unstable_if action=reinterpret pc=0x0000000002ea8e9c method=com.android.dx.cf.code.BytecodeArray.parseInstruction(ILcom/android/dx/cf/code/BytecodeArray$Visitor;)I @ 1198
Event: 2.052 Thread 0x0000000056bad800 Uncommon trap: reason=null_check action=make_not_entrant pc=0x0000000002c91ea0 method=com.android.dx.ssa.SsaRenamer.getLocalForNewReg(I)Lcom/android/dx/rop/code/LocalItem; @ 19
Event: 2.053 Thread 0x0000000056bad800 Uncommon trap: reason=null_check action=make_not_entrant pc=0x0000000002c76c0c method=com.android.dx.ssa.SsaRenamer.getLocalForNewReg(I)Lcom/android/dx/rop/code/LocalItem; @ 19
Event: 3.171 Thread 0x0000000056bad800 Uncommon trap: reason=unstable_if action=reinterpret pc=0x0000000002f5585c method=com.android.dx.ssa.SsaRenamer$BlockRenamer.process()V @ 90
Event: 3.408 Thread 0x0000000056b9d800 Uncommon trap: reason=unstable_if action=reinterpret pc=0x0000000002f12924 method=com.android.dx.rop.code.RegisterSpecSet.localItemToSpec(Lcom/android/dx/rop/code/LocalItem;)Lcom/android/dx/rop/code/RegisterSpec; @ 35
Event: 3.417 Thread 0x0000000056b9d800 Uncommon trap: reason=unstable_if action=reinterpret pc=0x0000000002cd1e84 method=com.android.dx.rop.cst.Constant.compareTo(Lcom/android/dx/rop/cst/Constant;)I @ 12
Event: 3.425 Thread 0x0000000056b9d800 Uncommon trap: reason=null_check action=make_not_entrant pc=0x0000000002ca1f10 method=com.android.dx.rop.type.Type.equals(Ljava/lang/Object;)Z @ 8

Internal exceptions (5 events):
Event: 0.060 Thread 0x00000000002fe800 Exception <a 'java/lang/NoSuchMethodError': Method sun.misc.Unsafe.defineClass(Ljava/lang/String;[BII)Ljava/lang/Class; name or signature does not match> (0x00000000eab07cc0) thrown at [C:\re\workspace\8-2-build-windows-amd64-cygwin\jdk8u101\7261\hotspot\s>ýkÝ®?
Event: 0.060 Thread 0x00000000002fe800 Exception <a 'java/lang/NoSuchMethodError': Method sun.misc.Unsafe.prefetchRead(Ljava/lang/Object;J)V name or signature does not match> (0x00000000eab07fa8) thrown at [C:\re\workspace\8-2-build-windows-amd64-cygwin\jdk8u101\7261\hotspot\src\share\vm\prims\ë¾ßØKk
Event: 2.052 Thread 0x0000000056bad800 Implicit null exception at 0x0000000002c91328 to 0x0000000002c91e6d
Event: 2.053 Thread 0x0000000056bad800 Implicit null exception at 0x0000000002c76256 to 0x0000000002c76be9
Event: 3.425 Thread 0x0000000056b9d800 Implicit null exception at 0x0000000002ca1e12 to 0x0000000002ca1f02

Events (10 events):
Event: 3.226 loading class com/android/dx/rop/code/RegisterSpec$1 done
Event: 3.408 Thread 0x0000000056b9d800 Uncommon trap: trap_request=0xffffff65 fr.pc=0x0000000002f12924
Event: 3.408 Thread 0x0000000056b9d800 DEOPT PACKING pc=0x0000000002f12924 sp=0x0000000059ece830
Event: 3.408 Thread 0x0000000056b9d800 DEOPT UNPACKING pc=0x00000000029f582a sp=0x0000000059ece768 mode 2
Event: 3.416 Thread 0x0000000056b9d800 Uncommon trap: trap_request=0xffffff65 fr.pc=0x0000000002cd1e84
Event: 3.417 Thread 0x0000000056b9d800 DEOPT PACKING pc=0x0000000002cd1e84 sp=0x0000000059ece3f0
Event: 3.417 Thread 0x0000000056b9d800 DEOPT UNPACKING pc=0x00000000029f582a sp=0x0000000059ece390 mode 2
Event: 3.425 Thread 0x0000000056b9d800 Uncommon trap: trap_request=0xfffffff4 fr.pc=0x0000000002ca1f10
Event: 3.425 Thread 0x0000000056b9d800 DEOPT PACKING pc=0x0000000002ca1f10 sp=0x0000000059ece3d0
Event: 3.425 Thread 0x0000000056b9d800 DEOPT UNPACKING pc=0x00000000029f582a sp=0x0000000059ece358 mode 2


Dynamic libraries:
0x000000013f630000 - 0x000000013f667000 	C:\Program Files\Java\jdk1.8.0_101\bin\java.exe
0x0000000077750000 - 0x00000000778fa000 	C:\Windows\SYSTEM32\ntdll.dll
0x0000000077530000 - 0x000000007764f000 	C:\Windows\system32\kernel32.dll
0x000007fefd5e0000 - 0x000007fefd64a000 	C:\Windows\system32\KERNELBASE.dll
0x000007fefe7c0000 - 0x000007fefe89b000 	C:\Windows\system32\ADVAPI32.dll
0x000007fefe4c0000 - 0x000007fefe55f000 	C:\Windows\system32\msvcrt.dll
0x000007feff630000 - 0x000007feff64f000 	C:\Windows\SYSTEM32\sechost.dll
0x000007feff930000 - 0x000007feffa5d000 	C:\Windows\system32\RPCRT4.dll
0x0000000077650000 - 0x000000007774a000 	C:\Windows\system32\USER32.dll
0x000007fefde00000 - 0x000007fefde67000 	C:\Windows\system32\GDI32.dll
0x000007fefdb90000 - 0x000007fefdb9e000 	C:\Windows\system32\LPK.dll
0x000007fefe330000 - 0x000007fefe3fa000 	C:\Windows\system32\USP10.dll
0x000007fefb020000 - 0x000007fefb214000 	C:\Windows\WinSxS\amd64_microsoft.windows.common-controls_6595b64144ccf1df_6.0.7601.18837_none_fa3b1e3d17594757\COMCTL32.dll
0x000007fefda80000 - 0x000007fefdaf1000 	C:\Windows\system32\SHLWAPI.dll
0x000007fefdb00000 - 0x000007fefdb2e000 	C:\Windows\system32\IMM32.DLL
0x000007fefe220000 - 0x000007fefe329000 	C:\Windows\system32\MSCTF.dll
0x000007fefd3a0000 - 0x000007fefd3e4000 	C:\windows\system32\nvinitx.dll
0x0000000058040000 - 0x0000000058112000 	C:\Program Files\Java\jdk1.8.0_101\jre\bin\msvcr100.dll
0x00000000577a0000 - 0x000000005803a000 	C:\Program Files\Java\jdk1.8.0_101\jre\bin\server\jvm.dll
0x000007fef8b60000 - 0x000007fef8b69000 	C:\Windows\system32\WSOCK32.dll
0x000007fefddb0000 - 0x000007fefddfd000 	C:\Windows\system32\WS2_32.dll
0x000007fefd840000 - 0x000007fefd848000 	C:\Windows\system32\NSI.dll
0x000007fefac10000 - 0x000007fefac4b000 	C:\Windows\system32\WINMM.dll
0x000007fefc4b0000 - 0x000007fefc4bc000 	C:\Windows\system32\VERSION.dll
0x0000000077910000 - 0x0000000077917000 	C:\Windows\system32\PSAPI.DLL
0x000000005c390000 - 0x000000005c39f000 	C:\Program Files\Java\jdk1.8.0_101\jre\bin\verify.dll
0x00000000581d0000 - 0x00000000581f9000 	C:\Program Files\Java\jdk1.8.0_101\jre\bin\java.dll
0x000000005c370000 - 0x000000005c386000 	C:\Program Files\Java\jdk1.8.0_101\jre\bin\zip.dll
0x000007fefe8a0000 - 0x000007feff62a000 	C:\Windows\system32\SHELL32.dll
0x000007fefdba0000 - 0x000007fefdda3000 	C:\Windows\system32\ole32.dll
0x000007fefd480000 - 0x000007fefd48f000 	C:\Windows\system32\profapi.dll

VM Arguments:
jvm_args: -Djava.awt.headless=true -Xmx1024M -Dfile.encoding=windows-1252 -Duser.country=FR -Duser.language=fr -Duser.variant 
java_command: com.android.dx.command.Main --dex --num-threads=4 --output C:\Android\Projects\MeteoAppli\app\build\intermediates\pre-dexed\debug\com.android.support-support-compat-24.2.1_f923c47ac54f952833af693e8079ec71b7f71cae.jar C:\Android\Projects\MeteoAppli\app\build\intermediates\exploded-aar\com.android.support\support-compat\24.2.1\jars\classes.jar
java_class_path (initial): C:\Android\build-tools\24.0.2\lib\dx.jar
Launcher Type: SUN_STANDARD

Environment Variables:
PATH=C:\ProgramData\Oracle\Java\javapath;C:\Program Files\Common Files\Microsoft Shared\Windows Live;C:\Program Files (x86)\Common Files\Microsoft Shared\Windows Live;C:\Program Files (x86)\NVIDIA Corporation\PhysX\Common;C:\Program Files (x86)\Intel\iCLS Client\;C:\Program Files\Intel\iCLS Client\;C:\Windows\system32;C:\Windows;C:\Windows\System32\Wbem;C:\Windows\System32\WindowsPowerShell\v1.0\;C:\Program Files\Intel\Intel(R) Management Engine Components\DAL;C:\Program Files\Intel\Intel(R) Management Engine Components\IPT;C:\Program Files (x86)\Intel\Intel(R) Management Engine Components\DAL;C:\Program Files (x86)\Intel\Intel(R) Management Engine Components\IPT;C:\Program Files (x86)\Intel\OpenCL SDK\2.0\bin\x86;C:\Program Files (x86)\Intel\OpenCL SDK\2.0\bin\x64;C:\Program Files\Intel\WiFi\bin\;C:\Program Files\Common Files\Intel\WirelessCommon\;C:\Program Files (x86)\Windows Live\Shared;C:\Program Files (x86)\Skype\Phone\;C:\Program Files (x86)\GitExtensions\
USERNAME=Jérémie
OS=Windows_NT
PROCESSOR_IDENTIFIER=Intel64 Family 6 Model 58 Stepping 9, GenuineIntel



---------------  S Y S T E M  ---------------

OS: Windows 7 , 64 bit Build 7601 (6.1.7601.23543)

CPU:total 8 (4 cores per cpu, 2 threads per core) family 6 model 58 stepping 9, cmov, cx8, fxsr, mmx, sse, sse2, sse3, ssse3, sse4.1, sse4.2, popcnt, avx, aes, clmul, erms, ht, tsc, tscinvbit, tscinv

Memory: 4k page, physical 8283508k(419892k free), swap 9330224k(5092k free)

vm_info: Java HotSpot(TM) 64-Bit Server VM (25.101-b13) for windows-amd64 JRE (1.8.0_101-b13), built on Jun 22 2016 01:21:29 by "java_re" with MS VC++ 10.0 (VS2010)

time: Tue Nov 01 12:56:51 2016
elapsed time: 3 seconds (0d 0h 0m 3s)

