#
# There is insufficient memory for the Java Runtime Environment to continue.
# Native memory allocation (malloc) failed to allocate 196336 bytes for Chunk::new
# Possible reasons:
#   The system is out of physical RAM or swap space
#   In 32 bit mode, the process size limit was hit
# Possible solutions:
#   Reduce memory load on the system
#   Increase physical memory or swap space
#   Check if swap backing store is full
#   Use 64 bit Java on a 64 bit OS
#   Decrease Java heap size (-Xmx/-Xms)
#   Decrease number of Java threads
#   Decrease Java thread stack sizes (-Xss)
#   Set larger code cache with -XX:ReservedCodeCacheSize=
# This output file may be truncated or incomplete.
#
#  Out of Memory Error (allocation.cpp:390), pid=7076, tid=0x00000000000016f4
#
# JRE version: Java(TM) SE Runtime Environment (8.0_101-b13) (build 1.8.0_101-b13)
# Java VM: Java HotSpot(TM) 64-Bit Server VM (25.101-b13 mixed mode windows-amd64 compressed oops)
# Failed to write core dump. Minidumps are not enabled by default on client versions of Windows
#

---------------  T H R E A D  ---------------

Current thread (0x00000000571f3800):  JavaThread "C2 CompilerThread2" daemon [_thread_in_native, id=5876, stack(0x0000000058be0000,0x0000000058ce0000)]

Stack: [0x0000000058be0000,0x0000000058ce0000]
[error occurred during error reporting (printing stack bounds), id 0xc0000005]

Native frames: (J=compiled Java code, j=interpreted, Vv=VM code, C=native code)


Current CompileTask:
C2:   1496 1218       4       com.android.dx.ssa.back.FirstFitLocalCombiningAllocator$1::visitNonMoveInsn (6 bytes)


---------------  P R O C E S S  ---------------

Java Threads: ( => current thread )
  0x0000000059051000 JavaThread "pool-1-thread-4" [_thread_in_Java, id=1624, stack(0x0000000059e30000,0x0000000059f30000)]
  0x0000000059050000 JavaThread "pool-1-thread-3" [_thread_blocked, id=8700, stack(0x0000000059cf0000,0x0000000059df0000)]
  0x00000000574a9000 JavaThread "pool-1-thread-2" [_thread_blocked, id=4956, stack(0x0000000059b10000,0x0000000059c10000)]
  0x0000000057460000 JavaThread "pool-2-thread-1" [_thread_blocked, id=7404, stack(0x0000000059980000,0x0000000059a80000)]
  0x000000005745f000 JavaThread "pool-1-thread-1" [_thread_in_Java, id=9160, stack(0x0000000058ce0000,0x0000000058de0000)]
  0x0000000057253000 JavaThread "Service Thread" daemon [_thread_blocked, id=8340, stack(0x0000000058620000,0x0000000058720000)]
  0x00000000571f5800 JavaThread "C1 CompilerThread3" daemon [_thread_blocked, id=7984, stack(0x0000000058e10000,0x0000000058f10000)]
=>0x00000000571f3800 JavaThread "C2 CompilerThread2" daemon [_thread_in_native, id=5876, stack(0x0000000058be0000,0x0000000058ce0000)]
  0x00000000571eb000 JavaThread "C2 CompilerThread1" daemon [_thread_in_native, id=4272, stack(0x00000000589b0000,0x0000000058ab0000)]
  0x00000000571e7000 JavaThread "C2 CompilerThread0" daemon [_thread_in_native, id=6840, stack(0x0000000058880000,0x0000000058980000)]
  0x00000000571e3800 JavaThread "Attach Listener" daemon [_thread_blocked, id=6824, stack(0x0000000058730000,0x0000000058830000)]
  0x00000000571e2000 JavaThread "Signal Dispatcher" daemon [_thread_blocked, id=7132, stack(0x0000000058220000,0x0000000058320000)]
  0x0000000055b8f800 JavaThread "Finalizer" daemon [_thread_blocked, id=8364, stack(0x0000000058510000,0x0000000058610000)]
  0x0000000055b88000 JavaThread "Reference Handler" daemon [_thread_blocked, id=1444, stack(0x00000000583a0000,0x00000000584a0000)]
  0x000000000248e800 JavaThread "main" [_thread_blocked, id=6808, stack(0x00000000027f0000,0x00000000028f0000)]

Other Threads:
  0x0000000057192800 VMThread [stack: 0x00000000580f0000,0x00000000581f0000] [id=3964]
  0x0000000057272800 WatcherThread [stack: 0x0000000058f30000,0x0000000059030000] [id=1480]

VM state:not at safepoint (normal execution)

VM Mutex/Monitor currently owned by a thread: None

Heap:
 PSYoungGen      total 38400K, used 20339K [0x00000000eab00000, 0x00000000ef600000, 0x0000000100000000)
  eden space 33280K, 45% used [0x00000000eab00000,0x00000000eb9e3840,0x00000000ecb80000)
  from space 5120K, 99% used [0x00000000ecb80000,0x00000000ed079640,0x00000000ed080000)
  to   space 5120K, 0% used [0x00000000ef100000,0x00000000ef100000,0x00000000ef600000)
 ParOldGen       total 87552K, used 1550K [0x00000000c0000000, 0x00000000c5580000, 0x00000000eab00000)
  object space 87552K, 1% used [0x00000000c0000000,0x00000000c0183960,0x00000000c5580000)
 Metaspace       used 5899K, capacity 6960K, committed 7040K, reserved 1056768K
  class space    used 590K, capacity 616K, committed 640K, reserved 1048576K

Card table byte_map: [0x0000000011f80000,0x0000000012190000] byte_map_base: 0x0000000011980000

Marking Bits: (ParMarkBitMap*) 0x0000000056d7a6d0
 Begin Bits: [0x0000000012fa0000, 0x0000000013fa0000)
 End Bits:   [0x0000000013fa0000, 0x0000000014fa0000)

Polling page: 0x0000000000330000

CodeCache: size=245760Kb used=5047Kb max_used=5047Kb free=240712Kb
 bounds [0x0000000002bc0000, 0x00000000030c0000, 0x0000000011bc0000]
 total_blobs=1549 nmethods=1286 adapters=176
 compilation: enabled

Compilation events (10 events):
Event: 1.490 Thread 0x00000000571f5800 1296       3       com.android.dx.ssa.NormalSsaInsn::canThrow (8 bytes)
Event: 1.490 Thread 0x00000000571f5800 nmethod 1296 0x00000000030afad0 code [0x00000000030afc60, 0x00000000030b00a8]
Event: 1.490 Thread 0x00000000571f5800 1297       3       com.android.dx.rop.cst.TypedConstant::getBasicType (8 bytes)
Event: 1.490 Thread 0x00000000571f5800 nmethod 1297 0x00000000030b0250 code [0x00000000030b03c0, 0x00000000030b0668]
Event: 1.490 Thread 0x00000000571f5800 1294       3       com.android.dx.rop.code.Insn::canThrow (8 bytes)
Event: 1.490 Thread 0x00000000571f5800 nmethod 1294 0x00000000030b0710 code [0x00000000030b0880, 0x00000000030b0bc8]
Event: 1.490 Thread 0x00000000571f5800 1295       3       com.android.dx.rop.code.Rops::opConst (85 bytes)
Event: 1.491 Thread 0x00000000571f5800 nmethod 1295 0x00000000030b0cd0 code [0x00000000030b0f20, 0x00000000030b1c08]
Event: 1.491 Thread 0x00000000571f5800 1280       1       com.android.dx.rop.code.ThrowingInsn::getCatches (5 bytes)
Event: 1.491 Thread 0x00000000571f5800 nmethod 1280 0x0000000003080f90 code [0x00000000030810e0, 0x00000000030811f0]

GC Heap History (2 events):
Event: 0.976 GC heap before
{Heap before GC invocations=1 (full 0):
 PSYoungGen      total 38400K, used 33280K [0x00000000eab00000, 0x00000000ed580000, 0x0000000100000000)
  eden space 33280K, 100% used [0x00000000eab00000,0x00000000ecb80000,0x00000000ecb80000)
  from space 5120K, 0% used [0x00000000ed080000,0x00000000ed080000,0x00000000ed580000)
  to   space 5120K, 0% used [0x00000000ecb80000,0x00000000ecb80000,0x00000000ed080000)
 ParOldGen       total 87552K, used 0K [0x00000000c0000000, 0x00000000c5580000, 0x00000000eab00000)
  object space 87552K, 0% used [0x00000000c0000000,0x00000000c0000000,0x00000000c5580000)
 Metaspace       used 5752K, capacity 6832K, committed 7040K, reserved 1056768K
  class space    used 590K, capacity 616K, committed 640K, reserved 1048576K
Event: 1.249 GC heap after
Heap after GC invocations=1 (full 0):
 PSYoungGen      total 38400K, used 5093K [0x00000000eab00000, 0x00000000ef600000, 0x0000000100000000)
  eden space 33280K, 0% used [0x00000000eab00000,0x00000000eab00000,0x00000000ecb80000)
  from space 5120K, 99% used [0x00000000ecb80000,0x00000000ed079640,0x00000000ed080000)
  to   space 5120K, 0% used [0x00000000ef100000,0x00000000ef100000,0x00000000ef600000)
 ParOldGen       total 87552K, used 1550K [0x00000000c0000000, 0x00000000c5580000, 0x00000000eab00000)
  object space 87552K, 1% used [0x00000000c0000000,0x00000000c0183960,0x00000000c5580000)
 Metaspace       used 5752K, capacity 6832K, committed 7040K, reserved 1056768K
  class space    used 590K, capacity 616K, committed 640K, reserved 1048576K
}

Deoptimization events (10 events):
Event: 0.919 Thread 0x000000000248e800 Uncommon trap: reason=class_check action=maybe_recompile pc=0x0000000002df9ca0 method=com.android.dx.ssa.NormalSsaInsn.accept(Lcom/android/dx/ssa/SsaInsn$Visitor;)V @ 9
Event: 0.919 Thread 0x000000000248e800 Uncommon trap: reason=class_check action=maybe_recompile pc=0x0000000002df9ca0 method=com.android.dx.ssa.NormalSsaInsn.accept(Lcom/android/dx/ssa/SsaInsn$Visitor;)V @ 9
Event: 0.942 Thread 0x0000000059051000 Uncommon trap: reason=class_check action=maybe_recompile pc=0x0000000002e7cf08 method=com.android.dx.ssa.NormalSsaInsn.accept(Lcom/android/dx/ssa/SsaInsn$Visitor;)V @ 9
Event: 1.327 Thread 0x000000000248e800 Uncommon trap: reason=null_check action=make_not_entrant pc=0x0000000002fbaa7c method=com.android.dx.ssa.SsaRenamer.getLocalForNewReg(I)Lcom/android/dx/rop/code/LocalItem; @ 19
Event: 1.341 Thread 0x000000000248e800 Uncommon trap: reason=unstable_if action=reinterpret pc=0x0000000002e7671c method=com.android.dx.rop.code.RegisterSpecSet.put(Lcom/android/dx/rop/code/RegisterSpec;)V @ 77
Event: 1.341 Thread 0x000000000248e800 Uncommon trap: reason=unstable_if action=reinterpret pc=0x0000000002edbd0c method=com.android.dx.rop.code.RegisterSpecSet.put(Lcom/android/dx/rop/code/RegisterSpec;)V @ 77
Event: 1.449 Thread 0x000000005745f000 Uncommon trap: reason=unstable_if action=reinterpret pc=0x0000000002e69280 method=com.android.dx.rop.code.RegisterSpec.equals(ILcom/android/dx/rop/type/TypeBearer;Lcom/android/dx/rop/code/LocalItem;)Z @ 42
Event: 1.450 Thread 0x000000005745f000 Uncommon trap: reason=unstable_if action=reinterpret pc=0x000000000308ce4c method=com.android.dx.ssa.SsaRenamer$BlockRenamer.addMapping(ILcom/android/dx/rop/code/RegisterSpec;)V @ 120
Event: 1.450 Thread 0x000000005745f000 Uncommon trap: reason=unstable_if action=reinterpret pc=0x0000000002f9b5cc method=com.android.dx.ssa.SsaRenamer$BlockRenamer.addMapping(ILcom/android/dx/rop/code/RegisterSpec;)V @ 120
Event: 1.450 Thread 0x000000005745f000 Uncommon trap: reason=unstable_if action=reinterpret pc=0x0000000002f0c084 method=com.android.dx.ssa.SsaRenamer$BlockRenamer.addMapping(ILcom/android/dx/rop/code/RegisterSpec;)V @ 120

Internal exceptions (3 events):
Event: 0.058 Thread 0x000000000248e800 Exception <a 'java/lang/NoSuchMethodError': Method sun.misc.Unsafe.defineClass(Ljava/lang/String;[BII)Ljava/lang/Class; name or signature does not match> (0x00000000eab07cc0) thrown at [C:\re\workspace\8-2-build-windows-amd64-cygwin\jdk8u101\7261\hotspot\sÃ˝=S]∆≠?
Event: 0.058 Thread 0x000000000248e800 Exception <a 'java/lang/NoSuchMethodError': Method sun.misc.Unsafe.prefetchRead(Ljava/lang/Object;J)V name or signature does not match> (0x00000000eab07fa8) thrown at [C:\re\workspace\8-2-build-windows-amd64-cygwin\jdk8u101\7261\hotspot\src\share\vm\prims\ùµ§”;ı?
Event: 1.327 Thread 0x000000000248e800 Implicit null exception at 0x0000000002fb9e63 to 0x0000000002fbaa31

Events (10 events):
Event: 1.450 Thread 0x000000005745f000 DEOPT PACKING pc=0x000000000308ce4c sp=0x0000000058dde720
Event: 1.450 Thread 0x000000005745f000 DEOPT UNPACKING pc=0x0000000002c0582a sp=0x0000000058dde5e0 mode 2
Event: 1.450 Thread 0x000000005745f000 Uncommon trap: trap_request=0xffffff65 fr.pc=0x0000000002f9b5cc
Event: 1.450 Thread 0x000000005745f000 DEOPT PACKING pc=0x0000000002f9b5cc sp=0x0000000058dde6a0
Event: 1.450 Thread 0x000000005745f000 DEOPT UNPACKING pc=0x0000000002c0582a sp=0x0000000058dde5d0 mode 2
Event: 1.450 Thread 0x000000005745f000 Uncommon trap: trap_request=0xffffff65 fr.pc=0x0000000002f0c084
Event: 1.450 Thread 0x000000005745f000 DEOPT PACKING pc=0x0000000002f0c084 sp=0x0000000058dde620
Event: 1.450 Thread 0x000000005745f000 DEOPT UNPACKING pc=0x0000000002c0582a sp=0x0000000058dde5c8 mode 2
Event: 1.451 Thread 0x000000005745f000 DEOPT PACKING pc=0x0000000002f89217 sp=0x0000000058dde800
Event: 1.451 Thread 0x000000005745f000 DEOPT UNPACKING pc=0x0000000002c0787f sp=0x0000000058dde5c8 mode 0


Dynamic libraries:
0x000000013fcd0000 - 0x000000013fd07000 	C:\Program Files\Java\jdk1.8.0_101\bin\java.exe
0x00000000770f0000 - 0x000000007729a000 	C:\Windows\SYSTEM32\ntdll.dll
0x0000000076fd0000 - 0x00000000770ef000 	C:\Windows\system32\kernel32.dll
0x000007fefcff0000 - 0x000007fefd05a000 	C:\Windows\system32\KERNELBASE.dll
0x000007fefd4b0000 - 0x000007fefd58b000 	C:\Windows\system32\ADVAPI32.dll
0x000007fefeca0000 - 0x000007fefed3f000 	C:\Windows\system32\msvcrt.dll
0x000007feff0b0000 - 0x000007feff0cf000 	C:\Windows\SYSTEM32\sechost.dll
0x000007fefedc0000 - 0x000007fefeeed000 	C:\Windows\system32\RPCRT4.dll
0x0000000076ed0000 - 0x0000000076fca000 	C:\Windows\system32\USER32.dll
0x000007fefd590000 - 0x000007fefd5f7000 	C:\Windows\system32\GDI32.dll
0x000007fefd600000 - 0x000007fefd60e000 	C:\Windows\system32\LPK.dll
0x000007fefd6f0000 - 0x000007fefd7ba000 	C:\Windows\system32\USP10.dll
0x000007fefa9c0000 - 0x000007fefabb4000 	C:\Windows\WinSxS\amd64_microsoft.windows.common-controls_6595b64144ccf1df_6.0.7601.18837_none_fa3b1e3d17594757\COMCTL32.dll
0x000007fefed40000 - 0x000007fefedb1000 	C:\Windows\system32\SHLWAPI.dll
0x000007fefeef0000 - 0x000007fefef1e000 	C:\Windows\system32\IMM32.DLL
0x000007fefeae0000 - 0x000007fefebe9000 	C:\Windows\system32\MSCTF.dll
0x000007fefcd40000 - 0x000007fefcd84000 	C:\windows\system32\nvinitx.dll
0x000000006fdd0000 - 0x000000006fea2000 	C:\Program Files\Java\jdk1.8.0_101\jre\bin\msvcr100.dll
0x0000000056560000 - 0x0000000056dfa000 	C:\Program Files\Java\jdk1.8.0_101\jre\bin\server\jvm.dll
0x000007fef84a0000 - 0x000007fef84a9000 	C:\Windows\system32\WSOCK32.dll
0x000007feff0d0000 - 0x000007feff11d000 	C:\Windows\system32\WS2_32.dll
0x000007fefebf0000 - 0x000007fefebf8000 	C:\Windows\system32\NSI.dll
0x000007fefa5b0000 - 0x000007fefa5eb000 	C:\Windows\system32\WINMM.dll
0x000007fefbe50000 - 0x000007fefbe5c000 	C:\Windows\system32\VERSION.dll
0x00000000772b0000 - 0x00000000772b7000 	C:\Windows\system32\PSAPI.DLL
0x0000000070130000 - 0x000000007013f000 	C:\Program Files\Java\jdk1.8.0_101\jre\bin\verify.dll
0x000000006ff60000 - 0x000000006ff89000 	C:\Program Files\Java\jdk1.8.0_101\jre\bin\java.dll
0x0000000070110000 - 0x0000000070126000 	C:\Program Files\Java\jdk1.8.0_101\jre\bin\zip.dll
0x000007fefd860000 - 0x000007fefe5ea000 	C:\Windows\system32\SHELL32.dll
0x000007fefe5f0000 - 0x000007fefe7f3000 	C:\Windows\system32\ole32.dll
0x000007fefce20000 - 0x000007fefce2f000 	C:\Windows\system32\profapi.dll

VM Arguments:
jvm_args: -Djava.awt.headless=true -Xmx1024M -Dfile.encoding=windows-1252 -Duser.country=FR -Duser.language=fr -Duser.variant 
java_command: com.android.dx.command.Main --dex --num-threads=4 --output C:\Android\Projects\MeteoAppli\app\build\intermediates\pre-dexed\debug\com.android.support-support-media-compat-24.2.1_eb41ebcde456a45430b8ee0d4021f97a79abd063.jar C:\Android\Projects\MeteoAppli\app\build\intermediates\exploded-aar\com.android.support\support-media-compat\24.2.1\jars\classes.jar
java_class_path (initial): C:\Android\build-tools\24.0.2\lib\dx.jar
Launcher Type: SUN_STANDARD

Environment Variables:
PATH=C:\ProgramData\Oracle\Java\javapath;C:\Program Files\Common Files\Microsoft Shared\Windows Live;C:\Program Files (x86)\Common Files\Microsoft Shared\Windows Live;C:\Program Files (x86)\NVIDIA Corporation\PhysX\Common;C:\Program Files (x86)\Intel\iCLS Client\;C:\Program Files\Intel\iCLS Client\;C:\Windows\system32;C:\Windows;C:\Windows\System32\Wbem;C:\Windows\System32\WindowsPowerShell\v1.0\;C:\Program Files\Intel\Intel(R) Management Engine Components\DAL;C:\Program Files\Intel\Intel(R) Management Engine Components\IPT;C:\Program Files (x86)\Intel\Intel(R) Management Engine Components\DAL;C:\Program Files (x86)\Intel\Intel(R) Management Engine Components\IPT;C:\Program Files (x86)\Intel\OpenCL SDK\2.0\bin\x86;C:\Program Files (x86)\Intel\OpenCL SDK\2.0\bin\x64;C:\Program Files\Intel\WiFi\bin\;C:\Program Files\Common Files\Intel\WirelessCommon\;C:\Program Files (x86)\Windows Live\Shared;C:\Program Files (x86)\Skype\Phone\;C:\Program Files (x86)\GitExtensions\
USERNAME=JÈrÈmie
OS=Windows_NT
PROCESSOR_IDENTIFIER=Intel64 Family 6 Model 58 Stepping 9, GenuineIntel



---------------  S Y S T E M  ---------------

OS: Windows 7 , 64 bit Build 7601 (6.1.7601.23543)

CPU:total 8 (4 cores per cpu, 2 threads per core) family 6 model 58 stepping 9, cmov, cx8, fxsr, mmx, sse, sse2, sse3, ssse3, sse4.1, sse4.2, popcnt, avx, aes, clmul, erms, ht, tsc, tscinvbit, tscinv

Memory: 4k page, physical 8283508k(900416k free), swap 9330224k(4832k free)

vm_info: Java HotSpot(TM) 64-Bit Server VM (25.101-b13) for windows-amd64 JRE (1.8.0_101-b13), built on Jun 22 2016 01:21:29 by "java_re" with MS VC++ 10.0 (VS2010)

time: Tue Nov 08 22:40:41 2016
elapsed time: 1 seconds (0d 0h 0m 1s)

