#
# There is insufficient memory for the Java Runtime Environment to continue.
# Native memory allocation (malloc) failed to allocate 48704 bytes for Chunk::new
# Possible reasons:
#   The system is out of physical RAM or swap space
#   In 32 bit mode, the process size limit was hit
# Possible solutions:
#   Reduce memory load on the system
#   Increase physical memory or swap space
#   Check if swap backing store is full
#   Use 64 bit Java on a 64 bit OS
#   Decrease Java heap size (-Xmx/-Xms)
#   Decrease number of Java threads
#   Decrease Java thread stack sizes (-Xss)
#   Set larger code cache with -XX:ReservedCodeCacheSize=
# This output file may be truncated or incomplete.
#
#  Out of Memory Error (allocation.cpp:390), pid=1764, tid=0x00000000000017e8
#
# JRE version: Java(TM) SE Runtime Environment (8.0_101-b13) (build 1.8.0_101-b13)
# Java VM: Java HotSpot(TM) 64-Bit Server VM (25.101-b13 mixed mode windows-amd64 compressed oops)
# Failed to write core dump. Minidumps are not enabled by default on client versions of Windows
#

---------------  T H R E A D  ---------------

Current thread (0x000000000254e800):  JavaThread "main" [_thread_in_native, id=6120, stack(0x00000000025b0000,0x00000000026b0000)]

Stack: [0x00000000025b0000,0x00000000026b0000]
[error occurred during error reporting (printing stack bounds), id 0xc0000005]

Native frames: (J=compiled Java code, j=interpreted, Vv=VM code, C=native code)

Java frames: (J=compiled Java code, j=interpreted, Vv=VM code)
j  sun.util.locale.LocaleObjectCache.<init>(IFI)V+16
j  sun.util.locale.LocaleObjectCache.<init>()V+7
j  java.util.Locale$Cache.<init>()V+1
j  java.util.Locale$Cache.<init>(Ljava/util/Locale$1;)V+1
j  java.util.Locale.<clinit>()V+21
v  ~StubRoutines::call_stub
j  java.io.WinNTFileSystem.hashCode(Ljava/io/File;)I+4
j  java.io.File.hashCode()I+4
j  java.util.HashMap.hash(Ljava/lang/Object;)I+9
j  java.util.HashMap.put(Ljava/lang/Object;Ljava/lang/Object;)Ljava/lang/Object;+2
j  sun.misc.MetaIndex.registerDirectory(Ljava/io/File;)V+178
j  sun.misc.Launcher$ExtClassLoader$1.run()Lsun/misc/Launcher$ExtClassLoader;+19
j  sun.misc.Launcher$ExtClassLoader$1.run()Ljava/lang/Object;+1
v  ~StubRoutines::call_stub
j  java.security.AccessController.doPrivileged(Ljava/security/PrivilegedExceptionAction;)Ljava/lang/Object;+0
j  sun.misc.Launcher$ExtClassLoader.getExtClassLoader()Lsun/misc/Launcher$ExtClassLoader;+12
j  sun.misc.Launcher.<init>()V+4
j  sun.misc.Launcher.<clinit>()V+15
v  ~StubRoutines::call_stub
j  java.lang.ClassLoader.initSystemClassLoader()V+22
j  java.lang.ClassLoader.getSystemClassLoader()Ljava/lang/ClassLoader;+0
v  ~StubRoutines::call_stub

---------------  P R O C E S S  ---------------

Java Threads: ( => current thread )
  0x0000000055a7d800 JavaThread "Finalizer" daemon [_thread_blocked, id=9016, stack(0x0000000058600000,0x0000000058700000)]
  0x0000000055a76800 JavaThread "Reference Handler" daemon [_thread_blocked, id=6548, stack(0x00000000578c0000,0x00000000579c0000)]
=>0x000000000254e800 JavaThread "main" [_thread_in_native, id=6120, stack(0x00000000025b0000,0x00000000026b0000)]

Other Threads:
  0x00000000568c0800 VMThread [stack: 0x0000000058340000,0x0000000058440000] [id=7620]

VM state:not at safepoint (normal execution)

VM Mutex/Monitor currently owned by a thread: None

Heap:
 PSYoungGen      total 38400K, used 665K [0x00000000eab00000, 0x00000000ed580000, 0x0000000100000000)
  eden space 33280K, 2% used [0x00000000eab00000,0x00000000eaba6670,0x00000000ecb80000)
  from space 5120K, 0% used [0x00000000ed080000,0x00000000ed080000,0x00000000ed580000)
  to   space 5120K, 0% used [0x00000000ecb80000,0x00000000ecb80000,0x00000000ed080000)
 ParOldGen       total 87552K, used 0K [0x00000000c0000000, 0x00000000c5580000, 0x00000000eab00000)
  object space 87552K, 0% used [0x00000000c0000000,0x00000000c0000000,0x00000000c5580000)
 Metaspace       used 1814K, capacity 4480K, committed 4480K, reserved 1056768K
  class space    used 201K, capacity 384K, committed 384K, reserved 1048576K

Card table byte_map: [0x0000000011e10000,0x0000000012020000] byte_map_base: 0x0000000011810000

Marking Bits: (ParMarkBitMap*) 0x000000005822a6d0
 Begin Bits: [0x0000000012e90000, 0x0000000013e90000)
 End Bits:   [0x0000000013e90000, 0x0000000014e90000)

Polling page: 0x0000000000230000

CodeCache: size=245760Kb used=425Kb max_used=425Kb free=245334Kb
 bounds [0x0000000002a50000, 0x0000000002cc0000, 0x0000000011a50000]
 total_blobs=146 nmethods=0 adapters=112
 compilation: enabled

Compilation events (0 events):
No events

GC Heap History (0 events):
No events

Deoptimization events (0 events):
No events

Internal exceptions (2 events):
Event: 0.099 Thread 0x000000000254e800 Exception <a 'java/lang/NoSuchMethodError': Method sun.misc.Unsafe.defineClass(Ljava/lang/String;[BII)Ljava/lang/Class; name or signature does not match> (0x00000000eab07cc0) thrown at [C:\re\workspace\8-2-build-windows-amd64-cygwin\jdk8u101\7261\hotspot\såÌS8S¹?
Event: 0.099 Thread 0x000000000254e800 Exception <a 'java/lang/NoSuchMethodError': Method sun.misc.Unsafe.prefetchRead(Ljava/lang/Object;J)V name or signature does not match> (0x00000000eab07fa8) thrown at [C:\re\workspace\8-2-build-windows-amd64-cygwin\jdk8u101\7261\hotspot\src\share\vm\prims\

Events (10 events):
Event: 0.149 loading class java/nio/charset/CoderResult$2 done
Event: 0.149 loading class java/lang/reflect/Array
Event: 0.150 loading class java/lang/reflect/Array done
Event: 0.150 loading class java/util/Locale
Event: 0.150 loading class java/util/Locale done
Event: 0.151 loading class java/util/Locale$Cache
Event: 0.151 loading class sun/util/locale/LocaleObjectCache
Event: 0.151 loading class sun/util/locale/LocaleObjectCache done
Event: 0.151 loading class java/util/Locale$Cache done
Event: 0.151 loading class java/util/concurrent/ConcurrentHashMap


Dynamic libraries:
0x000000013f8b0000 - 0x000000013f8e7000 	C:\Program Files\Java\jdk1.8.0_101\bin\java.exe
0x0000000077940000 - 0x0000000077aea000 	C:\Windows\SYSTEM32\ntdll.dll
0x0000000077720000 - 0x000000007783f000 	C:\Windows\system32\kernel32.dll
0x000007fefd990000 - 0x000007fefd9fa000 	C:\Windows\system32\KERNELBASE.dll
0x000007fefe910000 - 0x000007fefe9eb000 	C:\Windows\system32\ADVAPI32.dll
0x000007feffbb0000 - 0x000007feffc4f000 	C:\Windows\system32\msvcrt.dll
0x000007feff9c0000 - 0x000007feff9df000 	C:\Windows\SYSTEM32\sechost.dll
0x000007feff9e0000 - 0x000007feffb0d000 	C:\Windows\system32\RPCRT4.dll
0x0000000077840000 - 0x000000007793a000 	C:\Windows\system32\USER32.dll
0x000007fefe9f0000 - 0x000007fefea57000 	C:\Windows\system32\GDI32.dll
0x000007fefeae0000 - 0x000007fefeaee000 	C:\Windows\system32\LPK.dll
0x000007fefe210000 - 0x000007fefe2da000 	C:\Windows\system32\USP10.dll
0x000007fefb210000 - 0x000007fefb404000 	C:\Windows\WinSxS\amd64_microsoft.windows.common-controls_6595b64144ccf1df_6.0.7601.18837_none_fa3b1e3d17594757\COMCTL32.dll
0x000007fefea60000 - 0x000007fefead1000 	C:\Windows\system32\SHLWAPI.dll
0x000007feff990000 - 0x000007feff9be000 	C:\Windows\system32\IMM32.DLL
0x000007feff880000 - 0x000007feff989000 	C:\Windows\system32\MSCTF.dll
0x000007fefd590000 - 0x000007fefd5d4000 	C:\windows\system32\nvinitx.dll
0x0000000072070000 - 0x0000000072142000 	C:\Program Files\Java\jdk1.8.0_101\jre\bin\msvcr100.dll
0x0000000057a10000 - 0x00000000582aa000 	C:\Program Files\Java\jdk1.8.0_101\jre\bin\server\jvm.dll
0x000007fef8cb0000 - 0x000007fef8cb9000 	C:\Windows\system32\WSOCK32.dll
0x000007fefe3c0000 - 0x000007fefe40d000 	C:\Windows\system32\WS2_32.dll
0x000007fefe900000 - 0x000007fefe908000 	C:\Windows\system32\NSI.dll
0x000007fefada0000 - 0x000007fefaddb000 	C:\Windows\system32\WINMM.dll
0x000007fefc6a0000 - 0x000007fefc6ac000 	C:\Windows\system32\VERSION.dll
0x0000000077b10000 - 0x0000000077b17000 	C:\Windows\system32\PSAPI.DLL
0x0000000072bd0000 - 0x0000000072bdf000 	C:\Program Files\Java\jdk1.8.0_101\jre\bin\verify.dll
0x0000000072200000 - 0x0000000072229000 	C:\Program Files\Java\jdk1.8.0_101\jre\bin\java.dll
0x00000000721e0000 - 0x00000000721f6000 	C:\Program Files\Java\jdk1.8.0_101\jre\bin\zip.dll
0x000007fefeaf0000 - 0x000007feff87a000 	C:\Windows\system32\SHELL32.dll
0x000007fefdd20000 - 0x000007fefdf23000 	C:\Windows\system32\ole32.dll
0x000007fefd670000 - 0x000007fefd67f000 	C:\Windows\system32\profapi.dll

VM Arguments:
jvm_args: -Djava.awt.headless=true -Xmx1024M -Dfile.encoding=windows-1252 -Duser.country=FR -Duser.language=fr -Duser.variant 
java_command: com.android.dx.command.Main --dex --num-threads=4 --output C:\Android\Projects\MeteoAppli\app\build\intermediates\pre-dexed\debug\internal_impl-24.2.1_c4700c4cecbd79440df688aec736ac447d6185d8.jar C:\Android\Projects\MeteoAppli\app\build\intermediates\exploded-aar\com.android.support\support-fragment\24.2.1\jars\libs\internal_impl-24.2.1.jar
java_class_path (initial): C:\Android\build-tools\24.0.2\lib\dx.jar
Launcher Type: SUN_STANDARD

Environment Variables:
PATH=C:\ProgramData\Oracle\Java\javapath;C:\Program Files\Common Files\Microsoft Shared\Windows Live;C:\Program Files (x86)\Common Files\Microsoft Shared\Windows Live;C:\Program Files (x86)\NVIDIA Corporation\PhysX\Common;C:\Program Files (x86)\Intel\iCLS Client\;C:\Program Files\Intel\iCLS Client\;C:\Windows\system32;C:\Windows;C:\Windows\System32\Wbem;C:\Windows\System32\WindowsPowerShell\v1.0\;C:\Program Files\Intel\Intel(R) Management Engine Components\DAL;C:\Program Files\Intel\Intel(R) Management Engine Components\IPT;C:\Program Files (x86)\Intel\Intel(R) Management Engine Components\DAL;C:\Program Files (x86)\Intel\Intel(R) Management Engine Components\IPT;C:\Program Files (x86)\Intel\OpenCL SDK\2.0\bin\x86;C:\Program Files (x86)\Intel\OpenCL SDK\2.0\bin\x64;C:\Program Files\Intel\WiFi\bin\;C:\Program Files\Common Files\Intel\WirelessCommon\;C:\Program Files (x86)\Windows Live\Shared;C:\Program Files (x86)\Skype\Phone\;C:\Program Files (x86)\GitExtensions\
USERNAME=Jérémie
OS=Windows_NT
PROCESSOR_IDENTIFIER=Intel64 Family 6 Model 58 Stepping 9, GenuineIntel



---------------  S Y S T E M  ---------------

OS: Windows 7 , 64 bit Build 7601 (6.1.7601.23543)

CPU:total 8 (4 cores per cpu, 2 threads per core) family 6 model 58 stepping 9, cmov, cx8, fxsr, mmx, sse, sse2, sse3, ssse3, sse4.1, sse4.2, popcnt, avx, aes, clmul, erms, ht, tsc, tscinvbit, tscinv

Memory: 4k page, physical 8283508k(977816k free), swap 9330224k(187056k free)

vm_info: Java HotSpot(TM) 64-Bit Server VM (25.101-b13) for windows-amd64 JRE (1.8.0_101-b13), built on Jun 22 2016 01:21:29 by "java_re" with MS VC++ 10.0 (VS2010)

time: Tue Nov 01 11:55:41 2016
elapsed time: 0 seconds (0d 0h 0m 0s)

