#
# There is insufficient memory for the Java Runtime Environment to continue.
# Native memory allocation (malloc) failed to allocate 32744 bytes for ChunkPool::allocate
# Possible reasons:
#   The system is out of physical RAM or swap space
#   In 32 bit mode, the process size limit was hit
# Possible solutions:
#   Reduce memory load on the system
#   Increase physical memory or swap space
#   Check if swap backing store is full
#   Use 64 bit Java on a 64 bit OS
#   Decrease Java heap size (-Xmx/-Xms)
#   Decrease number of Java threads
#   Decrease Java thread stack sizes (-Xss)
#   Set larger code cache with -XX:ReservedCodeCacheSize=
# This output file may be truncated or incomplete.
#
#  Out of Memory Error (allocation.cpp:273), pid=9772, tid=0x0000000000002244
#
# JRE version: Java(TM) SE Runtime Environment (8.0_101-b13) (build 1.8.0_101-b13)
# Java VM: Java HotSpot(TM) 64-Bit Server VM (25.101-b13 mixed mode windows-amd64 compressed oops)
# Failed to write core dump. Minidumps are not enabled by default on client versions of Windows
#

---------------  T H R E A D  ---------------

Current thread (0x00000000167ef800):  JavaThread "C1 CompilerThread3" daemon [_thread_in_native, id=8772, stack(0x00000000181d0000,0x00000000182d0000)]

Stack: [0x00000000181d0000,0x00000000182d0000]
[error occurred during error reporting (printing stack bounds), id 0xc0000005]

Native frames: (J=compiled Java code, j=interpreted, Vv=VM code, C=native code)


Current CompileTask:
C1:    533  609   !   3       com.android.dx.cf.code.BytecodeArray::
[error occurred during error reporting (printing current compile task), id 0xe0000001]


---------------  P R O C E S S  ---------------

Java Threads: ( => current thread )
  0x0000000016a6a800 JavaThread "pool-1-thread-4" [_thread_blocked, id=2688, stack(0x0000000017970000,0x0000000017a70000)]
  0x0000000016a69000 JavaThread "pool-1-thread-3" [_thread_in_Java, id=8560, stack(0x00000000185b0000,0x00000000186b0000)]
  0x0000000016a9c000 JavaThread "pool-1-thread-2" [_thread_blocked, id=8220, stack(0x00000000194b0000,0x00000000195b0000)]
  0x0000000016ac2000 JavaThread "pool-2-thread-1" [_thread_blocked, id=9268, stack(0x00000000193b0000,0x00000000194b0000)]
  0x0000000016ac6800 JavaThread "pool-1-thread-1" [_thread_in_Java, id=7276, stack(0x0000000019260000,0x0000000019360000)]
  0x0000000016846800 JavaThread "Service Thread" daemon [_thread_blocked, id=7820, stack(0x00000000186c0000,0x00000000187c0000)]
=>0x00000000167ef800 JavaThread "C1 CompilerThread3" daemon [_thread_in_native, id=8772, stack(0x00000000181d0000,0x00000000182d0000)]
  0x00000000155df000 JavaThread "C2 CompilerThread2" daemon [_thread_blocked, id=8748, stack(0x0000000018460000,0x0000000018560000)]
  0x00000000155db000 JavaThread "C2 CompilerThread1" daemon [_thread_in_native, id=9660, stack(0x0000000018310000,0x0000000018410000)]
  0x0000000016794800 JavaThread "C2 CompilerThread0" daemon [_thread_blocked, id=9352, stack(0x0000000018040000,0x0000000018140000)]
  0x0000000016793000 JavaThread "Attach Listener" daemon [_thread_blocked, id=3704, stack(0x0000000017d20000,0x0000000017e20000)]
  0x0000000016792000 JavaThread "Signal Dispatcher" daemon [_thread_blocked, id=7652, stack(0x0000000017e70000,0x0000000017f70000)]
  0x00000000155d1800 JavaThread "Finalizer" daemon [_thread_blocked, id=6332, stack(0x0000000017bb0000,0x0000000017cb0000)]
  0x0000000016743800 JavaThread "Reference Handler" daemon [_thread_blocked, id=9232, stack(0x0000000017a70000,0x0000000017b70000)]
  0x00000000023ae800 JavaThread "main" [_thread_blocked, id=4508, stack(0x0000000002410000,0x0000000002510000)]

Other Threads:
  0x0000000016742000 VMThread [stack: 0x0000000017860000,0x0000000017960000] [id=10160]
  0x0000000016804000 WatcherThread [stack: 0x00000000188a0000,0x00000000189a0000] [id=8692]

VM state:not at safepoint (normal execution)

VM Mutex/Monitor currently owned by a thread: None

Heap:
 PSYoungGen      total 38400K, used 16642K [0x00000000eab00000, 0x00000000ed580000, 0x0000000100000000)
  eden space 33280K, 50% used [0x00000000eab00000,0x00000000ebb40958,0x00000000ecb80000)
  from space 5120K, 0% used [0x00000000ed080000,0x00000000ed080000,0x00000000ed580000)
  to   space 5120K, 0% used [0x00000000ecb80000,0x00000000ecb80000,0x00000000ed080000)
 ParOldGen       total 87552K, used 0K [0x00000000c0000000, 0x00000000c5580000, 0x00000000eab00000)
  object space 87552K, 0% used [0x00000000c0000000,0x00000000c0000000,0x00000000c5580000)
 Metaspace       used 5541K, capacity 6640K, committed 6784K, reserved 1056768K
  class space    used 589K, capacity 616K, committed 640K, reserved 1048576K

Card table byte_map: [0x0000000011cb0000,0x0000000011ec0000] byte_map_base: 0x00000000116b0000

Marking Bits: (ParMarkBitMap*) 0x00000000523aa6d0
 Begin Bits: [0x00000000129e0000, 0x00000000139e0000)
 End Bits:   [0x00000000139e0000, 0x00000000149e0000)

Polling page: 0x0000000000340000

CodeCache: size=245760Kb used=2239Kb max_used=2250Kb free=243521Kb
 bounds [0x00000000028f0000, 0x0000000002b60000, 0x00000000118f0000]
 total_blobs=870 nmethods=607 adapters=176
 compilation: enabled

Compilation events (10 events):
Event: 0.521 Thread 0x00000000167ef800 nmethod 628 0x0000000002b21e50 code [0x0000000002b22040, 0x0000000002b228c8]
Event: 0.521 Thread 0x00000000167ef800  621       3       java.util.HashSet::<init> (16 bytes)
Event: 0.522 Thread 0x00000000167ef800 nmethod 621 0x0000000002b1ac50 code [0x0000000002b1ade0, 0x0000000002b1b1f0]
Event: 0.522 Thread 0x00000000167ef800  609   !   3       com.android.dx.cf.code.BytecodeArray::parseInstruction (2764 bytes)
Event: 0.526 Thread 0x00000000155df000 nmethod 538 0x0000000002b22d90 code [0x0000000002b22f20, 0x0000000002b23838]
Event: 0.526 Thread 0x00000000155df000  591       4       java.util.HashMap::containsKey (18 bytes)
Event: 0.528 Thread 0x00000000155df000 nmethod 591 0x0000000002b1a8d0 code [0x0000000002b1aa20, 0x0000000002b1ab28]
Event: 0.528 Thread 0x00000000155df000  598       4       java.lang.Long::bitCount (61 bytes)
Event: 0.528 Thread 0x00000000155df000 nmethod 598 0x0000000002b07b90 code [0x0000000002b07cc0, 0x0000000002b07d78]
Event: 0.528 Thread 0x0000000016794800 nmethod 585 0x0000000002b0d750 code [0x0000000002b0d880, 0x0000000002b0d8f8]

GC Heap History (0 events):
No events

Deoptimization events (1 events):
Event: 0.462 Thread 0x0000000016a6a800 Uncommon trap: reason=unstable_if action=reinterpret pc=0x0000000002ad5d98 method=java.util.HashMap.getNode(ILjava/lang/Object;)Ljava/util/HashMap$Node; @ 129

Internal exceptions (2 events):
Event: 0.035 Thread 0x00000000023ae800 Exception <a 'java/lang/NoSuchMethodError': Method sun.misc.Unsafe.defineClass(Ljava/lang/String;[BII)Ljava/lang/Class; name or signature does not match> (0x00000000eab07cc0) thrown at [C:\re\workspace\8-2-build-windows-amd64-cygwin\jdk8u101\7261\hotspot\sg³À#!¢?
Event: 0.035 Thread 0x00000000023ae800 Exception <a 'java/lang/NoSuchMethodError': Method sun.misc.Unsafe.prefetchRead(Ljava/lang/Object;J)V name or signature does not match> (0x00000000eab07fa8) thrown at [C:\re\workspace\8-2-build-windows-amd64-cygwin\jdk8u101\7261\hotspot\src\share\vm\prims\

Events (10 events):
Event: 0.481 loading class com/android/dx/cf/code/Ropper$ExceptionHandlerSetup
Event: 0.481 loading class com/android/dx/cf/code/Ropper$ExceptionHandlerSetup done
Event: 0.482 loading class java/util/HashMap$Values
Event: 0.482 loading class java/util/HashMap$Values done
Event: 0.482 loading class java/util/HashMap$ValueIterator
Event: 0.482 loading class java/util/HashMap$ValueIterator done
Event: 0.489 loading class java/util/DualPivotQuicksort
Event: 0.489 loading class java/util/DualPivotQuicksort done
Event: 0.498 loading class java/util/ArrayList$1
Event: 0.498 loading class java/util/ArrayList$1 done


Dynamic libraries:
0x000000013f610000 - 0x000000013f647000 	C:\Program Files\Java\jdk1.8.0_101\bin\java.exe
0x0000000077940000 - 0x0000000077aea000 	C:\Windows\SYSTEM32\ntdll.dll
0x0000000077720000 - 0x000000007783f000 	C:\Windows\system32\kernel32.dll
0x000007fefd990000 - 0x000007fefd9fa000 	C:\Windows\system32\KERNELBASE.dll
0x000007fefe910000 - 0x000007fefe9eb000 	C:\Windows\system32\ADVAPI32.dll
0x000007feffbb0000 - 0x000007feffc4f000 	C:\Windows\system32\msvcrt.dll
0x000007feff9c0000 - 0x000007feff9df000 	C:\Windows\SYSTEM32\sechost.dll
0x000007feff9e0000 - 0x000007feffb0d000 	C:\Windows\system32\RPCRT4.dll
0x0000000077840000 - 0x000000007793a000 	C:\Windows\system32\USER32.dll
0x000007fefe9f0000 - 0x000007fefea57000 	C:\Windows\system32\GDI32.dll
0x000007fefeae0000 - 0x000007fefeaee000 	C:\Windows\system32\LPK.dll
0x000007fefe210000 - 0x000007fefe2da000 	C:\Windows\system32\USP10.dll
0x000007fefb210000 - 0x000007fefb404000 	C:\Windows\WinSxS\amd64_microsoft.windows.common-controls_6595b64144ccf1df_6.0.7601.18837_none_fa3b1e3d17594757\COMCTL32.dll
0x000007fefea60000 - 0x000007fefead1000 	C:\Windows\system32\SHLWAPI.dll
0x000007feff990000 - 0x000007feff9be000 	C:\Windows\system32\IMM32.DLL
0x000007feff880000 - 0x000007feff989000 	C:\Windows\system32\MSCTF.dll
0x000007fefd590000 - 0x000007fefd5d4000 	C:\windows\system32\nvinitx.dll
0x0000000059310000 - 0x00000000593e2000 	C:\Program Files\Java\jdk1.8.0_101\jre\bin\msvcr100.dll
0x0000000051b90000 - 0x000000005242a000 	C:\Program Files\Java\jdk1.8.0_101\jre\bin\server\jvm.dll
0x000007fef8cb0000 - 0x000007fef8cb9000 	C:\Windows\system32\WSOCK32.dll
0x000007fefe3c0000 - 0x000007fefe40d000 	C:\Windows\system32\WS2_32.dll
0x000007fefe900000 - 0x000007fefe908000 	C:\Windows\system32\NSI.dll
0x000007fefada0000 - 0x000007fefaddb000 	C:\Windows\system32\WINMM.dll
0x000007fefc6a0000 - 0x000007fefc6ac000 	C:\Windows\system32\VERSION.dll
0x0000000077b10000 - 0x0000000077b17000 	C:\Windows\system32\PSAPI.DLL
0x0000000073140000 - 0x000000007314f000 	C:\Program Files\Java\jdk1.8.0_101\jre\bin\verify.dll
0x00000000720d0000 - 0x00000000720f9000 	C:\Program Files\Java\jdk1.8.0_101\jre\bin\java.dll
0x00000000720b0000 - 0x00000000720c6000 	C:\Program Files\Java\jdk1.8.0_101\jre\bin\zip.dll
0x000007fefeaf0000 - 0x000007feff87a000 	C:\Windows\system32\SHELL32.dll
0x000007fefdd20000 - 0x000007fefdf23000 	C:\Windows\system32\ole32.dll
0x000007fefd670000 - 0x000007fefd67f000 	C:\Windows\system32\profapi.dll

VM Arguments:
jvm_args: -Djava.awt.headless=true -Xmx1024M -Dfile.encoding=windows-1252 -Duser.country=FR -Duser.language=fr -Duser.variant 
java_command: com.android.dx.command.Main --dex --num-threads=4 --output C:\Android\Projects\MeteoAppli\app\build\intermediates\pre-dexed\debug\com.android.support-support-core-ui-24.2.1_c94c132a874d96d358c2157071d9599ebaec6480.jar C:\Android\Projects\MeteoAppli\app\build\intermediates\exploded-aar\com.android.support\support-core-ui\24.2.1\jars\classes.jar
java_class_path (initial): C:\Android\build-tools\24.0.2\lib\dx.jar
Launcher Type: SUN_STANDARD

Environment Variables:
PATH=C:\ProgramData\Oracle\Java\javapath;C:\Program Files\Common Files\Microsoft Shared\Windows Live;C:\Program Files (x86)\Common Files\Microsoft Shared\Windows Live;C:\Program Files (x86)\NVIDIA Corporation\PhysX\Common;C:\Program Files (x86)\Intel\iCLS Client\;C:\Program Files\Intel\iCLS Client\;C:\Windows\system32;C:\Windows;C:\Windows\System32\Wbem;C:\Windows\System32\WindowsPowerShell\v1.0\;C:\Program Files\Intel\Intel(R) Management Engine Components\DAL;C:\Program Files\Intel\Intel(R) Management Engine Components\IPT;C:\Program Files (x86)\Intel\Intel(R) Management Engine Components\DAL;C:\Program Files (x86)\Intel\Intel(R) Management Engine Components\IPT;C:\Program Files (x86)\Intel\OpenCL SDK\2.0\bin\x86;C:\Program Files (x86)\Intel\OpenCL SDK\2.0\bin\x64;C:\Program Files\Intel\WiFi\bin\;C:\Program Files\Common Files\Intel\WirelessCommon\;C:\Program Files (x86)\Windows Live\Shared;C:\Program Files (x86)\Skype\Phone\;C:\Program Files (x86)\GitExtensions\
USERNAME=Jérémie
OS=Windows_NT
PROCESSOR_IDENTIFIER=Intel64 Family 6 Model 58 Stepping 9, GenuineIntel



---------------  S Y S T E M  ---------------

OS: Windows 7 , 64 bit Build 7601 (6.1.7601.23543)

CPU:total 8 (4 cores per cpu, 2 threads per core) family 6 model 58 stepping 9, cmov, cx8, fxsr, mmx, sse, sse2, sse3, ssse3, sse4.1, sse4.2, popcnt, avx, aes, clmul, erms, ht, tsc, tscinvbit, tscinv

Memory: 4k page, physical 8283508k(480552k free), swap 9330224k(5968k free)

vm_info: Java HotSpot(TM) 64-Bit Server VM (25.101-b13) for windows-amd64 JRE (1.8.0_101-b13), built on Jun 22 2016 01:21:29 by "java_re" with MS VC++ 10.0 (VS2010)

time: Tue Nov 01 11:35:56 2016
elapsed time: 0 seconds (0d 0h 0m 0s)

