#
# There is insufficient memory for the Java Runtime Environment to continue.
# Native memory allocation (malloc) failed to allocate 627216 bytes for Chunk::new
# Possible reasons:
#   The system is out of physical RAM or swap space
#   In 32 bit mode, the process size limit was hit
# Possible solutions:
#   Reduce memory load on the system
#   Increase physical memory or swap space
#   Check if swap backing store is full
#   Use 64 bit Java on a 64 bit OS
#   Decrease Java heap size (-Xmx/-Xms)
#   Decrease number of Java threads
#   Decrease Java thread stack sizes (-Xss)
#   Set larger code cache with -XX:ReservedCodeCacheSize=
# This output file may be truncated or incomplete.
#
#  Out of Memory Error (allocation.cpp:390), pid=6308, tid=0x00000000000023ac
#
# JRE version: Java(TM) SE Runtime Environment (8.0_101-b13) (build 1.8.0_101-b13)
# Java VM: Java HotSpot(TM) 64-Bit Server VM (25.101-b13 mixed mode windows-amd64 compressed oops)
# Failed to write core dump. Minidumps are not enabled by default on client versions of Windows
#

---------------  T H R E A D  ---------------

Current thread (0x000000005682b000):  JavaThread "C2 CompilerThread1" daemon [_thread_in_native, id=9132, stack(0x0000000058140000,0x0000000058240000)]

Stack: [0x0000000058140000,0x0000000058240000]
[error occurred during error reporting (printing stack bounds), id 0xc0000005]

Native frames: (J=compiled Java code, j=interpreted, Vv=VM code, C=native code)


Current CompileTask:
C2:   3154 1169   !   4       com.android.dx.cf.code.BytecodeArray::parseInstruction (2764 bytes)


---------------  P R O C E S S  ---------------

Java Threads: ( => current thread )
  0x0000000056ac5000 JavaThread "pool-1-thread-4" [_thread_in_Java, id=5068, stack(0x0000000058260000,0x0000000058360000)]
  0x0000000056aad800 JavaThread "pool-1-thread-3" [_thread_in_Java, id=7148, stack(0x0000000058c50000,0x0000000058d50000)]
  0x0000000056ac4000 JavaThread "pool-1-thread-2" [_thread_blocked, id=1476, stack(0x00000000589d0000,0x0000000058ad0000)]
  0x0000000056a9b800 JavaThread "pool-2-thread-1" [_thread_blocked, id=8328, stack(0x00000000587a0000,0x00000000588a0000)]
  0x0000000056a9b000 JavaThread "pool-1-thread-1" [_thread_in_Java, id=8880, stack(0x00000000588a0000,0x00000000589a0000)]
  0x00000000568cb800 JavaThread "Service Thread" daemon [_thread_blocked, id=7140, stack(0x0000000058600000,0x0000000058700000)]
  0x0000000056840000 JavaThread "C1 CompilerThread3" daemon [_thread_in_native, id=8276, stack(0x00000000584c0000,0x00000000585c0000)]
  0x0000000056836000 JavaThread "C2 CompilerThread2" daemon [_thread_in_native, id=4396, stack(0x0000000058380000,0x0000000058480000)]
=>0x000000005682b000 JavaThread "C2 CompilerThread1" daemon [_thread_in_native, id=9132, stack(0x0000000058140000,0x0000000058240000)]
  0x000000005681d000 JavaThread "C2 CompilerThread0" daemon [_thread_in_native, id=8776, stack(0x0000000058030000,0x0000000058130000)]
  0x0000000056819800 JavaThread "Attach Listener" daemon [_thread_blocked, id=7244, stack(0x0000000057ec0000,0x0000000057fc0000)]
  0x0000000056828000 JavaThread "Signal Dispatcher" daemon [_thread_blocked, id=8316, stack(0x0000000057d10000,0x0000000057e10000)]
  0x000000005587f800 JavaThread "Finalizer" daemon [_thread_blocked, id=7832, stack(0x0000000057aa0000,0x0000000057ba0000)]
  0x0000000055878000 JavaThread "Reference Handler" daemon [_thread_blocked, id=4188, stack(0x0000000057760000,0x0000000057860000)]
  0x00000000023be800 JavaThread "main" [_thread_in_vm, id=5156, stack(0x0000000002610000,0x0000000002710000)]

Other Threads:
  0x00000000567d2800 VMThread [stack: 0x00000000578c0000,0x00000000579c0000] [id=5060]
  0x00000000568d0800 WatcherThread [stack: 0x0000000057ba0000,0x0000000057ca0000] [id=2168]

VM state:not at safepoint (normal execution)

VM Mutex/Monitor currently owned by a thread: None

Heap:
 PSYoungGen      total 71680K, used 32810K [0x00000000eab00000, 0x00000000ef600000, 0x0000000100000000)
  eden space 66560K, 41% used [0x00000000eab00000,0x00000000ec60d678,0x00000000eec00000)
  from space 5120K, 99% used [0x00000000ef100000,0x00000000ef5fd1b8,0x00000000ef600000)
  to   space 5120K, 0% used [0x00000000eec00000,0x00000000eec00000,0x00000000ef100000)
 ParOldGen       total 87552K, used 6777K [0x00000000c0000000, 0x00000000c5580000, 0x00000000eab00000)
  object space 87552K, 7% used [0x00000000c0000000,0x00000000c069e5c0,0x00000000c5580000)
 Metaspace       used 6034K, capacity 7032K, committed 7296K, reserved 1056768K
  class space    used 611K, capacity 624K, committed 640K, reserved 1048576K

Card table byte_map: [0x0000000011da0000,0x0000000011fb0000] byte_map_base: 0x00000000117a0000

Marking Bits: (ParMarkBitMap*) 0x000000005999a6d0
 Begin Bits: [0x0000000012c90000, 0x0000000013c90000)
 End Bits:   [0x0000000013c90000, 0x0000000014c90000)

Polling page: 0x0000000000130000

CodeCache: size=245760Kb used=5101Kb max_used=5113Kb free=240658Kb
 bounds [0x00000000029e0000, 0x0000000002ef0000, 0x00000000119e0000]
 total_blobs=1653 nmethods=1390 adapters=176
 compilation: enabled

Compilation events (10 events):
Event: 3.144 Thread 0x0000000056840000 nmethod 1461 0x0000000002edd1d0 code [0x0000000002edd3c0, 0x0000000002edd868]
Event: 3.144 Thread 0x0000000056840000 1463 %     3       java.util.ArrayList::remove @ 41 (77 bytes)
Event: 3.144 Thread 0x0000000056840000 nmethod 1463% 0x0000000002eddc10 code [0x0000000002edddc0, 0x0000000002ede348]
Event: 3.144 Thread 0x0000000056840000 1413       2       java.util.TreeMap::rotateLeft (96 bytes)
Event: 3.144 Thread 0x0000000056840000 nmethod 1413 0x0000000002ede5d0 code [0x0000000002ede720, 0x0000000002ede990]
Event: 3.144 Thread 0x0000000056840000 1465 % !   3       com.android.dx.cf.code.Ropper::processBlock @ 290 (1101 bytes)
Event: 3.145 Thread 0x0000000056836000 nmethod 1448 0x0000000002ee1a10 code [0x0000000002ee1b80, 0x0000000002ee1ee8]
Event: 3.145 Thread 0x0000000056836000 1464       4       com.android.dx.ssa.back.FirstFitLocalCombiningAllocator::getParameterIndexForReg (55 bytes)
Event: 3.147 Thread 0x0000000056836000 nmethod 1464 0x0000000002ee2510 code [0x0000000002ee2680, 0x0000000002ee27c8]
Event: 3.147 Thread 0x0000000056836000 1470       4       com.android.dx.rop.code.RegisterSpecSet::intersect (117 bytes)

GC Heap History (4 events):
Event: 1.266 GC heap before
{Heap before GC invocations=1 (full 0):
 PSYoungGen      total 38400K, used 33280K [0x00000000eab00000, 0x00000000ed580000, 0x0000000100000000)
  eden space 33280K, 100% used [0x00000000eab00000,0x00000000ecb80000,0x00000000ecb80000)
  from space 5120K, 0% used [0x00000000ed080000,0x00000000ed080000,0x00000000ed580000)
  to   space 5120K, 0% used [0x00000000ecb80000,0x00000000ecb80000,0x00000000ed080000)
 ParOldGen       total 87552K, used 0K [0x00000000c0000000, 0x00000000c5580000, 0x00000000eab00000)
  object space 87552K, 0% used [0x00000000c0000000,0x00000000c0000000,0x00000000c5580000)
 Metaspace       used 5728K, capacity 6832K, committed 7040K, reserved 1056768K
  class space    used 591K, capacity 616K, committed 640K, reserved 1048576K
Event: 1.573 GC heap after
Heap after GC invocations=1 (full 0):
 PSYoungGen      total 38400K, used 5106K [0x00000000eab00000, 0x00000000ef600000, 0x0000000100000000)
  eden space 33280K, 0% used [0x00000000eab00000,0x00000000eab00000,0x00000000ecb80000)
  from space 5120K, 99% used [0x00000000ecb80000,0x00000000ed07ca68,0x00000000ed080000)
  to   space 5120K, 0% used [0x00000000ef100000,0x00000000ef100000,0x00000000ef600000)
 ParOldGen       total 87552K, used 1868K [0x00000000c0000000, 0x00000000c5580000, 0x00000000eab00000)
  object space 87552K, 2% used [0x00000000c0000000,0x00000000c01d3020,0x00000000c5580000)
 Metaspace       used 5728K, capacity 6832K, committed 7040K, reserved 1056768K
  class space    used 591K, capacity 616K, committed 640K, reserved 1048576K
}
Event: 2.209 GC heap before
{Heap before GC invocations=2 (full 0):
 PSYoungGen      total 38400K, used 38386K [0x00000000eab00000, 0x00000000ef600000, 0x0000000100000000)
  eden space 33280K, 100% used [0x00000000eab00000,0x00000000ecb80000,0x00000000ecb80000)
  from space 5120K, 99% used [0x00000000ecb80000,0x00000000ed07ca68,0x00000000ed080000)
  to   space 5120K, 0% used [0x00000000ef100000,0x00000000ef100000,0x00000000ef600000)
 ParOldGen       total 87552K, used 1868K [0x00000000c0000000, 0x00000000c5580000, 0x00000000eab00000)
  object space 87552K, 2% used [0x00000000c0000000,0x00000000c01d3020,0x00000000c5580000)
 Metaspace       used 5966K, capacity 6968K, committed 7040K, reserved 1056768K
  class space    used 611K, capacity 624K, committed 640K, reserved 1048576K
Event: 3.007 GC heap after
Heap after GC invocations=2 (full 0):
 PSYoungGen      total 71680K, used 5108K [0x00000000eab00000, 0x00000000ef600000, 0x0000000100000000)
  eden space 66560K, 0% used [0x00000000eab00000,0x00000000eab00000,0x00000000eec00000)
  from space 5120K, 99% used [0x00000000ef100000,0x00000000ef5fd1b8,0x00000000ef600000)
  to   space 5120K, 0% used [0x00000000eec00000,0x00000000eec00000,0x00000000ef100000)
 ParOldGen       total 87552K, used 6777K [0x00000000c0000000, 0x00000000c5580000, 0x00000000eab00000)
  object space 87552K, 7% used [0x00000000c0000000,0x00000000c069e5c0,0x00000000c5580000)
 Metaspace       used 5966K, capacity 6968K, committed 7040K, reserved 1056768K
  class space    used 611K, capacity 624K, committed 640K, reserved 1048576K
}

Deoptimization events (10 events):
Event: 1.762 Thread 0x0000000056aad800 Uncommon trap: reason=bimorphic action=maybe_recompile pc=0x0000000002cba0b8 method=com.android.dx.cf.code.BytecodeArray.parseInstruction(ILcom/android/dx/cf/code/BytecodeArray$Visitor;)I @ 907
Event: 1.787 Thread 0x00000000023be800 Uncommon trap: reason=bimorphic action=maybe_recompile pc=0x0000000002be7b10 method=java.util.HashMap.getNode(ILjava/lang/Object;)Ljava/util/HashMap$Node; @ 126
Event: 1.787 Thread 0x00000000023be800 Uncommon trap: reason=class_check action=maybe_recompile pc=0x0000000002c716f4 method=java.util.HashMap.putVal(ILjava/lang/Object;Ljava/lang/Object;ZZ)Ljava/lang/Object; @ 203
Event: 1.787 Thread 0x00000000023be800 Uncommon trap: reason=bimorphic action=maybe_recompile pc=0x0000000002bf19e0 method=java.util.HashMap.getNode(ILjava/lang/Object;)Ljava/util/HashMap$Node; @ 126
Event: 2.116 Thread 0x0000000056ac5000 Uncommon trap: reason=unstable_if action=reinterpret pc=0x0000000002c40a68 method=java.util.HashMap.putVal(ILjava/lang/Object;Ljava/lang/Object;ZZ)Ljava/lang/Object; @ 162
Event: 2.148 Thread 0x0000000056ac5000 Uncommon trap: reason=unstable_if action=reinterpret pc=0x0000000002d4f2f0 method=java.util.HashMap.getNode(ILjava/lang/Object;)Ljava/util/HashMap$Node; @ 84
Event: 2.163 Thread 0x0000000056ac5000 Uncommon trap: reason=unstable_if action=reinterpret pc=0x0000000002c6cdb4 method=java.util.HashMap.putVal(ILjava/lang/Object;Ljava/lang/Object;ZZ)Ljava/lang/Object; @ 162
Event: 2.167 Thread 0x0000000056ac5000 Uncommon trap: reason=null_check action=make_not_entrant pc=0x0000000002c2d590 method=com.android.dx.rop.type.Type.equals(Ljava/lang/Object;)Z @ 8
Event: 2.195 Thread 0x0000000056a9b000 Uncommon trap: reason=unstable_if action=reinterpret pc=0x0000000002de7fb0 method=com.android.dx.rop.code.RegisterSpecSet.localItemToSpec(Lcom/android/dx/rop/code/LocalItem;)Lcom/android/dx/rop/code/RegisterSpec; @ 35
Event: 2.197 Thread 0x00000000023be800 Uncommon trap: reason=unstable_if action=reinterpret pc=0x0000000002c7c478 method=com.android.dx.ssa.SCCP.simulateStmt(Lcom/android/dx/ssa/SsaInsn;)V @ 59

Internal exceptions (7 events):
Event: 0.039 Thread 0x00000000023be800 Exception <a 'java/lang/NoSuchMethodError': Method sun.misc.Unsafe.defineClass(Ljava/lang/String;[BII)Ljava/lang/Class; name or signature does not match> (0x00000000eab07cc0) thrown at [C:\re\workspace\8-2-build-windows-amd64-cygwin\jdk8u101\7261\hotspot\sÄÜÖ¶À£?
Event: 0.039 Thread 0x00000000023be800 Exception <a 'java/lang/NoSuchMethodError': Method sun.misc.Unsafe.prefetchRead(Ljava/lang/Object;J)V name or signature does not match> (0x00000000eab07fa8) thrown at [C:\re\workspace\8-2-build-windows-amd64-cygwin\jdk8u101\7261\hotspot\src\share\vm\prims\ÆQ°³|Çù?
Event: 1.611 Thread 0x0000000056aad800 Implicit null exception at 0x0000000002c4b122 to 0x0000000002c4c85d
Event: 2.136 Thread 0x0000000056ac5000 Exception <a 'java/lang/ArrayIndexOutOfBoundsException': 18> (0x00000000ec04f908) thrown at [C:\re\workspace\8-2-build-windows-amd64-cygwin\jdk8u101\7261\hotspot\src\share\vm\interpreter\interpreterRuntime.cpp, line 366]
Event: 2.137 Thread 0x0000000056ac5000 Exception <a 'java/lang/ArrayIndexOutOfBoundsException': 145> (0x00000000ec051488) thrown at [C:\re\workspace\8-2-build-windows-amd64-cygwin\jdk8u101\7261\hotspot\src\share\vm\interpreter\interpreterRuntime.cpp, line 366]
Event: 2.139 Thread 0x0000000056ac5000 Exception <a 'java/lang/ArrayIndexOutOfBoundsException'> (0x00000000ec052770) thrown at [C:\re\workspace\8-2-build-windows-amd64-cygwin\jdk8u101\7261\hotspot\src\share\vm\runtime\sharedRuntime.cpp, line 605]
Event: 2.167 Thread 0x0000000056ac5000 Implicit null exception at 0x0000000002c2d492 to 0x0000000002c2d582

Events (10 events):
Event: 3.122 Thread 0x00000000023be800 DEOPT PACKING pc=0x0000000002df2677 sp=0x000000000270e4d0
Event: 3.122 Thread 0x00000000023be800 DEOPT UNPACKING pc=0x0000000002a2787f sp=0x000000000270e318 mode 0
Event: 3.131 Thread 0x00000000023be800 DEOPT PACKING pc=0x0000000002d4f933 sp=0x000000000270e410
Event: 3.131 Thread 0x00000000023be800 DEOPT UNPACKING pc=0x0000000002a2787f sp=0x000000000270e148 mode 0
Event: 3.134 Thread 0x00000000023be800 DEOPT PACKING pc=0x0000000002def637 sp=0x000000000270e5b0
Event: 3.134 Thread 0x00000000023be800 DEOPT UNPACKING pc=0x0000000002a2787f sp=0x000000000270e348 mode 0
Event: 3.139 Thread 0x0000000056ac5000 DEOPT PACKING pc=0x0000000002da4d98 sp=0x000000005835ece0
Event: 3.139 Thread 0x0000000056ac5000 DEOPT UNPACKING pc=0x0000000002a2787f sp=0x000000005835ea28 mode 0
Event: 3.147 Thread 0x00000000023be800 DEOPT PACKING pc=0x0000000002dbcc10 sp=0x000000000270e520
Event: 3.147 Thread 0x00000000023be800 DEOPT UNPACKING pc=0x0000000002a2787f sp=0x000000000270e258 mode 0


Dynamic libraries:
0x000000013fe00000 - 0x000000013fe37000 	C:\Program Files\Java\jdk1.8.0_101\bin\java.exe
0x0000000077be0000 - 0x0000000077d8a000 	C:\Windows\SYSTEM32\ntdll.dll
0x0000000077ac0000 - 0x0000000077bdf000 	C:\Windows\system32\kernel32.dll
0x000007fefda60000 - 0x000007fefdaca000 	C:\Windows\system32\KERNELBASE.dll
0x000007feffa70000 - 0x000007feffb4b000 	C:\Windows\system32\ADVAPI32.dll
0x000007fefdfa0000 - 0x000007fefe03f000 	C:\Windows\system32\msvcrt.dll
0x000007feffca0000 - 0x000007feffcbf000 	C:\Windows\SYSTEM32\sechost.dll
0x000007fefe630000 - 0x000007fefe75d000 	C:\Windows\system32\RPCRT4.dll
0x00000000779c0000 - 0x0000000077aba000 	C:\Windows\system32\USER32.dll
0x000007feffc30000 - 0x000007feffc97000 	C:\Windows\system32\GDI32.dll
0x000007fefe760000 - 0x000007fefe76e000 	C:\Windows\system32\LPK.dll
0x000007fefec10000 - 0x000007fefecda000 	C:\Windows\system32\USP10.dll
0x000007fefbc50000 - 0x000007fefbe44000 	C:\Windows\WinSxS\amd64_microsoft.windows.common-controls_6595b64144ccf1df_6.0.7601.18837_none_fa3b1e3d17594757\COMCTL32.dll
0x000007fefe330000 - 0x000007fefe3a1000 	C:\Windows\system32\SHLWAPI.dll
0x000007fefe3b0000 - 0x000007fefe3de000 	C:\Windows\system32\IMM32.DLL
0x000007fefe220000 - 0x000007fefe329000 	C:\Windows\system32\MSCTF.dll
0x000007fefd830000 - 0x000007fefd874000 	C:\windows\system32\nvinitx.dll
0x0000000070560000 - 0x0000000070632000 	C:\Program Files\Java\jdk1.8.0_101\jre\bin\msvcr100.dll
0x0000000059180000 - 0x0000000059a1a000 	C:\Program Files\Java\jdk1.8.0_101\jre\bin\server\jvm.dll
0x000007fef8980000 - 0x000007fef8989000 	C:\Windows\system32\WSOCK32.dll
0x000007fefe040000 - 0x000007fefe08d000 	C:\Windows\system32\WS2_32.dll
0x000007fefe3e0000 - 0x000007fefe3e8000 	C:\Windows\system32\NSI.dll
0x000007fefb840000 - 0x000007fefb87b000 	C:\Windows\system32\WINMM.dll
0x000007fefc940000 - 0x000007fefc94c000 	C:\Windows\system32\VERSION.dll
0x0000000077da0000 - 0x0000000077da7000 	C:\Windows\system32\PSAPI.DLL
0x0000000070de0000 - 0x0000000070def000 	C:\Program Files\Java\jdk1.8.0_101\jre\bin\verify.dll
0x0000000070d70000 - 0x0000000070d99000 	C:\Program Files\Java\jdk1.8.0_101\jre\bin\java.dll
0x0000000070d50000 - 0x0000000070d66000 	C:\Program Files\Java\jdk1.8.0_101\jre\bin\zip.dll
0x000007fefece0000 - 0x000007feffa69000 	C:\Windows\system32\SHELL32.dll
0x000007feffcc0000 - 0x000007feffec3000 	C:\Windows\system32\ole32.dll
0x000007fefd910000 - 0x000007fefd91f000 	C:\Windows\system32\profapi.dll

VM Arguments:
jvm_args: -Djava.awt.headless=true -Xmx1024M -Dfile.encoding=windows-1252 -Duser.country=FR -Duser.language=fr -Duser.variant 
java_command: com.android.dx.command.Main --dex --force-jumbo --num-threads=4 --output C:\Android\Projects\MeteoAppli\app\build\intermediates\pre-dexed\debug\com.android.support-support-core-ui-24.2.1_c94c132a874d96d358c2157071d9599ebaec6480.jar C:\Android\Projects\MeteoAppli\app\build\intermediates\exploded-aar\com.android.support\support-core-ui\24.2.1\jars\classes.jar
java_class_path (initial): C:\Android\build-tools\24.0.2\lib\dx.jar
Launcher Type: SUN_STANDARD

Environment Variables:
PATH=C:\ProgramData\Oracle\Java\javapath;C:\Program Files\Common Files\Microsoft Shared\Windows Live;C:\Program Files (x86)\Common Files\Microsoft Shared\Windows Live;C:\Program Files (x86)\NVIDIA Corporation\PhysX\Common;C:\Program Files (x86)\Intel\iCLS Client\;C:\Program Files\Intel\iCLS Client\;C:\Windows\system32;C:\Windows;C:\Windows\System32\Wbem;C:\Windows\System32\WindowsPowerShell\v1.0\;C:\Program Files\Intel\Intel(R) Management Engine Components\DAL;C:\Program Files\Intel\Intel(R) Management Engine Components\IPT;C:\Program Files (x86)\Intel\Intel(R) Management Engine Components\DAL;C:\Program Files (x86)\Intel\Intel(R) Management Engine Components\IPT;C:\Program Files (x86)\Intel\OpenCL SDK\2.0\bin\x86;C:\Program Files (x86)\Intel\OpenCL SDK\2.0\bin\x64;C:\Program Files\Intel\WiFi\bin\;C:\Program Files\Common Files\Intel\WirelessCommon\;C:\Program Files (x86)\Windows Live\Shared;C:\Program Files (x86)\Skype\Phone\;C:\Program Files (x86)\GitExtensions\
USERNAME=Jérémie
OS=Windows_NT
PROCESSOR_IDENTIFIER=Intel64 Family 6 Model 58 Stepping 9, GenuineIntel



---------------  S Y S T E M  ---------------

OS: Windows 7 , 64 bit Build 7601 (6.1.7601.23539)

CPU:total 8 (4 cores per cpu, 2 threads per core) family 6 model 58 stepping 9, cmov, cx8, fxsr, mmx, sse, sse2, sse3, ssse3, sse4.1, sse4.2, popcnt, avx, aes, clmul, erms, ht, tsc, tscinvbit, tscinv

Memory: 4k page, physical 8283508k(723176k free), swap 9330224k(5156k free)

vm_info: Java HotSpot(TM) 64-Bit Server VM (25.101-b13) for windows-amd64 JRE (1.8.0_101-b13), built on Jun 22 2016 01:21:29 by "java_re" with MS VC++ 10.0 (VS2010)

time: Wed Oct 12 15:41:28 2016
elapsed time: 3 seconds (0d 0h 0m 3s)

