#
# There is insufficient memory for the Java Runtime Environment to continue.
# Native memory allocation (malloc) failed to allocate 32744 bytes for ChunkPool::allocate
# Possible reasons:
#   The system is out of physical RAM or swap space
#   In 32 bit mode, the process size limit was hit
# Possible solutions:
#   Reduce memory load on the system
#   Increase physical memory or swap space
#   Check if swap backing store is full
#   Use 64 bit Java on a 64 bit OS
#   Decrease Java heap size (-Xmx/-Xms)
#   Decrease number of Java threads
#   Decrease Java thread stack sizes (-Xss)
#   Set larger code cache with -XX:ReservedCodeCacheSize=
# This output file may be truncated or incomplete.
#
#  Out of Memory Error (allocation.cpp:273), pid=9212, tid=0x0000000000002264
#
# JRE version: Java(TM) SE Runtime Environment (8.0_101-b13) (build 1.8.0_101-b13)
# Java VM: Java HotSpot(TM) 64-Bit Server VM (25.101-b13 mixed mode windows-amd64 compressed oops)
# Failed to write core dump. Minidumps are not enabled by default on client versions of Windows
#

---------------  T H R E A D  ---------------

Current thread (0x0000000056925000):  JavaThread "C2 CompilerThread1" daemon [_thread_in_native, id=8804, stack(0x0000000058570000,0x0000000058670000)]

Stack: [0x0000000058570000,0x0000000058670000]
[error occurred during error reporting (printing stack bounds), id 0xc0000005]

Native frames: (J=compiled Java code, j=interpreted, Vv=VM code, C=native code)


Current CompileTask:
C2:   2128 1062   !   4       com.android.dx.cf.code.BytecodeArray::
[error occurred during error reporting (printing current compile task), id 0xe0000001]


---------------  P R O C E S S  ---------------

Java Threads: ( => current thread )
  0x0000000056b94000 JavaThread "pool-1-thread-4" [_thread_in_Java, id=8368, stack(0x0000000059c60000,0x0000000059d60000)]
  0x0000000056b93000 JavaThread "pool-1-thread-3" [_thread_blocked, id=8356, stack(0x0000000059fb0000,0x000000005a0b0000)]
  0x0000000056b92000 JavaThread "pool-1-thread-2" [_thread_in_Java, id=8352, stack(0x0000000059da0000,0x0000000059ea0000)]
  0x0000000056b91800 JavaThread "pool-2-thread-1" [_thread_blocked, id=8348, stack(0x0000000059b30000,0x0000000059c30000)]
  0x0000000056b90800 JavaThread "pool-1-thread-1" [_thread_blocked, id=8344, stack(0x00000000599e0000,0x0000000059ae0000)]
  0x0000000056941000 JavaThread "Service Thread" daemon [_thread_blocked, id=8888, stack(0x0000000058cb0000,0x0000000058db0000)]
  0x000000005692e800 JavaThread "C1 CompilerThread3" daemon [_thread_in_native, id=8876, stack(0x0000000058db0000,0x0000000058eb0000)]
  0x0000000056928000 JavaThread "C2 CompilerThread2" daemon [_thread_in_native, id=8808, stack(0x0000000058ba0000,0x0000000058ca0000)]
=>0x0000000056925000 JavaThread "C2 CompilerThread1" daemon [_thread_in_native, id=8804, stack(0x0000000058570000,0x0000000058670000)]
  0x0000000056921000 JavaThread "C2 CompilerThread0" daemon [_thread_in_native, id=8748, stack(0x0000000058a90000,0x0000000058b90000)]
  0x000000005691d800 JavaThread "Attach Listener" daemon [_thread_blocked, id=8716, stack(0x0000000058310000,0x0000000058410000)]
  0x000000005691c800 JavaThread "Signal Dispatcher" daemon [_thread_blocked, id=8712, stack(0x0000000058960000,0x0000000058a60000)]
  0x000000005586d800 JavaThread "Finalizer" daemon [_thread_blocked, id=8540, stack(0x00000000587d0000,0x00000000588d0000)]
  0x0000000055866800 JavaThread "Reference Handler" daemon [_thread_blocked, id=8664, stack(0x00000000586a0000,0x00000000587a0000)]
  0x000000000237e800 JavaThread "main" [_thread_in_Java, id=8592, stack(0x0000000002760000,0x0000000002860000)]

Other Threads:
  0x00000000568d0800 VMThread [stack: 0x0000000058450000,0x0000000058550000] [id=8672]
  0x00000000569ac800 WatcherThread [stack: 0x0000000058fc0000,0x00000000590c0000] [id=8588]

VM state:not at safepoint (normal execution)

VM Mutex/Monitor currently owned by a thread: None

Heap:
 PSYoungGen      total 38400K, used 23505K [0x00000000eab00000, 0x00000000ef600000, 0x0000000100000000)
  eden space 33280K, 55% used [0x00000000eab00000,0x00000000ebcfc1b0,0x00000000ecb80000)
  from space 5120K, 99% used [0x00000000ecb80000,0x00000000ed0784d0,0x00000000ed080000)
  to   space 5120K, 0% used [0x00000000ef100000,0x00000000ef100000,0x00000000ef600000)
 ParOldGen       total 87552K, used 1231K [0x00000000c0000000, 0x00000000c5580000, 0x00000000eab00000)
  object space 87552K, 1% used [0x00000000c0000000,0x00000000c0133c18,0x00000000c5580000)
 Metaspace       used 5896K, capacity 6960K, committed 7040K, reserved 1056768K
  class space    used 590K, capacity 616K, committed 640K, reserved 1048576K

Card table byte_map: [0x0000000011ef0000,0x0000000012100000] byte_map_base: 0x00000000118f0000

Marking Bits: (ParMarkBitMap*) 0x0000000057fba6d0
 Begin Bits: [0x0000000012c80000, 0x0000000013c80000)
 End Bits:   [0x0000000013c80000, 0x0000000014c80000)

Polling page: 0x0000000000240000

CodeCache: size=245760Kb used=4547Kb max_used=4547Kb free=241212Kb
 bounds [0x0000000002b30000, 0x0000000002fb0000, 0x0000000011b30000]
 total_blobs=1456 nmethods=1193 adapters=176
 compilation: enabled

Compilation events (10 events):
Event: 2.123 Thread 0x000000005692e800 nmethod 1229 0x0000000002fa2c10 code [0x0000000002fa2d80, 0x0000000002fa31a8]
Event: 2.123 Thread 0x000000005692e800 1216       3       java.util.TreeMap::values (25 bytes)
Event: 2.123 Thread 0x000000005692e800 nmethod 1216 0x0000000002fa3310 code [0x0000000002fa3480, 0x0000000002fa37b0]
Event: 2.123 Thread 0x000000005692e800 1227       3       java.util.TreeMap$Values::iterator (19 bytes)
Event: 2.124 Thread 0x000000005692e800 nmethod 1227 0x0000000002fa3910 code [0x0000000002fa3aa0, 0x0000000002fa3f90]
Event: 2.124 Thread 0x000000005692e800 1228       3       java.util.TreeMap$ValueIterator::<init> (12 bytes)
Event: 2.124 Thread 0x000000005692e800 nmethod 1228 0x0000000002fa41d0 code [0x0000000002fa4340, 0x0000000002fa45b0]
Event: 2.124 Thread 0x000000005692e800 1186       3       com.android.dx.cf.code.Merger::mergeType (142 bytes)
Event: 2.125 Thread 0x000000005692e800 nmethod 1186 0x0000000002fa46d0 code [0x0000000002fa4980, 0x0000000002fa5de8]
Event: 2.125 Thread 0x000000005692e800 1231       3       com.android.dx.ssa.DomFront::calcDomFronts (154 bytes)

GC Heap History (2 events):
Event: 1.474 GC heap before
{Heap before GC invocations=1 (full 0):
 PSYoungGen      total 38400K, used 33280K [0x00000000eab00000, 0x00000000ed580000, 0x0000000100000000)
  eden space 33280K, 100% used [0x00000000eab00000,0x00000000ecb80000,0x00000000ecb80000)
  from space 5120K, 0% used [0x00000000ed080000,0x00000000ed080000,0x00000000ed580000)
  to   space 5120K, 0% used [0x00000000ecb80000,0x00000000ecb80000,0x00000000ed080000)
 ParOldGen       total 87552K, used 0K [0x00000000c0000000, 0x00000000c5580000, 0x00000000eab00000)
  object space 87552K, 0% used [0x00000000c0000000,0x00000000c0000000,0x00000000c5580000)
 Metaspace       used 5789K, capacity 6832K, committed 7040K, reserved 1056768K
  class space    used 590K, capacity 616K, committed 640K, reserved 1048576K
Event: 1.804 GC heap after
Heap after GC invocations=1 (full 0):
 PSYoungGen      total 38400K, used 5089K [0x00000000eab00000, 0x00000000ef600000, 0x0000000100000000)
  eden space 33280K, 0% used [0x00000000eab00000,0x00000000eab00000,0x00000000ecb80000)
  from space 5120K, 99% used [0x00000000ecb80000,0x00000000ed0784d0,0x00000000ed080000)
  to   space 5120K, 0% used [0x00000000ef100000,0x00000000ef100000,0x00000000ef600000)
 ParOldGen       total 87552K, used 1231K [0x00000000c0000000, 0x00000000c5580000, 0x00000000eab00000)
  object space 87552K, 1% used [0x00000000c0000000,0x00000000c0133c18,0x00000000c5580000)
 Metaspace       used 5789K, capacity 6832K, committed 7040K, reserved 1056768K
  class space    used 590K, capacity 616K, committed 640K, reserved 1048576K
}

Deoptimization events (6 events):
Event: 0.567 Thread 0x000000000237e800 Uncommon trap: reason=unstable_if action=reinterpret pc=0x0000000002c81484 method=java.lang.String.compareTo(Ljava/lang/String;)I @ 38
Event: 1.029 Thread 0x0000000056b90800 Uncommon trap: reason=unstable_if action=reinterpret pc=0x0000000002d36230 method=java.util.HashMap.getNode(ILjava/lang/Object;)Ljava/util/HashMap$Node; @ 62
Event: 1.203 Thread 0x0000000056b92000 Uncommon trap: reason=bimorphic action=maybe_recompile pc=0x0000000002d3a120 method=java.util.HashMap.getNode(ILjava/lang/Object;)Ljava/util/HashMap$Node; @ 126
Event: 2.007 Thread 0x0000000056b90800 Uncommon trap: reason=unstable_if action=reinterpret pc=0x0000000002d3a0e4 method=java.util.HashMap.getNode(ILjava/lang/Object;)Ljava/util/HashMap$Node; @ 62
Event: 2.015 Thread 0x000000000237e800 Uncommon trap: reason=unstable_if action=reinterpret pc=0x0000000002d4f948 method=java.lang.String.<init>([CII)V @ 18
Event: 2.105 Thread 0x0000000056b94000 Uncommon trap: reason=unstable_if action=reinterpret pc=0x0000000002d57fc4 method=com.android.dx.rop.cst.Constant.compareTo(Lcom/android/dx/rop/cst/Constant;)I @ 12

Internal exceptions (2 events):
Event: 0.096 Thread 0x000000000237e800 Exception <a 'java/lang/NoSuchMethodError': Method sun.misc.Unsafe.defineClass(Ljava/lang/String;[BII)Ljava/lang/Class; name or signature does not match> (0x00000000eab07cc0) thrown at [C:\re\workspace\8-2-build-windows-amd64-cygwin\jdk8u101\7261\hotspot\sÕ¹ÅÕÿ”¸?
Event: 0.096 Thread 0x000000000237e800 Exception <a 'java/lang/NoSuchMethodError': Method sun.misc.Unsafe.prefetchRead(Ljava/lang/Object;J)V name or signature does not match> (0x00000000eab07fa8) thrown at [C:\re\workspace\8-2-build-windows-amd64-cygwin\jdk8u101\7261\hotspot\src\share\vm\prims\

Events (10 events):
Event: 2.007 Thread 0x0000000056b90800 DEOPT PACKING pc=0x0000000002d3a0e4 sp=0x0000000059ade6d0
Event: 2.007 Thread 0x0000000056b90800 DEOPT UNPACKING pc=0x0000000002b7582a sp=0x0000000059ade5f0 mode 2
Event: 2.014 loading class com/android/dx/cf/attrib/AttExceptions
Event: 2.014 loading class com/android/dx/cf/attrib/AttExceptions done
Event: 2.015 Thread 0x000000000237e800 Uncommon trap: trap_request=0xffffff65 fr.pc=0x0000000002d4f948
Event: 2.015 Thread 0x000000000237e800 DEOPT PACKING pc=0x0000000002d4f948 sp=0x000000000285e560
Event: 2.015 Thread 0x000000000237e800 DEOPT UNPACKING pc=0x0000000002b7582a sp=0x000000000285e490 mode 2
Event: 2.105 Thread 0x0000000056b94000 Uncommon trap: trap_request=0xffffff65 fr.pc=0x0000000002d57fc4
Event: 2.105 Thread 0x0000000056b94000 DEOPT PACKING pc=0x0000000002d57fc4 sp=0x0000000059d5ebe0
Event: 2.105 Thread 0x0000000056b94000 DEOPT UNPACKING pc=0x0000000002b7582a sp=0x0000000059d5eb80 mode 2


Dynamic libraries:
0x000000013f630000 - 0x000000013f667000 	C:\Program Files\Java\jdk1.8.0_101\bin\java.exe
0x0000000077750000 - 0x00000000778fa000 	C:\Windows\SYSTEM32\ntdll.dll
0x0000000077530000 - 0x000000007764f000 	C:\Windows\system32\kernel32.dll
0x000007fefd5e0000 - 0x000007fefd64a000 	C:\Windows\system32\KERNELBASE.dll
0x000007fefe7c0000 - 0x000007fefe89b000 	C:\Windows\system32\ADVAPI32.dll
0x000007fefe4c0000 - 0x000007fefe55f000 	C:\Windows\system32\msvcrt.dll
0x000007feff630000 - 0x000007feff64f000 	C:\Windows\SYSTEM32\sechost.dll
0x000007feff930000 - 0x000007feffa5d000 	C:\Windows\system32\RPCRT4.dll
0x0000000077650000 - 0x000000007774a000 	C:\Windows\system32\USER32.dll
0x000007fefde00000 - 0x000007fefde67000 	C:\Windows\system32\GDI32.dll
0x000007fefdb90000 - 0x000007fefdb9e000 	C:\Windows\system32\LPK.dll
0x000007fefe330000 - 0x000007fefe3fa000 	C:\Windows\system32\USP10.dll
0x000007fefb020000 - 0x000007fefb214000 	C:\Windows\WinSxS\amd64_microsoft.windows.common-controls_6595b64144ccf1df_6.0.7601.18837_none_fa3b1e3d17594757\COMCTL32.dll
0x000007fefda80000 - 0x000007fefdaf1000 	C:\Windows\system32\SHLWAPI.dll
0x000007fefdb00000 - 0x000007fefdb2e000 	C:\Windows\system32\IMM32.DLL
0x000007fefe220000 - 0x000007fefe329000 	C:\Windows\system32\MSCTF.dll
0x000007fefd3a0000 - 0x000007fefd3e4000 	C:\windows\system32\nvinitx.dll
0x0000000058040000 - 0x0000000058112000 	C:\Program Files\Java\jdk1.8.0_101\jre\bin\msvcr100.dll
0x00000000577a0000 - 0x000000005803a000 	C:\Program Files\Java\jdk1.8.0_101\jre\bin\server\jvm.dll
0x000007fef8b60000 - 0x000007fef8b69000 	C:\Windows\system32\WSOCK32.dll
0x000007fefddb0000 - 0x000007fefddfd000 	C:\Windows\system32\WS2_32.dll
0x000007fefd840000 - 0x000007fefd848000 	C:\Windows\system32\NSI.dll
0x000007fefac10000 - 0x000007fefac4b000 	C:\Windows\system32\WINMM.dll
0x000007fefc4b0000 - 0x000007fefc4bc000 	C:\Windows\system32\VERSION.dll
0x0000000077910000 - 0x0000000077917000 	C:\Windows\system32\PSAPI.DLL
0x000000005c390000 - 0x000000005c39f000 	C:\Program Files\Java\jdk1.8.0_101\jre\bin\verify.dll
0x00000000581d0000 - 0x00000000581f9000 	C:\Program Files\Java\jdk1.8.0_101\jre\bin\java.dll
0x000000005c370000 - 0x000000005c386000 	C:\Program Files\Java\jdk1.8.0_101\jre\bin\zip.dll
0x000007fefe8a0000 - 0x000007feff62a000 	C:\Windows\system32\SHELL32.dll
0x000007fefdba0000 - 0x000007fefdda3000 	C:\Windows\system32\ole32.dll
0x000007fefd480000 - 0x000007fefd48f000 	C:\Windows\system32\profapi.dll

VM Arguments:
jvm_args: -Djava.awt.headless=true -Xmx1024M -Dfile.encoding=windows-1252 -Duser.country=FR -Duser.language=fr -Duser.variant 
java_command: com.android.dx.command.Main --dex --num-threads=4 --output C:\Android\Projects\MeteoAppli\app\build\intermediates\pre-dexed\debug\com.android.support-appcompat-v7-24.2.1_3689e617c9c62a990c77b057c60f12ac21987040.jar C:\Android\Projects\MeteoAppli\app\build\intermediates\exploded-aar\com.android.support\appcompat-v7\24.2.1\jars\classes.jar
java_class_path (initial): C:\Android\build-tools\24.0.2\lib\dx.jar
Launcher Type: SUN_STANDARD

Environment Variables:
PATH=C:\ProgramData\Oracle\Java\javapath;C:\Program Files\Common Files\Microsoft Shared\Windows Live;C:\Program Files (x86)\Common Files\Microsoft Shared\Windows Live;C:\Program Files (x86)\NVIDIA Corporation\PhysX\Common;C:\Program Files (x86)\Intel\iCLS Client\;C:\Program Files\Intel\iCLS Client\;C:\Windows\system32;C:\Windows;C:\Windows\System32\Wbem;C:\Windows\System32\WindowsPowerShell\v1.0\;C:\Program Files\Intel\Intel(R) Management Engine Components\DAL;C:\Program Files\Intel\Intel(R) Management Engine Components\IPT;C:\Program Files (x86)\Intel\Intel(R) Management Engine Components\DAL;C:\Program Files (x86)\Intel\Intel(R) Management Engine Components\IPT;C:\Program Files (x86)\Intel\OpenCL SDK\2.0\bin\x86;C:\Program Files (x86)\Intel\OpenCL SDK\2.0\bin\x64;C:\Program Files\Intel\WiFi\bin\;C:\Program Files\Common Files\Intel\WirelessCommon\;C:\Program Files (x86)\Windows Live\Shared;C:\Program Files (x86)\Skype\Phone\;C:\Program Files (x86)\GitExtensions\
USERNAME=Jérémie
OS=Windows_NT
PROCESSOR_IDENTIFIER=Intel64 Family 6 Model 58 Stepping 9, GenuineIntel



---------------  S Y S T E M  ---------------

OS: Windows 7 , 64 bit Build 7601 (6.1.7601.23543)

CPU:total 8 (4 cores per cpu, 2 threads per core) family 6 model 58 stepping 9, cmov, cx8, fxsr, mmx, sse, sse2, sse3, ssse3, sse4.1, sse4.2, popcnt, avx, aes, clmul, erms, ht, tsc, tscinvbit, tscinv

Memory: 4k page, physical 8283508k(419828k free), swap 9330224k(5056k free)

vm_info: Java HotSpot(TM) 64-Bit Server VM (25.101-b13) for windows-amd64 JRE (1.8.0_101-b13), built on Jun 22 2016 01:21:29 by "java_re" with MS VC++ 10.0 (VS2010)

time: Tue Nov 01 12:56:51 2016
elapsed time: 2 seconds (0d 0h 0m 2s)

