#
# There is insufficient memory for the Java Runtime Environment to continue.
# Native memory allocation (malloc) failed to allocate 153696 bytes for Chunk::new
# Possible reasons:
#   The system is out of physical RAM or swap space
#   In 32 bit mode, the process size limit was hit
# Possible solutions:
#   Reduce memory load on the system
#   Increase physical memory or swap space
#   Check if swap backing store is full
#   Use 64 bit Java on a 64 bit OS
#   Decrease Java heap size (-Xmx/-Xms)
#   Decrease number of Java threads
#   Decrease Java thread stack sizes (-Xss)
#   Set larger code cache with -XX:ReservedCodeCacheSize=
# This output file may be truncated or incomplete.
#
#  Out of Memory Error (allocation.cpp:390), pid=7988, tid=0x00000000000006ac
#
# JRE version: Java(TM) SE Runtime Environment (8.0_101-b13) (build 1.8.0_101-b13)
# Java VM: Java HotSpot(TM) 64-Bit Server VM (25.101-b13 mixed mode windows-amd64 compressed oops)
# Failed to write core dump. Minidumps are not enabled by default on client versions of Windows
#

---------------  T H R E A D  ---------------

Current thread (0x00000000568a1800):  JavaThread "C2 CompilerThread0" daemon [_thread_in_native, id=1708, stack(0x00000000589d0000,0x0000000058ad0000)]

Stack: [0x00000000589d0000,0x0000000058ad0000]
[error occurred during error reporting (printing stack bounds), id 0xc0000005]

Native frames: (J=compiled Java code, j=interpreted, Vv=VM code, C=native code)


Current CompileTask:
C2:    319  139       4       java.util.regex.Pattern::compile (406 bytes)


---------------  P R O C E S S  ---------------

Java Threads: ( => current thread )
  0x0000000056945800 JavaThread "Service Thread" daemon [_thread_blocked, id=7916, stack(0x0000000059170000,0x0000000059270000)]
  0x00000000568ba000 JavaThread "C1 CompilerThread3" daemon [_thread_blocked, id=7248, stack(0x0000000059040000,0x0000000059140000)]
  0x00000000568b0000 JavaThread "C2 CompilerThread2" daemon [_thread_in_native, id=6128, stack(0x0000000058ba0000,0x0000000058ca0000)]
  0x00000000568a9000 JavaThread "C2 CompilerThread1" daemon [_thread_in_native, id=7524, stack(0x00000000579c0000,0x0000000057ac0000)]
=>0x00000000568a1800 JavaThread "C2 CompilerThread0" daemon [_thread_in_native, id=1708, stack(0x00000000589d0000,0x0000000058ad0000)]
  0x000000005689e800 JavaThread "Attach Listener" daemon [_thread_blocked, id=7576, stack(0x0000000057c10000,0x0000000057d10000)]
  0x000000005689d800 JavaThread "Signal Dispatcher" daemon [_thread_blocked, id=2724, stack(0x0000000057ed0000,0x0000000057fd0000)]
  0x00000000558fa800 JavaThread "Finalizer" daemon [_thread_blocked, id=1352, stack(0x0000000057d20000,0x0000000057e20000)]
  0x00000000558f9800 JavaThread "Reference Handler" daemon [_thread_blocked, id=6964, stack(0x0000000057ad0000,0x0000000057bd0000)]
  0x0000000001d2e800 JavaThread "main" [_thread_in_Java, id=3124, stack(0x0000000002560000,0x0000000002660000)]

Other Threads:
  0x0000000056852800 VMThread [stack: 0x00000000578a0000,0x00000000579a0000] [id=5564]
  0x000000005694b000 WatcherThread [stack: 0x0000000058cb0000,0x0000000058db0000] [id=7360]

VM state:not at safepoint (normal execution)

VM Mutex/Monitor currently owned by a thread: None

Heap:
 PSYoungGen      total 38400K, used 8654K [0x00000000eab00000, 0x00000000ed580000, 0x0000000100000000)
  eden space 33280K, 26% used [0x00000000eab00000,0x00000000eb373870,0x00000000ecb80000)
  from space 5120K, 0% used [0x00000000ed080000,0x00000000ed080000,0x00000000ed580000)
  to   space 5120K, 0% used [0x00000000ecb80000,0x00000000ecb80000,0x00000000ed080000)
 ParOldGen       total 87552K, used 0K [0x00000000c0000000, 0x00000000c5580000, 0x00000000eab00000)
  object space 87552K, 0% used [0x00000000c0000000,0x00000000c0000000,0x00000000c5580000)
 Metaspace       used 3468K, capacity 4784K, committed 5120K, reserved 1056768K
  class space    used 382K, capacity 424K, committed 512K, reserved 1048576K

Card table byte_map: [0x0000000011cf0000,0x0000000011f00000] byte_map_base: 0x00000000116f0000

Marking Bits: (ParMarkBitMap*) 0x000000005884a6d0
 Begin Bits: [0x0000000012d10000, 0x0000000013d10000)
 End Bits:   [0x0000000013d10000, 0x0000000014d10000)

Polling page: 0x0000000001c60000

CodeCache: size=245760Kb used=1355Kb max_used=1367Kb free=244404Kb
 bounds [0x0000000002930000, 0x0000000002ba0000, 0x0000000011930000]
 total_blobs=388 nmethods=143 adapters=158
 compilation: enabled

Compilation events (10 events):
Event: 0.316 Thread 0x00000000568ba000 nmethod 143 0x0000000002a7bf90 code [0x0000000002a7c120, 0x0000000002a7c518]
Event: 0.316 Thread 0x00000000568ba000  142       1       java.net.URL::getQuery (5 bytes)
Event: 0.316 Thread 0x00000000568ba000 nmethod 142 0x0000000002a7bcd0 code [0x0000000002a7be20, 0x0000000002a7bf30]
Event: 0.316 Thread 0x00000000568ba000  144       1       java.net.URL::getPort (5 bytes)
Event: 0.316 Thread 0x00000000568ba000 nmethod 144 0x0000000002a82dd0 code [0x0000000002a82f20, 0x0000000002a83030]
Event: 0.316 Thread 0x00000000568ba000  145       1       java.net.URLStreamHandler::getDefaultPort (2 bytes)
Event: 0.316 Thread 0x00000000568ba000 nmethod 145 0x0000000002a82b10 code [0x0000000002a82c60, 0x0000000002a82d70]
Event: 0.317 Thread 0x00000000568a9000  141       4       java.util.regex.Pattern::newSlice (181 bytes)
Event: 0.317 Thread 0x00000000568b0000 nmethod 138% 0x0000000002a80d90 code [0x0000000002a80f00, 0x0000000002a81418]
Event: 0.317 Thread 0x00000000568b0000  140       4       java.lang.String::compareTo (78 bytes)

GC Heap History (0 events):
No events

Deoptimization events (0 events):
No events

Internal exceptions (2 events):
Event: 0.080 Thread 0x0000000001d2e800 Exception <a 'java/lang/NoSuchMethodError': Method sun.misc.Unsafe.defineClass(Ljava/lang/String;[BII)Ljava/lang/Class; name or signature does not match> (0x00000000eab07cc0) thrown at [C:\re\workspace\8-2-build-windows-amd64-cygwin\jdk8u101\7261\hotspot\s§¨ùFÇÅ¥?
Event: 0.080 Thread 0x0000000001d2e800 Exception <a 'java/lang/NoSuchMethodError': Method sun.misc.Unsafe.prefetchRead(Ljava/lang/Object;J)V name or signature does not match> (0x00000000eab07fa8) thrown at [C:\re\workspace\8-2-build-windows-amd64-cygwin\jdk8u101\7261\hotspot\src\share\vm\prims\

Events (10 events):
Event: 0.316 loading class java/lang/IllegalStateException
Event: 0.316 loading class java/lang/IllegalStateException done
Event: 0.316 loading class com/android/dx/util/ByteArray
Event: 0.316 loading class com/android/dx/util/ByteArray done
Event: 0.317 loading class java/lang/IndexOutOfBoundsException
Event: 0.317 loading class java/lang/IndexOutOfBoundsException done
Event: 0.317 loading class com/android/dx/cf/iface/Attribute
Event: 0.317 loading class com/android/dx/cf/iface/Attribute done
Event: 0.318 loading class com/android/dx/cf/code/BytecodeArray$Visitor
Event: 0.318 loading class com/android/dx/cf/code/BytecodeArray$Visitor done


Dynamic libraries:
0x000000013f350000 - 0x000000013f387000 	C:\Program Files\Java\jdk1.8.0_101\bin\java.exe
0x00000000773d0000 - 0x000000007757a000 	C:\Windows\SYSTEM32\ntdll.dll
0x00000000771b0000 - 0x00000000772cf000 	C:\Windows\system32\kernel32.dll
0x000007fefd370000 - 0x000007fefd3da000 	C:\Windows\system32\KERNELBASE.dll
0x000007fefd8d0000 - 0x000007fefd9ab000 	C:\Windows\system32\ADVAPI32.dll
0x000007fefdf60000 - 0x000007fefdfff000 	C:\Windows\system32\msvcrt.dll
0x000007fefe4d0000 - 0x000007fefe4ef000 	C:\Windows\SYSTEM32\sechost.dll
0x000007fefd4c0000 - 0x000007fefd5ed000 	C:\Windows\system32\RPCRT4.dll
0x00000000772d0000 - 0x00000000773ca000 	C:\Windows\system32\USER32.dll
0x000007fefd5f0000 - 0x000007fefd657000 	C:\Windows\system32\GDI32.dll
0x000007fefdb60000 - 0x000007fefdb6e000 	C:\Windows\system32\LPK.dll
0x000007fefe400000 - 0x000007fefe4ca000 	C:\Windows\system32\USP10.dll
0x000007fefaca0000 - 0x000007fefae94000 	C:\Windows\WinSxS\amd64_microsoft.windows.common-controls_6595b64144ccf1df_6.0.7601.18837_none_fa3b1e3d17594757\COMCTL32.dll
0x000007fefe7e0000 - 0x000007fefe851000 	C:\Windows\system32\SHLWAPI.dll
0x000007fefda50000 - 0x000007fefda7e000 	C:\Windows\system32\IMM32.DLL
0x000007fefde50000 - 0x000007fefdf59000 	C:\Windows\system32\MSCTF.dll
0x000007fefd020000 - 0x000007fefd064000 	C:\windows\system32\nvinitx.dll
0x0000000058e10000 - 0x0000000058ee2000 	C:\Program Files\Java\jdk1.8.0_101\jre\bin\msvcr100.dll
0x0000000058030000 - 0x00000000588ca000 	C:\Program Files\Java\jdk1.8.0_101\jre\bin\server\jvm.dll
0x000007fef87b0000 - 0x000007fef87b9000 	C:\Windows\system32\WSOCK32.dll
0x000007fefe900000 - 0x000007fefe94d000 	C:\Windows\system32\WS2_32.dll
0x000007fefe3f0000 - 0x000007fefe3f8000 	C:\Windows\system32\NSI.dll
0x000007fefa890000 - 0x000007fefa8cb000 	C:\Windows\system32\WINMM.dll
0x000007fefc130000 - 0x000007fefc13c000 	C:\Windows\system32\VERSION.dll
0x0000000077590000 - 0x0000000077597000 	C:\Windows\system32\PSAPI.DLL
0x000000006cdf0000 - 0x000000006cdff000 	C:\Program Files\Java\jdk1.8.0_101\jre\bin\verify.dll
0x00000000657d0000 - 0x00000000657f9000 	C:\Program Files\Java\jdk1.8.0_101\jre\bin\java.dll
0x00000000648c0000 - 0x00000000648d6000 	C:\Program Files\Java\jdk1.8.0_101\jre\bin\zip.dll
0x000007fefe950000 - 0x000007feff6d9000 	C:\Windows\system32\SHELL32.dll
0x000007fefe1e0000 - 0x000007fefe3e3000 	C:\Windows\system32\ole32.dll
0x000007fefd100000 - 0x000007fefd10f000 	C:\Windows\system32\profapi.dll

VM Arguments:
jvm_args: -Djava.awt.headless=true -Xmx1024M -Dfile.encoding=windows-1252 -Duser.country=FR -Duser.language=fr -Duser.variant 
java_command: com.android.dx.command.Main --dex --force-jumbo --num-threads=4 --output C:\Android\Projects\MeteoAppli\app\build\intermediates\pre-dexed\debug\com.android.support-appcompat-v7-24.2.1_3689e617c9c62a990c77b057c60f12ac21987040.jar C:\Android\Projects\MeteoAppli\app\build\intermediates\exploded-aar\com.android.support\appcompat-v7\24.2.1\jars\classes.jar
java_class_path (initial): C:\Android\build-tools\24.0.2\lib\dx.jar
Launcher Type: SUN_STANDARD

Environment Variables:
PATH=C:\ProgramData\Oracle\Java\javapath;C:\Program Files\Common Files\Microsoft Shared\Windows Live;C:\Program Files (x86)\Common Files\Microsoft Shared\Windows Live;C:\Program Files (x86)\NVIDIA Corporation\PhysX\Common;C:\Program Files (x86)\Intel\iCLS Client\;C:\Program Files\Intel\iCLS Client\;C:\Windows\system32;C:\Windows;C:\Windows\System32\Wbem;C:\Windows\System32\WindowsPowerShell\v1.0\;C:\Program Files\Intel\Intel(R) Management Engine Components\DAL;C:\Program Files\Intel\Intel(R) Management Engine Components\IPT;C:\Program Files (x86)\Intel\Intel(R) Management Engine Components\DAL;C:\Program Files (x86)\Intel\Intel(R) Management Engine Components\IPT;C:\Program Files (x86)\Intel\OpenCL SDK\2.0\bin\x86;C:\Program Files (x86)\Intel\OpenCL SDK\2.0\bin\x64;C:\Program Files\Intel\WiFi\bin\;C:\Program Files\Common Files\Intel\WirelessCommon\;C:\Program Files (x86)\Windows Live\Shared;C:\Program Files (x86)\Skype\Phone\;C:\Program Files (x86)\GitExtensions\
USERNAME=JÈrÈmie
OS=Windows_NT
PROCESSOR_IDENTIFIER=Intel64 Family 6 Model 58 Stepping 9, GenuineIntel



---------------  S Y S T E M  ---------------

OS: Windows 7 , 64 bit Build 7601 (6.1.7601.23539)

CPU:total 8 (4 cores per cpu, 2 threads per core) family 6 model 58 stepping 9, cmov, cx8, fxsr, mmx, sse, sse2, sse3, ssse3, sse4.1, sse4.2, popcnt, avx, aes, clmul, erms, ht, tsc, tscinvbit, tscinv

Memory: 4k page, physical 8283508k(744088k free), swap 9330224k(5036k free)

vm_info: Java HotSpot(TM) 64-Bit Server VM (25.101-b13) for windows-amd64 JRE (1.8.0_101-b13), built on Jun 22 2016 01:21:29 by "java_re" with MS VC++ 10.0 (VS2010)

time: Wed Oct 12 12:15:07 2016
elapsed time: 0 seconds (0d 0h 0m 0s)

