#
# There is insufficient memory for the Java Runtime Environment to continue.
# Native memory allocation (malloc) failed to allocate 34096 bytes for Chunk::new
# Possible reasons:
#   The system is out of physical RAM or swap space
#   In 32 bit mode, the process size limit was hit
# Possible solutions:
#   Reduce memory load on the system
#   Increase physical memory or swap space
#   Check if swap backing store is full
#   Use 64 bit Java on a 64 bit OS
#   Decrease Java heap size (-Xmx/-Xms)
#   Decrease number of Java threads
#   Decrease Java thread stack sizes (-Xss)
#   Set larger code cache with -XX:ReservedCodeCacheSize=
# This output file may be truncated or incomplete.
#
#  Out of Memory Error (allocation.cpp:390), pid=3004, tid=0x00000000000023a0
#
# JRE version: Java(TM) SE Runtime Environment (8.0_101-b13) (build 1.8.0_101-b13)
# Java VM: Java HotSpot(TM) 64-Bit Server VM (25.101-b13 mixed mode windows-amd64 compressed oops)
# Failed to write core dump. Minidumps are not enabled by default on client versions of Windows
#

---------------  T H R E A D  ---------------

Current thread (0x000000001679d000):  JavaThread "C2 CompilerThread2" daemon [_thread_in_native, id=9120, stack(0x0000000018190000,0x0000000018290000)]

Stack: [0x0000000018190000,0x0000000018290000]
[error occurred during error reporting (printing stack bounds), id 0xc0000005]

Native frames: (J=compiled Java code, j=interpreted, Vv=VM code, C=native code)


Current CompileTask:
C2:    390  103 %     4       java.lang.String::replace @ 78 (127 bytes)


---------------  P R O C E S S  ---------------

Java Threads: ( => current thread )
  0x00000000167df000 JavaThread "Service Thread" daemon [_thread_blocked, id=11128, stack(0x0000000017b10000,0x0000000017c10000)]
  0x00000000167a6000 JavaThread "C1 CompilerThread3" daemon [_thread_blocked, id=2796, stack(0x0000000017ea0000,0x0000000017fa0000)]
=>0x000000001679d000 JavaThread "C2 CompilerThread2" daemon [_thread_in_native, id=9120, stack(0x0000000018190000,0x0000000018290000)]
  0x000000001674a800 JavaThread "C2 CompilerThread1" daemon [_thread_blocked, id=9208, stack(0x0000000017ff0000,0x00000000180f0000)]
  0x0000000016746800 JavaThread "C2 CompilerThread0" daemon [_thread_blocked, id=7580, stack(0x0000000017da0000,0x0000000017ea0000)]
  0x0000000016740800 JavaThread "Attach Listener" daemon [_thread_blocked, id=8004, stack(0x0000000017c30000,0x0000000017d30000)]
  0x000000001673f800 JavaThread "Signal Dispatcher" daemon [_thread_blocked, id=6356, stack(0x0000000017640000,0x0000000017740000)]
  0x0000000015582000 JavaThread "Finalizer" daemon [_thread_blocked, id=11184, stack(0x00000000178d0000,0x00000000179d0000)]
  0x0000000015579800 JavaThread "Reference Handler" daemon [_thread_blocked, id=8196, stack(0x0000000017a10000,0x0000000017b10000)]
  0x00000000023fe800 JavaThread "main" [_thread_in_Java, id=6556, stack(0x0000000002750000,0x0000000002850000)]

Other Threads:
  0x00000000166f2800 VMThread [stack: 0x0000000017760000,0x0000000017860000] [id=5356]
  0x00000000167d0800 WatcherThread [stack: 0x00000000183e0000,0x00000000184e0000] [id=7644]

VM state:not at safepoint (normal execution)

VM Mutex/Monitor currently owned by a thread: None

Heap:
 PSYoungGen      total 38400K, used 3328K [0x00000000eab00000, 0x00000000ed580000, 0x0000000100000000)
  eden space 33280K, 10% used [0x00000000eab00000,0x00000000eae401a8,0x00000000ecb80000)
  from space 5120K, 0% used [0x00000000ed080000,0x00000000ed080000,0x00000000ed580000)
  to   space 5120K, 0% used [0x00000000ecb80000,0x00000000ecb80000,0x00000000ed080000)
 ParOldGen       total 87552K, used 0K [0x00000000c0000000, 0x00000000c5580000, 0x00000000eab00000)
  object space 87552K, 0% used [0x00000000c0000000,0x00000000c0000000,0x00000000c5580000)
 Metaspace       used 3479K, capacity 4880K, committed 5120K, reserved 1056768K
  class space    used 389K, capacity 456K, committed 512K, reserved 1048576K

Card table byte_map: [0x0000000011ee0000,0x00000000120f0000] byte_map_base: 0x00000000118e0000

Marking Bits: (ParMarkBitMap*) 0x000000005918a6d0
 Begin Bits: [0x0000000012990000, 0x0000000013990000)
 End Bits:   [0x0000000013990000, 0x0000000014990000)

Polling page: 0x0000000000340000

CodeCache: size=245760Kb used=1229Kb max_used=1229Kb free=244530Kb
 bounds [0x0000000002b20000, 0x0000000002d90000, 0x0000000011b20000]
 total_blobs=348 nmethods=103 adapters=158
 compilation: enabled

Compilation events (10 events):
Event: 0.386 Thread 0x00000000167a6000 nmethod 98 0x0000000002c51d90 code [0x0000000002c51f20, 0x0000000002c52578]
Event: 0.386 Thread 0x00000000167a6000   99  s    3       sun.misc.PerfCounter::get (9 bytes)
Event: 0.387 Thread 0x00000000167a6000 nmethod 99 0x0000000002c527d0 code [0x0000000002c52940, 0x0000000002c52cc8]
Event: 0.388 Thread 0x00000000167a6000  101       1       sun.misc.URLClassPath$JarLoader::access$600 (5 bytes)
Event: 0.388 Thread 0x00000000167a6000 nmethod 101 0x0000000002c53150 code [0x0000000002c532a0, 0x0000000002c53390]
Event: 0.389 Thread 0x00000000167a6000  102       1       java.security.CodeSource::getLocation (5 bytes)
Event: 0.389 Thread 0x00000000167a6000 nmethod 102 0x0000000002c53410 code [0x0000000002c53560, 0x0000000002c53670]
Event: 0.389 Thread 0x000000001679d000  103 %     4       java.lang.String::replace @ 78 (127 bytes)
Event: 0.389 Thread 0x00000000167a6000  104       3       java.lang.String::<init> (10 bytes)
Event: 0.389 Thread 0x00000000167a6000 nmethod 104 0x0000000002c536d0 code [0x0000000002c53820, 0x0000000002c539f0]

GC Heap History (0 events):
No events

Deoptimization events (0 events):
No events

Internal exceptions (2 events):
Event: 0.045 Thread 0x00000000023fe800 Exception <a 'java/lang/NoSuchMethodError': Method sun.misc.Unsafe.defineClass(Ljava/lang/String;[BII)Ljava/lang/Class; name or signature does not match> (0x00000000eab07cc0) thrown at [C:\re\workspace\8-2-build-windows-amd64-cygwin\jdk8u101\7261\hotspot\sTÅß?
Event: 0.045 Thread 0x00000000023fe800 Exception <a 'java/lang/NoSuchMethodError': Method sun.misc.Unsafe.prefetchRead(Ljava/lang/Object;J)V name or signature does not match> (0x00000000eab07fa8) thrown at [C:\re\workspace\8-2-build-windows-amd64-cygwin\jdk8u101\7261\hotspot\src\share\vm\prims\

Events (10 events):
Event: 0.388 loading class com/android/dx/rop/cst/CstInteger done
Event: 0.389 loading class com/android/dx/rop/cst/CstLiteral32
Event: 0.389 loading class com/android/dx/rop/cst/CstLiteral32 done
Event: 0.389 loading class com/android/dx/rop/cst/CstLiteralBits
Event: 0.389 loading class com/android/dx/rop/cst/CstLiteralBits done
Event: 0.389 loading class com/android/dx/rop/cst/CstFloat
Event: 0.389 loading class com/android/dx/rop/cst/CstFloat done
Event: 0.390 loading class com/android/dx/rop/cst/CstLong
Event: 0.390 loading class com/android/dx/rop/cst/CstLong done
Event: 0.390 loading class com/android/dx/rop/cst/CstLiteral64


Dynamic libraries:
0x000000013f150000 - 0x000000013f187000 	C:\Program Files\Java\jdk1.8.0_101\bin\java.exe
0x0000000076e40000 - 0x0000000076fea000 	C:\Windows\SYSTEM32\ntdll.dll
0x0000000076c20000 - 0x0000000076d3f000 	C:\Windows\system32\kernel32.dll
0x000007fefcc10000 - 0x000007fefcc7a000 	C:\Windows\system32\KERNELBASE.dll
0x000007fefcf30000 - 0x000007fefd00b000 	C:\Windows\system32\ADVAPI32.dll
0x000007fefd170000 - 0x000007fefd20f000 	C:\Windows\system32\msvcrt.dll
0x000007fefdac0000 - 0x000007fefdadf000 	C:\Windows\SYSTEM32\sechost.dll
0x000007fefdae0000 - 0x000007fefdc0d000 	C:\Windows\system32\RPCRT4.dll
0x0000000076d40000 - 0x0000000076e3a000 	C:\Windows\system32\USER32.dll
0x000007fefde90000 - 0x000007fefdef7000 	C:\Windows\system32\GDI32.dll
0x000007fefde20000 - 0x000007fefde2e000 	C:\Windows\system32\LPK.dll
0x000007fefd300000 - 0x000007fefd3ca000 	C:\Windows\system32\USP10.dll
0x000007fefa710000 - 0x000007fefa904000 	C:\Windows\WinSxS\amd64_microsoft.windows.common-controls_6595b64144ccf1df_6.0.7601.18837_none_fa3b1e3d17594757\COMCTL32.dll
0x000007fefda40000 - 0x000007fefdab1000 	C:\Windows\system32\SHLWAPI.dll
0x000007fefdc10000 - 0x000007fefdc3e000 	C:\Windows\system32\IMM32.DLL
0x000007fefe090000 - 0x000007fefe199000 	C:\Windows\system32\MSCTF.dll
0x000007fefca90000 - 0x000007fefcad4000 	C:\windows\system32\nvinitx.dll
0x00000000524e0000 - 0x00000000525b2000 	C:\Program Files\Java\jdk1.8.0_101\jre\bin\msvcr100.dll
0x0000000058970000 - 0x000000005920a000 	C:\Program Files\Java\jdk1.8.0_101\jre\bin\server\jvm.dll
0x000007fef8180000 - 0x000007fef8189000 	C:\Windows\system32\WSOCK32.dll
0x000007fefd210000 - 0x000007fefd25d000 	C:\Windows\system32\WS2_32.dll
0x000007feff140000 - 0x000007feff148000 	C:\Windows\system32\NSI.dll
0x000007fefa2a0000 - 0x000007fefa2db000 	C:\Windows\system32\WINMM.dll
0x000007fefbba0000 - 0x000007fefbbac000 	C:\Windows\system32\VERSION.dll
0x0000000077000000 - 0x0000000077007000 	C:\Windows\system32\PSAPI.DLL
0x0000000072740000 - 0x000000007274f000 	C:\Program Files\Java\jdk1.8.0_101\jre\bin\verify.dll
0x00000000726b0000 - 0x00000000726d9000 	C:\Program Files\Java\jdk1.8.0_101\jre\bin\java.dll
0x0000000072690000 - 0x00000000726a6000 	C:\Program Files\Java\jdk1.8.0_101\jre\bin\zip.dll
0x000007fefe1a0000 - 0x000007fefef29000 	C:\Windows\system32\SHELL32.dll
0x000007fefef30000 - 0x000007feff133000 	C:\Windows\system32\ole32.dll
0x000007fefcb70000 - 0x000007fefcb7f000 	C:\Windows\system32\profapi.dll

VM Arguments:
jvm_args: -Djava.awt.headless=true -Xmx1024M -Dfile.encoding=windows-1252 -Duser.country=FR -Duser.language=fr -Duser.variant 
java_command: com.android.dx.command.Main --dex --force-jumbo --num-threads=4 --output C:\Android\Projects\MeteoAppli\app\build\intermediates\pre-dexed\debug\com.android.support-support-fragment-24.2.1_e5000249bc75987abba0383504cc8faf5b792a53.jar C:\Android\Projects\MeteoAppli\app\build\intermediates\exploded-aar\com.android.support\support-fragment\24.2.1\jars\classes.jar
java_class_path (initial): C:\Android\build-tools\24.0.2\lib\dx.jar
Launcher Type: SUN_STANDARD

Environment Variables:
PATH=C:\ProgramData\Oracle\Java\javapath;C:\Program Files\Common Files\Microsoft Shared\Windows Live;C:\Program Files (x86)\Common Files\Microsoft Shared\Windows Live;C:\Program Files (x86)\NVIDIA Corporation\PhysX\Common;C:\Program Files (x86)\Intel\iCLS Client\;C:\Program Files\Intel\iCLS Client\;C:\Windows\system32;C:\Windows;C:\Windows\System32\Wbem;C:\Windows\System32\WindowsPowerShell\v1.0\;C:\Program Files\Intel\Intel(R) Management Engine Components\DAL;C:\Program Files\Intel\Intel(R) Management Engine Components\IPT;C:\Program Files (x86)\Intel\Intel(R) Management Engine Components\DAL;C:\Program Files (x86)\Intel\Intel(R) Management Engine Components\IPT;C:\Program Files (x86)\Intel\OpenCL SDK\2.0\bin\x86;C:\Program Files (x86)\Intel\OpenCL SDK\2.0\bin\x64;C:\Program Files\Intel\WiFi\bin\;C:\Program Files\Common Files\Intel\WirelessCommon\;C:\Program Files (x86)\Windows Live\Shared;C:\Program Files (x86)\Skype\Phone\;C:\Program Files (x86)\GitExtensions\
USERNAME=JÈrÈmie
OS=Windows_NT
PROCESSOR_IDENTIFIER=Intel64 Family 6 Model 58 Stepping 9, GenuineIntel



---------------  S Y S T E M  ---------------

OS: Windows 7 , 64 bit Build 7601 (6.1.7601.23539)

CPU:total 8 (4 cores per cpu, 2 threads per core) family 6 model 58 stepping 9, cmov, cx8, fxsr, mmx, sse, sse2, sse3, ssse3, sse4.1, sse4.2, popcnt, avx, aes, clmul, erms, ht, tsc, tscinvbit, tscinv

Memory: 4k page, physical 8283508k(267028k free), swap 9330224k(5092k free)

vm_info: Java HotSpot(TM) 64-Bit Server VM (25.101-b13) for windows-amd64 JRE (1.8.0_101-b13), built on Jun 22 2016 01:21:29 by "java_re" with MS VC++ 10.0 (VS2010)

time: Thu Oct 13 11:06:10 2016
elapsed time: 0 seconds (0d 0h 0m 0s)

