#
# There is insufficient memory for the Java Runtime Environment to continue.
# Native memory allocation (malloc) failed to allocate 688016 bytes for Chunk::new
# Possible reasons:
#   The system is out of physical RAM or swap space
#   In 32 bit mode, the process size limit was hit
# Possible solutions:
#   Reduce memory load on the system
#   Increase physical memory or swap space
#   Check if swap backing store is full
#   Use 64 bit Java on a 64 bit OS
#   Decrease Java heap size (-Xmx/-Xms)
#   Decrease number of Java threads
#   Decrease Java thread stack sizes (-Xss)
#   Set larger code cache with -XX:ReservedCodeCacheSize=
# This output file may be truncated or incomplete.
#
#  Out of Memory Error (allocation.cpp:390), pid=2352, tid=0x0000000000001c04
#
# JRE version: Java(TM) SE Runtime Environment (8.0_101-b13) (build 1.8.0_101-b13)
# Java VM: Java HotSpot(TM) 64-Bit Server VM (25.101-b13 mixed mode windows-amd64 compressed oops)
# Failed to write core dump. Minidumps are not enabled by default on client versions of Windows
#

---------------  T H R E A D  ---------------

Current thread (0x000000005683d000):  JavaThread "C2 CompilerThread1" daemon [_thread_in_native, id=7172, stack(0x0000000058930000,0x0000000058a30000)]

Stack: [0x0000000058930000,0x0000000058a30000]
[error occurred during error reporting (printing stack bounds), id 0xc0000005]

Native frames: (J=compiled Java code, j=interpreted, Vv=VM code, C=native code)


Current CompileTask:
C2:   1913 1179       4       com.android.dx.ssa.SCCP::simulateBranch (666 bytes)


---------------  P R O C E S S  ---------------

Java Threads: ( => current thread )
  0x0000000056b0e800 JavaThread "pool-1-thread-4" [_thread_in_Java, id=7936, stack(0x0000000059bf0000,0x0000000059cf0000)]
  0x0000000056b0c000 JavaThread "pool-1-thread-3" [_thread_blocked, id=7760, stack(0x0000000059f10000,0x000000005a010000)]
  0x0000000056b0b000 JavaThread "pool-1-thread-2" [_thread_blocked, id=8988, stack(0x0000000059cf0000,0x0000000059df0000)]
  0x0000000056b0a800 JavaThread "pool-2-thread-1" [_thread_blocked, id=4492, stack(0x0000000059ad0000,0x0000000059bd0000)]
  0x0000000056b88800 JavaThread "pool-1-thread-1" [_thread_blocked, id=8252, stack(0x00000000598f0000,0x00000000599f0000)]
  0x00000000568d9800 JavaThread "Service Thread" daemon [_thread_blocked, id=8936, stack(0x0000000058e80000,0x0000000058f80000)]
  0x00000000568a8800 JavaThread "C1 CompilerThread3" daemon [_thread_blocked, id=3132, stack(0x0000000058bd0000,0x0000000058cd0000)]
  0x000000005689c800 JavaThread "C2 CompilerThread2" daemon [_thread_in_native, id=4148, stack(0x0000000058d00000,0x0000000058e00000)]
=>0x000000005683d000 JavaThread "C2 CompilerThread1" daemon [_thread_in_native, id=7172, stack(0x0000000058930000,0x0000000058a30000)]
  0x0000000056839000 JavaThread "C2 CompilerThread0" daemon [_thread_in_native, id=6400, stack(0x0000000058a50000,0x0000000058b50000)]
  0x0000000056835800 JavaThread "Attach Listener" daemon [_thread_blocked, id=8608, stack(0x00000000587b0000,0x00000000588b0000)]
  0x0000000056848000 JavaThread "Signal Dispatcher" daemon [_thread_blocked, id=6012, stack(0x00000000585e0000,0x00000000586e0000)]
  0x0000000055787800 JavaThread "Finalizer" daemon [_thread_blocked, id=8544, stack(0x00000000583d0000,0x00000000584d0000)]
  0x0000000055786800 JavaThread "Reference Handler" daemon [_thread_blocked, id=9392, stack(0x00000000578e0000,0x00000000579e0000)]
  0x00000000000fe800 JavaThread "main" [_thread_blocked, id=9444, stack(0x00000000024f0000,0x00000000025f0000)]

Other Threads:
  0x00000000567f0800 VMThread [stack: 0x00000000577a0000,0x00000000578a0000] [id=8268]
  0x00000000568de800 WatcherThread [stack: 0x0000000058fa0000,0x00000000590a0000] [id=9072]

VM state:not at safepoint (normal execution)

VM Mutex/Monitor currently owned by a thread: None

Heap:
 PSYoungGen      total 38400K, used 14908K [0x00000000eab00000, 0x00000000ed580000, 0x0000000100000000)
  eden space 33280K, 29% used [0x00000000eab00000,0x00000000eb4953a0,0x00000000ecb80000)
  from space 5120K, 99% used [0x00000000ed080000,0x00000000ed579c98,0x00000000ed580000)
  to   space 5120K, 0% used [0x00000000ecb80000,0x00000000ecb80000,0x00000000ed080000)
 ParOldGen       total 87552K, used 5086K [0x00000000c0000000, 0x00000000c5580000, 0x00000000eab00000)
  object space 87552K, 5% used [0x00000000c0000000,0x00000000c04f7be0,0x00000000c5580000)
 Metaspace       used 5964K, capacity 7024K, committed 7296K, reserved 1056768K
  class space    used 589K, capacity 616K, committed 640K, reserved 1048576K

Card table byte_map: [0x0000000011c80000,0x0000000011e90000] byte_map_base: 0x0000000011680000

Marking Bits: (ParMarkBitMap*) 0x000000005822a6d0
 Begin Bits: [0x0000000012ba0000, 0x0000000013ba0000)
 End Bits:   [0x0000000013ba0000, 0x0000000014ba0000)

Polling page: 0x0000000000140000

CodeCache: size=245760Kb used=4878Kb max_used=4878Kb free=240881Kb
 bounds [0x00000000028c0000, 0x0000000002d90000, 0x00000000118c0000]
 total_blobs=1533 nmethods=1270 adapters=176
 compilation: enabled

Compilation events (10 events):
Event: 1.903 Thread 0x00000000568a8800 1280       3       com.android.dx.ssa.DomFront::buildDomTree (72 bytes)
Event: 1.904 Thread 0x00000000568a8800 nmethod 1280 0x0000000002d78110 code [0x0000000002d78360, 0x0000000002d79188]
Event: 1.904 Thread 0x00000000568a8800 1279       3       com.android.dx.ssa.DomFront::<init> (60 bytes)
Event: 1.904 Thread 0x00000000568a8800 nmethod 1279 0x0000000002d6f810 code [0x0000000002d6f9a0, 0x0000000002d6ffd0]
Event: 1.904 Thread 0x00000000568a8800 1284       3       com.android.dx.ssa.BasicRegisterMapper::oldToNew (22 bytes)
Event: 1.905 Thread 0x00000000568a8800 nmethod 1284 0x0000000002d71450 code [0x0000000002d715c0, 0x0000000002d718a8]
Event: 1.905 Thread 0x00000000568a8800 1282       3       com.android.dx.dex.file.ClassDefItem::addDirectMethod (9 bytes)
Event: 1.905 Thread 0x00000000568a8800 nmethod 1282 0x0000000002d77510 code [0x0000000002d776c0, 0x0000000002d77d58]
Event: 1.905 Thread 0x00000000568a8800 1283       3       com.android.dx.dex.file.ClassDataItem::addDirectMethod (24 bytes)
Event: 1.906 Thread 0x00000000568a8800 nmethod 1283 0x0000000002d74b10 code [0x0000000002d74cc0, 0x0000000002d75338]

GC Heap History (4 events):
Event: 1.333 GC heap before
{Heap before GC invocations=1 (full 0):
 PSYoungGen      total 38400K, used 33280K [0x00000000eab00000, 0x00000000ed580000, 0x0000000100000000)
  eden space 33280K, 100% used [0x00000000eab00000,0x00000000ecb80000,0x00000000ecb80000)
  from space 5120K, 0% used [0x00000000ed080000,0x00000000ed080000,0x00000000ed580000)
  to   space 5120K, 0% used [0x00000000ecb80000,0x00000000ecb80000,0x00000000ed080000)
 ParOldGen       total 87552K, used 0K [0x00000000c0000000, 0x00000000c5580000, 0x00000000eab00000)
  object space 87552K, 0% used [0x00000000c0000000,0x00000000c0000000,0x00000000c5580000)
 Metaspace       used 5780K, capacity 6896K, committed 7040K, reserved 1056768K
  class space    used 588K, capacity 616K, committed 640K, reserved 1048576K
Event: 1.426 GC heap after
Heap after GC invocations=1 (full 0):
 PSYoungGen      total 38400K, used 5109K [0x00000000eab00000, 0x00000000ed580000, 0x0000000100000000)
  eden space 33280K, 0% used [0x00000000eab00000,0x00000000eab00000,0x00000000ecb80000)
  from space 5120K, 99% used [0x00000000ecb80000,0x00000000ed07d650,0x00000000ed080000)
  to   space 5120K, 0% used [0x00000000ed080000,0x00000000ed080000,0x00000000ed580000)
 ParOldGen       total 87552K, used 1033K [0x00000000c0000000, 0x00000000c5580000, 0x00000000eab00000)
  object space 87552K, 1% used [0x00000000c0000000,0x00000000c0102490,0x00000000c5580000)
 Metaspace       used 5780K, capacity 6896K, committed 7040K, reserved 1056768K
  class space    used 588K, capacity 616K, committed 640K, reserved 1048576K
}
Event: 1.733 GC heap before
{Heap before GC invocations=2 (full 0):
 PSYoungGen      total 38400K, used 38389K [0x00000000eab00000, 0x00000000ed580000, 0x0000000100000000)
  eden space 33280K, 100% used [0x00000000eab00000,0x00000000ecb80000,0x00000000ecb80000)
  from space 5120K, 99% used [0x00000000ecb80000,0x00000000ed07d650,0x00000000ed080000)
  to   space 5120K, 0% used [0x00000000ed080000,0x00000000ed080000,0x00000000ed580000)
 ParOldGen       total 87552K, used 1033K [0x00000000c0000000, 0x00000000c5580000, 0x00000000eab00000)
  object space 87552K, 1% used [0x00000000c0000000,0x00000000c0102490,0x00000000c5580000)
 Metaspace       used 5928K, capacity 7024K, committed 7296K, reserved 1056768K
  class space    used 589K, capacity 616K, committed 640K, reserved 1048576K
Event: 1.749 GC heap after
Heap after GC invocations=2 (full 0):
 PSYoungGen      total 38400K, used 5095K [0x00000000eab00000, 0x00000000ed580000, 0x0000000100000000)
  eden space 33280K, 0% used [0x00000000eab00000,0x00000000eab00000,0x00000000ecb80000)
  from space 5120K, 99% used [0x00000000ed080000,0x00000000ed579c98,0x00000000ed580000)
  to   space 5120K, 0% used [0x00000000ecb80000,0x00000000ecb80000,0x00000000ed080000)
 ParOldGen       total 87552K, used 5086K [0x00000000c0000000, 0x00000000c5580000, 0x00000000eab00000)
  object space 87552K, 5% used [0x00000000c0000000,0x00000000c04f7be0,0x00000000c5580000)
 Metaspace       used 5928K, capacity 7024K, committed 7296K, reserved 1056768K
  class space    used 589K, capacity 616K, committed 640K, reserved 1048576K
}

Deoptimization events (10 events):
Event: 1.112 Thread 0x0000000056b0b000 Uncommon trap: reason=class_check action=maybe_recompile pc=0x0000000002aed8f0 method=com.android.dx.rop.type.Type.equals(Ljava/lang/Object;)Z @ 8
Event: 1.112 Thread 0x0000000056b0b000 Uncommon trap: reason=class_check action=maybe_recompile pc=0x0000000002aed8f0 method=com.android.dx.rop.type.Type.equals(Ljava/lang/Object;)Z @ 8
Event: 1.113 Thread 0x0000000056b0b000 Uncommon trap: reason=class_check action=maybe_recompile pc=0x0000000002aed8f0 method=com.android.dx.rop.type.Type.equals(Ljava/lang/Object;)Z @ 8
Event: 1.115 Thread 0x0000000056b0b000 Uncommon trap: reason=unstable_if action=reinterpret pc=0x0000000002ad9d24 method=java.util.BitSet.ensureCapacity(I)V @ 6
Event: 1.116 Thread 0x0000000056b0b000 Uncommon trap: reason=unstable_if action=reinterpret pc=0x0000000002aaca60 method=java.util.BitSet.nextSetBit(I)I @ 87
Event: 1.120 Thread 0x0000000056b0b000 Uncommon trap: reason=unstable_if action=reinterpret pc=0x0000000002aaee84 method=java.util.HashMap.getNode(ILjava/lang/Object;)Ljava/util/HashMap$Node; @ 129
Event: 1.122 Thread 0x0000000056b0b000 Uncommon trap: reason=unstable_if action=reinterpret pc=0x0000000002b18bc4 method=com.android.dx.rop.cst.Constant.compareTo(Lcom/android/dx/rop/cst/Constant;)I @ 12
Event: 1.122 Thread 0x0000000056b0b000 Uncommon trap: reason=unstable_if action=reinterpret pc=0x0000000002bad114 method=com.android.dx.ssa.SsaMethod.onSourcesChanged(Lcom/android/dx/ssa/SsaInsn;Lcom/android/dx/rop/code/RegisterSpecList;)V @ 4
Event: 1.557 Thread 0x00000000000fe800 Uncommon trap: reason=unstable_if action=reinterpret pc=0x0000000002c87468 method=com.android.dx.rop.code.RegisterSpecSet.<init>(I)V @ 2
Event: 1.561 Thread 0x0000000056b88800 Uncommon trap: reason=null_check action=make_not_entrant pc=0x0000000002c0c690 method=com.android.dx.rop.type.Type.equals(Ljava/lang/Object;)Z @ 8

Internal exceptions (3 events):
Event: 0.081 Thread 0x00000000000fe800 Exception <a 'java/lang/NoSuchMethodError': Method sun.misc.Unsafe.defineClass(Ljava/lang/String;[BII)Ljava/lang/Class; name or signature does not match> (0x00000000eab07cc0) thrown at [C:\re\workspace\8-2-build-windows-amd64-cygwin\jdk8u101\7261\hotspot\s±ú¾9«´?
Event: 0.081 Thread 0x00000000000fe800 Exception <a 'java/lang/NoSuchMethodError': Method sun.misc.Unsafe.prefetchRead(Ljava/lang/Object;J)V name or signature does not match> (0x00000000eab07fa8) thrown at [C:\re\workspace\8-2-build-windows-amd64-cygwin\jdk8u101\7261\hotspot\src\share\vm\prims\¶œÈ_ùø?
Event: 1.561 Thread 0x0000000056b88800 Implicit null exception at 0x0000000002c0c592 to 0x0000000002c0c682

Events (10 events):
Event: 1.533 loading class com/android/dx/cf/code/SwitchList
Event: 1.533 loading class com/android/dx/cf/code/SwitchList done
Event: 1.557 Thread 0x00000000000fe800 Uncommon trap: trap_request=0xffffff65 fr.pc=0x0000000002c87468
Event: 1.557 Thread 0x00000000000fe800 DEOPT PACKING pc=0x0000000002c87468 sp=0x00000000025ee360
Event: 1.557 Thread 0x00000000000fe800 DEOPT UNPACKING pc=0x000000000290582a sp=0x00000000025ee290 mode 2
Event: 1.561 Thread 0x0000000056b88800 Uncommon trap: trap_request=0xfffffff4 fr.pc=0x0000000002c0c690
Event: 1.561 Thread 0x0000000056b88800 DEOPT PACKING pc=0x0000000002c0c690 sp=0x00000000599ee120
Event: 1.561 Thread 0x0000000056b88800 DEOPT UNPACKING pc=0x000000000290582a sp=0x00000000599ee0a8 mode 2
Event: 1.731 Executing VM operation: ParallelGCFailedAllocation
Event: 1.750 Executing VM operation: ParallelGCFailedAllocation done


Dynamic libraries:
0x000000013ffe0000 - 0x0000000140017000 	C:\Program Files\Java\jdk1.8.0_101\bin\java.exe
0x0000000077940000 - 0x0000000077aea000 	C:\Windows\SYSTEM32\ntdll.dll
0x0000000077720000 - 0x000000007783f000 	C:\Windows\system32\kernel32.dll
0x000007fefd990000 - 0x000007fefd9fa000 	C:\Windows\system32\KERNELBASE.dll
0x000007fefe910000 - 0x000007fefe9eb000 	C:\Windows\system32\ADVAPI32.dll
0x000007feffbb0000 - 0x000007feffc4f000 	C:\Windows\system32\msvcrt.dll
0x000007feff9c0000 - 0x000007feff9df000 	C:\Windows\SYSTEM32\sechost.dll
0x000007feff9e0000 - 0x000007feffb0d000 	C:\Windows\system32\RPCRT4.dll
0x0000000077840000 - 0x000000007793a000 	C:\Windows\system32\USER32.dll
0x000007fefe9f0000 - 0x000007fefea57000 	C:\Windows\system32\GDI32.dll
0x000007fefeae0000 - 0x000007fefeaee000 	C:\Windows\system32\LPK.dll
0x000007fefe210000 - 0x000007fefe2da000 	C:\Windows\system32\USP10.dll
0x000007fefb210000 - 0x000007fefb404000 	C:\Windows\WinSxS\amd64_microsoft.windows.common-controls_6595b64144ccf1df_6.0.7601.18837_none_fa3b1e3d17594757\COMCTL32.dll
0x000007fefea60000 - 0x000007fefead1000 	C:\Windows\system32\SHLWAPI.dll
0x000007feff990000 - 0x000007feff9be000 	C:\Windows\system32\IMM32.DLL
0x000007feff880000 - 0x000007feff989000 	C:\Windows\system32\MSCTF.dll
0x000007fefd590000 - 0x000007fefd5d4000 	C:\windows\system32\nvinitx.dll
0x0000000069c10000 - 0x0000000069ce2000 	C:\Program Files\Java\jdk1.8.0_101\jre\bin\msvcr100.dll
0x0000000057a10000 - 0x00000000582aa000 	C:\Program Files\Java\jdk1.8.0_101\jre\bin\server\jvm.dll
0x000007fef8cb0000 - 0x000007fef8cb9000 	C:\Windows\system32\WSOCK32.dll
0x000007fefe3c0000 - 0x000007fefe40d000 	C:\Windows\system32\WS2_32.dll
0x000007fefe900000 - 0x000007fefe908000 	C:\Windows\system32\NSI.dll
0x000007fefada0000 - 0x000007fefaddb000 	C:\Windows\system32\WINMM.dll
0x000007fefc6a0000 - 0x000007fefc6ac000 	C:\Windows\system32\VERSION.dll
0x0000000077b10000 - 0x0000000077b17000 	C:\Windows\system32\PSAPI.DLL
0x0000000072b50000 - 0x0000000072b5f000 	C:\Program Files\Java\jdk1.8.0_101\jre\bin\verify.dll
0x0000000072030000 - 0x0000000072059000 	C:\Program Files\Java\jdk1.8.0_101\jre\bin\java.dll
0x0000000072070000 - 0x0000000072086000 	C:\Program Files\Java\jdk1.8.0_101\jre\bin\zip.dll
0x000007fefeaf0000 - 0x000007feff87a000 	C:\Windows\system32\SHELL32.dll
0x000007fefdd20000 - 0x000007fefdf23000 	C:\Windows\system32\ole32.dll
0x000007fefd670000 - 0x000007fefd67f000 	C:\Windows\system32\profapi.dll

VM Arguments:
jvm_args: -Djava.awt.headless=true -Xmx1024M -Dfile.encoding=windows-1252 -Duser.country=FR -Duser.language=fr -Duser.variant 
java_command: com.android.dx.command.Main --dex --num-threads=4 --output C:\Android\Projects\MeteoAppli\app\build\intermediates\pre-dexed\debug\internal_impl-24.2.1_e81c4a547f91929546976fb17839c02f10791884.jar C:\Android\Projects\MeteoAppli\app\build\intermediates\exploded-aar\com.android.support\support-compat\24.2.1\jars\libs\internal_impl-24.2.1.jar
java_class_path (initial): C:\Android\build-tools\24.0.2\lib\dx.jar
Launcher Type: SUN_STANDARD

Environment Variables:
PATH=C:\ProgramData\Oracle\Java\javapath;C:\Program Files\Common Files\Microsoft Shared\Windows Live;C:\Program Files (x86)\Common Files\Microsoft Shared\Windows Live;C:\Program Files (x86)\NVIDIA Corporation\PhysX\Common;C:\Program Files (x86)\Intel\iCLS Client\;C:\Program Files\Intel\iCLS Client\;C:\Windows\system32;C:\Windows;C:\Windows\System32\Wbem;C:\Windows\System32\WindowsPowerShell\v1.0\;C:\Program Files\Intel\Intel(R) Management Engine Components\DAL;C:\Program Files\Intel\Intel(R) Management Engine Components\IPT;C:\Program Files (x86)\Intel\Intel(R) Management Engine Components\DAL;C:\Program Files (x86)\Intel\Intel(R) Management Engine Components\IPT;C:\Program Files (x86)\Intel\OpenCL SDK\2.0\bin\x86;C:\Program Files (x86)\Intel\OpenCL SDK\2.0\bin\x64;C:\Program Files\Intel\WiFi\bin\;C:\Program Files\Common Files\Intel\WirelessCommon\;C:\Program Files (x86)\Windows Live\Shared;C:\Program Files (x86)\Skype\Phone\;C:\Program Files (x86)\GitExtensions\
USERNAME=Jérémie
OS=Windows_NT
PROCESSOR_IDENTIFIER=Intel64 Family 6 Model 58 Stepping 9, GenuineIntel



---------------  S Y S T E M  ---------------

OS: Windows 7 , 64 bit Build 7601 (6.1.7601.23543)

CPU:total 8 (4 cores per cpu, 2 threads per core) family 6 model 58 stepping 9, cmov, cx8, fxsr, mmx, sse, sse2, sse3, ssse3, sse4.1, sse4.2, popcnt, avx, aes, clmul, erms, ht, tsc, tscinvbit, tscinv

Memory: 4k page, physical 8283508k(729400k free), swap 9330224k(5164k free)

vm_info: Java HotSpot(TM) 64-Bit Server VM (25.101-b13) for windows-amd64 JRE (1.8.0_101-b13), built on Jun 22 2016 01:21:29 by "java_re" with MS VC++ 10.0 (VS2010)

time: Tue Nov 01 11:53:49 2016
elapsed time: 1 seconds (0d 0h 0m 1s)

