#
# There is insufficient memory for the Java Runtime Environment to continue.
# Native memory allocation (malloc) failed to allocate 32784 bytes for Chunk::new
# Possible reasons:
#   The system is out of physical RAM or swap space
#   In 32 bit mode, the process size limit was hit
# Possible solutions:
#   Reduce memory load on the system
#   Increase physical memory or swap space
#   Check if swap backing store is full
#   Use 64 bit Java on a 64 bit OS
#   Decrease Java heap size (-Xmx/-Xms)
#   Decrease number of Java threads
#   Decrease Java thread stack sizes (-Xss)
#   Set larger code cache with -XX:ReservedCodeCacheSize=
# This output file may be truncated or incomplete.
#
#  Out of Memory Error (allocation.cpp:390), pid=8344, tid=0x000000000000215c
#
# JRE version: Java(TM) SE Runtime Environment (8.0_101-b13) (build 1.8.0_101-b13)
# Java VM: Java HotSpot(TM) 64-Bit Server VM (25.101-b13 mixed mode windows-amd64 compressed oops)
# Failed to write core dump. Minidumps are not enabled by default on client versions of Windows
#

---------------  T H R E A D  ---------------

Current thread (0x0000000056749000):  JavaThread "C2 CompilerThread1" daemon [_thread_in_native, id=8540, stack(0x00000000588e0000,0x00000000589e0000)]

Stack: [0x00000000588e0000,0x00000000589e0000]
[error occurred during error reporting (printing stack bounds), id 0xc0000005]

Native frames: (J=compiled Java code, j=interpreted, Vv=VM code, C=native code)


Current CompileTask:
C2:   2394 1219 %     4       com.android.dx.ssa.SsaMethod::deleteInsns @ 42 (239 bytes)


---------------  P R O C E S S  ---------------

Java Threads: ( => current thread )
  0x0000000056a75000 JavaThread "pool-1-thread-4" [_thread_blocked, id=8768, stack(0x0000000059ee0000,0x0000000059fe0000)]
  0x00000000569e8800 JavaThread "pool-1-thread-3" [_thread_blocked, id=8764, stack(0x0000000059d70000,0x0000000059e70000)]
  0x00000000569e7800 JavaThread "pool-1-thread-2" [_thread_blocked, id=8760, stack(0x0000000058d00000,0x0000000058e00000)]
  0x0000000056a41800 JavaThread "pool-2-thread-1" [_thread_blocked, id=8756, stack(0x0000000059b20000,0x0000000059c20000)]
  0x0000000056a8c800 JavaThread "pool-1-thread-1" [_thread_blocked, id=8752, stack(0x0000000059970000,0x0000000059a70000)]
  0x00000000567b7000 JavaThread "Service Thread" daemon [_thread_blocked, id=8552, stack(0x0000000058aa0000,0x0000000058ba0000)]
  0x00000000567a0800 JavaThread "C1 CompilerThread3" daemon [_thread_blocked, id=8548, stack(0x0000000058bc0000,0x0000000058cc0000)]
  0x000000005676c000 JavaThread "C2 CompilerThread2" daemon [_thread_blocked, id=8544, stack(0x0000000057860000,0x0000000057960000)]
=>0x0000000056749000 JavaThread "C2 CompilerThread1" daemon [_thread_in_native, id=8540, stack(0x00000000588e0000,0x00000000589e0000)]
  0x0000000056739000 JavaThread "C2 CompilerThread0" daemon [_thread_blocked, id=8532, stack(0x0000000057d00000,0x0000000057e00000)]
  0x0000000056735800 JavaThread "Attach Listener" daemon [_thread_blocked, id=8528, stack(0x0000000057e70000,0x0000000057f70000)]
  0x0000000056748000 JavaThread "Signal Dispatcher" daemon [_thread_blocked, id=8524, stack(0x0000000057be0000,0x0000000057ce0000)]
  0x000000005557d800 JavaThread "Finalizer" daemon [_thread_blocked, id=8520, stack(0x0000000057ac0000,0x0000000057bc0000)]
  0x0000000055576800 JavaThread "Reference Handler" daemon [_thread_blocked, id=8516, stack(0x00000000579a0000,0x0000000057aa0000)]
  0x0000000001cfe800 JavaThread "main" [_thread_blocked, id=8400, stack(0x00000000023d0000,0x00000000024d0000)]

Other Threads:
  0x00000000566f0800 VMThread [stack: 0x0000000057760000,0x0000000057860000] [id=8512]
  0x00000000567bb800 WatcherThread [stack: 0x0000000058f40000,0x0000000059040000] [id=8556]

VM state:not at safepoint (normal execution)

VM Mutex/Monitor currently owned by a thread: None

Heap:
 PSYoungGen      total 38400K, used 8863K [0x00000000eab00000, 0x00000000ed580000, 0x0000000100000000)
  eden space 33280K, 11% used [0x00000000eab00000,0x00000000eaeab8d8,0x00000000ecb80000)
  from space 5120K, 99% used [0x00000000ecb80000,0x00000000ed07c480,0x00000000ed080000)
  to   space 5120K, 0% used [0x00000000ed080000,0x00000000ed080000,0x00000000ed580000)
 ParOldGen       total 87552K, used 665K [0x00000000c0000000, 0x00000000c5580000, 0x00000000eab00000)
  object space 87552K, 0% used [0x00000000c0000000,0x00000000c00a65b0,0x00000000c5580000)
 Metaspace       used 5859K, capacity 6896K, committed 7040K, reserved 1056768K
  class space    used 590K, capacity 616K, committed 640K, reserved 1048576K

Card table byte_map: [0x0000000011bf0000,0x0000000011e00000] byte_map_base: 0x00000000115f0000

Marking Bits: (ParMarkBitMap*) 0x000000005884a6d0
 Begin Bits: [0x0000000012990000, 0x0000000013990000)
 End Bits:   [0x0000000013990000, 0x0000000014990000)

Polling page: 0x0000000001c70000

CodeCache: size=245760Kb used=4832Kb max_used=4844Kb free=240927Kb
 bounds [0x0000000002830000, 0x0000000002d00000, 0x0000000011830000]
 total_blobs=1473 nmethods=1210 adapters=176
 compilation: enabled

Compilation events (10 events):
Event: 2.348 Thread 0x000000005676c000 nmethod 1136 0x0000000002ce1410 code [0x0000000002ce2920, 0x0000000002ce8c18]
Event: 2.361 Thread 0x0000000056749000 nmethod 1195 0x0000000002cda350 code [0x0000000002cda640, 0x0000000002cdbf80]
Event: 2.361 Thread 0x0000000056749000 1219 %     4       com.android.dx.ssa.SsaMethod::deleteInsns @ 42 (239 bytes)
Event: 2.370 Thread 0x00000000567a0800 1213       3       com.android.dx.ssa.back.SsaToRop::removePhiFunctions (83 bytes)
Event: 2.370 Thread 0x0000000056739000 1217       4       com.android.dx.ssa.SsaRenamer$BlockRenamer::visitNonMoveInsn (14 bytes)
Event: 2.372 Thread 0x00000000567a0800 nmethod 1213 0x0000000002cdf390 code [0x0000000002cdf660, 0x0000000002ce0948]
Event: 2.372 Thread 0x00000000567a0800 1218       3       com.android.dx.ssa.SsaMethod::buildUseList (112 bytes)
Event: 2.373 Thread 0x00000000567a0800 nmethod 1218 0x0000000002cf0910 code [0x0000000002cf0ba0, 0x0000000002cf1e78]
Event: 2.373 Thread 0x00000000567a0800 1216       3       com.android.dx.cf.code.BasicBlocker::getBlockList (208 bytes)
Event: 2.373 Thread 0x0000000056739000 nmethod 1217 0x0000000002cd26d0 code [0x0000000002cd2840, 0x0000000002cd29c8]

GC Heap History (2 events):
Event: 1.633 GC heap before
{Heap before GC invocations=1 (full 0):
 PSYoungGen      total 38400K, used 33280K [0x00000000eab00000, 0x00000000ed580000, 0x0000000100000000)
  eden space 33280K, 100% used [0x00000000eab00000,0x00000000ecb80000,0x00000000ecb80000)
  from space 5120K, 0% used [0x00000000ed080000,0x00000000ed080000,0x00000000ed580000)
  to   space 5120K, 0% used [0x00000000ecb80000,0x00000000ecb80000,0x00000000ed080000)
 ParOldGen       total 87552K, used 0K [0x00000000c0000000, 0x00000000c5580000, 0x00000000eab00000)
  object space 87552K, 0% used [0x00000000c0000000,0x00000000c0000000,0x00000000c5580000)
 Metaspace       used 5813K, capacity 6832K, committed 7040K, reserved 1056768K
  class space    used 590K, capacity 616K, committed 640K, reserved 1048576K
Event: 2.100 GC heap after
Heap after GC invocations=1 (full 0):
 PSYoungGen      total 38400K, used 5105K [0x00000000eab00000, 0x00000000ed580000, 0x0000000100000000)
  eden space 33280K, 0% used [0x00000000eab00000,0x00000000eab00000,0x00000000ecb80000)
  from space 5120K, 99% used [0x00000000ecb80000,0x00000000ed07c480,0x00000000ed080000)
  to   space 5120K, 0% used [0x00000000ed080000,0x00000000ed080000,0x00000000ed580000)
 ParOldGen       total 87552K, used 665K [0x00000000c0000000, 0x00000000c5580000, 0x00000000eab00000)
  object space 87552K, 0% used [0x00000000c0000000,0x00000000c00a65b0,0x00000000c5580000)
 Metaspace       used 5813K, capacity 6832K, committed 7040K, reserved 1056768K
  class space    used 590K, capacity 616K, committed 640K, reserved 1048576K
}

Deoptimization events (8 events):
Event: 0.316 Thread 0x0000000001cfe800 Uncommon trap: reason=unstable_if action=reinterpret pc=0x000000000297e804 method=java.lang.String.compareTo(Ljava/lang/String;)I @ 38
Event: 0.598 Thread 0x0000000056a75000 Uncommon trap: reason=unstable_if action=reinterpret pc=0x0000000002a372ac method=java.util.HashMap.getNode(ILjava/lang/Object;)Ljava/util/HashMap$Node; @ 62
Event: 0.921 Thread 0x0000000001cfe800 Uncommon trap: reason=unstable_if action=reinterpret pc=0x0000000002af575c method=com.android.dx.rop.code.LocalItem.hashCode()I @ 25
Event: 0.980 Thread 0x0000000056a8c800 Uncommon trap: reason=class_check action=maybe_recompile pc=0x0000000002ab2c50 method=com.android.dx.rop.type.Type.equals(Ljava/lang/Object;)Z @ 8
Event: 0.980 Thread 0x0000000056a8c800 Uncommon trap: reason=class_check action=maybe_recompile pc=0x0000000002ab2c50 method=com.android.dx.rop.type.Type.equals(Ljava/lang/Object;)Z @ 8
Event: 0.993 Thread 0x0000000056a75000 Uncommon trap: reason=bimorphic action=maybe_recompile pc=0x0000000002aacbac method=java.util.HashMap.getNode(ILjava/lang/Object;)Ljava/util/HashMap$Node; @ 126
Event: 1.101 Thread 0x00000000569e7800 Uncommon trap: reason=unstable_if action=reinterpret pc=0x0000000002b047d0 method=com.android.dx.rop.code.RegisterSpec.equals(ILcom/android/dx/rop/type/TypeBearer;Lcom/android/dx/rop/code/LocalItem;)Z @ 42
Event: 1.207 Thread 0x00000000569e7800 Uncommon trap: reason=bimorphic action=maybe_recompile pc=0x0000000002aacbac method=java.util.HashMap.getNode(ILjava/lang/Object;)Ljava/util/HashMap$Node; @ 126

Internal exceptions (2 events):
Event: 0.076 Thread 0x0000000001cfe800 Exception <a 'java/lang/NoSuchMethodError': Method sun.misc.Unsafe.defineClass(Ljava/lang/String;[BII)Ljava/lang/Class; name or signature does not match> (0x00000000eab07cc0) thrown at [C:\re\workspace\8-2-build-windows-amd64-cygwin\jdk8u101\7261\hotspot\sªTSžˆ³?
Event: 0.076 Thread 0x0000000001cfe800 Exception <a 'java/lang/NoSuchMethodError': Method sun.misc.Unsafe.prefetchRead(Ljava/lang/Object;J)V name or signature does not match> (0x00000000eab07fa8) thrown at [C:\re\workspace\8-2-build-windows-amd64-cygwin\jdk8u101\7261\hotspot\src\share\vm\prims\

Events (10 events):
Event: 1.101 Thread 0x00000000569e7800 DEOPT UNPACKING pc=0x000000000287582a sp=0x0000000058dfe5e8 mode 2
Event: 1.207 Thread 0x00000000569e7800 Uncommon trap: trap_request=0xffffffc6 fr.pc=0x0000000002aacbac
Event: 1.207 Thread 0x00000000569e7800 DEOPT PACKING pc=0x0000000002aacbac sp=0x0000000058dfe6e0
Event: 1.207 Thread 0x00000000569e7800 DEOPT UNPACKING pc=0x000000000287582a sp=0x0000000058dfe618 mode 2
Event: 1.493 Executing VM operation: ForceSafepoint
Event: 1.500 Executing VM operation: ForceSafepoint done
Event: 1.601 Thread 0x0000000056a75000 DEOPT PACKING pc=0x0000000002ab9341 sp=0x0000000059fde6c0
Event: 1.601 Thread 0x0000000056a75000 DEOPT UNPACKING pc=0x000000000287787f sp=0x0000000059fde488 mode 0
Event: 1.633 Executing VM operation: ParallelGCFailedAllocation
Event: 2.100 Executing VM operation: ParallelGCFailedAllocation done


Dynamic libraries:
0x000000013f350000 - 0x000000013f387000 	C:\Program Files\Java\jdk1.8.0_101\bin\java.exe
0x00000000773d0000 - 0x000000007757a000 	C:\Windows\SYSTEM32\ntdll.dll
0x00000000771b0000 - 0x00000000772cf000 	C:\Windows\system32\kernel32.dll
0x000007fefd370000 - 0x000007fefd3da000 	C:\Windows\system32\KERNELBASE.dll
0x000007fefd8d0000 - 0x000007fefd9ab000 	C:\Windows\system32\ADVAPI32.dll
0x000007fefdf60000 - 0x000007fefdfff000 	C:\Windows\system32\msvcrt.dll
0x000007fefe4d0000 - 0x000007fefe4ef000 	C:\Windows\SYSTEM32\sechost.dll
0x000007fefd4c0000 - 0x000007fefd5ed000 	C:\Windows\system32\RPCRT4.dll
0x00000000772d0000 - 0x00000000773ca000 	C:\Windows\system32\USER32.dll
0x000007fefd5f0000 - 0x000007fefd657000 	C:\Windows\system32\GDI32.dll
0x000007fefdb60000 - 0x000007fefdb6e000 	C:\Windows\system32\LPK.dll
0x000007fefe400000 - 0x000007fefe4ca000 	C:\Windows\system32\USP10.dll
0x000007fefaca0000 - 0x000007fefae94000 	C:\Windows\WinSxS\amd64_microsoft.windows.common-controls_6595b64144ccf1df_6.0.7601.18837_none_fa3b1e3d17594757\COMCTL32.dll
0x000007fefe7e0000 - 0x000007fefe851000 	C:\Windows\system32\SHLWAPI.dll
0x000007fefda50000 - 0x000007fefda7e000 	C:\Windows\system32\IMM32.DLL
0x000007fefde50000 - 0x000007fefdf59000 	C:\Windows\system32\MSCTF.dll
0x000007fefd020000 - 0x000007fefd064000 	C:\windows\system32\nvinitx.dll
0x0000000058e10000 - 0x0000000058ee2000 	C:\Program Files\Java\jdk1.8.0_101\jre\bin\msvcr100.dll
0x0000000058030000 - 0x00000000588ca000 	C:\Program Files\Java\jdk1.8.0_101\jre\bin\server\jvm.dll
0x000007fef87b0000 - 0x000007fef87b9000 	C:\Windows\system32\WSOCK32.dll
0x000007fefe900000 - 0x000007fefe94d000 	C:\Windows\system32\WS2_32.dll
0x000007fefe3f0000 - 0x000007fefe3f8000 	C:\Windows\system32\NSI.dll
0x000007fefa890000 - 0x000007fefa8cb000 	C:\Windows\system32\WINMM.dll
0x000007fefc130000 - 0x000007fefc13c000 	C:\Windows\system32\VERSION.dll
0x0000000077590000 - 0x0000000077597000 	C:\Windows\system32\PSAPI.DLL
0x000000006cdf0000 - 0x000000006cdff000 	C:\Program Files\Java\jdk1.8.0_101\jre\bin\verify.dll
0x00000000657d0000 - 0x00000000657f9000 	C:\Program Files\Java\jdk1.8.0_101\jre\bin\java.dll
0x00000000648c0000 - 0x00000000648d6000 	C:\Program Files\Java\jdk1.8.0_101\jre\bin\zip.dll
0x000007fefe950000 - 0x000007feff6d9000 	C:\Windows\system32\SHELL32.dll
0x000007fefe1e0000 - 0x000007fefe3e3000 	C:\Windows\system32\ole32.dll
0x000007fefd100000 - 0x000007fefd10f000 	C:\Windows\system32\profapi.dll

VM Arguments:
jvm_args: -Djava.awt.headless=true -Xmx1024M -Dfile.encoding=windows-1252 -Duser.country=FR -Duser.language=fr -Duser.variant 
java_command: com.android.dx.command.Main --dex --force-jumbo --num-threads=4 --output C:\Android\Projects\MeteoAppli\app\build\intermediates\pre-dexed\debug\com.android.support-appcompat-v7-24.2.1_3689e617c9c62a990c77b057c60f12ac21987040.jar C:\Android\Projects\MeteoAppli\app\build\intermediates\exploded-aar\com.android.support\appcompat-v7\24.2.1\jars\classes.jar
java_class_path (initial): C:\Android\build-tools\24.0.2\lib\dx.jar
Launcher Type: SUN_STANDARD

Environment Variables:
PATH=C:\ProgramData\Oracle\Java\javapath;C:\Program Files\Common Files\Microsoft Shared\Windows Live;C:\Program Files (x86)\Common Files\Microsoft Shared\Windows Live;C:\Program Files (x86)\NVIDIA Corporation\PhysX\Common;C:\Program Files (x86)\Intel\iCLS Client\;C:\Program Files\Intel\iCLS Client\;C:\Windows\system32;C:\Windows;C:\Windows\System32\Wbem;C:\Windows\System32\WindowsPowerShell\v1.0\;C:\Program Files\Intel\Intel(R) Management Engine Components\DAL;C:\Program Files\Intel\Intel(R) Management Engine Components\IPT;C:\Program Files (x86)\Intel\Intel(R) Management Engine Components\DAL;C:\Program Files (x86)\Intel\Intel(R) Management Engine Components\IPT;C:\Program Files (x86)\Intel\OpenCL SDK\2.0\bin\x86;C:\Program Files (x86)\Intel\OpenCL SDK\2.0\bin\x64;C:\Program Files\Intel\WiFi\bin\;C:\Program Files\Common Files\Intel\WirelessCommon\;C:\Program Files (x86)\Windows Live\Shared;C:\Program Files (x86)\Skype\Phone\;C:\Program Files (x86)\GitExtensions\
USERNAME=Jérémie
OS=Windows_NT
PROCESSOR_IDENTIFIER=Intel64 Family 6 Model 58 Stepping 9, GenuineIntel



---------------  S Y S T E M  ---------------

OS: Windows 7 , 64 bit Build 7601 (6.1.7601.23539)

CPU:total 8 (4 cores per cpu, 2 threads per core) family 6 model 58 stepping 9, cmov, cx8, fxsr, mmx, sse, sse2, sse3, ssse3, sse4.1, sse4.2, popcnt, avx, aes, clmul, erms, ht, tsc, tscinvbit, tscinv

Memory: 4k page, physical 8283508k(680964k free), swap 9330224k(5120k free)

vm_info: Java HotSpot(TM) 64-Bit Server VM (25.101-b13) for windows-amd64 JRE (1.8.0_101-b13), built on Jun 22 2016 01:21:29 by "java_re" with MS VC++ 10.0 (VS2010)

time: Wed Oct 12 12:16:03 2016
elapsed time: 2 seconds (0d 0h 0m 2s)

