#
# There is insufficient memory for the Java Runtime Environment to continue.
# Native memory allocation (malloc) failed to allocate 1034256 bytes for Chunk::new
# Possible reasons:
#   The system is out of physical RAM or swap space
#   In 32 bit mode, the process size limit was hit
# Possible solutions:
#   Reduce memory load on the system
#   Increase physical memory or swap space
#   Check if swap backing store is full
#   Use 64 bit Java on a 64 bit OS
#   Decrease Java heap size (-Xmx/-Xms)
#   Decrease number of Java threads
#   Decrease Java thread stack sizes (-Xss)
#   Set larger code cache with -XX:ReservedCodeCacheSize=
# This output file may be truncated or incomplete.
#
#  Out of Memory Error (allocation.cpp:390), pid=8328, tid=0x0000000000001d4c
#
# JRE version: Java(TM) SE Runtime Environment (8.0_101-b13) (build 1.8.0_101-b13)
# Java VM: Java HotSpot(TM) 64-Bit Server VM (25.101-b13 mixed mode windows-amd64 compressed oops)
# Failed to write core dump. Minidumps are not enabled by default on client versions of Windows
#

---------------  T H R E A D  ---------------

Current thread (0x0000000056b2e000):  JavaThread "C2 CompilerThread1" daemon [_thread_in_native, id=7500, stack(0x0000000058e50000,0x0000000058f50000)]

Stack: [0x0000000058e50000,0x0000000058f50000]
[error occurred during error reporting (printing stack bounds), id 0xc0000005]

Native frames: (J=compiled Java code, j=interpreted, Vv=VM code, C=native code)


Current CompileTask:
C2:    621  945       4       com.android.dx.dex.code.OutputFinisher::addConstants (93 bytes)


---------------  P R O C E S S  ---------------

Java Threads: ( => current thread )
  0x0000000056bc7800 JavaThread "Service Thread" daemon [_thread_blocked, id=8532, stack(0x0000000059420000,0x0000000059520000)]
  0x0000000056b36000 JavaThread "C1 CompilerThread3" daemon [_thread_blocked, id=7296, stack(0x0000000059260000,0x0000000059360000)]
  0x0000000055b8f800 JavaThread "C2 CompilerThread2" daemon [_thread_blocked, id=7120, stack(0x0000000059000000,0x0000000059100000)]
=>0x0000000056b2e000 JavaThread "C2 CompilerThread1" daemon [_thread_in_native, id=7500, stack(0x0000000058e50000,0x0000000058f50000)]
  0x0000000056b26800 JavaThread "C2 CompilerThread0" daemon [_thread_blocked, id=7248, stack(0x0000000058cc0000,0x0000000058dc0000)]
  0x0000000056b25000 JavaThread "Attach Listener" daemon [_thread_blocked, id=3252, stack(0x0000000058950000,0x0000000058a50000)]
  0x0000000056b23800 JavaThread "Signal Dispatcher" daemon [_thread_blocked, id=6036, stack(0x0000000058b10000,0x0000000058c10000)]
  0x0000000055b7e800 JavaThread "Finalizer" daemon [_thread_blocked, id=1612, stack(0x0000000058840000,0x0000000058940000)]
  0x0000000056ad3800 JavaThread "Reference Handler" daemon [_thread_blocked, id=2112, stack(0x00000000585f0000,0x00000000586f0000)]

Other Threads:
  0x0000000056ad2000 VMThread [stack: 0x0000000058370000,0x0000000058470000] [id=8556]

VM state:at safepoint (normal execution)

VM Mutex/Monitor currently owned by a thread:  ([mutex/lock_event])
[0x000000000259ca90] Threads_lock - owner thread: 0x0000000056ad2000
[0x000000000259cf90] Heap_lock - owner thread: 0x000000000259e800

Heap:
 PSYoungGen      total 38400K, used 31968K [0x00000000eab00000, 0x00000000ed580000, 0x0000000100000000)
  eden space 33280K, 96% used [0x00000000eab00000,0x00000000eca383b0,0x00000000ecb80000)
  from space 5120K, 0% used [0x00000000ed080000,0x00000000ed080000,0x00000000ed580000)
  to   space 5120K, 0% used [0x00000000ecb80000,0x00000000ecb80000,0x00000000ed080000)
 ParOldGen       total 87552K, used 0K [0x00000000c0000000, 0x00000000c5580000, 0x00000000eab00000)
  object space 87552K, 0% used [0x00000000c0000000,0x00000000c0000000,0x00000000c5580000)
 Metaspace       used 6637K, capacity 7320K, committed 7424K, reserved 1056768K
  class space    used 677K, capacity 720K, committed 768K, reserved 1048576K

Card table byte_map: [0x0000000011ff0000,0x0000000012200000] byte_map_base: 0x00000000119f0000

Marking Bits: (ParMarkBitMap*) 0x000000005817a6d0
 Begin Bits: [0x0000000012f90000, 0x0000000013f90000)
 End Bits:   [0x0000000013f90000, 0x0000000014f90000)

Polling page: 0x0000000000130000

CodeCache: size=245760Kb used=4150Kb max_used=4150Kb free=241609Kb
 bounds [0x0000000002c30000, 0x0000000003050000, 0x0000000011c30000]
 total_blobs=1505 nmethods=1227 adapters=191
 compilation: enabled

Compilation events (10 events):
Event: 0.597 Thread 0x0000000056b36000 1228       3       java.io.DataInputStream::readByte (23 bytes)
Event: 0.598 Thread 0x0000000056b36000 nmethod 1228 0x0000000003041010 code [0x00000000030411a0, 0x0000000003041478]
Event: 0.598 Thread 0x0000000056b36000 1229       3       sun.util.calendar.ZoneInfoFile::indexOf (32 bytes)
Event: 0.598 Thread 0x0000000056b36000 nmethod 1229 0x0000000003041590 code [0x0000000003041700, 0x0000000003041970]
Event: 0.598 Thread 0x0000000056b36000 1230       3       java.util.zip.CRC32::update (16 bytes)
Event: 0.598 Thread 0x0000000056b36000 nmethod 1230 0x0000000003041b10 code [0x0000000003041c60, 0x0000000003041df0]
Event: 0.598 Thread 0x0000000056b36000 1231       3       sun.util.calendar.ZoneInfoFile$Checksum::update (39 bytes)
Event: 0.598 Thread 0x0000000056b36000 nmethod 1231 0x0000000003041e90 code [0x0000000003042000, 0x00000000030422f0]
Event: 0.600 Thread 0x0000000056b36000 1232       1       java.util.zip.ZStreamRef::address (5 bytes)
Event: 0.600 Thread 0x0000000056b36000 nmethod 1232 0x0000000003038e90 code [0x0000000003038fe0, 0x00000000030390f0]

GC Heap History (0 events):
No events

Deoptimization events (10 events):
Event: 0.527 Thread 0x000000000259e800 Uncommon trap: reason=unstable_if action=reinterpret pc=0x0000000002ffb120 method=com.android.dx.util.ByteArrayAnnotatedOutput.writeByte(I)V @ 13
Event: 0.545 Thread 0x000000000259e800 Uncommon trap: reason=unstable_if action=reinterpret pc=0x0000000002f9d180 method=java.util.Arrays.copyOf([Ljava/lang/Object;ILjava/lang/Class;)[Ljava/lang/Object; @ 3
Event: 0.546 Thread 0x000000000259e800 Uncommon trap: reason=speculate_class_check action=maybe_recompile pc=0x0000000002f81388 method=java.util.HashMap.putVal(ILjava/lang/Object;Ljava/lang/Object;ZZ)Ljava/lang/Object; @ 56
Event: 0.547 Thread 0x000000000259e800 Uncommon trap: reason=speculate_class_check action=maybe_recompile pc=0x0000000002f813f4 method=java.util.HashMap.putVal(ILjava/lang/Object;Ljava/lang/Object;ZZ)Ljava/lang/Object; @ 152
Event: 0.547 Thread 0x000000000259e800 Uncommon trap: reason=speculate_class_check action=maybe_recompile pc=0x0000000002f81388 method=java.util.HashMap.putVal(ILjava/lang/Object;Ljava/lang/Object;ZZ)Ljava/lang/Object; @ 56
Event: 0.547 Thread 0x000000000259e800 Uncommon trap: reason=speculate_class_check action=maybe_recompile pc=0x0000000002f81388 method=java.util.HashMap.putVal(ILjava/lang/Object;Ljava/lang/Object;ZZ)Ljava/lang/Object; @ 56
Event: 0.547 Thread 0x000000000259e800 Uncommon trap: reason=class_check action=maybe_recompile pc=0x0000000002f791b8 method=java.util.HashMap.putVal(ILjava/lang/Object;Ljava/lang/Object;ZZ)Ljava/lang/Object; @ 56
Event: 0.547 Thread 0x000000000259e800 Uncommon trap: reason=class_check action=maybe_recompile pc=0x0000000002f791b8 method=java.util.HashMap.putVal(ILjava/lang/Object;Ljava/lang/Object;ZZ)Ljava/lang/Object; @ 56
Event: 0.547 Thread 0x000000000259e800 Uncommon trap: reason=class_check action=maybe_recompile pc=0x0000000002f791b8 method=java.util.HashMap.putVal(ILjava/lang/Object;Ljava/lang/Object;ZZ)Ljava/lang/Object; @ 56
Event: 0.547 Thread 0x000000000259e800 Uncommon trap: reason=class_check action=maybe_recompile pc=0x0000000002f791b8 method=java.util.HashMap.putVal(ILjava/lang/Object;Ljava/lang/Object;ZZ)Ljava/lang/Object; @ 56

Internal exceptions (2 events):
Event: 0.025 Thread 0x000000000259e800 Exception <a 'java/lang/NoSuchMethodError': Method sun.misc.Unsafe.defineClass(Ljava/lang/String;[BII)Ljava/lang/Class; name or signature does not match> (0x00000000eab07cc0) thrown at [C:\re\workspace\8-2-build-windows-amd64-cygwin\jdk8u101\7261\hotspot\s9Ýužk™?
Event: 0.025 Thread 0x000000000259e800 Exception <a 'java/lang/NoSuchMethodError': Method sun.misc.Unsafe.prefetchRead(Ljava/lang/Object;J)V name or signature does not match> (0x00000000eab07fa8) thrown at [C:\re\workspace\8-2-build-windows-amd64-cygwin\jdk8u101\7261\hotspot\src\share\vm\prims\

Events (10 events):
Event: 0.599 loading class java/io/DataOutputStream done
Event: 0.608 loading class java/util/Vector$Itr
Event: 0.608 loading class java/util/Vector$Itr done
Event: 0.608 Thread 0x000000000259e800 Thread exited: 0x000000000259e800
Event: 0.608 Thread 0x000000000259e800 Thread added: 0x000000000259e800
Event: 0.608 loading class java/lang/Shutdown
Event: 0.609 loading class java/lang/Shutdown done
Event: 0.609 loading class java/lang/Shutdown$Lock
Event: 0.609 loading class java/lang/Shutdown$Lock done
Event: 0.609 Thread 0x000000000259e800 Thread exited: 0x000000000259e800


Dynamic libraries:
0x000000013f8a0000 - 0x000000013f8d7000 	C:\Program Files\Java\jdk1.8.0_101\bin\java.exe
0x0000000077750000 - 0x00000000778fa000 	C:\Windows\SYSTEM32\ntdll.dll
0x0000000077530000 - 0x000000007764f000 	C:\Windows\system32\kernel32.dll
0x000007fefd5e0000 - 0x000007fefd64a000 	C:\Windows\system32\KERNELBASE.dll
0x000007fefe7c0000 - 0x000007fefe89b000 	C:\Windows\system32\ADVAPI32.dll
0x000007fefe4c0000 - 0x000007fefe55f000 	C:\Windows\system32\msvcrt.dll
0x000007feff630000 - 0x000007feff64f000 	C:\Windows\SYSTEM32\sechost.dll
0x000007feff930000 - 0x000007feffa5d000 	C:\Windows\system32\RPCRT4.dll
0x0000000077650000 - 0x000000007774a000 	C:\Windows\system32\USER32.dll
0x000007fefde00000 - 0x000007fefde67000 	C:\Windows\system32\GDI32.dll
0x000007fefdb90000 - 0x000007fefdb9e000 	C:\Windows\system32\LPK.dll
0x000007fefe330000 - 0x000007fefe3fa000 	C:\Windows\system32\USP10.dll
0x000007fefb020000 - 0x000007fefb214000 	C:\Windows\WinSxS\amd64_microsoft.windows.common-controls_6595b64144ccf1df_6.0.7601.18837_none_fa3b1e3d17594757\COMCTL32.dll
0x000007fefda80000 - 0x000007fefdaf1000 	C:\Windows\system32\SHLWAPI.dll
0x000007fefdb00000 - 0x000007fefdb2e000 	C:\Windows\system32\IMM32.DLL
0x000007fefe220000 - 0x000007fefe329000 	C:\Windows\system32\MSCTF.dll
0x000007fefd3a0000 - 0x000007fefd3e4000 	C:\windows\system32\nvinitx.dll
0x0000000058740000 - 0x0000000058812000 	C:\Program Files\Java\jdk1.8.0_101\jre\bin\msvcr100.dll
0x0000000057960000 - 0x00000000581fa000 	C:\Program Files\Java\jdk1.8.0_101\jre\bin\server\jvm.dll
0x000007fef8b60000 - 0x000007fef8b69000 	C:\Windows\system32\WSOCK32.dll
0x000007fefddb0000 - 0x000007fefddfd000 	C:\Windows\system32\WS2_32.dll
0x000007fefd840000 - 0x000007fefd848000 	C:\Windows\system32\NSI.dll
0x000007fefac10000 - 0x000007fefac4b000 	C:\Windows\system32\WINMM.dll
0x000007fefc4b0000 - 0x000007fefc4bc000 	C:\Windows\system32\VERSION.dll
0x0000000077910000 - 0x0000000077917000 	C:\Windows\system32\PSAPI.DLL
0x000000006b7f0000 - 0x000000006b7ff000 	C:\Program Files\Java\jdk1.8.0_101\jre\bin\verify.dll
0x000000005c3a0000 - 0x000000005c3c9000 	C:\Program Files\Java\jdk1.8.0_101\jre\bin\java.dll
0x000000006b730000 - 0x000000006b746000 	C:\Program Files\Java\jdk1.8.0_101\jre\bin\zip.dll
0x000007fefe8a0000 - 0x000007feff62a000 	C:\Windows\system32\SHELL32.dll
0x000007fefdba0000 - 0x000007fefdda3000 	C:\Windows\system32\ole32.dll
0x000007fefd480000 - 0x000007fefd48f000 	C:\Windows\system32\profapi.dll

VM Arguments:
jvm_args: -Djava.awt.headless=true -Xmx1024M -Dfile.encoding=windows-1252 -Duser.country=FR -Duser.language=fr -Duser.variant 
java_command: com.android.dx.command.Main --dex --num-threads=4 --output C:\Android\Projects\MeteoAppli\app\build\intermediates\pre-dexed\debug\debug_e9ed4f8e3c395bf15fbeedffeb2e8aaaf61f7aad.jar C:\Android\Projects\MeteoAppli\app\build\intermediates\classes\debug
java_class_path (initial): C:\Android\build-tools\24.0.2\lib\dx.jar
Launcher Type: SUN_STANDARD

Environment Variables:
PATH=C:\ProgramData\Oracle\Java\javapath;C:\Program Files\Common Files\Microsoft Shared\Windows Live;C:\Program Files (x86)\Common Files\Microsoft Shared\Windows Live;C:\Program Files (x86)\NVIDIA Corporation\PhysX\Common;C:\Program Files (x86)\Intel\iCLS Client\;C:\Program Files\Intel\iCLS Client\;C:\Windows\system32;C:\Windows;C:\Windows\System32\Wbem;C:\Windows\System32\WindowsPowerShell\v1.0\;C:\Program Files\Intel\Intel(R) Management Engine Components\DAL;C:\Program Files\Intel\Intel(R) Management Engine Components\IPT;C:\Program Files (x86)\Intel\Intel(R) Management Engine Components\DAL;C:\Program Files (x86)\Intel\Intel(R) Management Engine Components\IPT;C:\Program Files (x86)\Intel\OpenCL SDK\2.0\bin\x86;C:\Program Files (x86)\Intel\OpenCL SDK\2.0\bin\x64;C:\Program Files\Intel\WiFi\bin\;C:\Program Files\Common Files\Intel\WirelessCommon\;C:\Program Files (x86)\Windows Live\Shared;C:\Program Files (x86)\Skype\Phone\;C:\Program Files (x86)\GitExtensions\
USERNAME=Jérémie
OS=Windows_NT
PROCESSOR_IDENTIFIER=Intel64 Family 6 Model 58 Stepping 9, GenuineIntel



---------------  S Y S T E M  ---------------

OS: Windows 7 , 64 bit Build 7601 (6.1.7601.23543)

CPU:total 8 (4 cores per cpu, 2 threads per core) family 6 model 58 stepping 9, cmov, cx8, fxsr, mmx, sse, sse2, sse3, ssse3, sse4.1, sse4.2, popcnt, avx, aes, clmul, erms, ht, tsc, tscinvbit, tscinv

Memory: 4k page, physical 8283508k(119596k free), swap 9330224k(6080k free)

vm_info: Java HotSpot(TM) 64-Bit Server VM (25.101-b13) for windows-amd64 JRE (1.8.0_101-b13), built on Jun 22 2016 01:21:29 by "java_re" with MS VC++ 10.0 (VS2010)

time: Tue Nov 01 15:12:14 2016
elapsed time: 0 seconds (0d 0h 0m 0s)

