#
# There is insufficient memory for the Java Runtime Environment to continue.
# Native memory allocation (malloc) failed to allocate 366256 bytes for Chunk::new
# Possible reasons:
#   The system is out of physical RAM or swap space
#   In 32 bit mode, the process size limit was hit
# Possible solutions:
#   Reduce memory load on the system
#   Increase physical memory or swap space
#   Check if swap backing store is full
#   Use 64 bit Java on a 64 bit OS
#   Decrease Java heap size (-Xmx/-Xms)
#   Decrease number of Java threads
#   Decrease Java thread stack sizes (-Xss)
#   Set larger code cache with -XX:ReservedCodeCacheSize=
# This output file may be truncated or incomplete.
#
#  Out of Memory Error (allocation.cpp:390), pid=2824, tid=0x0000000000000454
#
# JRE version: Java(TM) SE Runtime Environment (8.0_101-b13) (build 1.8.0_101-b13)
# Java VM: Java HotSpot(TM) 64-Bit Server VM (25.101-b13 mixed mode windows-amd64 compressed oops)
# Failed to write core dump. Minidumps are not enabled by default on client versions of Windows
#

---------------  T H R E A D  ---------------

Current thread (0x00000000569cd000):  JavaThread "C2 CompilerThread1" daemon [_thread_in_native, id=1108, stack(0x0000000057f10000,0x0000000058010000)]

Stack: [0x0000000057f10000,0x0000000058010000]
[error occurred during error reporting (printing stack bounds), id 0xc0000005]

Native frames: (J=compiled Java code, j=interpreted, Vv=VM code, C=native code)


Current CompileTask:
C2:   2125 1280       4       com.android.dx.ssa.LocalVariableExtractor::processBlock (383 bytes)


---------------  P R O C E S S  ---------------

Java Threads: ( => current thread )
  0x0000000056c4d000 JavaThread "pool-1-thread-4" [_thread_blocked, id=4972, stack(0x0000000059700000,0x0000000059800000)]
  0x0000000056c4c800 JavaThread "pool-1-thread-3" [_thread_blocked, id=4924, stack(0x00000000595f0000,0x00000000596f0000)]
  0x0000000056c4a800 JavaThread "pool-1-thread-2" [_thread_in_Java, id=7120, stack(0x00000000594a0000,0x00000000595a0000)]
  0x0000000056c44000 JavaThread "pool-2-thread-1" [_thread_blocked, id=7828, stack(0x00000000590e0000,0x00000000591e0000)]
  0x0000000056c43000 JavaThread "pool-1-thread-1" [_thread_blocked, id=1800, stack(0x0000000059320000,0x0000000059420000)]
  0x0000000056a31000 JavaThread "Service Thread" daemon [_thread_blocked, id=6256, stack(0x0000000058f80000,0x0000000059080000)]
  0x0000000056a28800 JavaThread "C1 CompilerThread3" daemon [_thread_blocked, id=7580, stack(0x0000000058ce0000,0x0000000058de0000)]
  0x0000000056a27800 JavaThread "C2 CompilerThread2" daemon [_thread_in_native, id=1976, stack(0x0000000058b90000,0x0000000058c90000)]
=>0x00000000569cd000 JavaThread "C2 CompilerThread1" daemon [_thread_in_native, id=1108, stack(0x0000000057f10000,0x0000000058010000)]
  0x00000000569bb000 JavaThread "C2 CompilerThread0" daemon [_thread_in_native, id=6336, stack(0x0000000058a30000,0x0000000058b30000)]
  0x00000000569b7800 JavaThread "Attach Listener" daemon [_thread_blocked, id=2520, stack(0x0000000058900000,0x0000000058a00000)]
  0x00000000569c8000 JavaThread "Signal Dispatcher" daemon [_thread_blocked, id=4488, stack(0x0000000057c30000,0x0000000057d30000)]
  0x000000005590d800 JavaThread "Finalizer" daemon [_thread_blocked, id=8176, stack(0x0000000057de0000,0x0000000057ee0000)]
  0x0000000055906800 JavaThread "Reference Handler" daemon [_thread_blocked, id=7352, stack(0x0000000057b30000,0x0000000057c30000)]
  0x00000000023de800 JavaThread "main" [_thread_blocked, id=1492, stack(0x0000000002550000,0x0000000002650000)]

Other Threads:
  0x0000000056970800 VMThread [stack: 0x00000000579d0000,0x0000000057ad0000] [id=5308]
  0x0000000056a3e000 WatcherThread [stack: 0x00000000591f0000,0x00000000592f0000] [id=4536]

VM state:not at safepoint (normal execution)

VM Mutex/Monitor currently owned by a thread: None

Heap:
 PSYoungGen      total 38400K, used 6304K [0x00000000eab00000, 0x00000000ed580000, 0x0000000100000000)
  eden space 33280K, 3% used [0x00000000eab00000,0x00000000eac2ed58,0x00000000ecb80000)
  from space 5120K, 99% used [0x00000000ecb80000,0x00000000ed0792d0,0x00000000ed080000)
  to   space 5120K, 0% used [0x00000000ed080000,0x00000000ed080000,0x00000000ed580000)
 ParOldGen       total 87552K, used 1662K [0x00000000c0000000, 0x00000000c5580000, 0x00000000eab00000)
  object space 87552K, 1% used [0x00000000c0000000,0x00000000c019fa28,0x00000000c5580000)
 Metaspace       used 5959K, capacity 7024K, committed 7296K, reserved 1056768K
  class space    used 591K, capacity 616K, committed 640K, reserved 1048576K

Card table byte_map: [0x0000000011ce0000,0x0000000011ef0000] byte_map_base: 0x00000000116e0000

Marking Bits: (ParMarkBitMap*) 0x000000005884a6d0
 Begin Bits: [0x0000000012d20000, 0x0000000013d20000)
 End Bits:   [0x0000000013d20000, 0x0000000014d20000)

Polling page: 0x0000000000230000

CodeCache: size=245760Kb used=5332Kb max_used=5345Kb free=240427Kb
 bounds [0x0000000002920000, 0x0000000002e60000, 0x0000000011920000]
 total_blobs=1562 nmethods=1299 adapters=176
 compilation: enabled

Compilation events (10 events):
Event: 2.095 Thread 0x0000000056a28800 1300       3       com.android.dx.rop.code.RegisterSpec::withType (13 bytes)
Event: 2.095 Thread 0x0000000056a28800 nmethod 1300 0x0000000002e53a10 code [0x0000000002e53b80, 0x0000000002e53d68]
Event: 2.095 Thread 0x0000000056a28800 1305       3       com.android.dx.ssa.SsaMethod::onSourceChanged (65 bytes)
Event: 2.096 Thread 0x0000000056a28800 nmethod 1305 0x0000000002e53e50 code [0x0000000002e54020, 0x0000000002e54898]
Event: 2.102 Thread 0x0000000056a27800 nmethod 1245 0x0000000002e58e50 code [0x0000000002e59040, 0x0000000002e5a4b8]
Event: 2.102 Thread 0x0000000056a27800 1303       4       java.util.HashMap::getNode (148 bytes)
Event: 2.105 Thread 0x0000000056a27800 nmethod 1303 0x0000000002e55a50 code [0x0000000002e55ba0, 0x0000000002e55dd8]
Event: 2.105 Thread 0x0000000056a27800 1304       4       java.util.HashMap::get (23 bytes)
Event: 2.109 Thread 0x0000000056a27800 nmethod 1304 0x0000000002e55410 code [0x0000000002e55560, 0x0000000002e557b8]
Event: 2.109 Thread 0x0000000056a27800 1295       4       com.android.dx.ssa.SsaRenamer$BlockRenamer::visitNonMoveInsn (14 bytes)

GC Heap History (2 events):
Event: 1.941 GC heap before
{Heap before GC invocations=1 (full 0):
 PSYoungGen      total 38400K, used 33280K [0x00000000eab00000, 0x00000000ed580000, 0x0000000100000000)
  eden space 33280K, 100% used [0x00000000eab00000,0x00000000ecb80000,0x00000000ecb80000)
  from space 5120K, 0% used [0x00000000ed080000,0x00000000ed080000,0x00000000ed580000)
  to   space 5120K, 0% used [0x00000000ecb80000,0x00000000ecb80000,0x00000000ed080000)
 ParOldGen       total 87552K, used 0K [0x00000000c0000000, 0x00000000c5580000, 0x00000000eab00000)
  object space 87552K, 0% used [0x00000000c0000000,0x00000000c0000000,0x00000000c5580000)
 Metaspace       used 5948K, capacity 6960K, committed 7040K, reserved 1056768K
  class space    used 591K, capacity 616K, committed 640K, reserved 1048576K
Event: 2.085 GC heap after
Heap after GC invocations=1 (full 0):
 PSYoungGen      total 38400K, used 5092K [0x00000000eab00000, 0x00000000ed580000, 0x0000000100000000)
  eden space 33280K, 0% used [0x00000000eab00000,0x00000000eab00000,0x00000000ecb80000)
  from space 5120K, 99% used [0x00000000ecb80000,0x00000000ed0792d0,0x00000000ed080000)
  to   space 5120K, 0% used [0x00000000ed080000,0x00000000ed080000,0x00000000ed580000)
 ParOldGen       total 87552K, used 1662K [0x00000000c0000000, 0x00000000c5580000, 0x00000000eab00000)
  object space 87552K, 1% used [0x00000000c0000000,0x00000000c019fa28,0x00000000c5580000)
 Metaspace       used 5948K, capacity 6960K, committed 7040K, reserved 1056768K
  class space    used 591K, capacity 616K, committed 640K, reserved 1048576K
}

Deoptimization events (10 events):
Event: 0.906 Thread 0x00000000023de800 Uncommon trap: reason=unstable_if action=reinterpret pc=0x0000000002b47ca0 method=java.util.BitSet.nextSetBit(I)I @ 87
Event: 0.917 Thread 0x0000000056c43000 Uncommon trap: reason=unstable_if action=reinterpret pc=0x0000000002bb3524 method=com.android.dx.ssa.SsaMethod.getExitBlock()Lcom/android/dx/ssa/SsaBasicBlock; @ 4
Event: 0.949 Thread 0x0000000056c4a800 Uncommon trap: reason=unstable_if action=reinterpret pc=0x0000000002b60da4 method=java.util.BitSet.ensureCapacity(I)V @ 6
Event: 0.992 Thread 0x00000000023de800 Uncommon trap: reason=bimorphic action=maybe_recompile pc=0x0000000002b68a00 method=java.util.HashMap.getNode(ILjava/lang/Object;)Ljava/util/HashMap$Node; @ 126
Event: 1.821 Thread 0x0000000056c4a800 Uncommon trap: reason=unstable_if action=reinterpret pc=0x0000000002be0384 method=com.android.dx.rop.cst.Constant.compareTo(Lcom/android/dx/rop/cst/Constant;)I @ 12
Event: 1.903 Thread 0x0000000056c4a800 Uncommon trap: reason=unstable_if action=reinterpret pc=0x0000000002bf3440 method=com.android.dx.rop.code.RegisterSpec.equals(ILcom/android/dx/rop/type/TypeBearer;Lcom/android/dx/rop/code/LocalItem;)Z @ 42
Event: 2.091 Thread 0x0000000056c4a800 Uncommon trap: reason=bimorphic action=maybe_recompile pc=0x0000000002b68a00 method=java.util.HashMap.getNode(ILjava/lang/Object;)Ljava/util/HashMap$Node; @ 126
Event: 2.091 Thread 0x0000000056c4a800 Uncommon trap: reason=bimorphic action=maybe_recompile pc=0x0000000002b68a00 method=java.util.HashMap.getNode(ILjava/lang/Object;)Ljava/util/HashMap$Node; @ 126
Event: 2.091 Thread 0x0000000056c4a800 Uncommon trap: reason=bimorphic action=maybe_recompile pc=0x0000000002b68a00 method=java.util.HashMap.getNode(ILjava/lang/Object;)Ljava/util/HashMap$Node; @ 126
Event: 2.091 Thread 0x0000000056c4a800 Uncommon trap: reason=bimorphic action=maybe_recompile pc=0x0000000002b48ec8 method=java.util.HashMap.getNode(ILjava/lang/Object;)Ljava/util/HashMap$Node; @ 126

Internal exceptions (2 events):
Event: 0.045 Thread 0x00000000023de800 Exception <a 'java/lang/NoSuchMethodError': Method sun.misc.Unsafe.defineClass(Ljava/lang/String;[BII)Ljava/lang/Class; name or signature does not match> (0x00000000eab07cc0) thrown at [C:\re\workspace\8-2-build-windows-amd64-cygwin\jdk8u101\7261\hotspot\sdˆx‹(ë¦?
Event: 0.045 Thread 0x00000000023de800 Exception <a 'java/lang/NoSuchMethodError': Method sun.misc.Unsafe.prefetchRead(Ljava/lang/Object;J)V name or signature does not match> (0x00000000eab07fa8) thrown at [C:\re\workspace\8-2-build-windows-amd64-cygwin\jdk8u101\7261\hotspot\src\share\vm\prims\

Events (10 events):
Event: 2.091 Thread 0x0000000056c4a800 DEOPT UNPACKING pc=0x000000000296582a sp=0x000000005959e638 mode 2
Event: 2.091 Thread 0x0000000056c4a800 Uncommon trap: trap_request=0xffffffc6 fr.pc=0x0000000002b68a00
Event: 2.091 Thread 0x0000000056c4a800 DEOPT PACKING pc=0x0000000002b68a00 sp=0x000000005959e720
Event: 2.091 Thread 0x0000000056c4a800 DEOPT UNPACKING pc=0x000000000296582a sp=0x000000005959e638 mode 2
Event: 2.091 Thread 0x0000000056c4a800 Uncommon trap: trap_request=0xffffffc6 fr.pc=0x0000000002b68a00
Event: 2.091 Thread 0x0000000056c4a800 DEOPT PACKING pc=0x0000000002b68a00 sp=0x000000005959e720
Event: 2.091 Thread 0x0000000056c4a800 DEOPT UNPACKING pc=0x000000000296582a sp=0x000000005959e638 mode 2
Event: 2.091 Thread 0x0000000056c4a800 Uncommon trap: trap_request=0xffffffc6 fr.pc=0x0000000002b48ec8
Event: 2.091 Thread 0x0000000056c4a800 DEOPT PACKING pc=0x0000000002b48ec8 sp=0x000000005959e6a0
Event: 2.091 Thread 0x0000000056c4a800 DEOPT UNPACKING pc=0x000000000296582a sp=0x000000005959e628 mode 2


Dynamic libraries:
0x000000013f350000 - 0x000000013f387000 	C:\Program Files\Java\jdk1.8.0_101\bin\java.exe
0x00000000773d0000 - 0x000000007757a000 	C:\Windows\SYSTEM32\ntdll.dll
0x00000000771b0000 - 0x00000000772cf000 	C:\Windows\system32\kernel32.dll
0x000007fefd370000 - 0x000007fefd3da000 	C:\Windows\system32\KERNELBASE.dll
0x000007fefd8d0000 - 0x000007fefd9ab000 	C:\Windows\system32\ADVAPI32.dll
0x000007fefdf60000 - 0x000007fefdfff000 	C:\Windows\system32\msvcrt.dll
0x000007fefe4d0000 - 0x000007fefe4ef000 	C:\Windows\SYSTEM32\sechost.dll
0x000007fefd4c0000 - 0x000007fefd5ed000 	C:\Windows\system32\RPCRT4.dll
0x00000000772d0000 - 0x00000000773ca000 	C:\Windows\system32\USER32.dll
0x000007fefd5f0000 - 0x000007fefd657000 	C:\Windows\system32\GDI32.dll
0x000007fefdb60000 - 0x000007fefdb6e000 	C:\Windows\system32\LPK.dll
0x000007fefe400000 - 0x000007fefe4ca000 	C:\Windows\system32\USP10.dll
0x000007fefaca0000 - 0x000007fefae94000 	C:\Windows\WinSxS\amd64_microsoft.windows.common-controls_6595b64144ccf1df_6.0.7601.18837_none_fa3b1e3d17594757\COMCTL32.dll
0x000007fefe7e0000 - 0x000007fefe851000 	C:\Windows\system32\SHLWAPI.dll
0x000007fefda50000 - 0x000007fefda7e000 	C:\Windows\system32\IMM32.DLL
0x000007fefde50000 - 0x000007fefdf59000 	C:\Windows\system32\MSCTF.dll
0x000007fefd020000 - 0x000007fefd064000 	C:\windows\system32\nvinitx.dll
0x0000000058e10000 - 0x0000000058ee2000 	C:\Program Files\Java\jdk1.8.0_101\jre\bin\msvcr100.dll
0x0000000058030000 - 0x00000000588ca000 	C:\Program Files\Java\jdk1.8.0_101\jre\bin\server\jvm.dll
0x000007fef87b0000 - 0x000007fef87b9000 	C:\Windows\system32\WSOCK32.dll
0x000007fefe900000 - 0x000007fefe94d000 	C:\Windows\system32\WS2_32.dll
0x000007fefe3f0000 - 0x000007fefe3f8000 	C:\Windows\system32\NSI.dll
0x000007fefa890000 - 0x000007fefa8cb000 	C:\Windows\system32\WINMM.dll
0x000007fefc130000 - 0x000007fefc13c000 	C:\Windows\system32\VERSION.dll
0x0000000077590000 - 0x0000000077597000 	C:\Windows\system32\PSAPI.DLL
0x000000006cdf0000 - 0x000000006cdff000 	C:\Program Files\Java\jdk1.8.0_101\jre\bin\verify.dll
0x00000000657d0000 - 0x00000000657f9000 	C:\Program Files\Java\jdk1.8.0_101\jre\bin\java.dll
0x00000000648c0000 - 0x00000000648d6000 	C:\Program Files\Java\jdk1.8.0_101\jre\bin\zip.dll
0x000007fefe950000 - 0x000007feff6d9000 	C:\Windows\system32\SHELL32.dll
0x000007fefe1e0000 - 0x000007fefe3e3000 	C:\Windows\system32\ole32.dll
0x000007fefd100000 - 0x000007fefd10f000 	C:\Windows\system32\profapi.dll

VM Arguments:
jvm_args: -Djava.awt.headless=true -Xmx1024M -Dfile.encoding=windows-1252 -Duser.country=FR -Duser.language=fr -Duser.variant 
java_command: com.android.dx.command.Main --dex --force-jumbo --num-threads=4 --output C:\Android\Projects\MeteoAppli\app\build\intermediates\pre-dexed\debug\com.android.support-support-core-ui-24.2.1_c94c132a874d96d358c2157071d9599ebaec6480.jar C:\Android\Projects\MeteoAppli\app\build\intermediates\exploded-aar\com.android.support\support-core-ui\24.2.1\jars\classes.jar
java_class_path (initial): C:\Android\build-tools\24.0.2\lib\dx.jar
Launcher Type: SUN_STANDARD

Environment Variables:
PATH=C:\ProgramData\Oracle\Java\javapath;C:\Program Files\Common Files\Microsoft Shared\Windows Live;C:\Program Files (x86)\Common Files\Microsoft Shared\Windows Live;C:\Program Files (x86)\NVIDIA Corporation\PhysX\Common;C:\Program Files (x86)\Intel\iCLS Client\;C:\Program Files\Intel\iCLS Client\;C:\Windows\system32;C:\Windows;C:\Windows\System32\Wbem;C:\Windows\System32\WindowsPowerShell\v1.0\;C:\Program Files\Intel\Intel(R) Management Engine Components\DAL;C:\Program Files\Intel\Intel(R) Management Engine Components\IPT;C:\Program Files (x86)\Intel\Intel(R) Management Engine Components\DAL;C:\Program Files (x86)\Intel\Intel(R) Management Engine Components\IPT;C:\Program Files (x86)\Intel\OpenCL SDK\2.0\bin\x86;C:\Program Files (x86)\Intel\OpenCL SDK\2.0\bin\x64;C:\Program Files\Intel\WiFi\bin\;C:\Program Files\Common Files\Intel\WirelessCommon\;C:\Program Files (x86)\Windows Live\Shared;C:\Program Files (x86)\Skype\Phone\;C:\Program Files (x86)\GitExtensions\
USERNAME=Jérémie
OS=Windows_NT
PROCESSOR_IDENTIFIER=Intel64 Family 6 Model 58 Stepping 9, GenuineIntel



---------------  S Y S T E M  ---------------

OS: Windows 7 , 64 bit Build 7601 (6.1.7601.23539)

CPU:total 8 (4 cores per cpu, 2 threads per core) family 6 model 58 stepping 9, cmov, cx8, fxsr, mmx, sse, sse2, sse3, ssse3, sse4.1, sse4.2, popcnt, avx, aes, clmul, erms, ht, tsc, tscinvbit, tscinv

Memory: 4k page, physical 8283508k(744080k free), swap 9330224k(5048k free)

vm_info: Java HotSpot(TM) 64-Bit Server VM (25.101-b13) for windows-amd64 JRE (1.8.0_101-b13), built on Jun 22 2016 01:21:29 by "java_re" with MS VC++ 10.0 (VS2010)

time: Wed Oct 12 12:15:07 2016
elapsed time: 2 seconds (0d 0h 0m 2s)

