#
# There is insufficient memory for the Java Runtime Environment to continue.
# Native memory allocation (malloc) failed to allocate 372976 bytes for Chunk::new
# Possible reasons:
#   The system is out of physical RAM or swap space
#   In 32 bit mode, the process size limit was hit
# Possible solutions:
#   Reduce memory load on the system
#   Increase physical memory or swap space
#   Check if swap backing store is full
#   Use 64 bit Java on a 64 bit OS
#   Decrease Java heap size (-Xmx/-Xms)
#   Decrease number of Java threads
#   Decrease Java thread stack sizes (-Xss)
#   Set larger code cache with -XX:ReservedCodeCacheSize=
# This output file may be truncated or incomplete.
#
#  Out of Memory Error (allocation.cpp:390), pid=9332, tid=0x0000000000000380
#
# JRE version: Java(TM) SE Runtime Environment (8.0_101-b13) (build 1.8.0_101-b13)
# Java VM: Java HotSpot(TM) 64-Bit Server VM (25.101-b13 mixed mode windows-amd64 compressed oops)
# Failed to write core dump. Minidumps are not enabled by default on client versions of Windows
#

---------------  T H R E A D  ---------------

Current thread (0x000000005738d000):  JavaThread "C2 CompilerThread1" daemon [_thread_in_native, id=896, stack(0x0000000058ed0000,0x0000000058fd0000)]

Stack: [0x0000000058ed0000,0x0000000058fd0000]
[error occurred during error reporting (printing stack bounds), id 0xc0000005]

Native frames: (J=compiled Java code, j=interpreted, Vv=VM code, C=native code)


Current CompileTask:
C2:   3156 1180   !   4       com.android.dx.cf.cst.ConstantPoolParser::parse0 (731 bytes)


---------------  P R O C E S S  ---------------

Java Threads: ( => current thread )
  0x0000000057641000 JavaThread "pool-1-thread-4" [_thread_in_Java, id=3036, stack(0x00000000599b0000,0x0000000059ab0000)]
  0x00000000575ed800 JavaThread "pool-1-thread-3" [_thread_blocked, id=7656, stack(0x0000000059780000,0x0000000059880000)]
  0x00000000575ed000 JavaThread "pool-1-thread-2" [_thread_blocked, id=7080, stack(0x0000000059630000,0x0000000059730000)]
  0x00000000575ec000 JavaThread "pool-2-thread-1" [_thread_blocked, id=4924, stack(0x0000000058a30000,0x0000000058b30000)]
  0x00000000575e6000 JavaThread "pool-1-thread-1" [_thread_blocked, id=10148, stack(0x0000000059430000,0x0000000059530000)]
  0x00000000573b1000 JavaThread "Service Thread" daemon [_thread_blocked, id=9516, stack(0x00000000591d0000,0x00000000592d0000)]
  0x000000005739e800 JavaThread "C1 CompilerThread3" daemon [_thread_in_vm, id=8648, stack(0x00000000587a0000,0x00000000588a0000)]
  0x0000000057390000 JavaThread "C2 CompilerThread2" daemon [_thread_in_vm, id=1876, stack(0x0000000058fd0000,0x00000000590d0000)]
=>0x000000005738d000 JavaThread "C2 CompilerThread1" daemon [_thread_in_native, id=896, stack(0x0000000058ed0000,0x0000000058fd0000)]
  0x0000000057389000 JavaThread "C2 CompilerThread0" daemon [_thread_blocked, id=6896, stack(0x0000000058ce0000,0x0000000058de0000)]
  0x0000000057385800 JavaThread "Attach Listener" daemon [_thread_blocked, id=3516, stack(0x0000000058b30000,0x0000000058c30000)]
  0x0000000057398000 JavaThread "Signal Dispatcher" daemon [_thread_blocked, id=7952, stack(0x00000000588c0000,0x00000000589c0000)]
  0x000000005584d800 JavaThread "Finalizer" daemon [_thread_blocked, id=8860, stack(0x00000000582a0000,0x00000000583a0000)]
  0x0000000055846800 JavaThread "Reference Handler" daemon [_thread_blocked, id=8292, stack(0x0000000058660000,0x0000000058760000)]
  0x000000000233e800 JavaThread "main" [_thread_blocked, id=9836, stack(0x0000000002580000,0x0000000002680000)]

Other Threads:
  0x0000000057340800 VMThread [stack: 0x0000000058440000,0x0000000058540000] [id=7148]
  0x000000005743e000 WatcherThread [stack: 0x0000000059320000,0x0000000059420000] [id=6680]

VM state:not at safepoint (normal execution)

VM Mutex/Monitor currently owned by a thread:  ([mutex/lock_event])
[0x0000000002338ea0] CodeCache_lock - owner thread: 0x000000005739e800
[0x000000000233d4b0] Compile_lock - owner thread: 0x000000005739e800
[0x000000000233d5b0] MethodCompileQueue_lock - owner thread: 0x000000005739e800

Heap:
 PSYoungGen      total 71680K, used 27527K [0x00000000eab00000, 0x00000000ef600000, 0x0000000100000000)
  eden space 66560K, 33% used [0x00000000eab00000,0x00000000ec0e8028,0x00000000eec00000)
  from space 5120K, 99% used [0x00000000ef100000,0x00000000ef5f9c78,0x00000000ef600000)
  to   space 5120K, 0% used [0x00000000eec00000,0x00000000eec00000,0x00000000ef100000)
 ParOldGen       total 87552K, used 6290K [0x00000000c0000000, 0x00000000c5580000, 0x00000000eab00000)
  object space 87552K, 7% used [0x00000000c0000000,0x00000000c0624af8,0x00000000c5580000)
 Metaspace       used 5909K, capacity 6960K, committed 7040K, reserved 1056768K
  class space    used 590K, capacity 616K, committed 640K, reserved 1048576K

Card table byte_map: [0x0000000011d10000,0x0000000011f20000] byte_map_base: 0x0000000011710000

Marking Bits: (ParMarkBitMap*) 0x000000005709a6d0
 Begin Bits: [0x0000000012c60000, 0x0000000013c60000)
 End Bits:   [0x0000000013c60000, 0x0000000014c60000)

Polling page: 0x0000000000430000

CodeCache: size=245760Kb used=4687Kb max_used=4687Kb free=241072Kb
 bounds [0x0000000002950000, 0x0000000002df0000, 0x0000000011950000]
 total_blobs=1485 nmethods=1219 adapters=176
 compilation: enabled

Compilation events (10 events):
Event: 2.963 Thread 0x000000005739e800 1199       1       com.android.dx.cf.code.ByteCatchList$Item::getEndPc (5 bytes)
Event: 2.963 Thread 0x000000005739e800 nmethod 1199 0x0000000002dd1550 code [0x0000000002dd16a0, 0x0000000002dd17b0]
Event: 2.963 Thread 0x000000005739e800 1175       1       com.android.dx.cf.attrib.AttConstantValue::getConstantValue (5 bytes)
Event: 2.963 Thread 0x000000005739e800 nmethod 1175 0x0000000002dd1810 code [0x0000000002dd1960, 0x0000000002dd1a70]
Event: 2.963 Thread 0x000000005739e800 1183       1       com.android.dx.rop.cst.CstArray::getList (5 bytes)
Event: 2.963 Thread 0x000000005739e800 nmethod 1183 0x0000000002dd1ad0 code [0x0000000002dd1c20, 0x0000000002dd1d30]
Event: 2.963 Thread 0x000000005739e800 1206       1       com.android.dx.cf.code.Ropper$ExceptionHandlerSetup::getCaughtType (5 bytes)
Event: 2.963 Thread 0x000000005739e800 nmethod 1206 0x0000000002dd1d90 code [0x0000000002dd1ee0, 0x0000000002dd1ff0]
Event: 2.963 Thread 0x000000005739e800 1200       1       com.android.dx.cf.code.Ropper$ExceptionHandlerSetup::getLabel (5 bytes)
Event: 2.963 Thread 0x000000005739e800 nmethod 1200 0x0000000002dd2050 code [0x0000000002dd21a0, 0x0000000002dd22b0]

GC Heap History (4 events):
Event: 1.714 GC heap before
{Heap before GC invocations=1 (full 0):
 PSYoungGen      total 38400K, used 33280K [0x00000000eab00000, 0x00000000ed580000, 0x0000000100000000)
  eden space 33280K, 100% used [0x00000000eab00000,0x00000000ecb80000,0x00000000ecb80000)
  from space 5120K, 0% used [0x00000000ed080000,0x00000000ed080000,0x00000000ed580000)
  to   space 5120K, 0% used [0x00000000ecb80000,0x00000000ecb80000,0x00000000ed080000)
 ParOldGen       total 87552K, used 0K [0x00000000c0000000, 0x00000000c5580000, 0x00000000eab00000)
  object space 87552K, 0% used [0x00000000c0000000,0x00000000c0000000,0x00000000c5580000)
 Metaspace       used 5775K, capacity 6832K, committed 7040K, reserved 1056768K
  class space    used 588K, capacity 616K, committed 640K, reserved 1048576K
Event: 2.142 GC heap after
Heap after GC invocations=1 (full 0):
 PSYoungGen      total 38400K, used 5093K [0x00000000eab00000, 0x00000000ef600000, 0x0000000100000000)
  eden space 33280K, 0% used [0x00000000eab00000,0x00000000eab00000,0x00000000ecb80000)
  from space 5120K, 99% used [0x00000000ecb80000,0x00000000ed079640,0x00000000ed080000)
  to   space 5120K, 0% used [0x00000000ef100000,0x00000000ef100000,0x00000000ef600000)
 ParOldGen       total 87552K, used 1505K [0x00000000c0000000, 0x00000000c5580000, 0x00000000eab00000)
  object space 87552K, 1% used [0x00000000c0000000,0x00000000c01787e8,0x00000000c5580000)
 Metaspace       used 5775K, capacity 6832K, committed 7040K, reserved 1056768K
  class space    used 588K, capacity 616K, committed 640K, reserved 1048576K
}
Event: 2.511 GC heap before
{Heap before GC invocations=2 (full 0):
 PSYoungGen      total 38400K, used 38373K [0x00000000eab00000, 0x00000000ef600000, 0x0000000100000000)
  eden space 33280K, 100% used [0x00000000eab00000,0x00000000ecb80000,0x00000000ecb80000)
  from space 5120K, 99% used [0x00000000ecb80000,0x00000000ed079640,0x00000000ed080000)
  to   space 5120K, 0% used [0x00000000ef100000,0x00000000ef100000,0x00000000ef600000)
 ParOldGen       total 87552K, used 1505K [0x00000000c0000000, 0x00000000c5580000, 0x00000000eab00000)
  object space 87552K, 1% used [0x00000000c0000000,0x00000000c01787e8,0x00000000c5580000)
 Metaspace       used 5902K, capacity 6960K, committed 7040K, reserved 1056768K
  class space    used 590K, capacity 616K, committed 640K, reserved 1048576K
Event: 2.706 GC heap after
Heap after GC invocations=2 (full 0):
 PSYoungGen      total 71680K, used 5095K [0x00000000eab00000, 0x00000000ef600000, 0x0000000100000000)
  eden space 66560K, 0% used [0x00000000eab00000,0x00000000eab00000,0x00000000eec00000)
  from space 5120K, 99% used [0x00000000ef100000,0x00000000ef5f9c78,0x00000000ef600000)
  to   space 5120K, 0% used [0x00000000eec00000,0x00000000eec00000,0x00000000ef100000)
 ParOldGen       total 87552K, used 6290K [0x00000000c0000000, 0x00000000c5580000, 0x00000000eab00000)
  object space 87552K, 7% used [0x00000000c0000000,0x00000000c0624af8,0x00000000c5580000)
 Metaspace       used 5902K, capacity 6960K, committed 7040K, reserved 1056768K
  class space    used 590K, capacity 616K, committed 640K, reserved 1048576K
}

Deoptimization events (10 events):
Event: 2.256 Thread 0x000000000233e800 Uncommon trap: reason=unstable_if action=reinterpret pc=0x0000000002be7b8c method=com.android.dx.rop.code.RegisterSpecSet.put(Lcom/android/dx/rop/code/RegisterSpec;)V @ 77
Event: 2.272 Thread 0x00000000575e6000 Uncommon trap: reason=null_check action=make_not_entrant pc=0x0000000002cc32bc method=com.android.dx.ssa.SsaRenamer.getLocalForNewReg(I)Lcom/android/dx/rop/code/LocalItem; @ 19
Event: 2.324 Thread 0x00000000575e6000 Uncommon trap: reason=unstable_if action=reinterpret pc=0x0000000002be64c0 method=com.android.dx.rop.code.RegisterSpec.equals(ILcom/android/dx/rop/type/TypeBearer;Lcom/android/dx/rop/code/LocalItem;)Z @ 42
Event: 2.326 Thread 0x00000000575e6000 Uncommon trap: reason=unstable_if action=reinterpret pc=0x0000000002c516c4 method=com.android.dx.ssa.SsaRenamer$BlockRenamer.addMapping(ILcom/android/dx/rop/code/RegisterSpec;)V @ 120
Event: 2.388 Thread 0x000000000233e800 Uncommon trap: reason=unstable_if action=reinterpret pc=0x0000000002c7658c method=com.android.dx.ssa.SsaMethod.updateOneDefinition(Lcom/android/dx/ssa/SsaInsn;Lcom/android/dx/rop/code/RegisterSpec;)V @ 4
Event: 2.422 Thread 0x0000000057641000 Uncommon trap: reason=bimorphic action=maybe_recompile pc=0x0000000002d1f3f8 method=java.util.HashMap.putVal(ILjava/lang/Object;Ljava/lang/Object;ZZ)Ljava/lang/Object; @ 91
Event: 2.498 Thread 0x00000000575e6000 Uncommon trap: reason=null_check action=make_not_entrant pc=0x0000000002cbc4e4 method=com.android.dx.ssa.SsaRenamer.getLocalForNewReg(I)Lcom/android/dx/rop/code/LocalItem; @ 19
Event: 2.720 Thread 0x00000000575ed800 Uncommon trap: reason=unstable_if action=reinterpret pc=0x0000000002c023c4 method=com.android.dx.rop.cst.Constant.compareTo(Lcom/android/dx/rop/cst/Constant;)I @ 12
Event: 2.886 Thread 0x000000000233e800 Uncommon trap: reason=bimorphic action=maybe_recompile pc=0x0000000002d1f3f8 method=java.util.HashMap.putVal(ILjava/lang/Object;Ljava/lang/Object;ZZ)Ljava/lang/Object; @ 91
Event: 3.050 Thread 0x0000000057641000 Uncommon trap: reason=unstable_if action=reinterpret pc=0x0000000002da1688 method=com.android.dx.ssa.SCCP.simulateBranch(Lcom/android/dx/ssa/SsaInsn;)V @ 64

Internal exceptions (4 events):
Event: 0.079 Thread 0x000000000233e800 Exception <a 'java/lang/NoSuchMethodError': Method sun.misc.Unsafe.defineClass(Ljava/lang/String;[BII)Ljava/lang/Class; name or signature does not match> (0x00000000eab07cc0) thrown at [C:\re\workspace\8-2-build-windows-amd64-cygwin\jdk8u101\7261\hotspot\s2Ç8–H´?
Event: 0.079 Thread 0x000000000233e800 Exception <a 'java/lang/NoSuchMethodError': Method sun.misc.Unsafe.prefetchRead(Ljava/lang/Object;J)V name or signature does not match> (0x00000000eab07fa8) thrown at [C:\re\workspace\8-2-build-windows-amd64-cygwin\jdk8u101\7261\hotspot\src\share\vm\prims\JùN—-@
Event: 2.272 Thread 0x00000000575e6000 Implicit null exception at 0x0000000002cc227c to 0x0000000002cc3271
Event: 2.498 Thread 0x00000000575e6000 Implicit null exception at 0x0000000002cbb6b4 to 0x0000000002cbc4b1

Events (10 events):
Event: 2.720 Thread 0x00000000575ed800 DEOPT PACKING pc=0x0000000002c023c4 sp=0x000000005987e4e0
Event: 2.720 Thread 0x00000000575ed800 DEOPT UNPACKING pc=0x000000000299582a sp=0x000000005987e480 mode 2
Event: 2.760 loading class com/android/dx/cf/attrib/AttDeprecated
Event: 2.761 loading class com/android/dx/cf/attrib/AttDeprecated done
Event: 2.886 Thread 0x000000000233e800 Uncommon trap: trap_request=0xffffffc6 fr.pc=0x0000000002d1f3f8
Event: 2.886 Thread 0x000000000233e800 DEOPT PACKING pc=0x0000000002d1f3f8 sp=0x000000000267e6a0
Event: 2.886 Thread 0x000000000233e800 DEOPT UNPACKING pc=0x000000000299582a sp=0x000000000267e5c8 mode 2
Event: 3.050 Thread 0x0000000057641000 Uncommon trap: trap_request=0xffffff65 fr.pc=0x0000000002da1688
Event: 3.050 Thread 0x0000000057641000 DEOPT PACKING pc=0x0000000002da1688 sp=0x0000000059aae980
Event: 3.050 Thread 0x0000000057641000 DEOPT UNPACKING pc=0x000000000299582a sp=0x0000000059aae950 mode 2


Dynamic libraries:
0x000000013ffd0000 - 0x0000000140007000 	C:\Program Files\Java\jdk1.8.0_101\bin\java.exe
0x0000000076f40000 - 0x00000000770ea000 	C:\Windows\SYSTEM32\ntdll.dll
0x0000000076d20000 - 0x0000000076e3f000 	C:\Windows\system32\kernel32.dll
0x000007fefcfc0000 - 0x000007fefd02a000 	C:\Windows\system32\KERNELBASE.dll
0x000007fefd3a0000 - 0x000007fefd47b000 	C:\Windows\system32\ADVAPI32.dll
0x000007fefefa0000 - 0x000007feff03f000 	C:\Windows\system32\msvcrt.dll
0x000007fefe580000 - 0x000007fefe59f000 	C:\Windows\SYSTEM32\sechost.dll
0x000007fefea40000 - 0x000007fefeb6d000 	C:\Windows\system32\RPCRT4.dll
0x0000000076e40000 - 0x0000000076f3a000 	C:\Windows\system32\USER32.dll
0x000007fefeb70000 - 0x000007fefebd7000 	C:\Windows\system32\GDI32.dll
0x000007fefe4a0000 - 0x000007fefe4ae000 	C:\Windows\system32\LPK.dll
0x000007fefe4b0000 - 0x000007fefe57a000 	C:\Windows\system32\USP10.dll
0x000007fefa810000 - 0x000007fefaa04000 	C:\Windows\WinSxS\amd64_microsoft.windows.common-controls_6595b64144ccf1df_6.0.7601.18837_none_fa3b1e3d17594757\COMCTL32.dll
0x000007feff040000 - 0x000007feff0b1000 	C:\Windows\system32\SHLWAPI.dll
0x000007fefea10000 - 0x000007fefea3e000 	C:\Windows\system32\IMM32.DLL
0x000007feff120000 - 0x000007feff229000 	C:\Windows\system32\MSCTF.dll
0x000007fefcb90000 - 0x000007fefcbd4000 	C:\windows\system32\nvinitx.dll
0x0000000057120000 - 0x00000000571f2000 	C:\Program Files\Java\jdk1.8.0_101\jre\bin\msvcr100.dll
0x0000000056880000 - 0x000000005711a000 	C:\Program Files\Java\jdk1.8.0_101\jre\bin\server\jvm.dll
0x000007fef82e0000 - 0x000007fef82e9000 	C:\Windows\system32\WSOCK32.dll
0x000007fefeeb0000 - 0x000007fefeefd000 	C:\Windows\system32\WS2_32.dll
0x000007fefebe0000 - 0x000007fefebe8000 	C:\Windows\system32\NSI.dll
0x000007fefa400000 - 0x000007fefa43b000 	C:\Windows\system32\WINMM.dll
0x000007fefbca0000 - 0x000007fefbcac000 	C:\Windows\system32\VERSION.dll
0x0000000077100000 - 0x0000000077107000 	C:\Windows\system32\PSAPI.DLL
0x00000000691e0000 - 0x00000000691ef000 	C:\Program Files\Java\jdk1.8.0_101\jre\bin\verify.dll
0x00000000572b0000 - 0x00000000572d9000 	C:\Program Files\Java\jdk1.8.0_101\jre\bin\java.dll
0x0000000057290000 - 0x00000000572a6000 	C:\Program Files\Java\jdk1.8.0_101\jre\bin\zip.dll
0x000007fefd480000 - 0x000007fefe20a000 	C:\Windows\system32\SHELL32.dll
0x000007fefe290000 - 0x000007fefe493000 	C:\Windows\system32\ole32.dll
0x000007fefcc70000 - 0x000007fefcc7f000 	C:\Windows\system32\profapi.dll

VM Arguments:
jvm_args: -Djava.awt.headless=true -Xmx1024M -Dfile.encoding=windows-1252 -Duser.country=FR -Duser.language=fr -Duser.variant 
java_command: com.android.dx.command.Main --dex --num-threads=4 --output C:\Android\Projects\MeteoAppli\app\build\intermediates\pre-dexed\debug\com.android.support-support-media-compat-24.2.1_eb41ebcde456a45430b8ee0d4021f97a79abd063.jar C:\Android\Projects\MeteoAppli\app\build\intermediates\exploded-aar\com.android.support\support-media-compat\24.2.1\jars\classes.jar
java_class_path (initial): C:\Android\build-tools\24.0.2\lib\dx.jar
Launcher Type: SUN_STANDARD

Environment Variables:
PATH=C:\ProgramData\Oracle\Java\javapath;C:\Program Files\Common Files\Microsoft Shared\Windows Live;C:\Program Files (x86)\Common Files\Microsoft Shared\Windows Live;C:\Program Files (x86)\NVIDIA Corporation\PhysX\Common;C:\Program Files (x86)\Intel\iCLS Client\;C:\Program Files\Intel\iCLS Client\;C:\Windows\system32;C:\Windows;C:\Windows\System32\Wbem;C:\Windows\System32\WindowsPowerShell\v1.0\;C:\Program Files\Intel\Intel(R) Management Engine Components\DAL;C:\Program Files\Intel\Intel(R) Management Engine Components\IPT;C:\Program Files (x86)\Intel\Intel(R) Management Engine Components\DAL;C:\Program Files (x86)\Intel\Intel(R) Management Engine Components\IPT;C:\Program Files (x86)\Intel\OpenCL SDK\2.0\bin\x86;C:\Program Files (x86)\Intel\OpenCL SDK\2.0\bin\x64;C:\Program Files\Intel\WiFi\bin\;C:\Program Files\Common Files\Intel\WirelessCommon\;C:\Program Files (x86)\Windows Live\Shared;C:\Program Files (x86)\Skype\Phone\;C:\Program Files (x86)\GitExtensions\
USERNAME=Jérémie
OS=Windows_NT
PROCESSOR_IDENTIFIER=Intel64 Family 6 Model 58 Stepping 9, GenuineIntel



---------------  S Y S T E M  ---------------

OS: Windows 7 , 64 bit Build 7601 (6.1.7601.23543)

CPU:total 8 (4 cores per cpu, 2 threads per core) family 6 model 58 stepping 9, cmov, cx8, fxsr, mmx, sse, sse2, sse3, ssse3, sse4.1, sse4.2, popcnt, avx, aes, clmul, erms, ht, tsc, tscinvbit, tscinv

Memory: 4k page, physical 8283508k(530672k free), swap 9330224k(8956k free)

vm_info: Java HotSpot(TM) 64-Bit Server VM (25.101-b13) for windows-amd64 JRE (1.8.0_101-b13), built on Jun 22 2016 01:21:29 by "java_re" with MS VC++ 10.0 (VS2010)

time: Fri Nov 04 23:37:34 2016
elapsed time: 3 seconds (0d 0h 0m 3s)

