#
# There is insufficient memory for the Java Runtime Environment to continue.
# Native memory allocation (malloc) failed to allocate 107936 bytes for Chunk::new
# Possible reasons:
#   The system is out of physical RAM or swap space
#   In 32 bit mode, the process size limit was hit
# Possible solutions:
#   Reduce memory load on the system
#   Increase physical memory or swap space
#   Check if swap backing store is full
#   Use 64 bit Java on a 64 bit OS
#   Decrease Java heap size (-Xmx/-Xms)
#   Decrease number of Java threads
#   Decrease Java thread stack sizes (-Xss)
#   Set larger code cache with -XX:ReservedCodeCacheSize=
# This output file may be truncated or incomplete.
#
#  Out of Memory Error (allocation.cpp:390), pid=5608, tid=0x000000000000238c
#
# JRE version: Java(TM) SE Runtime Environment (8.0_101-b13) (build 1.8.0_101-b13)
# Java VM: Java HotSpot(TM) 64-Bit Server VM (25.101-b13 mixed mode windows-amd64 compressed oops)
# Failed to write core dump. Minidumps are not enabled by default on client versions of Windows
#

---------------  T H R E A D  ---------------

Current thread (0x00000000568ac800):  JavaThread "C2 CompilerThread2" daemon [_thread_in_native, id=9100, stack(0x00000000582b0000,0x00000000583b0000)]

Stack: [0x00000000582b0000,0x00000000583b0000]
[error occurred during error reporting (printing stack bounds), id 0xc0000005]

Native frames: (J=compiled Java code, j=interpreted, Vv=VM code, C=native code)


Current CompileTask:
C2:    682  689       4       com.android.dx.rop.code.RegisterSpec::hashCodeOf (30 bytes)


---------------  P R O C E S S  ---------------

Java Threads: ( => current thread )
  0x0000000056aef000 JavaThread "pool-1-thread-4" [_thread_blocked, id=3664, stack(0x0000000058fe0000,0x00000000590e0000)]
  0x0000000056b23000 JavaThread "pool-1-thread-3" [_thread_in_Java, id=7668, stack(0x0000000058d70000,0x0000000058e70000)]
  0x0000000056a27800 JavaThread "pool-1-thread-2" [_thread_in_Java, id=8992, stack(0x00000000589b0000,0x0000000058ab0000)]
  0x0000000056a26800 JavaThread "pool-2-thread-1" [_thread_blocked, id=5060, stack(0x0000000058b10000,0x0000000058c10000)]
  0x0000000056a26000 JavaThread "pool-1-thread-1" [_thread_blocked, id=7236, stack(0x0000000058860000,0x0000000058960000)]
  0x00000000568c1000 JavaThread "Service Thread" daemon [_thread_blocked, id=5156, stack(0x0000000058720000,0x0000000058820000)]
  0x00000000568ae800 JavaThread "C1 CompilerThread3" daemon [_thread_blocked, id=4260, stack(0x0000000058480000,0x0000000058580000)]
=>0x00000000568ac800 JavaThread "C2 CompilerThread2" daemon [_thread_in_native, id=9100, stack(0x00000000582b0000,0x00000000583b0000)]
  0x00000000568a5800 JavaThread "C2 CompilerThread1" daemon [_thread_in_native, id=7560, stack(0x0000000057df0000,0x0000000057ef0000)]
  0x00000000568a1000 JavaThread "C2 CompilerThread0" daemon [_thread_in_native, id=8012, stack(0x0000000058120000,0x0000000058220000)]
  0x000000005689d800 JavaThread "Attach Listener" daemon [_thread_blocked, id=7728, stack(0x0000000057f30000,0x0000000058030000)]
  0x000000005689c800 JavaThread "Signal Dispatcher" daemon [_thread_blocked, id=7496, stack(0x0000000057c60000,0x0000000057d60000)]
  0x00000000556dd800 JavaThread "Finalizer" daemon [_thread_blocked, id=8580, stack(0x0000000057b40000,0x0000000057c40000)]
  0x00000000556d6800 JavaThread "Reference Handler" daemon [_thread_blocked, id=5968, stack(0x00000000579d0000,0x0000000057ad0000)]
  0x0000000001e9e800 JavaThread "main" [_thread_in_Java, id=8380, stack(0x0000000002620000,0x0000000002720000)]

Other Threads:
  0x0000000056850800 VMThread [stack: 0x0000000057840000,0x0000000057940000] [id=1476]
  0x0000000056956000 WatcherThread [stack: 0x00000000585e0000,0x00000000586e0000] [id=7944]

VM state:not at safepoint (normal execution)

VM Mutex/Monitor currently owned by a thread: None

Heap:
 PSYoungGen      total 38400K, used 17977K [0x00000000eab00000, 0x00000000ed580000, 0x0000000100000000)
  eden space 33280K, 54% used [0x00000000eab00000,0x00000000ebc8e670,0x00000000ecb80000)
  from space 5120K, 0% used [0x00000000ed080000,0x00000000ed080000,0x00000000ed580000)
  to   space 5120K, 0% used [0x00000000ecb80000,0x00000000ecb80000,0x00000000ed080000)
 ParOldGen       total 87552K, used 0K [0x00000000c0000000, 0x00000000c5580000, 0x00000000eab00000)
  object space 87552K, 0% used [0x00000000c0000000,0x00000000c0000000,0x00000000c5580000)
 Metaspace       used 5647K, capacity 6768K, committed 7040K, reserved 1056768K
  class space    used 588K, capacity 616K, committed 640K, reserved 1048576K

Card table byte_map: [0x0000000011db0000,0x0000000011fc0000] byte_map_base: 0x00000000117b0000

Marking Bits: (ParMarkBitMap*) 0x000000005999a6d0
 Begin Bits: [0x0000000012af0000, 0x0000000013af0000)
 End Bits:   [0x0000000013af0000, 0x0000000014af0000)

Polling page: 0x0000000000430000

CodeCache: size=245760Kb used=2661Kb max_used=2672Kb free=243098Kb
 bounds [0x00000000029f0000, 0x0000000002ca0000, 0x00000000119f0000]
 total_blobs=885 nmethods=622 adapters=176
 compilation: enabled

Compilation events (10 events):
Event: 0.673 Thread 0x00000000568ac800 nmethod 609 0x0000000002c8ca10 code [0x0000000002c8cb40, 0x0000000002c8cc98]
Event: 0.673 Thread 0x00000000568ac800  687       4       java.util.HashMap::containsKey (18 bytes)
Event: 0.675 Thread 0x00000000568ac800 nmethod 687 0x0000000002c8c690 code [0x0000000002c8c7e0, 0x0000000002c8c8e8]
Event: 0.675 Thread 0x00000000568ac800  685       4       java.util.HashSet::contains (9 bytes)
Event: 0.676 Thread 0x00000000568ac800 nmethod 685 0x0000000002c8c290 code [0x0000000002c8c3e0, 0x0000000002c8c508]
Event: 0.676 Thread 0x00000000568ac800  690       4       java.util.ArrayList$Itr::<init> (6 bytes)
Event: 0.677 Thread 0x00000000568ac800 nmethod 690 0x0000000002bcfb10 code [0x0000000002bcfc40, 0x0000000002bcfcb8]
Event: 0.677 Thread 0x00000000568ac800  686       4       java.util.ArrayList::isEmpty (13 bytes)
Event: 0.677 Thread 0x00000000568ac800 nmethod 686 0x0000000002bf40d0 code [0x0000000002bf4200, 0x0000000002bf4258]
Event: 0.677 Thread 0x00000000568ac800  689       4       com.android.dx.rop.code.RegisterSpec::hashCodeOf (30 bytes)

GC Heap History (0 events):
No events

Deoptimization events (4 events):
Event: 0.566 Thread 0x0000000001e9e800 Uncommon trap: reason=class_check action=maybe_recompile pc=0x0000000002be27e0 method=com.android.dx.ssa.NormalSsaInsn.accept(Lcom/android/dx/ssa/SsaInsn$Visitor;)V @ 9
Event: 0.566 Thread 0x0000000001e9e800 Uncommon trap: reason=class_check action=maybe_recompile pc=0x0000000002be27e0 method=com.android.dx.ssa.NormalSsaInsn.accept(Lcom/android/dx/ssa/SsaInsn$Visitor;)V @ 9
Event: 0.566 Thread 0x0000000001e9e800 Uncommon trap: reason=class_check action=maybe_recompile pc=0x0000000002be27e0 method=com.android.dx.ssa.NormalSsaInsn.accept(Lcom/android/dx/ssa/SsaInsn$Visitor;)V @ 9
Event: 0.566 Thread 0x0000000001e9e800 Uncommon trap: reason=class_check action=maybe_recompile pc=0x0000000002be27e0 method=com.android.dx.ssa.NormalSsaInsn.accept(Lcom/android/dx/ssa/SsaInsn$Visitor;)V @ 9

Internal exceptions (2 events):
Event: 0.053 Thread 0x0000000001e9e800 Exception <a 'java/lang/NoSuchMethodError': Method sun.misc.Unsafe.defineClass(Ljava/lang/String;[BII)Ljava/lang/Class; name or signature does not match> (0x00000000eab07cc0) thrown at [C:\re\workspace\8-2-build-windows-amd64-cygwin\jdk8u101\7261\hotspot\sOÅ:fCB´?
Event: 0.053 Thread 0x0000000001e9e800 Exception <a 'java/lang/NoSuchMethodError': Method sun.misc.Unsafe.prefetchRead(Ljava/lang/Object;J)V name or signature does not match> (0x00000000eab07fa8) thrown at [C:\re\workspace\8-2-build-windows-amd64-cygwin\jdk8u101\7261\hotspot\src\share\vm\prims\

Events (10 events):
Event: 0.597 Executing VM operation: ForceSafepoint
Event: 0.613 Executing VM operation: ForceSafepoint done
Event: 0.640 loading class com/android/dx/cf/code/Ropper$ExceptionHandlerSetup
Event: 0.640 loading class com/android/dx/cf/code/Ropper$ExceptionHandlerSetup done
Event: 0.642 loading class java/util/HashMap$Values
Event: 0.642 loading class java/util/HashMap$Values done
Event: 0.642 loading class java/util/HashMap$ValueIterator
Event: 0.642 loading class java/util/HashMap$ValueIterator done
Event: 0.675 loading class java/util/ArrayList$1
Event: 0.675 loading class java/util/ArrayList$1 done


Dynamic libraries:
0x000000013fe00000 - 0x000000013fe37000 	C:\Program Files\Java\jdk1.8.0_101\bin\java.exe
0x0000000077be0000 - 0x0000000077d8a000 	C:\Windows\SYSTEM32\ntdll.dll
0x0000000077ac0000 - 0x0000000077bdf000 	C:\Windows\system32\kernel32.dll
0x000007fefda60000 - 0x000007fefdaca000 	C:\Windows\system32\KERNELBASE.dll
0x000007feffa70000 - 0x000007feffb4b000 	C:\Windows\system32\ADVAPI32.dll
0x000007fefdfa0000 - 0x000007fefe03f000 	C:\Windows\system32\msvcrt.dll
0x000007feffca0000 - 0x000007feffcbf000 	C:\Windows\SYSTEM32\sechost.dll
0x000007fefe630000 - 0x000007fefe75d000 	C:\Windows\system32\RPCRT4.dll
0x00000000779c0000 - 0x0000000077aba000 	C:\Windows\system32\USER32.dll
0x000007feffc30000 - 0x000007feffc97000 	C:\Windows\system32\GDI32.dll
0x000007fefe760000 - 0x000007fefe76e000 	C:\Windows\system32\LPK.dll
0x000007fefec10000 - 0x000007fefecda000 	C:\Windows\system32\USP10.dll
0x000007fefbc50000 - 0x000007fefbe44000 	C:\Windows\WinSxS\amd64_microsoft.windows.common-controls_6595b64144ccf1df_6.0.7601.18837_none_fa3b1e3d17594757\COMCTL32.dll
0x000007fefe330000 - 0x000007fefe3a1000 	C:\Windows\system32\SHLWAPI.dll
0x000007fefe3b0000 - 0x000007fefe3de000 	C:\Windows\system32\IMM32.DLL
0x000007fefe220000 - 0x000007fefe329000 	C:\Windows\system32\MSCTF.dll
0x000007fefd830000 - 0x000007fefd874000 	C:\windows\system32\nvinitx.dll
0x0000000070560000 - 0x0000000070632000 	C:\Program Files\Java\jdk1.8.0_101\jre\bin\msvcr100.dll
0x0000000059180000 - 0x0000000059a1a000 	C:\Program Files\Java\jdk1.8.0_101\jre\bin\server\jvm.dll
0x000007fef8980000 - 0x000007fef8989000 	C:\Windows\system32\WSOCK32.dll
0x000007fefe040000 - 0x000007fefe08d000 	C:\Windows\system32\WS2_32.dll
0x000007fefe3e0000 - 0x000007fefe3e8000 	C:\Windows\system32\NSI.dll
0x000007fefb840000 - 0x000007fefb87b000 	C:\Windows\system32\WINMM.dll
0x000007fefc940000 - 0x000007fefc94c000 	C:\Windows\system32\VERSION.dll
0x0000000077da0000 - 0x0000000077da7000 	C:\Windows\system32\PSAPI.DLL
0x0000000070de0000 - 0x0000000070def000 	C:\Program Files\Java\jdk1.8.0_101\jre\bin\verify.dll
0x0000000070d70000 - 0x0000000070d99000 	C:\Program Files\Java\jdk1.8.0_101\jre\bin\java.dll
0x0000000070d50000 - 0x0000000070d66000 	C:\Program Files\Java\jdk1.8.0_101\jre\bin\zip.dll
0x000007fefece0000 - 0x000007feffa69000 	C:\Windows\system32\SHELL32.dll
0x000007feffcc0000 - 0x000007feffec3000 	C:\Windows\system32\ole32.dll
0x000007fefd910000 - 0x000007fefd91f000 	C:\Windows\system32\profapi.dll

VM Arguments:
jvm_args: -Djava.awt.headless=true -Xmx1024M -Dfile.encoding=windows-1252 -Duser.country=FR -Duser.language=fr -Duser.variant 
java_command: com.android.dx.command.Main --dex --force-jumbo --num-threads=4 --output C:\Android\Projects\MeteoAppli\app\build\intermediates\pre-dexed\debug\com.android.support-support-vector-drawable-24.2.1_9be3e7f9bebde0b035d22234b3f57d9a854304e7.jar C:\Android\Projects\MeteoAppli\app\build\intermediates\exploded-aar\com.android.support\support-vector-drawable\24.2.1\jars\classes.jar
java_class_path (initial): C:\Android\build-tools\24.0.2\lib\dx.jar
Launcher Type: SUN_STANDARD

Environment Variables:
PATH=C:\ProgramData\Oracle\Java\javapath;C:\Program Files\Common Files\Microsoft Shared\Windows Live;C:\Program Files (x86)\Common Files\Microsoft Shared\Windows Live;C:\Program Files (x86)\NVIDIA Corporation\PhysX\Common;C:\Program Files (x86)\Intel\iCLS Client\;C:\Program Files\Intel\iCLS Client\;C:\Windows\system32;C:\Windows;C:\Windows\System32\Wbem;C:\Windows\System32\WindowsPowerShell\v1.0\;C:\Program Files\Intel\Intel(R) Management Engine Components\DAL;C:\Program Files\Intel\Intel(R) Management Engine Components\IPT;C:\Program Files (x86)\Intel\Intel(R) Management Engine Components\DAL;C:\Program Files (x86)\Intel\Intel(R) Management Engine Components\IPT;C:\Program Files (x86)\Intel\OpenCL SDK\2.0\bin\x86;C:\Program Files (x86)\Intel\OpenCL SDK\2.0\bin\x64;C:\Program Files\Intel\WiFi\bin\;C:\Program Files\Common Files\Intel\WirelessCommon\;C:\Program Files (x86)\Windows Live\Shared;C:\Program Files (x86)\Skype\Phone\;C:\Program Files (x86)\GitExtensions\
USERNAME=JÈrÈmie
OS=Windows_NT
PROCESSOR_IDENTIFIER=Intel64 Family 6 Model 58 Stepping 9, GenuineIntel



---------------  S Y S T E M  ---------------

OS: Windows 7 , 64 bit Build 7601 (6.1.7601.23539)

CPU:total 8 (4 cores per cpu, 2 threads per core) family 6 model 58 stepping 9, cmov, cx8, fxsr, mmx, sse, sse2, sse3, ssse3, sse4.1, sse4.2, popcnt, avx, aes, clmul, erms, ht, tsc, tscinvbit, tscinv

Memory: 4k page, physical 8283508k(784756k free), swap 9330224k(5104k free)

vm_info: Java HotSpot(TM) 64-Bit Server VM (25.101-b13) for windows-amd64 JRE (1.8.0_101-b13), built on Jun 22 2016 01:21:29 by "java_re" with MS VC++ 10.0 (VS2010)

time: Wed Oct 12 15:40:23 2016
elapsed time: 0 seconds (0d 0h 0m 0s)

