#
# There is insufficient memory for the Java Runtime Environment to continue.
# Native memory allocation (malloc) failed to allocate 32744 bytes for ChunkPool::allocate
# Possible reasons:
#   The system is out of physical RAM or swap space
#   In 32 bit mode, the process size limit was hit
# Possible solutions:
#   Reduce memory load on the system
#   Increase physical memory or swap space
#   Check if swap backing store is full
#   Use 64 bit Java on a 64 bit OS
#   Decrease Java heap size (-Xmx/-Xms)
#   Decrease number of Java threads
#   Decrease Java thread stack sizes (-Xss)
#   Set larger code cache with -XX:ReservedCodeCacheSize=
# This output file may be truncated or incomplete.
#
#  Out of Memory Error (allocation.cpp:273), pid=9580, tid=0x0000000000002014
#
# JRE version: Java(TM) SE Runtime Environment (8.0_101-b13) (build 1.8.0_101-b13)
# Java VM: Java HotSpot(TM) 64-Bit Server VM (25.101-b13 mixed mode windows-amd64 compressed oops)
# Failed to write core dump. Minidumps are not enabled by default on client versions of Windows
#

---------------  T H R E A D  ---------------

Current thread (0x0000000056a30000):  JavaThread "C2 CompilerThread2" daemon [_thread_in_native, id=8212, stack(0x0000000058450000,0x0000000058550000)]

Stack: [0x0000000058450000,0x0000000058550000]
[error occurred during error reporting (printing stack bounds), id 0xc0000005]

Native frames: (J=compiled Java code, j=interpreted, Vv=VM code, C=native code)


Current CompileTask:
C2:   2107 1065   !   4       com.android.dx.cf.code.BytecodeArray::parseInstruction (2764 bytes)


---------------  P R O C E S S  ---------------

Java Threads: ( => current thread )
  0x000000005945f000 JavaThread "pool-1-thread-4" [_thread_in_Java, id=7872, stack(0x000000005a220000,0x000000005a320000)]
  0x000000005945c800 JavaThread "pool-1-thread-3" [_thread_blocked, id=9836, stack(0x0000000059c40000,0x0000000059d40000)]
  0x0000000056d70000 JavaThread "pool-1-thread-2" [_thread_blocked, id=8508, stack(0x0000000059fd0000,0x000000005a0d0000)]
  0x0000000056d68000 JavaThread "pool-2-thread-1" [_thread_blocked, id=9932, stack(0x0000000059db0000,0x0000000059eb0000)]
  0x0000000056d1d000 JavaThread "pool-1-thread-1" [_thread_blocked, id=4692, stack(0x0000000058580000,0x0000000058680000)]
  0x0000000056a51000 JavaThread "Service Thread" daemon [_thread_blocked, id=4516, stack(0x00000000587f0000,0x00000000588f0000)]
  0x0000000056a3e800 JavaThread "C1 CompilerThread3" daemon [_thread_in_native, id=6272, stack(0x00000000586a0000,0x00000000587a0000)]
=>0x0000000056a30000 JavaThread "C2 CompilerThread2" daemon [_thread_in_native, id=8212, stack(0x0000000058450000,0x0000000058550000)]
  0x0000000056a2d000 JavaThread "C2 CompilerThread1" daemon [_thread_in_native, id=7360, stack(0x0000000058290000,0x0000000058390000)]
  0x0000000056a29000 JavaThread "C2 CompilerThread0" daemon [_thread_in_native, id=7856, stack(0x0000000058010000,0x0000000058110000)]
  0x0000000056a25800 JavaThread "Attach Listener" daemon [_thread_blocked, id=7524, stack(0x0000000058180000,0x0000000058280000)]
  0x0000000056a38000 JavaThread "Signal Dispatcher" daemon [_thread_blocked, id=9724, stack(0x0000000057ea0000,0x0000000057fa0000)]
  0x0000000055977800 JavaThread "Finalizer" daemon [_thread_blocked, id=9416, stack(0x0000000057d90000,0x0000000057e90000)]
  0x0000000055976800 JavaThread "Reference Handler" daemon [_thread_blocked, id=9212, stack(0x0000000057960000,0x0000000057a60000)]
  0x00000000025ae800 JavaThread "main" [_thread_blocked, id=3704, stack(0x0000000002880000,0x0000000002980000)]

Other Threads:
  0x00000000569e0800 VMThread [stack: 0x0000000057b20000,0x0000000057c20000] [id=7440]
  0x0000000056ae6000 WatcherThread [stack: 0x00000000589e0000,0x0000000058ae0000] [id=9176]

VM state:not at safepoint (normal execution)

VM Mutex/Monitor currently owned by a thread: None

Heap:
 PSYoungGen      total 38400K, used 15481K [0x00000000eab00000, 0x00000000ef600000, 0x0000000100000000)
  eden space 33280K, 31% used [0x00000000eab00000,0x00000000eb520dd8,0x00000000ecb80000)
  from space 5120K, 99% used [0x00000000ecb80000,0x00000000ed07d650,0x00000000ed080000)
  to   space 5120K, 0% used [0x00000000ef100000,0x00000000ef100000,0x00000000ef600000)
 ParOldGen       total 87552K, used 1332K [0x00000000c0000000, 0x00000000c5580000, 0x00000000eab00000)
  object space 87552K, 1% used [0x00000000c0000000,0x00000000c014d3b0,0x00000000c5580000)
 Metaspace       used 5820K, capacity 6896K, committed 7040K, reserved 1056768K
  class space    used 590K, capacity 616K, committed 640K, reserved 1048576K

Card table byte_map: [0x0000000012010000,0x0000000012220000] byte_map_base: 0x0000000011a10000

Marking Bits: (ParMarkBitMap*) 0x000000005936a6d0
 Begin Bits: [0x0000000012d90000, 0x0000000013d90000)
 End Bits:   [0x0000000013d90000, 0x0000000014d90000)

Polling page: 0x0000000000230000

CodeCache: size=245760Kb used=4062Kb max_used=4074Kb free=241697Kb
 bounds [0x0000000002c50000, 0x0000000003050000, 0x0000000011c50000]
 total_blobs=1338 nmethods=1075 adapters=176
 compilation: enabled

Compilation events (10 events):
Event: 2.092 Thread 0x0000000056a3e800 nmethod 1062 0x0000000003038b50 code [0x0000000003038d40, 0x0000000003039798]
Event: 2.092 Thread 0x0000000056a3e800 1094       3       com.android.dx.rop.code.RegisterSpec::getBasicFrameType (10 bytes)
Event: 2.092 Thread 0x0000000056a3e800 nmethod 1094 0x000000000303e350 code [0x000000000303e4c0, 0x000000000303e6e8]
Event: 2.092 Thread 0x0000000056a3e800 1020       3       com.android.dx.cf.code.Simulator$SimVisitor::visitLocal (329 bytes)
Event: 2.095 Thread 0x0000000056a3e800 nmethod 1020 0x0000000003045bd0 code [0x0000000003046000, 0x0000000003048b98]
Event: 2.095 Thread 0x0000000056a3e800 1037       3       com.android.dx.ssa.SsaMethod::getEntryBlock (15 bytes)
Event: 2.096 Thread 0x0000000056a30000 nmethod 1084 0x000000000304de10 code [0x000000000304dfc0, 0x000000000304e9d8]
Event: 2.096 Thread 0x0000000056a30000 1071       4       com.android.dx.util.BitIntSet::has (28 bytes)
Event: 2.097 Thread 0x0000000056a30000 nmethod 1071 0x000000000303e050 code [0x000000000303e180, 0x000000000303e238]
Event: 2.097 Thread 0x0000000056a30000 1065   !   4       com.android.dx.cf.code.BytecodeArray::parseInstruction (2764 bytes)

GC Heap History (2 events):
Event: 0.883 GC heap before
{Heap before GC invocations=1 (full 0):
 PSYoungGen      total 38400K, used 33280K [0x00000000eab00000, 0x00000000ed580000, 0x0000000100000000)
  eden space 33280K, 100% used [0x00000000eab00000,0x00000000ecb80000,0x00000000ecb80000)
  from space 5120K, 0% used [0x00000000ed080000,0x00000000ed080000,0x00000000ed580000)
  to   space 5120K, 0% used [0x00000000ecb80000,0x00000000ecb80000,0x00000000ed080000)
 ParOldGen       total 87552K, used 0K [0x00000000c0000000, 0x00000000c5580000, 0x00000000eab00000)
  object space 87552K, 0% used [0x00000000c0000000,0x00000000c0000000,0x00000000c5580000)
 Metaspace       used 5702K, capacity 6768K, committed 7040K, reserved 1056768K
  class space    used 588K, capacity 616K, committed 640K, reserved 1048576K
Event: 1.911 GC heap after
Heap after GC invocations=1 (full 0):
 PSYoungGen      total 38400K, used 5109K [0x00000000eab00000, 0x00000000ef600000, 0x0000000100000000)
  eden space 33280K, 0% used [0x00000000eab00000,0x00000000eab00000,0x00000000ecb80000)
  from space 5120K, 99% used [0x00000000ecb80000,0x00000000ed07d650,0x00000000ed080000)
  to   space 5120K, 0% used [0x00000000ef100000,0x00000000ef100000,0x00000000ef600000)
 ParOldGen       total 87552K, used 1332K [0x00000000c0000000, 0x00000000c5580000, 0x00000000eab00000)
  object space 87552K, 1% used [0x00000000c0000000,0x00000000c014d3b0,0x00000000c5580000)
 Metaspace       used 5702K, capacity 6768K, committed 7040K, reserved 1056768K
  class space    used 588K, capacity 616K, committed 640K, reserved 1048576K
}

Deoptimization events (10 events):
Event: 0.656 Thread 0x000000005945c800 Uncommon trap: reason=unstable_if action=reinterpret pc=0x0000000002e6c6e0 method=java.util.BitSet.nextSetBit(I)I @ 87
Event: 0.747 Thread 0x000000005945f000 Uncommon trap: reason=unstable_if action=reinterpret pc=0x0000000002f0ea60 method=com.android.dx.rop.code.LocalItem.hashCode()I @ 25
Event: 0.828 Thread 0x0000000056d1d000 Uncommon trap: reason=class_check action=maybe_recompile pc=0x0000000002f152e8 method=com.android.dx.ssa.NormalSsaInsn.accept(Lcom/android/dx/ssa/SsaInsn$Visitor;)V @ 9
Event: 0.833 Thread 0x0000000056d1d000 Uncommon trap: reason=class_check action=maybe_recompile pc=0x0000000002f152e8 method=com.android.dx.ssa.NormalSsaInsn.accept(Lcom/android/dx/ssa/SsaInsn$Visitor;)V @ 9
Event: 0.833 Thread 0x0000000056d1d000 Uncommon trap: reason=class_check action=maybe_recompile pc=0x0000000002f152e8 method=com.android.dx.ssa.NormalSsaInsn.accept(Lcom/android/dx/ssa/SsaInsn$Visitor;)V @ 9
Event: 0.833 Thread 0x0000000056d1d000 Uncommon trap: reason=class_check action=maybe_recompile pc=0x0000000002f152e8 method=com.android.dx.ssa.NormalSsaInsn.accept(Lcom/android/dx/ssa/SsaInsn$Visitor;)V @ 9
Event: 0.834 Thread 0x0000000056d1d000 Uncommon trap: reason=class_check action=maybe_recompile pc=0x0000000002e99060 method=com.android.dx.ssa.NormalSsaInsn.accept(Lcom/android/dx/ssa/SsaInsn$Visitor;)V @ 9
Event: 1.948 Thread 0x00000000025ae800 Uncommon trap: reason=null_check action=make_not_entrant pc=0x0000000002f6ef44 method=com.android.dx.ssa.SsaRenamer.getLocalForNewReg(I)Lcom/android/dx/rop/code/LocalItem; @ 19
Event: 2.063 Thread 0x000000005945f000 Uncommon trap: reason=unstable_if action=reinterpret pc=0x0000000002f0dc9c method=com.android.dx.rop.code.RegisterSpecSet.put(Lcom/android/dx/rop/code/RegisterSpec;)V @ 77
Event: 2.063 Thread 0x000000005945f000 Uncommon trap: reason=unstable_if action=reinterpret pc=0x0000000002f1bfcc method=com.android.dx.rop.code.RegisterSpecSet.put(Lcom/android/dx/rop/code/RegisterSpec;)V @ 77

Internal exceptions (3 events):
Event: 0.043 Thread 0x00000000025ae800 Exception <a 'java/lang/NoSuchMethodError': Method sun.misc.Unsafe.defineClass(Ljava/lang/String;[BII)Ljava/lang/Class; name or signature does not match> (0x00000000eab07cc0) thrown at [C:\re\workspace\8-2-build-windows-amd64-cygwin\jdk8u101\7261\hotspot\sa7ºØ¦?
Event: 0.043 Thread 0x00000000025ae800 Exception <a 'java/lang/NoSuchMethodError': Method sun.misc.Unsafe.prefetchRead(Ljava/lang/Object;J)V name or signature does not match> (0x00000000eab07fa8) thrown at [C:\re\workspace\8-2-build-windows-amd64-cygwin\jdk8u101\7261\hotspot\src\share\vm\prims\Ú:<Û)ÿ?
Event: 1.948 Thread 0x00000000025ae800 Implicit null exception at 0x0000000002f6decc to 0x0000000002f6eef9

Events (10 events):
Event: 1.915 Executing VM operation: Deoptimize done
Event: 1.948 Thread 0x00000000025ae800 Uncommon trap: trap_request=0xfffffff4 fr.pc=0x0000000002f6ef44
Event: 1.948 Thread 0x00000000025ae800 DEOPT PACKING pc=0x0000000002f6ef44 sp=0x000000000297e350
Event: 1.948 Thread 0x00000000025ae800 DEOPT UNPACKING pc=0x0000000002c9582a sp=0x000000000297e148 mode 2
Event: 2.063 Thread 0x000000005945f000 Uncommon trap: trap_request=0xffffff65 fr.pc=0x0000000002f0dc9c
Event: 2.063 Thread 0x000000005945f000 DEOPT PACKING pc=0x0000000002f0dc9c sp=0x000000005a31ec40
Event: 2.063 Thread 0x000000005945f000 DEOPT UNPACKING pc=0x0000000002c9582a sp=0x000000005a31ebc8 mode 2
Event: 2.063 Thread 0x000000005945f000 Uncommon trap: trap_request=0xffffff65 fr.pc=0x0000000002f1bfcc
Event: 2.063 Thread 0x000000005945f000 DEOPT PACKING pc=0x0000000002f1bfcc sp=0x000000005a31ec30
Event: 2.063 Thread 0x000000005945f000 DEOPT UNPACKING pc=0x0000000002c9582a sp=0x000000005a31eb50 mode 2


Dynamic libraries:
0x000000013f4e0000 - 0x000000013f517000 	C:\Program Files\Java\jdk1.8.0_101\bin\java.exe
0x0000000077940000 - 0x0000000077aea000 	C:\Windows\SYSTEM32\ntdll.dll
0x0000000077720000 - 0x000000007783f000 	C:\Windows\system32\kernel32.dll
0x000007fefd990000 - 0x000007fefd9fa000 	C:\Windows\system32\KERNELBASE.dll
0x000007fefe910000 - 0x000007fefe9eb000 	C:\Windows\system32\ADVAPI32.dll
0x000007feffbb0000 - 0x000007feffc4f000 	C:\Windows\system32\msvcrt.dll
0x000007feff9c0000 - 0x000007feff9df000 	C:\Windows\SYSTEM32\sechost.dll
0x000007feff9e0000 - 0x000007feffb0d000 	C:\Windows\system32\RPCRT4.dll
0x0000000077840000 - 0x000000007793a000 	C:\Windows\system32\USER32.dll
0x000007fefe9f0000 - 0x000007fefea57000 	C:\Windows\system32\GDI32.dll
0x000007fefeae0000 - 0x000007fefeaee000 	C:\Windows\system32\LPK.dll
0x000007fefe210000 - 0x000007fefe2da000 	C:\Windows\system32\USP10.dll
0x000007fefb210000 - 0x000007fefb404000 	C:\Windows\WinSxS\amd64_microsoft.windows.common-controls_6595b64144ccf1df_6.0.7601.18837_none_fa3b1e3d17594757\COMCTL32.dll
0x000007fefea60000 - 0x000007fefead1000 	C:\Windows\system32\SHLWAPI.dll
0x000007feff990000 - 0x000007feff9be000 	C:\Windows\system32\IMM32.DLL
0x000007feff880000 - 0x000007feff989000 	C:\Windows\system32\MSCTF.dll
0x000007fefd590000 - 0x000007fefd5d4000 	C:\windows\system32\nvinitx.dll
0x0000000069c10000 - 0x0000000069ce2000 	C:\Program Files\Java\jdk1.8.0_101\jre\bin\msvcr100.dll
0x0000000058b50000 - 0x00000000593ea000 	C:\Program Files\Java\jdk1.8.0_101\jre\bin\server\jvm.dll
0x000007fef8cb0000 - 0x000007fef8cb9000 	C:\Windows\system32\WSOCK32.dll
0x000007fefe3c0000 - 0x000007fefe40d000 	C:\Windows\system32\WS2_32.dll
0x000007fefe900000 - 0x000007fefe908000 	C:\Windows\system32\NSI.dll
0x000007fefada0000 - 0x000007fefaddb000 	C:\Windows\system32\WINMM.dll
0x000007fefc6a0000 - 0x000007fefc6ac000 	C:\Windows\system32\VERSION.dll
0x0000000077b10000 - 0x0000000077b17000 	C:\Windows\system32\PSAPI.DLL
0x00000000720f0000 - 0x00000000720ff000 	C:\Program Files\Java\jdk1.8.0_101\jre\bin\verify.dll
0x00000000720c0000 - 0x00000000720e9000 	C:\Program Files\Java\jdk1.8.0_101\jre\bin\java.dll
0x00000000720a0000 - 0x00000000720b6000 	C:\Program Files\Java\jdk1.8.0_101\jre\bin\zip.dll
0x000007fefeaf0000 - 0x000007feff87a000 	C:\Windows\system32\SHELL32.dll
0x000007fefdd20000 - 0x000007fefdf23000 	C:\Windows\system32\ole32.dll
0x000007fefd670000 - 0x000007fefd67f000 	C:\Windows\system32\profapi.dll

VM Arguments:
jvm_args: -Djava.awt.headless=true -Xmx1024M -Dfile.encoding=windows-1252 -Duser.country=FR -Duser.language=fr -Duser.variant 
java_command: com.android.dx.command.Main --dex --num-threads=4 --output C:\Android\Projects\MeteoAppli\app\build\intermediates\pre-dexed\debug\com.android.support-support-media-compat-24.2.1_eb41ebcde456a45430b8ee0d4021f97a79abd063.jar C:\Android\Projects\MeteoAppli\app\build\intermediates\exploded-aar\com.android.support\support-media-compat\24.2.1\jars\classes.jar
java_class_path (initial): C:\Android\build-tools\24.0.2\lib\dx.jar
Launcher Type: SUN_STANDARD

Environment Variables:
PATH=C:\ProgramData\Oracle\Java\javapath;C:\Program Files\Common Files\Microsoft Shared\Windows Live;C:\Program Files (x86)\Common Files\Microsoft Shared\Windows Live;C:\Program Files (x86)\NVIDIA Corporation\PhysX\Common;C:\Program Files (x86)\Intel\iCLS Client\;C:\Program Files\Intel\iCLS Client\;C:\Windows\system32;C:\Windows;C:\Windows\System32\Wbem;C:\Windows\System32\WindowsPowerShell\v1.0\;C:\Program Files\Intel\Intel(R) Management Engine Components\DAL;C:\Program Files\Intel\Intel(R) Management Engine Components\IPT;C:\Program Files (x86)\Intel\Intel(R) Management Engine Components\DAL;C:\Program Files (x86)\Intel\Intel(R) Management Engine Components\IPT;C:\Program Files (x86)\Intel\OpenCL SDK\2.0\bin\x86;C:\Program Files (x86)\Intel\OpenCL SDK\2.0\bin\x64;C:\Program Files\Intel\WiFi\bin\;C:\Program Files\Common Files\Intel\WirelessCommon\;C:\Program Files (x86)\Windows Live\Shared;C:\Program Files (x86)\Skype\Phone\;C:\Program Files (x86)\GitExtensions\
USERNAME=Jérémie
OS=Windows_NT
PROCESSOR_IDENTIFIER=Intel64 Family 6 Model 58 Stepping 9, GenuineIntel



---------------  S Y S T E M  ---------------

OS: Windows 7 , 64 bit Build 7601 (6.1.7601.23543)

CPU:total 8 (4 cores per cpu, 2 threads per core) family 6 model 58 stepping 9, cmov, cx8, fxsr, mmx, sse, sse2, sse3, ssse3, sse4.1, sse4.2, popcnt, avx, aes, clmul, erms, ht, tsc, tscinvbit, tscinv

Memory: 4k page, physical 8283508k(666440k free), swap 9330224k(4984k free)

vm_info: Java HotSpot(TM) 64-Bit Server VM (25.101-b13) for windows-amd64 JRE (1.8.0_101-b13), built on Jun 22 2016 01:21:29 by "java_re" with MS VC++ 10.0 (VS2010)

time: Tue Nov 01 11:33:00 2016
elapsed time: 2 seconds (0d 0h 0m 2s)

