#
# There is insufficient memory for the Java Runtime Environment to continue.
# Native memory allocation (malloc) failed to allocate 32744 bytes for ChunkPool::allocate
# Possible reasons:
#   The system is out of physical RAM or swap space
#   In 32 bit mode, the process size limit was hit
# Possible solutions:
#   Reduce memory load on the system
#   Increase physical memory or swap space
#   Check if swap backing store is full
#   Use 64 bit Java on a 64 bit OS
#   Decrease Java heap size (-Xmx/-Xms)
#   Decrease number of Java threads
#   Decrease Java thread stack sizes (-Xss)
#   Set larger code cache with -XX:ReservedCodeCacheSize=
# This output file may be truncated or incomplete.
#
#  Out of Memory Error (allocation.cpp:273), pid=8616, tid=0x0000000000002278
#
# JRE version: Java(TM) SE Runtime Environment (8.0_101-b13) (build 1.8.0_101-b13)
# Java VM: Java HotSpot(TM) 64-Bit Server VM (25.101-b13 mixed mode windows-amd64 compressed oops)
# Failed to write core dump. Minidumps are not enabled by default on client versions of Windows
#

---------------  T H R E A D  ---------------

Current thread (0x00000000568ba800):  JavaThread "C1 CompilerThread3" daemon [_thread_in_native, id=8824, stack(0x0000000059030000,0x0000000059130000)]

Stack: [0x0000000059030000,0x0000000059130000]
[error occurred during error reporting (printing stack bounds), id 0xc0000005]

Native frames: (J=compiled Java code, j=interpreted, Vv=VM code, C=native code)


Current CompileTask:
C1:   2088  615   !   3       com.android.dx.cf.code.BytecodeArray::parseInstruction (2764 bytes)


---------------  P R O C E S S  ---------------

Java Threads: ( => current thread )
  0x000000005918c800 JavaThread "pool-1-thread-4" [_thread_in_vm, id=8888, stack(0x0000000059d50000,0x0000000059e50000)]
  0x000000005918b800 JavaThread "pool-1-thread-3" [_thread_in_Java, id=8884, stack(0x0000000059c40000,0x0000000059d40000)]
  0x000000005918a800 JavaThread "pool-1-thread-2" [_thread_blocked, id=8880, stack(0x0000000057750000,0x0000000057850000)]
  0x0000000056a73000 JavaThread "pool-2-thread-1" [_thread_blocked, id=8876, stack(0x0000000059b40000,0x0000000059c40000)]
  0x0000000056a72000 JavaThread "pool-1-thread-1" [_thread_blocked, id=8872, stack(0x0000000059980000,0x0000000059a80000)]
  0x00000000568cb800 JavaThread "Service Thread" daemon [_thread_blocked, id=8828, stack(0x0000000058d00000,0x0000000058e00000)]
=>0x00000000568ba800 JavaThread "C1 CompilerThread3" daemon [_thread_in_native, id=8824, stack(0x0000000059030000,0x0000000059130000)]
  0x00000000568b9800 JavaThread "C2 CompilerThread2" daemon [_thread_blocked, id=8820, stack(0x0000000058ef0000,0x0000000058ff0000)]
  0x000000005685b000 JavaThread "C2 CompilerThread1" daemon [_thread_blocked, id=8816, stack(0x0000000058c00000,0x0000000058d00000)]
  0x000000005684d000 JavaThread "C2 CompilerThread0" daemon [_thread_in_native, id=8812, stack(0x0000000058ad0000,0x0000000058bd0000)]
  0x0000000056849800 JavaThread "Attach Listener" daemon [_thread_blocked, id=8808, stack(0x0000000058930000,0x0000000058a30000)]
  0x0000000056858000 JavaThread "Signal Dispatcher" daemon [_thread_blocked, id=8804, stack(0x0000000057e60000,0x0000000057f60000)]
  0x00000000558af800 JavaThread "Finalizer" daemon [_thread_blocked, id=8780, stack(0x0000000057c80000,0x0000000057d80000)]
  0x00000000558a8000 JavaThread "Reference Handler" daemon [_thread_blocked, id=8776, stack(0x0000000057aa0000,0x0000000057ba0000)]
  0x000000000242e800 JavaThread "main" [_thread_blocked, id=8716, stack(0x0000000002470000,0x0000000002570000)]

Other Threads:
  0x0000000056802800 VMThread [stack: 0x0000000057850000,0x0000000057950000] [id=8772]
  0x00000000568c5800 WatcherThread [stack: 0x0000000057960000,0x0000000057a60000] [id=8840]

VM state:not at safepoint (normal execution)

VM Mutex/Monitor currently owned by a thread: None

Heap:
 PSYoungGen      total 38400K, used 18238K [0x00000000eab00000, 0x00000000ed580000, 0x0000000100000000)
  eden space 33280K, 54% used [0x00000000eab00000,0x00000000ebccf9d0,0x00000000ecb80000)
  from space 5120K, 0% used [0x00000000ed080000,0x00000000ed080000,0x00000000ed580000)
  to   space 5120K, 0% used [0x00000000ecb80000,0x00000000ecb80000,0x00000000ed080000)
 ParOldGen       total 87552K, used 0K [0x00000000c0000000, 0x00000000c5580000, 0x00000000eab00000)
  object space 87552K, 0% used [0x00000000c0000000,0x00000000c0000000,0x00000000c5580000)
 Metaspace       used 5480K, capacity 6640K, committed 6784K, reserved 1056768K
  class space    used 580K, capacity 616K, committed 640K, reserved 1048576K

Card table byte_map: [0x0000000011c00000,0x0000000011e10000] byte_map_base: 0x0000000011600000

Marking Bits: (ParMarkBitMap*) 0x000000005884a6d0
 Begin Bits: [0x0000000012cc0000, 0x0000000013cc0000)
 End Bits:   [0x0000000013cc0000, 0x0000000014cc0000)

Polling page: 0x0000000000260000

CodeCache: size=245760Kb used=2223Kb max_used=2234Kb free=243536Kb
 bounds [0x0000000002840000, 0x0000000002ab0000, 0x0000000011840000]
 total_blobs=870 nmethods=607 adapters=176
 compilation: enabled

Compilation events (10 events):
Event: 2.081 Thread 0x00000000568b9800  631   !   4       com.android.dx.util.IntList::<init> (37 bytes)
Event: 2.081 Thread 0x000000005685b000 nmethod 629 0x0000000002a6edd0 code [0x0000000002a6ef20, 0x0000000002a6f048]
Event: 2.082 Thread 0x000000005684d000 nmethod 630 0x0000000002a6f1d0 code [0x0000000002a6f300, 0x0000000002a6f458]
Event: 2.082 Thread 0x00000000568b9800 nmethod 631 0x0000000002a64790 code [0x0000000002a648e0, 0x0000000002a64a38]
Event: 2.083 Thread 0x000000005685b000  633       4       java.util.HashMap::get (23 bytes)
Event: 2.084 Thread 0x000000005684d000  634       4       com.android.dx.ssa.NormalSsaInsn::getSources (8 bytes)
Event: 2.084 Thread 0x000000005684d000 nmethod 634 0x0000000002a5f790 code [0x0000000002a5f8c0, 0x0000000002a5f938]
Event: 2.084 Thread 0x000000005685b000 nmethod 633 0x0000000002a65990 code [0x0000000002a65ae0, 0x0000000002a65be8]
Event: 2.085 Thread 0x00000000568b9800  636       4       java.util.ArrayList$Itr::<init> (6 bytes)
Event: 2.086 Thread 0x00000000568b9800 nmethod 636 0x0000000002a65d10 code [0x0000000002a65e40, 0x0000000002a65eb8]

GC Heap History (0 events):
No events

Deoptimization events (1 events):
Event: 2.042 Thread 0x0000000056a72000 Uncommon trap: reason=class_check action=maybe_recompile pc=0x0000000002a21fc0 method=com.android.dx.ssa.NormalSsaInsn.accept(Lcom/android/dx/ssa/SsaInsn$Visitor;)V @ 9

Internal exceptions (2 events):
Event: 0.061 Thread 0x000000000242e800 Exception <a 'java/lang/NoSuchMethodError': Method sun.misc.Unsafe.defineClass(Ljava/lang/String;[BII)Ljava/lang/Class; name or signature does not match> (0x00000000eab07cc0) thrown at [C:\re\workspace\8-2-build-windows-amd64-cygwin\jdk8u101\7261\hotspot\sWåc"
Event: 0.061 Thread 0x000000000242e800 Exception <a 'java/lang/NoSuchMethodError': Method sun.misc.Unsafe.prefetchRead(Ljava/lang/Object;J)V name or signature does not match> (0x00000000eab07fa8) thrown at [C:\re\workspace\8-2-build-windows-amd64-cygwin\jdk8u101\7261\hotspot\src\share\vm\prims\

Events (10 events):
Event: 1.865 Thread 0x000000005918a800 DEOPT UNPACKING pc=0x000000000288787f sp=0x000000005784e8c0 mode 0
Event: 1.992 Thread 0x0000000056a72000 DEOPT PACKING pc=0x0000000002969355 sp=0x0000000059a7e710
Event: 1.992 Thread 0x0000000056a72000 DEOPT UNPACKING pc=0x000000000288787f sp=0x0000000059a7e410 mode 0
Event: 2.042 Thread 0x0000000056a72000 Uncommon trap: trap_request=0xffffffde fr.pc=0x0000000002a21fc0
Event: 2.042 Thread 0x0000000056a72000 DEOPT PACKING pc=0x0000000002a21fc0 sp=0x0000000059a7e680
Event: 2.042 Thread 0x0000000056a72000 DEOPT UNPACKING pc=0x000000000288582a sp=0x0000000059a7e5c0 mode 2
Event: 2.076 loading class com/android/dx/cf/attrib/AttExceptions
Event: 2.076 loading class com/android/dx/cf/attrib/AttExceptions done
Event: 2.085 loading class java/util/ArrayList$1
Event: 2.085 loading class java/util/ArrayList$1 done


Dynamic libraries:
0x000000013f350000 - 0x000000013f387000 	C:\Program Files\Java\jdk1.8.0_101\bin\java.exe
0x00000000773d0000 - 0x000000007757a000 	C:\Windows\SYSTEM32\ntdll.dll
0x00000000771b0000 - 0x00000000772cf000 	C:\Windows\system32\kernel32.dll
0x000007fefd370000 - 0x000007fefd3da000 	C:\Windows\system32\KERNELBASE.dll
0x000007fefd8d0000 - 0x000007fefd9ab000 	C:\Windows\system32\ADVAPI32.dll
0x000007fefdf60000 - 0x000007fefdfff000 	C:\Windows\system32\msvcrt.dll
0x000007fefe4d0000 - 0x000007fefe4ef000 	C:\Windows\SYSTEM32\sechost.dll
0x000007fefd4c0000 - 0x000007fefd5ed000 	C:\Windows\system32\RPCRT4.dll
0x00000000772d0000 - 0x00000000773ca000 	C:\Windows\system32\USER32.dll
0x000007fefd5f0000 - 0x000007fefd657000 	C:\Windows\system32\GDI32.dll
0x000007fefdb60000 - 0x000007fefdb6e000 	C:\Windows\system32\LPK.dll
0x000007fefe400000 - 0x000007fefe4ca000 	C:\Windows\system32\USP10.dll
0x000007fefaca0000 - 0x000007fefae94000 	C:\Windows\WinSxS\amd64_microsoft.windows.common-controls_6595b64144ccf1df_6.0.7601.18837_none_fa3b1e3d17594757\COMCTL32.dll
0x000007fefe7e0000 - 0x000007fefe851000 	C:\Windows\system32\SHLWAPI.dll
0x000007fefda50000 - 0x000007fefda7e000 	C:\Windows\system32\IMM32.DLL
0x000007fefde50000 - 0x000007fefdf59000 	C:\Windows\system32\MSCTF.dll
0x000007fefd020000 - 0x000007fefd064000 	C:\windows\system32\nvinitx.dll
0x0000000058e10000 - 0x0000000058ee2000 	C:\Program Files\Java\jdk1.8.0_101\jre\bin\msvcr100.dll
0x0000000058030000 - 0x00000000588ca000 	C:\Program Files\Java\jdk1.8.0_101\jre\bin\server\jvm.dll
0x000007fef87b0000 - 0x000007fef87b9000 	C:\Windows\system32\WSOCK32.dll
0x000007fefe900000 - 0x000007fefe94d000 	C:\Windows\system32\WS2_32.dll
0x000007fefe3f0000 - 0x000007fefe3f8000 	C:\Windows\system32\NSI.dll
0x000007fefa890000 - 0x000007fefa8cb000 	C:\Windows\system32\WINMM.dll
0x000007fefc130000 - 0x000007fefc13c000 	C:\Windows\system32\VERSION.dll
0x0000000077590000 - 0x0000000077597000 	C:\Windows\system32\PSAPI.DLL
0x000000006cdf0000 - 0x000000006cdff000 	C:\Program Files\Java\jdk1.8.0_101\jre\bin\verify.dll
0x00000000657d0000 - 0x00000000657f9000 	C:\Program Files\Java\jdk1.8.0_101\jre\bin\java.dll
0x00000000648c0000 - 0x00000000648d6000 	C:\Program Files\Java\jdk1.8.0_101\jre\bin\zip.dll
0x000007fefe950000 - 0x000007feff6d9000 	C:\Windows\system32\SHELL32.dll
0x000007fefe1e0000 - 0x000007fefe3e3000 	C:\Windows\system32\ole32.dll
0x000007fefd100000 - 0x000007fefd10f000 	C:\Windows\system32\profapi.dll

VM Arguments:
jvm_args: -Djava.awt.headless=true -Xmx1024M -Dfile.encoding=windows-1252 -Duser.country=FR -Duser.language=fr -Duser.variant 
java_command: com.android.dx.command.Main --dex --force-jumbo --num-threads=4 --output C:\Android\Projects\MeteoAppli\app\build\intermediates\pre-dexed\debug\internal_impl-24.2.1_e81c4a547f91929546976fb17839c02f10791884.jar C:\Android\Projects\MeteoAppli\app\build\intermediates\exploded-aar\com.android.support\support-compat\24.2.1\jars\libs\internal_impl-24.2.1.jar
java_class_path (initial): C:\Android\build-tools\24.0.2\lib\dx.jar
Launcher Type: SUN_STANDARD

Environment Variables:
PATH=C:\ProgramData\Oracle\Java\javapath;C:\Program Files\Common Files\Microsoft Shared\Windows Live;C:\Program Files (x86)\Common Files\Microsoft Shared\Windows Live;C:\Program Files (x86)\NVIDIA Corporation\PhysX\Common;C:\Program Files (x86)\Intel\iCLS Client\;C:\Program Files\Intel\iCLS Client\;C:\Windows\system32;C:\Windows;C:\Windows\System32\Wbem;C:\Windows\System32\WindowsPowerShell\v1.0\;C:\Program Files\Intel\Intel(R) Management Engine Components\DAL;C:\Program Files\Intel\Intel(R) Management Engine Components\IPT;C:\Program Files (x86)\Intel\Intel(R) Management Engine Components\DAL;C:\Program Files (x86)\Intel\Intel(R) Management Engine Components\IPT;C:\Program Files (x86)\Intel\OpenCL SDK\2.0\bin\x86;C:\Program Files (x86)\Intel\OpenCL SDK\2.0\bin\x64;C:\Program Files\Intel\WiFi\bin\;C:\Program Files\Common Files\Intel\WirelessCommon\;C:\Program Files (x86)\Windows Live\Shared;C:\Program Files (x86)\Skype\Phone\;C:\Program Files (x86)\GitExtensions\
USERNAME=Jérémie
OS=Windows_NT
PROCESSOR_IDENTIFIER=Intel64 Family 6 Model 58 Stepping 9, GenuineIntel



---------------  S Y S T E M  ---------------

OS: Windows 7 , 64 bit Build 7601 (6.1.7601.23539)

CPU:total 8 (4 cores per cpu, 2 threads per core) family 6 model 58 stepping 9, cmov, cx8, fxsr, mmx, sse, sse2, sse3, ssse3, sse4.1, sse4.2, popcnt, avx, aes, clmul, erms, ht, tsc, tscinvbit, tscinv

Memory: 4k page, physical 8283508k(755832k free), swap 9330224k(248688k free)

vm_info: Java HotSpot(TM) 64-Bit Server VM (25.101-b13) for windows-amd64 JRE (1.8.0_101-b13), built on Jun 22 2016 01:21:29 by "java_re" with MS VC++ 10.0 (VS2010)

time: Wed Oct 12 12:16:03 2016
elapsed time: 2 seconds (0d 0h 0m 2s)

