#
# There is insufficient memory for the Java Runtime Environment to continue.
# Native memory allocation (malloc) failed to allocate 430416 bytes for Chunk::new
# Possible reasons:
#   The system is out of physical RAM or swap space
#   In 32 bit mode, the process size limit was hit
# Possible solutions:
#   Reduce memory load on the system
#   Increase physical memory or swap space
#   Check if swap backing store is full
#   Use 64 bit Java on a 64 bit OS
#   Decrease Java heap size (-Xmx/-Xms)
#   Decrease number of Java threads
#   Decrease Java thread stack sizes (-Xss)
#   Set larger code cache with -XX:ReservedCodeCacheSize=
# This output file may be truncated or incomplete.
#
#  Out of Memory Error (allocation.cpp:390), pid=3704, tid=0x000000000000272c
#
# JRE version: Java(TM) SE Runtime Environment (8.0_101-b13) (build 1.8.0_101-b13)
# Java VM: Java HotSpot(TM) 64-Bit Server VM (25.101-b13 mixed mode windows-amd64 compressed oops)
# Failed to write core dump. Minidumps are not enabled by default on client versions of Windows
#

---------------  T H R E A D  ---------------

Current thread (0x00000000568b9000):  JavaThread "C2 CompilerThread0" daemon [_thread_in_native, id=10028, stack(0x0000000058730000,0x0000000058830000)]

Stack: [0x0000000058730000,0x0000000058830000]
[error occurred during error reporting (printing stack bounds), id 0xc0000005]

Native frames: (J=compiled Java code, j=interpreted, Vv=VM code, C=native code)


Current CompileTask:
C2:   4136 1946   !   4       com.android.dx.cf.cst.ConstantPoolParser::parse0 (731 bytes)


---------------  P R O C E S S  ---------------

Java Threads: ( => current thread )
  0x00000000568e1000 JavaThread "Service Thread" daemon [_thread_blocked, id=9396, stack(0x0000000058a30000,0x0000000058b30000)]
  0x00000000568ce800 JavaThread "C1 CompilerThread3" daemon [_thread_in_native, id=2456, stack(0x0000000058b30000,0x0000000058c30000)]
  0x00000000568c0000 JavaThread "C2 CompilerThread2" daemon [_thread_in_native, id=9512, stack(0x0000000058620000,0x0000000058720000)]
  0x00000000568bd000 JavaThread "C2 CompilerThread1" daemon [_thread_in_native, id=8744, stack(0x0000000058930000,0x0000000058a30000)]
=>0x00000000568b9000 JavaThread "C2 CompilerThread0" daemon [_thread_in_native, id=10028, stack(0x0000000058730000,0x0000000058830000)]
  0x00000000568b5800 JavaThread "Attach Listener" daemon [_thread_blocked, id=9860, stack(0x0000000058510000,0x0000000058610000)]
  0x00000000568c8000 JavaThread "Signal Dispatcher" daemon [_thread_blocked, id=9976, stack(0x0000000058300000,0x0000000058400000)]
  0x0000000055917800 JavaThread "Finalizer" daemon [_thread_blocked, id=2688, stack(0x00000000578f0000,0x00000000579f0000)]
  0x0000000055916800 JavaThread "Reference Handler" daemon [_thread_blocked, id=8512, stack(0x0000000058410000,0x0000000058510000)]
  0x000000000232e800 JavaThread "main" [_thread_in_Java, id=1812, stack(0x0000000002430000,0x0000000002530000)]

Other Threads:
  0x0000000056870800 VMThread [stack: 0x00000000577d0000,0x00000000578d0000] [id=3596]
  0x0000000056950000 WatcherThread [stack: 0x0000000058da0000,0x0000000058ea0000] [id=6888]

VM state:not at safepoint (normal execution)

VM Mutex/Monitor currently owned by a thread: None

Heap:
 PSYoungGen      total 138240K, used 31979K [0x00000000eab00000, 0x00000000fe100000, 0x0000000100000000)
  eden space 133120K, 20% used [0x00000000eab00000,0x00000000ec53bb58,0x00000000f2d00000)
  from space 5120K, 99% used [0x00000000f2d00000,0x00000000f31ff0e8,0x00000000f3200000)
  to   space 25600K, 0% used [0x00000000fc800000,0x00000000fc800000,0x00000000fe100000)
 ParOldGen       total 87552K, used 43215K [0x00000000c0000000, 0x00000000c5580000, 0x00000000eab00000)
  object space 87552K, 49% used [0x00000000c0000000,0x00000000c2a33e70,0x00000000c5580000)
 Metaspace       used 6436K, capacity 7320K, committed 7680K, reserved 1056768K
  class space    used 617K, capacity 656K, committed 768K, reserved 1048576K

Card table byte_map: [0x0000000011d00000,0x0000000011f10000] byte_map_base: 0x0000000011700000

Marking Bits: (ParMarkBitMap*) 0x000000005822a6d0
 Begin Bits: [0x0000000012d30000, 0x0000000013d30000)
 End Bits:   [0x0000000013d30000, 0x0000000014d30000)

Polling page: 0x0000000001b60000

CodeCache: size=245760Kb used=7924Kb max_used=7924Kb free=237835Kb
 bounds [0x0000000002940000, 0x0000000003110000, 0x0000000011940000]
 total_blobs=2253 nmethods=1989 adapters=176
 compilation: enabled

Compilation events (10 events):
Event: 4.128 Thread 0x00000000568ce800 2089       2       com.android.dx.dex.file.FieldIdItem::addContents (23 bytes)
Event: 4.129 Thread 0x00000000568ce800 nmethod 2089 0x00000000031028d0 code [0x0000000003102a80, 0x0000000003102d88]
Event: 4.129 Thread 0x00000000568ce800 2090       2       com.android.dx.dex.file.FieldIdItem::getFieldRef (8 bytes)
Event: 4.129 Thread 0x00000000568ce800 nmethod 2090 0x00000000030e4f10 code [0x00000000030e5060, 0x00000000030e51d0]
Event: 4.135 Thread 0x00000000568ce800 2093       2       com.android.dx.rop.type.StdTypeList::hashContents (40 bytes)
Event: 4.135 Thread 0x00000000568ce800 nmethod 2093 0x00000000030e73d0 code [0x00000000030e7560, 0x00000000030e77a8]
Event: 4.135 Thread 0x00000000568ce800 2092       2       com.android.dx.dex.file.TypeListItem::hashCode (8 bytes)
Event: 4.135 Thread 0x00000000568ce800 nmethod 2092 0x0000000003102550 code [0x00000000031026c0, 0x0000000003102828]
Event: 4.135 Thread 0x00000000568ce800 2094       2       com.android.dx.dex.file.TypeListItem::itemType (4 bytes)
Event: 4.135 Thread 0x00000000568ce800 nmethod 2094 0x0000000003102210 code [0x0000000003102360, 0x00000000031024b0]

GC Heap History (10 events):
Event: 1.128 GC heap before
{Heap before GC invocations=1 (full 0):
 PSYoungGen      total 38400K, used 33280K [0x00000000eab00000, 0x00000000ed580000, 0x0000000100000000)
  eden space 33280K, 100% used [0x00000000eab00000,0x00000000ecb80000,0x00000000ecb80000)
  from space 5120K, 0% used [0x00000000ed080000,0x00000000ed080000,0x00000000ed580000)
  to   space 5120K, 0% used [0x00000000ecb80000,0x00000000ecb80000,0x00000000ed080000)
 ParOldGen       total 87552K, used 0K [0x00000000c0000000, 0x00000000c5580000, 0x00000000eab00000)
  object space 87552K, 0% used [0x00000000c0000000,0x00000000c0000000,0x00000000c5580000)
 Metaspace       used 5795K, capacity 6832K, committed 7040K, reserved 1056768K
  class space    used 590K, capacity 616K, committed 640K, reserved 1048576K
Event: 1.264 GC heap after
Heap after GC invocations=1 (full 0):
 PSYoungGen      total 38400K, used 5093K [0x00000000eab00000, 0x00000000ef600000, 0x0000000100000000)
  eden space 33280K, 0% used [0x00000000eab00000,0x00000000eab00000,0x00000000ecb80000)
  from space 5120K, 99% used [0x00000000ecb80000,0x00000000ed079650,0x00000000ed080000)
  to   space 5120K, 0% used [0x00000000ef100000,0x00000000ef100000,0x00000000ef600000)
 ParOldGen       total 87552K, used 1250K [0x00000000c0000000, 0x00000000c5580000, 0x00000000eab00000)
  object space 87552K, 1% used [0x00000000c0000000,0x00000000c01388e0,0x00000000c5580000)
 Metaspace       used 5795K, capacity 6832K, committed 7040K, reserved 1056768K
  class space    used 590K, capacity 616K, committed 640K, reserved 1048576K
}
Event: 1.666 GC heap before
{Heap before GC invocations=2 (full 0):
 PSYoungGen      total 38400K, used 38373K [0x00000000eab00000, 0x00000000ef600000, 0x0000000100000000)
  eden space 33280K, 100% used [0x00000000eab00000,0x00000000ecb80000,0x00000000ecb80000)
  from space 5120K, 99% used [0x00000000ecb80000,0x00000000ed079650,0x00000000ed080000)
  to   space 5120K, 0% used [0x00000000ef100000,0x00000000ef100000,0x00000000ef600000)
 ParOldGen       total 87552K, used 1250K [0x00000000c0000000, 0x00000000c5580000, 0x00000000eab00000)
  object space 87552K, 1% used [0x00000000c0000000,0x00000000c01388e0,0x00000000c5580000)
 Metaspace       used 5972K, capacity 7024K, committed 7296K, reserved 1056768K
  class space    used 590K, capacity 616K, committed 640K, reserved 1048576K
Event: 2.081 GC heap after
Heap after GC invocations=2 (full 0):
 PSYoungGen      total 71680K, used 5104K [0x00000000eab00000, 0x00000000ef600000, 0x0000000100000000)
  eden space 66560K, 0% used [0x00000000eab00000,0x00000000eab00000,0x00000000eec00000)
  from space 5120K, 99% used [0x00000000ef100000,0x00000000ef5fc1d8,0x00000000ef600000)
  to   space 5120K, 0% used [0x00000000eec00000,0x00000000eec00000,0x00000000ef100000)
 ParOldGen       total 87552K, used 5419K [0x00000000c0000000, 0x00000000c5580000, 0x00000000eab00000)
  object space 87552K, 6% used [0x00000000c0000000,0x00000000c054ac38,0x00000000c5580000)
 Metaspace       used 5972K, capacity 7024K, committed 7296K, reserved 1056768K
  class space    used 590K, capacity 616K, committed 640K, reserved 1048576K
}
Event: 2.430 GC heap before
{Heap before GC invocations=3 (full 0):
 PSYoungGen      total 71680K, used 71664K [0x00000000eab00000, 0x00000000ef600000, 0x0000000100000000)
  eden space 66560K, 100% used [0x00000000eab00000,0x00000000eec00000,0x00000000eec00000)
  from space 5120K, 99% used [0x00000000ef100000,0x00000000ef5fc1d8,0x00000000ef600000)
  to   space 5120K, 0% used [0x00000000eec00000,0x00000000eec00000,0x00000000ef100000)
 ParOldGen       total 87552K, used 5419K [0x00000000c0000000, 0x00000000c5580000, 0x00000000eab00000)
  object space 87552K, 6% used [0x00000000c0000000,0x00000000c054ac38,0x00000000c5580000)
 Metaspace       used 6123K, capacity 7152K, committed 7296K, reserved 1056768K
  class space    used 591K, capacity 616K, committed 640K, reserved 1048576K
Event: 2.723 GC heap after
Heap after GC invocations=3 (full 0):
 PSYoungGen      total 71680K, used 5116K [0x00000000eab00000, 0x00000000f3700000, 0x0000000100000000)
  eden space 66560K, 0% used [0x00000000eab00000,0x00000000eab00000,0x00000000eec00000)
  from space 5120K, 99% used [0x00000000eec00000,0x00000000ef0ff3d8,0x00000000ef100000)
  to   space 5120K, 0% used [0x00000000f3200000,0x00000000f3200000,0x00000000f3700000)
 ParOldGen       total 87552K, used 15552K [0x00000000c0000000, 0x00000000c5580000, 0x00000000eab00000)
  object space 87552K, 17% used [0x00000000c0000000,0x00000000c0f300e8,0x00000000c5580000)
 Metaspace       used 6123K, capacity 7152K, committed 7296K, reserved 1056768K
  class space    used 591K, capacity 616K, committed 640K, reserved 1048576K
}
Event: 3.134 GC heap before
{Heap before GC invocations=4 (full 0):
 PSYoungGen      total 71680K, used 71676K [0x00000000eab00000, 0x00000000f3700000, 0x0000000100000000)
  eden space 66560K, 100% used [0x00000000eab00000,0x00000000eec00000,0x00000000eec00000)
  from space 5120K, 99% used [0x00000000eec00000,0x00000000ef0ff3d8,0x00000000ef100000)
  to   space 5120K, 0% used [0x00000000f3200000,0x00000000f3200000,0x00000000f3700000)
 ParOldGen       total 87552K, used 15552K [0x00000000c0000000, 0x00000000c5580000, 0x00000000eab00000)
  object space 87552K, 17% used [0x00000000c0000000,0x00000000c0f300e8,0x00000000c5580000)
 Metaspace       used 6253K, capacity 7160K, committed 7296K, reserved 1056768K
  class space    used 611K, capacity 624K, committed 640K, reserved 1048576K
Event: 3.189 GC heap after
Heap after GC invocations=4 (full 0):
 PSYoungGen      total 138240K, used 5117K [0x00000000eab00000, 0x00000000f3700000, 0x0000000100000000)
  eden space 133120K, 0% used [0x00000000eab00000,0x00000000eab00000,0x00000000f2d00000)
  from space 5120K, 99% used [0x00000000f3200000,0x00000000f36ff478,0x00000000f3700000)
  to   space 5120K, 0% used [0x00000000f2d00000,0x00000000f2d00000,0x00000000f3200000)
 ParOldGen       total 87552K, used 24532K [0x00000000c0000000, 0x00000000c5580000, 0x00000000eab00000)
  object space 87552K, 28% used [0x00000000c0000000,0x00000000c17f5378,0x00000000c5580000)
 Metaspace       used 6253K, capacity 7160K, committed 7296K, reserved 1056768K
  class space    used 611K, capacity 624K, committed 640K, reserved 1048576K
}
Event: 3.658 GC heap before
{Heap before GC invocations=5 (full 0):
 PSYoungGen      total 138240K, used 138237K [0x00000000eab00000, 0x00000000f3700000, 0x0000000100000000)
  eden space 133120K, 100% used [0x00000000eab00000,0x00000000f2d00000,0x00000000f2d00000)
  from space 5120K, 99% used [0x00000000f3200000,0x00000000f36ff478,0x00000000f3700000)
  to   space 5120K, 0% used [0x00000000f2d00000,0x00000000f2d00000,0x00000000f3200000)
 ParOldGen       total 87552K, used 24532K [0x00000000c0000000, 0x00000000c5580000, 0x00000000eab00000)
  object space 87552K, 28% used [0x00000000c0000000,0x00000000c17f5378,0x00000000c5580000)
 Metaspace       used 6327K, capacity 7224K, committed 7296K, reserved 1056768K
  class space    used 611K, capacity 624K, committed 640K, reserved 1048576K
Event: 3.776 GC heap after
Heap after GC invocations=5 (full 0):
 PSYoungGen      total 138240K, used 5116K [0x00000000eab00000, 0x00000000fe100000, 0x0000000100000000)
  eden space 133120K, 0% used [0x00000000eab00000,0x00000000eab00000,0x00000000f2d00000)
  from space 5120K, 99% used [0x00000000f2d00000,0x00000000f31ff0e8,0x00000000f3200000)
  to   space 25600K, 0% used [0x00000000fc800000,0x00000000fc800000,0x00000000fe100000)
 ParOldGen       total 87552K, used 43215K [0x00000000c0000000, 0x00000000c5580000, 0x00000000eab00000)
  object space 87552K, 49% used [0x00000000c0000000,0x00000000c2a33e70,0x00000000c5580000)
 Metaspace       used 6327K, capacity 7224K, committed 7296K, reserved 1056768K
  class space    used 611K, capacity 624K, committed 640K, reserved 1048576K
}

Deoptimization events (10 events):
Event: 3.104 Thread 0x0000000058f01000 Uncommon trap: reason=unstable_if action=reinterpret pc=0x0000000002e428b0 method=java.util.HashMap.getNode(ILjava/lang/Object;)Ljava/util/HashMap$Node; @ 84
Event: 3.315 Thread 0x0000000058f3b000 Uncommon trap: reason=unstable_if action=reinterpret pc=0x000000000300024c method=com.android.dx.ssa.LocalVariableExtractor.processBlock(I)V @ 251
Event: 3.502 Thread 0x0000000058f00800 Uncommon trap: reason=unstable_if action=reinterpret pc=0x0000000002d0e794 method=java.util.HashMap.getNode(ILjava/lang/Object;)Ljava/util/HashMap$Node; @ 84
Event: 3.557 Thread 0x0000000058f3b000 Uncommon trap: reason=unstable_if action=reinterpret pc=0x0000000002f591d8 method=com.android.dx.ssa.SCCP.simulateBranch(Lcom/android/dx/ssa/SsaInsn;)V @ 548
Event: 3.646 Thread 0x0000000058f01000 Uncommon trap: reason=unstable_if action=reinterpret pc=0x0000000003037508 method=java.util.HashMap.putVal(ILjava/lang/Object;Ljava/lang/Object;ZZ)Ljava/lang/Object; @ 109
Event: 3.941 Thread 0x000000000232e800 Uncommon trap: reason=class_check action=maybe_recompile pc=0x0000000002cca6c8 method=java.util.Arrays.hashCode([Ljava/lang/Object;)I @ 43
Event: 3.941 Thread 0x000000000232e800 Uncommon trap: reason=class_check action=maybe_recompile pc=0x0000000002cca6c8 method=java.util.Arrays.hashCode([Ljava/lang/Object;)I @ 43
Event: 3.941 Thread 0x000000000232e800 Uncommon trap: reason=class_check action=maybe_recompile pc=0x0000000002cca6c8 method=java.util.Arrays.hashCode([Ljava/lang/Object;)I @ 43
Event: 3.941 Thread 0x000000000232e800 Uncommon trap: reason=class_check action=maybe_recompile pc=0x0000000002cca6c8 method=java.util.Arrays.hashCode([Ljava/lang/Object;)I @ 43
Event: 3.941 Thread 0x000000000232e800 Uncommon trap: reason=class_check action=maybe_recompile pc=0x0000000002ccb978 method=java.util.Arrays.hashCode([Ljava/lang/Object;)I @ 43

Internal exceptions (6 events):
Event: 0.124 Thread 0x000000000232e800 Exception <a 'java/lang/NoSuchMethodError': Method sun.misc.Unsafe.defineClass(Ljava/lang/String;[BII)Ljava/lang/Class; name or signature does not match> (0x00000000eab07cc0) thrown at [C:\re\workspace\8-2-build-windows-amd64-cygwin\jdk8u101\7261\hotspot\sÕÿ„ÒíÇ¿?
Event: 0.124 Thread 0x000000000232e800 Exception <a 'java/lang/NoSuchMethodError': Method sun.misc.Unsafe.prefetchRead(Ljava/lang/Object;J)V name or signature does not match> (0x00000000eab07fa8) thrown at [C:\re\workspace\8-2-build-windows-amd64-cygwin\jdk8u101\7261\hotspot\src\share\vm\prims\Ä°Úï)÷?
Event: 1.448 Thread 0x0000000058f01000 Implicit null exception at 0x0000000002d7423d to 0x0000000002d751e5
Event: 3.083 Thread 0x0000000058f39800 Exception <a 'java/lang/ArrayIndexOutOfBoundsException': 18> (0x00000000edf3ea78) thrown at [C:\re\workspace\8-2-build-windows-amd64-cygwin\jdk8u101\7261\hotspot\src\share\vm\interpreter\interpreterRuntime.cpp, line 366]
Event: 3.083 Thread 0x0000000058f39800 Exception <a 'java/lang/ArrayIndexOutOfBoundsException': 145> (0x00000000edf405f8) thrown at [C:\re\workspace\8-2-build-windows-amd64-cygwin\jdk8u101\7261\hotspot\src\share\vm\interpreter\interpreterRuntime.cpp, line 366]
Event: 3.084 Thread 0x0000000058f39800 Exception <a 'java/lang/ArrayIndexOutOfBoundsException'> (0x00000000edf418e0) thrown at [C:\re\workspace\8-2-build-windows-amd64-cygwin\jdk8u101\7261\hotspot\src\share\vm\runtime\sharedRuntime.cpp, line 605]

Events (10 events):
Event: 3.941 Thread 0x000000000232e800 DEOPT PACKING pc=0x0000000002ccb978 sp=0x000000000252ed80
Event: 3.941 Thread 0x000000000232e800 DEOPT UNPACKING pc=0x000000000298582a sp=0x000000000252ed08 mode 2
Event: 3.944 loading class com/android/dx/rop/cst/Zeroes
Event: 3.944 loading class com/android/dx/rop/cst/Zeroes done
Event: 3.969 loading class com/android/dx/dex/file/CatchStructs
Event: 3.969 loading class com/android/dx/dex/file/CatchStructs done
Event: 3.995 Thread 0x000000000232e800 DEOPT PACKING pc=0x00000000030d4512 sp=0x000000000252eec0
Event: 3.995 Thread 0x000000000232e800 DEOPT UNPACKING pc=0x000000000298787f sp=0x000000000252ec50 mode 0
Event: 4.100 loading class com/android/dx/dex/file/ProtoIdItem
Event: 4.100 loading class com/android/dx/dex/file/ProtoIdItem done


Dynamic libraries:
0x000000013f8b0000 - 0x000000013f8e7000 	C:\Program Files\Java\jdk1.8.0_101\bin\java.exe
0x0000000077940000 - 0x0000000077aea000 	C:\Windows\SYSTEM32\ntdll.dll
0x0000000077720000 - 0x000000007783f000 	C:\Windows\system32\kernel32.dll
0x000007fefd990000 - 0x000007fefd9fa000 	C:\Windows\system32\KERNELBASE.dll
0x000007fefe910000 - 0x000007fefe9eb000 	C:\Windows\system32\ADVAPI32.dll
0x000007feffbb0000 - 0x000007feffc4f000 	C:\Windows\system32\msvcrt.dll
0x000007feff9c0000 - 0x000007feff9df000 	C:\Windows\SYSTEM32\sechost.dll
0x000007feff9e0000 - 0x000007feffb0d000 	C:\Windows\system32\RPCRT4.dll
0x0000000077840000 - 0x000000007793a000 	C:\Windows\system32\USER32.dll
0x000007fefe9f0000 - 0x000007fefea57000 	C:\Windows\system32\GDI32.dll
0x000007fefeae0000 - 0x000007fefeaee000 	C:\Windows\system32\LPK.dll
0x000007fefe210000 - 0x000007fefe2da000 	C:\Windows\system32\USP10.dll
0x000007fefb210000 - 0x000007fefb404000 	C:\Windows\WinSxS\amd64_microsoft.windows.common-controls_6595b64144ccf1df_6.0.7601.18837_none_fa3b1e3d17594757\COMCTL32.dll
0x000007fefea60000 - 0x000007fefead1000 	C:\Windows\system32\SHLWAPI.dll
0x000007feff990000 - 0x000007feff9be000 	C:\Windows\system32\IMM32.DLL
0x000007feff880000 - 0x000007feff989000 	C:\Windows\system32\MSCTF.dll
0x000007fefd590000 - 0x000007fefd5d4000 	C:\windows\system32\nvinitx.dll
0x0000000072070000 - 0x0000000072142000 	C:\Program Files\Java\jdk1.8.0_101\jre\bin\msvcr100.dll
0x0000000057a10000 - 0x00000000582aa000 	C:\Program Files\Java\jdk1.8.0_101\jre\bin\server\jvm.dll
0x000007fef8cb0000 - 0x000007fef8cb9000 	C:\Windows\system32\WSOCK32.dll
0x000007fefe3c0000 - 0x000007fefe40d000 	C:\Windows\system32\WS2_32.dll
0x000007fefe900000 - 0x000007fefe908000 	C:\Windows\system32\NSI.dll
0x000007fefada0000 - 0x000007fefaddb000 	C:\Windows\system32\WINMM.dll
0x000007fefc6a0000 - 0x000007fefc6ac000 	C:\Windows\system32\VERSION.dll
0x0000000077b10000 - 0x0000000077b17000 	C:\Windows\system32\PSAPI.DLL
0x0000000072bd0000 - 0x0000000072bdf000 	C:\Program Files\Java\jdk1.8.0_101\jre\bin\verify.dll
0x0000000072200000 - 0x0000000072229000 	C:\Program Files\Java\jdk1.8.0_101\jre\bin\java.dll
0x00000000721e0000 - 0x00000000721f6000 	C:\Program Files\Java\jdk1.8.0_101\jre\bin\zip.dll
0x000007fefeaf0000 - 0x000007feff87a000 	C:\Windows\system32\SHELL32.dll
0x000007fefdd20000 - 0x000007fefdf23000 	C:\Windows\system32\ole32.dll
0x000007fefd670000 - 0x000007fefd67f000 	C:\Windows\system32\profapi.dll

VM Arguments:
jvm_args: -Djava.awt.headless=true -Xmx1024M -Dfile.encoding=windows-1252 -Duser.country=FR -Duser.language=fr -Duser.variant 
java_command: com.android.dx.command.Main --dex --num-threads=4 --output C:\Android\Projects\MeteoAppli\app\build\intermediates\pre-dexed\debug\com.android.support-appcompat-v7-24.2.1_3689e617c9c62a990c77b057c60f12ac21987040.jar C:\Android\Projects\MeteoAppli\app\build\intermediates\exploded-aar\com.android.support\appcompat-v7\24.2.1\jars\classes.jar
java_class_path (initial): C:\Android\build-tools\24.0.2\lib\dx.jar
Launcher Type: SUN_STANDARD

Environment Variables:
PATH=C:\ProgramData\Oracle\Java\javapath;C:\Program Files\Common Files\Microsoft Shared\Windows Live;C:\Program Files (x86)\Common Files\Microsoft Shared\Windows Live;C:\Program Files (x86)\NVIDIA Corporation\PhysX\Common;C:\Program Files (x86)\Intel\iCLS Client\;C:\Program Files\Intel\iCLS Client\;C:\Windows\system32;C:\Windows;C:\Windows\System32\Wbem;C:\Windows\System32\WindowsPowerShell\v1.0\;C:\Program Files\Intel\Intel(R) Management Engine Components\DAL;C:\Program Files\Intel\Intel(R) Management Engine Components\IPT;C:\Program Files (x86)\Intel\Intel(R) Management Engine Components\DAL;C:\Program Files (x86)\Intel\Intel(R) Management Engine Components\IPT;C:\Program Files (x86)\Intel\OpenCL SDK\2.0\bin\x86;C:\Program Files (x86)\Intel\OpenCL SDK\2.0\bin\x64;C:\Program Files\Intel\WiFi\bin\;C:\Program Files\Common Files\Intel\WirelessCommon\;C:\Program Files (x86)\Windows Live\Shared;C:\Program Files (x86)\Skype\Phone\;C:\Program Files (x86)\GitExtensions\
USERNAME=Jérémie
OS=Windows_NT
PROCESSOR_IDENTIFIER=Intel64 Family 6 Model 58 Stepping 9, GenuineIntel



---------------  S Y S T E M  ---------------

OS: Windows 7 , 64 bit Build 7601 (6.1.7601.23543)

CPU:total 8 (4 cores per cpu, 2 threads per core) family 6 model 58 stepping 9, cmov, cx8, fxsr, mmx, sse, sse2, sse3, ssse3, sse4.1, sse4.2, popcnt, avx, aes, clmul, erms, ht, tsc, tscinvbit, tscinv

Memory: 4k page, physical 8283508k(970072k free), swap 9330224k(4524k free)

vm_info: Java HotSpot(TM) 64-Bit Server VM (25.101-b13) for windows-amd64 JRE (1.8.0_101-b13), built on Jun 22 2016 01:21:29 by "java_re" with MS VC++ 10.0 (VS2010)

time: Tue Nov 01 11:55:41 2016
elapsed time: 4 seconds (0d 0h 0m 4s)

