#
# There is insufficient memory for the Java Runtime Environment to continue.
# Native memory allocation (malloc) failed to allocate 36416 bytes for Chunk::new
# Possible reasons:
#   The system is out of physical RAM or swap space
#   In 32 bit mode, the process size limit was hit
# Possible solutions:
#   Reduce memory load on the system
#   Increase physical memory or swap space
#   Check if swap backing store is full
#   Use 64 bit Java on a 64 bit OS
#   Decrease Java heap size (-Xmx/-Xms)
#   Decrease number of Java threads
#   Decrease Java thread stack sizes (-Xss)
#   Set larger code cache with -XX:ReservedCodeCacheSize=
# This output file may be truncated or incomplete.
#
#  Out of Memory Error (allocation.cpp:390), pid=8408, tid=0x00000000000021c0
#
# JRE version: Java(TM) SE Runtime Environment (8.0_101-b13) (build 1.8.0_101-b13)
# Java VM: Java HotSpot(TM) 64-Bit Server VM (25.101-b13 mixed mode windows-amd64 compressed oops)
# Failed to write core dump. Minidumps are not enabled by default on client versions of Windows
#

---------------  T H R E A D  ---------------

Current thread (0x0000000056a64000):  JavaThread "C2 CompilerThread2" daemon [_thread_in_native, id=8640, stack(0x00000000590f0000,0x00000000591f0000)]

Stack: [0x00000000590f0000,0x00000000591f0000]
[error occurred during error reporting (printing stack bounds), id 0xc0000005]

Native frames: (J=compiled Java code, j=interpreted, Vv=VM code, C=native code)


Current CompileTask:
C2:   2272 1250       4       com.android.dx.ssa.SCCP::addBlockToWorklist (47 bytes)


---------------  P R O C E S S  ---------------

Java Threads: ( => current thread )
  0x0000000059587000 JavaThread "pool-1-thread-4" [_thread_blocked, id=8800, stack(0x000000005a180000,0x000000005a280000)]
  0x0000000059586000 JavaThread "pool-1-thread-3" [_thread_in_Java, id=8796, stack(0x000000005a070000,0x000000005a170000)]
  0x0000000056ceb800 JavaThread "pool-1-thread-2" [_thread_in_Java, id=8792, stack(0x0000000059c30000,0x0000000059d30000)]
  0x0000000056d1c800 JavaThread "pool-2-thread-1" [_thread_blocked, id=8788, stack(0x0000000059f10000,0x000000005a010000)]
  0x0000000056d4c800 JavaThread "pool-1-thread-1" [_thread_blocked, id=8784, stack(0x0000000059db0000,0x0000000059eb0000)]
  0x0000000056af1800 JavaThread "Service Thread" daemon [_thread_blocked, id=8648, stack(0x00000000589e0000,0x0000000058ae0000)]
  0x0000000056aa8000 JavaThread "C1 CompilerThread3" daemon [_thread_in_vm, id=8644, stack(0x00000000592e0000,0x00000000593e0000)]
=>0x0000000056a64000 JavaThread "C2 CompilerThread2" daemon [_thread_in_native, id=8640, stack(0x00000000590f0000,0x00000000591f0000)]
  0x0000000056a50800 JavaThread "C2 CompilerThread1" daemon [_thread_blocked, id=8636, stack(0x0000000058f20000,0x0000000059020000)]
  0x0000000056a49000 JavaThread "C2 CompilerThread0" daemon [_thread_blocked, id=8632, stack(0x0000000058cd0000,0x0000000058dd0000)]
  0x0000000056a45800 JavaThread "Attach Listener" daemon [_thread_blocked, id=8628, stack(0x0000000058af0000,0x0000000058bf0000)]
  0x0000000056a58000 JavaThread "Signal Dispatcher" daemon [_thread_blocked, id=8624, stack(0x00000000588e0000,0x00000000589e0000)]
  0x0000000055887800 JavaThread "Finalizer" daemon [_thread_blocked, id=8600, stack(0x0000000057d90000,0x0000000057e90000)]
  0x0000000055886800 JavaThread "Reference Handler" daemon [_thread_blocked, id=8596, stack(0x0000000057c20000,0x0000000057d20000)]
  0x00000000025de800 JavaThread "main" [_thread_blocked, id=8536, stack(0x0000000002690000,0x0000000002790000)]

Other Threads:
  0x0000000056a00800 VMThread [stack: 0x0000000057a50000,0x0000000057b50000] [id=8592]
  0x0000000056ae3800 WatcherThread [stack: 0x0000000057eb0000,0x0000000057fb0000] [id=8672]

VM state:not at safepoint (normal execution)

VM Mutex/Monitor currently owned by a thread:  ([mutex/lock_event])
[0x00000000025dd480] Compile_lock - owner thread: 0x0000000056aa8000
[0x00000000025dd580] MethodCompileQueue_lock - owner thread: 0x0000000056aa8000

Heap:
 PSYoungGen      total 38400K, used 8486K [0x00000000eab00000, 0x00000000ed580000, 0x0000000100000000)
  eden space 33280K, 10% used [0x00000000eab00000,0x00000000eae50850,0x00000000ecb80000)
  from space 5120K, 99% used [0x00000000ecb80000,0x00000000ed0791c8,0x00000000ed080000)
  to   space 5120K, 0% used [0x00000000ed080000,0x00000000ed080000,0x00000000ed580000)
 ParOldGen       total 87552K, used 530K [0x00000000c0000000, 0x00000000c5580000, 0x00000000eab00000)
  object space 87552K, 0% used [0x00000000c0000000,0x00000000c00848b0,0x00000000c5580000)
 Metaspace       used 5888K, capacity 6896K, committed 7040K, reserved 1056768K
  class space    used 592K, capacity 616K, committed 640K, reserved 1048576K

Card table byte_map: [0x0000000011e20000,0x0000000012030000] byte_map_base: 0x0000000011820000

Marking Bits: (ParMarkBitMap*) 0x000000005884a6d0
 Begin Bits: [0x0000000012ca0000, 0x0000000013ca0000)
 End Bits:   [0x0000000013ca0000, 0x0000000014ca0000)

Polling page: 0x0000000000130000

CodeCache: size=245760Kb used=4975Kb max_used=4994Kb free=240784Kb
 bounds [0x0000000002a60000, 0x0000000002f50000, 0x0000000011a60000]
 total_blobs=1512 nmethods=1247 adapters=176
 compilation: enabled

Compilation events (10 events):
Event: 1.975 Thread 0x0000000056aa8000 nmethod 1242 0x0000000002f29010 code [0x0000000002f29260, 0x0000000002f2a068]
Event: 1.975 Thread 0x0000000056aa8000 1243       3       com.android.dx.ssa.SsaMethod::getGoto (26 bytes)
Event: 1.976 Thread 0x0000000056aa8000 nmethod 1243 0x0000000002f2a850 code [0x0000000002f2aa00, 0x0000000002f2af58]
Event: 1.987 Thread 0x0000000056aa8000 1248       3       java.util.concurrent.ThreadPoolExecutor::workerCountOf (5 bytes)
Event: 1.987 Thread 0x0000000056aa8000 nmethod 1248 0x0000000002f2b1d0 code [0x0000000002f2b320, 0x0000000002f2b450]
Event: 2.012 Thread 0x0000000056a50800 nmethod 1232 0x0000000002f2f550 code [0x0000000002f2f740, 0x0000000002f30b58]
Event: 2.228 Thread 0x0000000056a49000 nmethod 1220 0x0000000002f39390 code [0x0000000002f3a860, 0x0000000002f40978]
Event: 2.237 Thread 0x0000000056aa8000 1249       3       com.android.dx.cf.iface.StdMember::<init> (69 bytes)
Event: 2.237 Thread 0x0000000056aa8000 nmethod 1249 0x0000000002f2ecd0 code [0x0000000002f2ee80, 0x0000000002f2f348]
Event: 2.265 Thread 0x0000000056a64000 1250       4       com.android.dx.ssa.SCCP::addBlockToWorklist (47 bytes)

GC Heap History (2 events):
Event: 1.404 GC heap before
{Heap before GC invocations=1 (full 0):
 PSYoungGen      total 38400K, used 33280K [0x00000000eab00000, 0x00000000ed580000, 0x0000000100000000)
  eden space 33280K, 100% used [0x00000000eab00000,0x00000000ecb80000,0x00000000ecb80000)
  from space 5120K, 0% used [0x00000000ed080000,0x00000000ed080000,0x00000000ed580000)
  to   space 5120K, 0% used [0x00000000ecb80000,0x00000000ecb80000,0x00000000ed080000)
 ParOldGen       total 87552K, used 0K [0x00000000c0000000, 0x00000000c5580000, 0x00000000eab00000)
  object space 87552K, 0% used [0x00000000c0000000,0x00000000c0000000,0x00000000c5580000)
 Metaspace       used 5861K, capacity 6896K, committed 7040K, reserved 1056768K
  class space    used 592K, capacity 616K, committed 640K, reserved 1048576K
Event: 1.945 GC heap after
Heap after GC invocations=1 (full 0):
 PSYoungGen      total 38400K, used 5092K [0x00000000eab00000, 0x00000000ed580000, 0x0000000100000000)
  eden space 33280K, 0% used [0x00000000eab00000,0x00000000eab00000,0x00000000ecb80000)
  from space 5120K, 99% used [0x00000000ecb80000,0x00000000ed0791c8,0x00000000ed080000)
  to   space 5120K, 0% used [0x00000000ed080000,0x00000000ed080000,0x00000000ed580000)
 ParOldGen       total 87552K, used 530K [0x00000000c0000000, 0x00000000c5580000, 0x00000000eab00000)
  object space 87552K, 0% used [0x00000000c0000000,0x00000000c00848b0,0x00000000c5580000)
 Metaspace       used 5861K, capacity 6896K, committed 7040K, reserved 1056768K
  class space    used 592K, capacity 616K, committed 640K, reserved 1048576K
}

Deoptimization events (10 events):
Event: 0.762 Thread 0x0000000059586000 Uncommon trap: reason=class_check action=maybe_recompile pc=0x0000000002c9c580 method=com.android.dx.ssa.NormalSsaInsn.accept(Lcom/android/dx/ssa/SsaInsn$Visitor;)V @ 9
Event: 0.783 Thread 0x0000000056ceb800 Uncommon trap: reason=class_check action=maybe_recompile pc=0x0000000002c9c580 method=com.android.dx.ssa.NormalSsaInsn.accept(Lcom/android/dx/ssa/SsaInsn$Visitor;)V @ 9
Event: 0.901 Thread 0x0000000059587000 Uncommon trap: reason=class_check action=maybe_recompile pc=0x0000000002d84d4c method=com.android.dx.rop.type.Type.equals(Ljava/lang/Object;)Z @ 8
Event: 0.901 Thread 0x0000000059587000 Uncommon trap: reason=unstable_if action=reinterpret pc=0x0000000002d34534 method=com.android.dx.rop.code.RegisterSpec.equals(ILcom/android/dx/rop/type/TypeBearer;Lcom/android/dx/rop/code/LocalItem;)Z @ 16
Event: 0.901 Thread 0x0000000059587000 Uncommon trap: reason=class_check action=maybe_recompile pc=0x0000000002d84d10 method=com.android.dx.rop.type.Type.equals(Ljava/lang/Object;)Z @ 8
Event: 0.901 Thread 0x0000000059587000 Uncommon trap: reason=class_check action=maybe_recompile pc=0x0000000002d84d10 method=com.android.dx.rop.type.Type.equals(Ljava/lang/Object;)Z @ 8
Event: 0.901 Thread 0x0000000059587000 Uncommon trap: reason=class_check action=maybe_recompile pc=0x0000000002d84d10 method=com.android.dx.rop.type.Type.equals(Ljava/lang/Object;)Z @ 8
Event: 1.055 Thread 0x0000000056ceb800 Uncommon trap: reason=unstable_if action=reinterpret pc=0x0000000002de8588 method=java.util.HashMap.getNode(ILjava/lang/Object;)Ljava/util/HashMap$Node; @ 129
Event: 1.092 Thread 0x0000000059587000 Uncommon trap: reason=unstable_if action=reinterpret pc=0x0000000002df055c method=com.android.dx.rop.code.RegisterSpecSet.put(Lcom/android/dx/rop/code/RegisterSpec;)V @ 77
Event: 1.092 Thread 0x0000000059587000 Uncommon trap: reason=unstable_if action=reinterpret pc=0x0000000002e320d8 method=com.android.dx.rop.code.RegisterSpecSet.put(Lcom/android/dx/rop/code/RegisterSpec;)V @ 77

Internal exceptions (2 events):
Event: 0.063 Thread 0x00000000025de800 Exception <a 'java/lang/NoSuchMethodError': Method sun.misc.Unsafe.defineClass(Ljava/lang/String;[BII)Ljava/lang/Class; name or signature does not match> (0x00000000eab07cc0) thrown at [C:\re\workspace\8-2-build-windows-amd64-cygwin\jdk8u101\7261\hotspot\sj•Ò³/°?
Event: 0.063 Thread 0x00000000025de800 Exception <a 'java/lang/NoSuchMethodError': Method sun.misc.Unsafe.prefetchRead(Ljava/lang/Object;J)V name or signature does not match> (0x00000000eab07fa8) thrown at [C:\re\workspace\8-2-build-windows-amd64-cygwin\jdk8u101\7261\hotspot\src\share\vm\prims\

Events (10 events):
Event: 1.055 Thread 0x0000000056ceb800 DEOPT PACKING pc=0x0000000002de8588 sp=0x0000000059d2ec00
Event: 1.055 Thread 0x0000000056ceb800 DEOPT UNPACKING pc=0x0000000002aa582a sp=0x0000000059d2eb20 mode 2
Event: 1.092 Thread 0x0000000059587000 Uncommon trap: trap_request=0xffffff65 fr.pc=0x0000000002df055c
Event: 1.092 Thread 0x0000000059587000 DEOPT PACKING pc=0x0000000002df055c sp=0x000000005a27ebc0
Event: 1.092 Thread 0x0000000059587000 DEOPT UNPACKING pc=0x0000000002aa582a sp=0x000000005a27eb48 mode 2
Event: 1.092 Thread 0x0000000059587000 Uncommon trap: trap_request=0xffffff65 fr.pc=0x0000000002e320d8
Event: 1.092 Thread 0x0000000059587000 DEOPT PACKING pc=0x0000000002e320d8 sp=0x000000005a27ebb0
Event: 1.092 Thread 0x0000000059587000 DEOPT UNPACKING pc=0x0000000002aa582a sp=0x000000005a27ead0 mode 2
Event: 1.404 Executing VM operation: ParallelGCFailedAllocation
Event: 1.945 Executing VM operation: ParallelGCFailedAllocation done


Dynamic libraries:
0x000000013f350000 - 0x000000013f387000 	C:\Program Files\Java\jdk1.8.0_101\bin\java.exe
0x00000000773d0000 - 0x000000007757a000 	C:\Windows\SYSTEM32\ntdll.dll
0x00000000771b0000 - 0x00000000772cf000 	C:\Windows\system32\kernel32.dll
0x000007fefd370000 - 0x000007fefd3da000 	C:\Windows\system32\KERNELBASE.dll
0x000007fefd8d0000 - 0x000007fefd9ab000 	C:\Windows\system32\ADVAPI32.dll
0x000007fefdf60000 - 0x000007fefdfff000 	C:\Windows\system32\msvcrt.dll
0x000007fefe4d0000 - 0x000007fefe4ef000 	C:\Windows\SYSTEM32\sechost.dll
0x000007fefd4c0000 - 0x000007fefd5ed000 	C:\Windows\system32\RPCRT4.dll
0x00000000772d0000 - 0x00000000773ca000 	C:\Windows\system32\USER32.dll
0x000007fefd5f0000 - 0x000007fefd657000 	C:\Windows\system32\GDI32.dll
0x000007fefdb60000 - 0x000007fefdb6e000 	C:\Windows\system32\LPK.dll
0x000007fefe400000 - 0x000007fefe4ca000 	C:\Windows\system32\USP10.dll
0x000007fefaca0000 - 0x000007fefae94000 	C:\Windows\WinSxS\amd64_microsoft.windows.common-controls_6595b64144ccf1df_6.0.7601.18837_none_fa3b1e3d17594757\COMCTL32.dll
0x000007fefe7e0000 - 0x000007fefe851000 	C:\Windows\system32\SHLWAPI.dll
0x000007fefda50000 - 0x000007fefda7e000 	C:\Windows\system32\IMM32.DLL
0x000007fefde50000 - 0x000007fefdf59000 	C:\Windows\system32\MSCTF.dll
0x000007fefd020000 - 0x000007fefd064000 	C:\windows\system32\nvinitx.dll
0x0000000058e10000 - 0x0000000058ee2000 	C:\Program Files\Java\jdk1.8.0_101\jre\bin\msvcr100.dll
0x0000000058030000 - 0x00000000588ca000 	C:\Program Files\Java\jdk1.8.0_101\jre\bin\server\jvm.dll
0x000007fef87b0000 - 0x000007fef87b9000 	C:\Windows\system32\WSOCK32.dll
0x000007fefe900000 - 0x000007fefe94d000 	C:\Windows\system32\WS2_32.dll
0x000007fefe3f0000 - 0x000007fefe3f8000 	C:\Windows\system32\NSI.dll
0x000007fefa890000 - 0x000007fefa8cb000 	C:\Windows\system32\WINMM.dll
0x000007fefc130000 - 0x000007fefc13c000 	C:\Windows\system32\VERSION.dll
0x0000000077590000 - 0x0000000077597000 	C:\Windows\system32\PSAPI.DLL
0x000000006cdf0000 - 0x000000006cdff000 	C:\Program Files\Java\jdk1.8.0_101\jre\bin\verify.dll
0x00000000657d0000 - 0x00000000657f9000 	C:\Program Files\Java\jdk1.8.0_101\jre\bin\java.dll
0x00000000648c0000 - 0x00000000648d6000 	C:\Program Files\Java\jdk1.8.0_101\jre\bin\zip.dll
0x000007fefe950000 - 0x000007feff6d9000 	C:\Windows\system32\SHELL32.dll
0x000007fefe1e0000 - 0x000007fefe3e3000 	C:\Windows\system32\ole32.dll
0x000007fefd100000 - 0x000007fefd10f000 	C:\Windows\system32\profapi.dll

VM Arguments:
jvm_args: -Djava.awt.headless=true -Xmx1024M -Dfile.encoding=windows-1252 -Duser.country=FR -Duser.language=fr -Duser.variant 
java_command: com.android.dx.command.Main --dex --force-jumbo --num-threads=4 --output C:\Android\Projects\MeteoAppli\app\build\intermediates\pre-dexed\debug\com.android.support-support-compat-24.2.1_f923c47ac54f952833af693e8079ec71b7f71cae.jar C:\Android\Projects\MeteoAppli\app\build\intermediates\exploded-aar\com.android.support\support-compat\24.2.1\jars\classes.jar
java_class_path (initial): C:\Android\build-tools\24.0.2\lib\dx.jar
Launcher Type: SUN_STANDARD

Environment Variables:
PATH=C:\ProgramData\Oracle\Java\javapath;C:\Program Files\Common Files\Microsoft Shared\Windows Live;C:\Program Files (x86)\Common Files\Microsoft Shared\Windows Live;C:\Program Files (x86)\NVIDIA Corporation\PhysX\Common;C:\Program Files (x86)\Intel\iCLS Client\;C:\Program Files\Intel\iCLS Client\;C:\Windows\system32;C:\Windows;C:\Windows\System32\Wbem;C:\Windows\System32\WindowsPowerShell\v1.0\;C:\Program Files\Intel\Intel(R) Management Engine Components\DAL;C:\Program Files\Intel\Intel(R) Management Engine Components\IPT;C:\Program Files (x86)\Intel\Intel(R) Management Engine Components\DAL;C:\Program Files (x86)\Intel\Intel(R) Management Engine Components\IPT;C:\Program Files (x86)\Intel\OpenCL SDK\2.0\bin\x86;C:\Program Files (x86)\Intel\OpenCL SDK\2.0\bin\x64;C:\Program Files\Intel\WiFi\bin\;C:\Program Files\Common Files\Intel\WirelessCommon\;C:\Program Files (x86)\Windows Live\Shared;C:\Program Files (x86)\Skype\Phone\;C:\Program Files (x86)\GitExtensions\
USERNAME=Jérémie
OS=Windows_NT
PROCESSOR_IDENTIFIER=Intel64 Family 6 Model 58 Stepping 9, GenuineIntel



---------------  S Y S T E M  ---------------

OS: Windows 7 , 64 bit Build 7601 (6.1.7601.23539)

CPU:total 8 (4 cores per cpu, 2 threads per core) family 6 model 58 stepping 9, cmov, cx8, fxsr, mmx, sse, sse2, sse3, ssse3, sse4.1, sse4.2, popcnt, avx, aes, clmul, erms, ht, tsc, tscinvbit, tscinv

Memory: 4k page, physical 8283508k(678820k free), swap 9330224k(5096k free)

vm_info: Java HotSpot(TM) 64-Bit Server VM (25.101-b13) for windows-amd64 JRE (1.8.0_101-b13), built on Jun 22 2016 01:21:29 by "java_re" with MS VC++ 10.0 (VS2010)

time: Wed Oct 12 12:16:03 2016
elapsed time: 2 seconds (0d 0h 0m 2s)

