#
# There is insufficient memory for the Java Runtime Environment to continue.
# Native memory allocation (malloc) failed to allocate 32744 bytes for ChunkPool::allocate
# Possible reasons:
#   The system is out of physical RAM or swap space
#   In 32 bit mode, the process size limit was hit
# Possible solutions:
#   Reduce memory load on the system
#   Increase physical memory or swap space
#   Check if swap backing store is full
#   Use 64 bit Java on a 64 bit OS
#   Decrease Java heap size (-Xmx/-Xms)
#   Decrease number of Java threads
#   Decrease Java thread stack sizes (-Xss)
#   Set larger code cache with -XX:ReservedCodeCacheSize=
# This output file may be truncated or incomplete.
#
#  Out of Memory Error (allocation.cpp:273), pid=7552, tid=0x0000000000002044
#
# JRE version: Java(TM) SE Runtime Environment (8.0_101-b13) (build 1.8.0_101-b13)
# Java VM: Java HotSpot(TM) 64-Bit Server VM (25.101-b13 mixed mode windows-amd64 compressed oops)
# Failed to write core dump. Minidumps are not enabled by default on client versions of Windows
#

---------------  T H R E A D  ---------------

Current thread (0x00000000568c3000):  JavaThread "C2 CompilerThread0" daemon [_thread_in_native, id=8260, stack(0x0000000057e20000,0x0000000057f20000)]

Stack: [0x0000000057e20000,0x0000000057f20000]
[error occurred during error reporting (printing stack bounds), id 0xc0000005]

Native frames: (J=compiled Java code, j=interpreted, Vv=VM code, C=native code)


Current CompileTask:
C2:    839  771       4       com.android.dx.rop.code.RegisterSpec::hashCodeOf (30 bytes)


---------------  P R O C E S S  ---------------

Java Threads: ( => current thread )
  0x0000000056b1b000 JavaThread "pool-1-thread-4" [_thread_in_Java, id=7848, stack(0x0000000059570000,0x0000000059670000)]
  0x0000000056b1a000 JavaThread "pool-1-thread-3" [_thread_in_Java, id=7232, stack(0x00000000596a0000,0x00000000597a0000)]
  0x0000000056b11800 JavaThread "pool-1-thread-2" [_thread_in_Java, id=6888, stack(0x0000000058930000,0x0000000058a30000)]
  0x0000000056b10000 JavaThread "pool-2-thread-1" [_thread_blocked, id=4224, stack(0x00000000593f0000,0x00000000594f0000)]
  0x0000000056b05000 JavaThread "pool-1-thread-1" [_thread_in_Java, id=9076, stack(0x00000000583d0000,0x00000000584d0000)]
  0x0000000056958000 JavaThread "Service Thread" daemon [_thread_blocked, id=8744, stack(0x0000000058630000,0x0000000058730000)]
  0x000000005581f000 JavaThread "C1 CompilerThread3" daemon [_thread_in_native, id=9652, stack(0x00000000584f0000,0x00000000585f0000)]
  0x000000005581d800 JavaThread "C2 CompilerThread2" daemon [_thread_in_native, id=9868, stack(0x0000000058150000,0x0000000058250000)]
  0x00000000568ca000 JavaThread "C2 CompilerThread1" daemon [_thread_in_native, id=10236, stack(0x0000000058270000,0x0000000058370000)]
=>0x00000000568c3000 JavaThread "C2 CompilerThread0" daemon [_thread_in_native, id=8260, stack(0x0000000057e20000,0x0000000057f20000)]
  0x00000000568bf800 JavaThread "Attach Listener" daemon [_thread_blocked, id=9292, stack(0x0000000057fa0000,0x00000000580a0000)]
  0x00000000568d0800 JavaThread "Signal Dispatcher" daemon [_thread_blocked, id=5780, stack(0x0000000057cf0000,0x0000000057df0000)]
  0x0000000055811000 JavaThread "Finalizer" daemon [_thread_blocked, id=8024, stack(0x0000000057940000,0x0000000057a40000)]
  0x000000005580a000 JavaThread "Reference Handler" daemon [_thread_blocked, id=9332, stack(0x0000000057a60000,0x0000000057b60000)]
  0x000000000232e800 JavaThread "main" [_thread_in_Java, id=8560, stack(0x0000000002750000,0x0000000002850000)]

Other Threads:
  0x0000000056872800 VMThread [stack: 0x0000000057820000,0x0000000057920000] [id=9132]
  0x000000005696d800 WatcherThread [stack: 0x0000000058800000,0x0000000058900000] [id=6120]

VM state:not at safepoint (normal execution)

VM Mutex/Monitor currently owned by a thread: None

Heap:
 PSYoungGen      total 38400K, used 16944K [0x00000000eab00000, 0x00000000ed580000, 0x0000000100000000)
  eden space 33280K, 50% used [0x00000000eab00000,0x00000000ebb8c310,0x00000000ecb80000)
  from space 5120K, 0% used [0x00000000ed080000,0x00000000ed080000,0x00000000ed580000)
  to   space 5120K, 0% used [0x00000000ecb80000,0x00000000ecb80000,0x00000000ed080000)
 ParOldGen       total 87552K, used 0K [0x00000000c0000000, 0x00000000c5580000, 0x00000000eab00000)
  object space 87552K, 0% used [0x00000000c0000000,0x00000000c0000000,0x00000000c5580000)
 Metaspace       used 5608K, capacity 6704K, committed 6784K, reserved 1056768K
  class space    used 585K, capacity 616K, committed 640K, reserved 1048576K

Card table byte_map: [0x0000000011ee0000,0x00000000120f0000] byte_map_base: 0x00000000118e0000

Marking Bits: (ParMarkBitMap*) 0x000000005936a6d0
 Begin Bits: [0x0000000012c20000, 0x0000000013c20000)
 End Bits:   [0x0000000013c20000, 0x0000000014c20000)

Polling page: 0x0000000000130000

CodeCache: size=245760Kb used=2962Kb max_used=2962Kb free=242797Kb
 bounds [0x0000000002b20000, 0x0000000002e10000, 0x0000000011b20000]
 total_blobs=1036 nmethods=771 adapters=176
 compilation: enabled

Compilation events (10 events):
Event: 0.831 Thread 0x000000005581f000  754       1       com.android.dx.dex.code.RopTranslator::access$500 (5 bytes)
Event: 0.831 Thread 0x000000005581f000 nmethod 754 0x0000000002df8050 code [0x0000000002df81a0, 0x0000000002df8290]
Event: 0.831 Thread 0x000000005581f000  753       1       com.android.dx.dex.code.Dop::hasResult (5 bytes)
Event: 0.831 Thread 0x000000005581f000 nmethod 753 0x0000000002df7d90 code [0x0000000002df7ee0, 0x0000000002df7ff0]
Event: 0.831 Thread 0x000000005581f000  766       1       com.android.dx.cf.attrib.InnerClassList$Item::getInnerClass (5 bytes)
Event: 0.831 Thread 0x000000005581f000 nmethod 766 0x0000000002df7ad0 code [0x0000000002df7c20, 0x0000000002df7d30]
Event: 0.834 Thread 0x000000005581f000  772       3       com.android.dx.rop.code.Rops::ropFor (771 bytes)
Event: 0.834 Thread 0x000000005581d800  773       4       com.android.dx.rop.code.RegisterSpecList::get (9 bytes)
Event: 0.835 Thread 0x000000005581d800 nmethod 773 0x0000000002df7790 code [0x0000000002df78e0, 0x0000000002df7998]
Event: 0.837 Thread 0x000000005581d800  786   !   4       com.android.dx.rop.code.RegisterSpec::intern (70 bytes)

GC Heap History (0 events):
No events

Deoptimization events (1 events):
Event: 0.617 Thread 0x000000000232e800 Uncommon trap: reason=unstable_if action=reinterpret pc=0x0000000002d1842c method=java.util.HashMap.getNode(ILjava/lang/Object;)Ljava/util/HashMap$Node; @ 62

Internal exceptions (2 events):
Event: 0.039 Thread 0x000000000232e800 Exception <a 'java/lang/NoSuchMethodError': Method sun.misc.Unsafe.defineClass(Ljava/lang/String;[BII)Ljava/lang/Class; name or signature does not match> (0x00000000eab07cc0) thrown at [C:\re\workspace\8-2-build-windows-amd64-cygwin\jdk8u101\7261\hotspot\sQ>­,¤?
Event: 0.039 Thread 0x000000000232e800 Exception <a 'java/lang/NoSuchMethodError': Method sun.misc.Unsafe.prefetchRead(Ljava/lang/Object;J)V name or signature does not match> (0x00000000eab07fa8) thrown at [C:\re\workspace\8-2-build-windows-amd64-cygwin\jdk8u101\7261\hotspot\src\share\vm\prims\

Events (10 events):
Event: 0.618 loading class java/util/HashMap$ValueIterator
Event: 0.618 loading class java/util/HashMap$ValueIterator done
Event: 0.637 loading class java/util/DualPivotQuicksort
Event: 0.638 loading class java/util/DualPivotQuicksort done
Event: 0.748 loading class java/util/ArrayList$1
Event: 0.748 loading class java/util/ArrayList$1 done
Event: 0.754 Executing VM operation: ForceSafepoint
Event: 0.763 Executing VM operation: ForceSafepoint done
Event: 0.780 loading class com/android/dx/cf/attrib/AttEnclosingMethod
Event: 0.780 loading class com/android/dx/cf/attrib/AttEnclosingMethod done


Dynamic libraries:
0x000000013f4e0000 - 0x000000013f517000 	C:\Program Files\Java\jdk1.8.0_101\bin\java.exe
0x0000000077940000 - 0x0000000077aea000 	C:\Windows\SYSTEM32\ntdll.dll
0x0000000077720000 - 0x000000007783f000 	C:\Windows\system32\kernel32.dll
0x000007fefd990000 - 0x000007fefd9fa000 	C:\Windows\system32\KERNELBASE.dll
0x000007fefe910000 - 0x000007fefe9eb000 	C:\Windows\system32\ADVAPI32.dll
0x000007feffbb0000 - 0x000007feffc4f000 	C:\Windows\system32\msvcrt.dll
0x000007feff9c0000 - 0x000007feff9df000 	C:\Windows\SYSTEM32\sechost.dll
0x000007feff9e0000 - 0x000007feffb0d000 	C:\Windows\system32\RPCRT4.dll
0x0000000077840000 - 0x000000007793a000 	C:\Windows\system32\USER32.dll
0x000007fefe9f0000 - 0x000007fefea57000 	C:\Windows\system32\GDI32.dll
0x000007fefeae0000 - 0x000007fefeaee000 	C:\Windows\system32\LPK.dll
0x000007fefe210000 - 0x000007fefe2da000 	C:\Windows\system32\USP10.dll
0x000007fefb210000 - 0x000007fefb404000 	C:\Windows\WinSxS\amd64_microsoft.windows.common-controls_6595b64144ccf1df_6.0.7601.18837_none_fa3b1e3d17594757\COMCTL32.dll
0x000007fefea60000 - 0x000007fefead1000 	C:\Windows\system32\SHLWAPI.dll
0x000007feff990000 - 0x000007feff9be000 	C:\Windows\system32\IMM32.DLL
0x000007feff880000 - 0x000007feff989000 	C:\Windows\system32\MSCTF.dll
0x000007fefd590000 - 0x000007fefd5d4000 	C:\windows\system32\nvinitx.dll
0x0000000069c10000 - 0x0000000069ce2000 	C:\Program Files\Java\jdk1.8.0_101\jre\bin\msvcr100.dll
0x0000000058b50000 - 0x00000000593ea000 	C:\Program Files\Java\jdk1.8.0_101\jre\bin\server\jvm.dll
0x000007fef8cb0000 - 0x000007fef8cb9000 	C:\Windows\system32\WSOCK32.dll
0x000007fefe3c0000 - 0x000007fefe40d000 	C:\Windows\system32\WS2_32.dll
0x000007fefe900000 - 0x000007fefe908000 	C:\Windows\system32\NSI.dll
0x000007fefada0000 - 0x000007fefaddb000 	C:\Windows\system32\WINMM.dll
0x000007fefc6a0000 - 0x000007fefc6ac000 	C:\Windows\system32\VERSION.dll
0x0000000077b10000 - 0x0000000077b17000 	C:\Windows\system32\PSAPI.DLL
0x00000000720f0000 - 0x00000000720ff000 	C:\Program Files\Java\jdk1.8.0_101\jre\bin\verify.dll
0x00000000720c0000 - 0x00000000720e9000 	C:\Program Files\Java\jdk1.8.0_101\jre\bin\java.dll
0x00000000720a0000 - 0x00000000720b6000 	C:\Program Files\Java\jdk1.8.0_101\jre\bin\zip.dll
0x000007fefeaf0000 - 0x000007feff87a000 	C:\Windows\system32\SHELL32.dll
0x000007fefdd20000 - 0x000007fefdf23000 	C:\Windows\system32\ole32.dll
0x000007fefd670000 - 0x000007fefd67f000 	C:\Windows\system32\profapi.dll

VM Arguments:
jvm_args: -Djava.awt.headless=true -Xmx1024M -Dfile.encoding=windows-1252 -Duser.country=FR -Duser.language=fr -Duser.variant 
java_command: com.android.dx.command.Main --dex --num-threads=4 --output C:\Android\Projects\MeteoAppli\app\build\intermediates\pre-dexed\debug\internal_impl-24.2.1_ad868269f479e4c0e4368f57cd2a41248ed6f56d.jar C:\Android\Projects\MeteoAppli\app\build\intermediates\exploded-aar\com.android.support\support-media-compat\24.2.1\jars\libs\internal_impl-24.2.1.jar
java_class_path (initial): C:\Android\build-tools\24.0.2\lib\dx.jar
Launcher Type: SUN_STANDARD

Environment Variables:
PATH=C:\ProgramData\Oracle\Java\javapath;C:\Program Files\Common Files\Microsoft Shared\Windows Live;C:\Program Files (x86)\Common Files\Microsoft Shared\Windows Live;C:\Program Files (x86)\NVIDIA Corporation\PhysX\Common;C:\Program Files (x86)\Intel\iCLS Client\;C:\Program Files\Intel\iCLS Client\;C:\Windows\system32;C:\Windows;C:\Windows\System32\Wbem;C:\Windows\System32\WindowsPowerShell\v1.0\;C:\Program Files\Intel\Intel(R) Management Engine Components\DAL;C:\Program Files\Intel\Intel(R) Management Engine Components\IPT;C:\Program Files (x86)\Intel\Intel(R) Management Engine Components\DAL;C:\Program Files (x86)\Intel\Intel(R) Management Engine Components\IPT;C:\Program Files (x86)\Intel\OpenCL SDK\2.0\bin\x86;C:\Program Files (x86)\Intel\OpenCL SDK\2.0\bin\x64;C:\Program Files\Intel\WiFi\bin\;C:\Program Files\Common Files\Intel\WirelessCommon\;C:\Program Files (x86)\Windows Live\Shared;C:\Program Files (x86)\Skype\Phone\;C:\Program Files (x86)\GitExtensions\
USERNAME=Jérémie
OS=Windows_NT
PROCESSOR_IDENTIFIER=Intel64 Family 6 Model 58 Stepping 9, GenuineIntel



---------------  S Y S T E M  ---------------

OS: Windows 7 , 64 bit Build 7601 (6.1.7601.23543)

CPU:total 8 (4 cores per cpu, 2 threads per core) family 6 model 58 stepping 9, cmov, cx8, fxsr, mmx, sse, sse2, sse3, ssse3, sse4.1, sse4.2, popcnt, avx, aes, clmul, erms, ht, tsc, tscinvbit, tscinv

Memory: 4k page, physical 8283508k(742128k free), swap 9330224k(5096k free)

vm_info: Java HotSpot(TM) 64-Bit Server VM (25.101-b13) for windows-amd64 JRE (1.8.0_101-b13), built on Jun 22 2016 01:21:29 by "java_re" with MS VC++ 10.0 (VS2010)

time: Tue Nov 01 11:34:11 2016
elapsed time: 0 seconds (0d 0h 0m 0s)

